[ 2018-01-13T00:34:25+08:00 ] 172.17.195.153 114.215.45.79 GET /
[ sql ] [ DB ] CONNECT:[ UseTime:0.000216s ] mysql:dbname=xinchu;host=localhost;port=3306;charset=utf8
[ sql ] [ SQL ] SHOW COLUMNS FROM `men_ads` [ RunTime:0.000633s ]
[ sql ] [ SQL ] SELECT * FROM `men_ads` [ RunTime:0.000144s ]
[ sql ] [ SQL ] SHOW COLUMNS FROM `men_series` [ RunTime:0.000419s ]
[ sql ] [ SQL ] SELECT * FROM `men_series` [ RunTime:0.000125s ]
[ sql ] [ SQL ] SHOW COLUMNS FROM `men_news` [ RunTime:0.000376s ]
[ sql ] [ SQL ] SELECT * FROM `men_news` [ RunTime:0.000135s ]
[ sql ] [ SQL ] SELECT * FROM `men_series` LIMIT 1 [ RunTime:0.000101s ]
[ sql ] [ SQL ] SHOW COLUMNS FROM `men_product` [ RunTime:0.000372s ]
[ sql ] [ SQL ] SELECT * FROM `men_product` WHERE  `recommend` = 1  AND `category` = '反凹凸系列' ORDER BY id desc LIMIT 4 [ RunTime:0.000222s ]
[ sql ] [ SQL ] SHOW COLUMNS FROM `men_quality` [ RunTime:0.000368s ]
[ sql ] [ SQL ] SELECT * FROM `men_quality` ORDER BY id desc [ RunTime:0.000119s ]
[ sql ] [ SQL ] SELECT * FROM `men_quality` WHERE  `id` = 9 LIMIT 1 [ RunTime:0.000144s ]
[ sql ] [ SQL ] SELECT * FROM `men_quality` WHERE  `id` = 8 LIMIT 1 [ RunTime:0.000121s ]
[ sql ] [ SQL ] SELECT * FROM `men_quality` WHERE  `id` = 7 LIMIT 1 [ RunTime:0.000112s ]
[ sql ] [ SQL ] SELECT * FROM `men_news` ORDER BY id desc LIMIT 8 [ RunTime:0.000105s ]
[ sql ] [ SQL ] SHOW COLUMNS FROM `men_link` [ RunTime:0.000401s ]
[ sql ] [ SQL ] SELECT * FROM `men_link` [ RunTime:0.000113s ]

---------------------------------------------------------------
[ 2018-01-13T01:59:37+08:00 ] 172.17.195.153 148.62.14.156 GET /
[ sql ] [ DB ] CONNECT:[ UseTime:0.000231s ] mysql:dbname=xinchu;host=localhost;port=3306;charset=utf8
[ sql ] [ SQL ] SHOW COLUMNS FROM `men_ads` [ RunTime:0.000593s ]
[ sql ] [ SQL ] SELECT * FROM `men_ads` [ RunTime:0.000149s ]
[ sql ] [ SQL ] SHOW COLUMNS FROM `men_series` [ RunTime:0.000380s ]
[ sql ] [ SQL ] SELECT * FROM `men_series` [ RunTime:0.000118s ]
[ sql ] [ SQL ] SHOW COLUMNS FROM `men_news` [ RunTime:0.000388s ]
[ sql ] [ SQL ] SELECT * FROM `men_news` [ RunTime:0.000119s ]
[ sql ] [ SQL ] SELECT * FROM `men_series` LIMIT 1 [ RunTime:0.000093s ]
[ sql ] [ SQL ] SHOW COLUMNS FROM `men_product` [ RunTime:0.000392s ]
[ sql ] [ SQL ] SELECT * FROM `men_product` WHERE  `recommend` = 1  AND `category` = '反凹凸系列' ORDER BY id desc LIMIT 4 [ RunTime:0.000203s ]
[ sql ] [ SQL ] SHOW COLUMNS FROM `men_quality` [ RunTime:0.000385s ]
[ sql ] [ SQL ] SELECT * FROM `men_quality` ORDER BY id desc [ RunTime:0.000116s ]
[ sql ] [ SQL ] SELECT * FROM `men_quality` WHERE  `id` = 9 LIMIT 1 [ RunTime:0.000128s ]
[ sql ] [ SQL ] SELECT * FROM `men_quality` WHERE  `id` = 8 LIMIT 1 [ RunTime:0.000114s ]
[ sql ] [ SQL ] SELECT * FROM `men_quality` WHERE  `id` = 7 LIMIT 1 [ RunTime:0.000129s ]
[ sql ] [ SQL ] SELECT * FROM `men_news` ORDER BY id desc LIMIT 8 [ RunTime:0.000105s ]
[ sql ] [ SQL ] SHOW COLUMNS FROM `men_link` [ RunTime:0.000375s ]
[ sql ] [ SQL ] SELECT * FROM `men_link` [ RunTime:0.000110s ]

---------------------------------------------------------------
[ 2018-01-13T02:18:57+08:00 ] 172.17.195.153 148.62.14.156 GET /
[ sql ] [ DB ] CONNECT:[ UseTime:0.000218s ] mysql:dbname=xinchu;host=localhost;port=3306;charset=utf8
[ sql ] [ SQL ] SHOW COLUMNS FROM `men_ads` [ RunTime:0.000628s ]
[ sql ] [ SQL ] SELECT * FROM `men_ads` [ RunTime:0.000174s ]
[ sql ] [ SQL ] SHOW COLUMNS FROM `men_series` [ RunTime:0.000410s ]
[ sql ] [ SQL ] SELECT * FROM `men_series` [ RunTime:0.000126s ]
[ sql ] [ SQL ] SHOW COLUMNS FROM `men_news` [ RunTime:0.000426s ]
[ sql ] [ SQL ] SELECT * FROM `men_news` [ RunTime:0.000126s ]
[ sql ] [ SQL ] SELECT * FROM `men_series` LIMIT 1 [ RunTime:0.000097s ]
[ sql ] [ SQL ] SHOW COLUMNS FROM `men_product` [ RunTime:0.000416s ]
[ sql ] [ SQL ] SELECT * FROM `men_product` WHERE  `recommend` = 1  AND `category` = '反凹凸系列' ORDER BY id desc LIMIT 4 [ RunTime:0.000206s ]
[ sql ] [ SQL ] SHOW COLUMNS FROM `men_quality` [ RunTime:0.000398s ]
[ sql ] [ SQL ] SELECT * FROM `men_quality` ORDER BY id desc [ RunTime:0.000120s ]
[ sql ] [ SQL ] SELECT * FROM `men_quality` WHERE  `id` = 9 LIMIT 1 [ RunTime:0.000131s ]
[ sql ] [ SQL ] SELECT * FROM `men_quality` WHERE  `id` = 8 LIMIT 1 [ RunTime:0.000118s ]
[ sql ] [ SQL ] SELECT * FROM `men_quality` WHERE  `id` = 7 LIMIT 1 [ RunTime:0.000135s ]
[ sql ] [ SQL ] SELECT * FROM `men_news` ORDER BY id desc LIMIT 8 [ RunTime:0.000107s ]
[ sql ] [ SQL ] SHOW COLUMNS FROM `men_link` [ RunTime:0.000388s ]
[ sql ] [ SQL ] SELECT * FROM `men_link` [ RunTime:0.000113s ]

---------------------------------------------------------------
[ 2018-01-13T02:41:20+08:00 ] 172.17.195.153 148.62.14.156 GET /index/index/contact.html
[ sql ] [ DB ] CONNECT:[ UseTime:0.000201s ] mysql:dbname=xinchu;host=localhost;port=3306;charset=utf8
[ sql ] [ SQL ] SHOW COLUMNS FROM `men_ads` [ RunTime:0.000601s ]
[ sql ] [ SQL ] SELECT * FROM `men_ads` [ RunTime:0.000146s ]
[ sql ] [ SQL ] SHOW COLUMNS FROM `men_link` [ RunTime:0.000407s ]
[ sql ] [ SQL ] SELECT * FROM `men_link` [ RunTime:0.000120s ]
[ sql ] [ SQL ] SHOW COLUMNS FROM `men_profile` [ RunTime:0.000381s ]
[ sql ] [ SQL ] SELECT * FROM `men_profile` LIMIT 1 [ RunTime:0.000114s ]

---------------------------------------------------------------
[ 2018-01-13T03:27:56+08:00 ] 172.17.195.153 148.62.14.156 GET /index/index/contact.html
[ sql ] [ DB ] CONNECT:[ UseTime:0.000247s ] mysql:dbname=xinchu;host=localhost;port=3306;charset=utf8
[ sql ] [ SQL ] SHOW COLUMNS FROM `men_ads` [ RunTime:0.000643s ]
[ sql ] [ SQL ] SELECT * FROM `men_ads` [ RunTime:0.000150s ]
[ sql ] [ SQL ] SHOW COLUMNS FROM `men_link` [ RunTime:0.000417s ]
[ sql ] [ SQL ] SELECT * FROM `men_link` [ RunTime:0.000135s ]
[ sql ] [ SQL ] SHOW COLUMNS FROM `men_profile` [ RunTime:0.000374s ]
[ sql ] [ SQL ] SELECT * FROM `men_profile` LIMIT 1 [ RunTime:0.000112s ]

---------------------------------------------------------------
[ 2018-01-13T08:04:56+08:00 ] 172.17.195.153 106.11.242.254 GET /
[ sql ] [ DB ] CONNECT:[ UseTime:0.000211s ] mysql:dbname=xinchu;host=localhost;port=3306;charset=utf8
[ sql ] [ SQL ] SHOW COLUMNS FROM `men_ads` [ RunTime:0.000619s ]
[ sql ] [ SQL ] SELECT * FROM `men_ads` [ RunTime:0.000144s ]
[ sql ] [ SQL ] SHOW COLUMNS FROM `men_series` [ RunTime:0.000391s ]
[ sql ] [ SQL ] SELECT * FROM `men_series` [ RunTime:0.000117s ]
[ sql ] [ SQL ] SHOW COLUMNS FROM `men_news` [ RunTime:0.000382s ]
[ sql ] [ SQL ] SELECT * FROM `men_news` [ RunTime:0.000116s ]
[ sql ] [ SQL ] SELECT * FROM `men_series` LIMIT 1 [ RunTime:0.000100s ]
[ sql ] [ SQL ] SHOW COLUMNS FROM `men_product` [ RunTime:0.000368s ]
[ sql ] [ SQL ] SELECT * FROM `men_product` WHERE  `recommend` = 1  AND `category` = '反凹凸系列' ORDER BY id desc LIMIT 4 [ RunTime:0.000218s ]
[ sql ] [ SQL ] SHOW COLUMNS FROM `men_quality` [ RunTime:0.000362s ]
[ sql ] [ SQL ] SELECT * FROM `men_quality` ORDER BY id desc [ RunTime:0.000116s ]
[ sql ] [ SQL ] SELECT * FROM `men_quality` WHERE  `id` = 9 LIMIT 1 [ RunTime:0.000128s ]
[ sql ] [ SQL ] SELECT * FROM `men_quality` WHERE  `id` = 8 LIMIT 1 [ RunTime:0.000118s ]
[ sql ] [ SQL ] SELECT * FROM `men_quality` WHERE  `id` = 7 LIMIT 1 [ RunTime:0.000109s ]
[ sql ] [ SQL ] SELECT * FROM `men_news` ORDER BY id desc LIMIT 8 [ RunTime:0.000103s ]
[ sql ] [ SQL ] SHOW COLUMNS FROM `men_link` [ RunTime:0.000390s ]
[ sql ] [ SQL ] SELECT * FROM `men_link` [ RunTime:0.000109s ]

---------------------------------------------------------------
[ 2018-01-13T08:19:07+08:00 ] 172.17.195.153 59.110.6.177 GET /
[ sql ] [ DB ] CONNECT:[ UseTime:0.000211s ] mysql:dbname=xinchu;host=localhost;port=3306;charset=utf8
[ sql ] [ SQL ] SHOW COLUMNS FROM `men_ads` [ RunTime:0.000651s ]
[ sql ] [ SQL ] SELECT * FROM `men_ads` [ RunTime:0.000148s ]
[ sql ] [ SQL ] SHOW COLUMNS FROM `men_series` [ RunTime:0.000395s ]
[ sql ] [ SQL ] SELECT * FROM `men_series` [ RunTime:0.000128s ]
[ sql ] [ SQL ] SHOW COLUMNS FROM `men_news` [ RunTime:0.000385s ]
[ sql ] [ SQL ] SELECT * FROM `men_news` [ RunTime:0.000134s ]
[ sql ] [ SQL ] SELECT * FROM `men_series` LIMIT 1 [ RunTime:0.000103s ]
[ sql ] [ SQL ] SHOW COLUMNS FROM `men_product` [ RunTime:0.000380s ]
[ sql ] [ SQL ] SELECT * FROM `men_product` WHERE  `recommend` = 1  AND `category` = '反凹凸系列' ORDER BY id desc LIMIT 4 [ RunTime:0.000222s ]
[ sql ] [ SQL ] SHOW COLUMNS FROM `men_quality` [ RunTime:0.000366s ]
[ sql ] [ SQL ] SELECT * FROM `men_quality` ORDER BY id desc [ RunTime:0.000117s ]
[ sql ] [ SQL ] SELECT * FROM `men_quality` WHERE  `id` = 9 LIMIT 1 [ RunTime:0.000139s ]
[ sql ] [ SQL ] SELECT * FROM `men_quality` WHERE  `id` = 8 LIMIT 1 [ RunTime:0.000120s ]
[ sql ] [ SQL ] SELECT * FROM `men_quality` WHERE  `id` = 7 LIMIT 1 [ RunTime:0.000110s ]
[ sql ] [ SQL ] SELECT * FROM `men_news` ORDER BY id desc LIMIT 8 [ RunTime:0.000105s ]
[ sql ] [ SQL ] SHOW COLUMNS FROM `men_link` [ RunTime:0.000397s ]
[ sql ] [ SQL ] SELECT * FROM `men_link` [ RunTime:0.000112s ]

---------------------------------------------------------------
[ 2018-01-13T08:40:09+08:00 ] 172.17.195.153 13.56.229.65 GET /
[ sql ] [ DB ] CONNECT:[ UseTime:0.000234s ] mysql:dbname=xinchu;host=localhost;port=3306;charset=utf8
[ sql ] [ SQL ] SHOW COLUMNS FROM `men_ads` [ RunTime:0.000621s ]
[ sql ] [ SQL ] SELECT * FROM `men_ads` [ RunTime:0.000165s ]
[ sql ] [ SQL ] SHOW COLUMNS FROM `men_series` [ RunTime:0.000398s ]
[ sql ] [ SQL ] SELECT * FROM `men_series` [ RunTime:0.000137s ]
[ sql ] [ SQL ] SHOW COLUMNS FROM `men_news` [ RunTime:0.000436s ]
[ sql ] [ SQL ] SELECT * FROM `men_news` [ RunTime:0.000119s ]
[ sql ] [ SQL ] SELECT * FROM `men_series` LIMIT 1 [ RunTime:0.000096s ]
[ sql ] [ SQL ] SHOW COLUMNS FROM `men_product` [ RunTime:0.000440s ]
[ sql ] [ SQL ] SELECT * FROM `men_product` WHERE  `recommend` = 1  AND `category` = '反凹凸系列' ORDER BY id desc LIMIT 4 [ RunTime:0.000209s ]
[ sql ] [ SQL ] SHOW COLUMNS FROM `men_quality` [ RunTime:0.000374s ]
[ sql ] [ SQL ] SELECT * FROM `men_quality` ORDER BY id desc [ RunTime:0.000124s ]
[ sql ] [ SQL ] SELECT * FROM `men_quality` WHERE  `id` = 9 LIMIT 1 [ RunTime:0.000129s ]
[ sql ] [ SQL ] SELECT * FROM `men_quality` WHERE  `id` = 8 LIMIT 1 [ RunTime:0.000113s ]
[ sql ] [ SQL ] SELECT * FROM `men_quality` WHERE  `id` = 7 LIMIT 1 [ RunTime:0.000109s ]
[ sql ] [ SQL ] SELECT * FROM `men_news` ORDER BY id desc LIMIT 8 [ RunTime:0.000114s ]
[ sql ] [ SQL ] SHOW COLUMNS FROM `men_link` [ RunTime:0.000366s ]
[ sql ] [ SQL ] SELECT * FROM `men_link` [ RunTime:0.000111s ]

---------------------------------------------------------------
[ 2018-01-13T09:00:52+08:00 ] 172.17.195.153 106.11.225.49 GET /
[ sql ] [ DB ] CONNECT:[ UseTime:0.000247s ] mysql:dbname=xinchu;host=localhost;port=3306;charset=utf8
[ sql ] [ SQL ] SHOW COLUMNS FROM `men_ads` [ RunTime:0.000648s ]
[ sql ] [ SQL ] SELECT * FROM `men_ads` [ RunTime:0.000152s ]
[ sql ] [ SQL ] SHOW COLUMNS FROM `men_series` [ RunTime:0.000420s ]
[ sql ] [ SQL ] SELECT * FROM `men_series` [ RunTime:0.000125s ]
[ sql ] [ SQL ] SHOW COLUMNS FROM `men_news` [ RunTime:0.000387s ]
[ sql ] [ SQL ] SELECT * FROM `men_news` [ RunTime:0.000118s ]
[ sql ] [ SQL ] SELECT * FROM `men_series` LIMIT 1 [ RunTime:0.000104s ]
[ sql ] [ SQL ] SHOW COLUMNS FROM `men_product` [ RunTime:0.000378s ]
[ sql ] [ SQL ] SELECT * FROM `men_product` WHERE  `recommend` = 1  AND `category` = '反凹凸系列' ORDER BY id desc LIMIT 4 [ RunTime:0.000235s ]
[ sql ] [ SQL ] SHOW COLUMNS FROM `men_quality` [ RunTime:0.000378s ]
[ sql ] [ SQL ] SELECT * FROM `men_quality` ORDER BY id desc [ RunTime:0.000121s ]
[ sql ] [ SQL ] SELECT * FROM `men_quality` WHERE  `id` = 9 LIMIT 1 [ RunTime:0.000127s ]
[ sql ] [ SQL ] SELECT * FROM `men_quality` WHERE  `id` = 8 LIMIT 1 [ RunTime:0.000121s ]
[ sql ] [ SQL ] SELECT * FROM `men_quality` WHERE  `id` = 7 LIMIT 1 [ RunTime:0.000111s ]
[ sql ] [ SQL ] SELECT * FROM `men_news` ORDER BY id desc LIMIT 8 [ RunTime:0.000106s ]
[ sql ] [ SQL ] SHOW COLUMNS FROM `men_link` [ RunTime:0.000406s ]
[ sql ] [ SQL ] SELECT * FROM `men_link` [ RunTime:0.000112s ]

---------------------------------------------------------------
[ 2018-01-13T16:28:31+08:00 ] 172.17.195.153 140.205.201.35 GET /
[ sql ] [ DB ] CONNECT:[ UseTime:0.000241s ] mysql:dbname=xinchu;host=localhost;port=3306;charset=utf8
[ sql ] [ SQL ] SHOW COLUMNS FROM `men_ads` [ RunTime:0.000634s ]
[ sql ] [ SQL ] SELECT * FROM `men_ads` [ RunTime:0.000149s ]
[ sql ] [ SQL ] SHOW COLUMNS FROM `men_series` [ RunTime:0.000382s ]
[ sql ] [ SQL ] SELECT * FROM `men_series` [ RunTime:0.000151s ]
[ sql ] [ SQL ] SHOW COLUMNS FROM `men_news` [ RunTime:0.000385s ]
[ sql ] [ SQL ] SELECT * FROM `men_news` [ RunTime:0.000120s ]
[ sql ] [ SQL ] SELECT * FROM `men_series` LIMIT 1 [ RunTime:0.000096s ]
[ sql ] [ SQL ] SHOW COLUMNS FROM `men_product` [ RunTime:0.000383s ]
[ sql ] [ SQL ] SELECT * FROM `men_product` WHERE  `recommend` = 1  AND `category` = '反凹凸系列' ORDER BY id desc LIMIT 4 [ RunTime:0.000207s ]
[ sql ] [ SQL ] SHOW COLUMNS FROM `men_quality` [ RunTime:0.000411s ]
[ sql ] [ SQL ] SELECT * FROM `men_quality` ORDER BY id desc [ RunTime:0.000117s ]
[ sql ] [ SQL ] SELECT * FROM `men_quality` WHERE  `id` = 9 LIMIT 1 [ RunTime:0.000124s ]
[ sql ] [ SQL ] SELECT * FROM `men_quality` WHERE  `id` = 8 LIMIT 1 [ RunTime:0.000126s ]
[ sql ] [ SQL ] SELECT * FROM `men_quality` WHERE  `id` = 7 LIMIT 1 [ RunTime:0.000117s ]
[ sql ] [ SQL ] SELECT * FROM `men_news` ORDER BY id desc LIMIT 8 [ RunTime:0.000105s ]
[ sql ] [ SQL ] SHOW COLUMNS FROM `men_link` [ RunTime:0.000362s ]
[ sql ] [ SQL ] SELECT * FROM `men_link` [ RunTime:0.000135s ]

---------------------------------------------------------------
[ 2018-01-13T16:42:55+08:00 ] 172.17.195.153 47.93.90.175 GET /
[ sql ] [ DB ] CONNECT:[ UseTime:0.000289s ] mysql:dbname=xinchu;host=localhost;port=3306;charset=utf8
[ sql ] [ SQL ] SHOW COLUMNS FROM `men_ads` [ RunTime:0.000619s ]
[ sql ] [ SQL ] SELECT * FROM `men_ads` [ RunTime:0.000142s ]
[ sql ] [ SQL ] SHOW COLUMNS FROM `men_series` [ RunTime:0.000403s ]
[ sql ] [ SQL ] SELECT * FROM `men_series` [ RunTime:0.000121s ]
[ sql ] [ SQL ] SHOW COLUMNS FROM `men_news` [ RunTime:0.000378s ]
[ sql ] [ SQL ] SELECT * FROM `men_news` [ RunTime:0.000139s ]
[ sql ] [ SQL ] SELECT * FROM `men_series` LIMIT 1 [ RunTime:0.000101s ]
[ sql ] [ SQL ] SHOW COLUMNS FROM `men_product` [ RunTime:0.000370s ]
[ sql ] [ SQL ] SELECT * FROM `men_product` WHERE  `recommend` = 1  AND `category` = '反凹凸系列' ORDER BY id desc LIMIT 4 [ RunTime:0.000228s ]
[ sql ] [ SQL ] SHOW COLUMNS FROM `men_quality` [ RunTime:0.000365s ]
[ sql ] [ SQL ] SELECT * FROM `men_quality` ORDER BY id desc [ RunTime:0.000117s ]
[ sql ] [ SQL ] SELECT * FROM `men_quality` WHERE  `id` = 9 LIMIT 1 [ RunTime:0.000125s ]
[ sql ] [ SQL ] SELECT * FROM `men_quality` WHERE  `id` = 8 LIMIT 1 [ RunTime:0.000122s ]
[ sql ] [ SQL ] SELECT * FROM `men_quality` WHERE  `id` = 7 LIMIT 1 [ RunTime:0.000111s ]
[ sql ] [ SQL ] SELECT * FROM `men_news` ORDER BY id desc LIMIT 8 [ RunTime:0.000106s ]
[ sql ] [ SQL ] SHOW COLUMNS FROM `men_link` [ RunTime:0.000395s ]
[ sql ] [ SQL ] SELECT * FROM `men_link` [ RunTime:0.000111s ]

---------------------------------------------------------------
