[ 2018-01-18T00:20:28+08:00 ] 172.17.195.153 47.93.90.175 GET /
[ sql ] [ DB ] CONNECT:[ UseTime:0.000261s ] mysql:dbname=xinchu;host=localhost;port=3306;charset=utf8
[ sql ] [ SQL ] SHOW COLUMNS FROM `men_ads` [ RunTime:0.000615s ]
[ sql ] [ SQL ] SELECT * FROM `men_ads` [ RunTime:0.000160s ]
[ sql ] [ SQL ] SHOW COLUMNS FROM `men_series` [ RunTime:0.000398s ]
[ sql ] [ SQL ] SELECT * FROM `men_series` [ RunTime:0.000120s ]
[ sql ] [ SQL ] SHOW COLUMNS FROM `men_news` [ RunTime:0.000400s ]
[ sql ] [ SQL ] SELECT * FROM `men_news` [ RunTime:0.000123s ]
[ sql ] [ SQL ] SELECT * FROM `men_series` LIMIT 1 [ RunTime:0.000096s ]
[ sql ] [ SQL ] SHOW COLUMNS FROM `men_product` [ RunTime:0.000404s ]
[ sql ] [ SQL ] SELECT * FROM `men_product` WHERE  `recommend` = 1  AND `category` = '反凹凸系列' ORDER BY id desc LIMIT 4 [ RunTime:0.000205s ]
[ sql ] [ SQL ] SHOW COLUMNS FROM `men_quality` [ RunTime:0.000389s ]
[ sql ] [ SQL ] SELECT * FROM `men_quality` ORDER BY id desc [ RunTime:0.000119s ]
[ sql ] [ SQL ] SELECT * FROM `men_quality` WHERE  `id` = 9 LIMIT 1 [ RunTime:0.000131s ]
[ sql ] [ SQL ] SELECT * FROM `men_quality` WHERE  `id` = 8 LIMIT 1 [ RunTime:0.000114s ]
[ sql ] [ SQL ] SELECT * FROM `men_quality` WHERE  `id` = 7 LIMIT 1 [ RunTime:0.000120s ]
[ sql ] [ SQL ] SELECT * FROM `men_news` ORDER BY id desc LIMIT 8 [ RunTime:0.000104s ]
[ sql ] [ SQL ] SHOW COLUMNS FROM `men_link` [ RunTime:0.000380s ]
[ sql ] [ SQL ] SELECT * FROM `men_link` [ RunTime:0.000110s ]

---------------------------------------------------------------
[ 2018-01-18T00:50:27+08:00 ] 172.17.195.153 220.181.108.116 GET /
[ sql ] [ DB ] CONNECT:[ UseTime:0.000211s ] mysql:dbname=xinchu;host=localhost;port=3306;charset=utf8
[ sql ] [ SQL ] SHOW COLUMNS FROM `men_ads` [ RunTime:0.000635s ]
[ sql ] [ SQL ] SELECT * FROM `men_ads` [ RunTime:0.000148s ]
[ sql ] [ SQL ] SHOW COLUMNS FROM `men_series` [ RunTime:0.000402s ]
[ sql ] [ SQL ] SELECT * FROM `men_series` [ RunTime:0.000121s ]
[ sql ] [ SQL ] SHOW COLUMNS FROM `men_news` [ RunTime:0.000380s ]
[ sql ] [ SQL ] SELECT * FROM `men_news` [ RunTime:0.000137s ]
[ sql ] [ SQL ] SELECT * FROM `men_series` LIMIT 1 [ RunTime:0.000094s ]
[ sql ] [ SQL ] SHOW COLUMNS FROM `men_product` [ RunTime:0.000372s ]
[ sql ] [ SQL ] SELECT * FROM `men_product` WHERE  `recommend` = 1  AND `category` = '反凹凸系列' ORDER BY id desc LIMIT 4 [ RunTime:0.000268s ]
[ sql ] [ SQL ] SHOW COLUMNS FROM `men_quality` [ RunTime:0.000367s ]
[ sql ] [ SQL ] SELECT * FROM `men_quality` ORDER BY id desc [ RunTime:0.000118s ]
[ sql ] [ SQL ] SELECT * FROM `men_quality` WHERE  `id` = 9 LIMIT 1 [ RunTime:0.000147s ]
[ sql ] [ SQL ] SELECT * FROM `men_quality` WHERE  `id` = 8 LIMIT 1 [ RunTime:0.000115s ]
[ sql ] [ SQL ] SELECT * FROM `men_quality` WHERE  `id` = 7 LIMIT 1 [ RunTime:0.000111s ]
[ sql ] [ SQL ] SELECT * FROM `men_news` ORDER BY id desc LIMIT 8 [ RunTime:0.000104s ]
[ sql ] [ SQL ] SHOW COLUMNS FROM `men_link` [ RunTime:0.000394s ]
[ sql ] [ SQL ] SELECT * FROM `men_link` [ RunTime:0.000111s ]

---------------------------------------------------------------
[ 2018-01-18T03:01:49+08:00 ] 172.17.195.153 124.207.115.68 GET /
[ sql ] [ DB ] CONNECT:[ UseTime:0.000239s ] mysql:dbname=xinchu;host=localhost;port=3306;charset=utf8
[ sql ] [ SQL ] SHOW COLUMNS FROM `men_ads` [ RunTime:0.000601s ]
[ sql ] [ SQL ] SELECT * FROM `men_ads` [ RunTime:0.000158s ]
[ sql ] [ SQL ] SHOW COLUMNS FROM `men_series` [ RunTime:0.000394s ]
[ sql ] [ SQL ] SELECT * FROM `men_series` [ RunTime:0.000124s ]
[ sql ] [ SQL ] SHOW COLUMNS FROM `men_news` [ RunTime:0.000413s ]
[ sql ] [ SQL ] SELECT * FROM `men_news` [ RunTime:0.000121s ]
[ sql ] [ SQL ] SELECT * FROM `men_series` LIMIT 1 [ RunTime:0.000097s ]
[ sql ] [ SQL ] SHOW COLUMNS FROM `men_product` [ RunTime:0.000408s ]
[ sql ] [ SQL ] SELECT * FROM `men_product` WHERE  `recommend` = 1  AND `category` = '反凹凸系列' ORDER BY id desc LIMIT 4 [ RunTime:0.000201s ]
[ sql ] [ SQL ] SHOW COLUMNS FROM `men_quality` [ RunTime:0.000407s ]
[ sql ] [ SQL ] SELECT * FROM `men_quality` ORDER BY id desc [ RunTime:0.000119s ]
[ sql ] [ SQL ] SELECT * FROM `men_quality` WHERE  `id` = 9 LIMIT 1 [ RunTime:0.000127s ]
[ sql ] [ SQL ] SELECT * FROM `men_quality` WHERE  `id` = 8 LIMIT 1 [ RunTime:0.000114s ]
[ sql ] [ SQL ] SELECT * FROM `men_quality` WHERE  `id` = 7 LIMIT 1 [ RunTime:0.000129s ]
[ sql ] [ SQL ] SELECT * FROM `men_news` ORDER BY id desc LIMIT 8 [ RunTime:0.000106s ]
[ sql ] [ SQL ] SHOW COLUMNS FROM `men_link` [ RunTime:0.000374s ]
[ sql ] [ SQL ] SELECT * FROM `men_link` [ RunTime:0.000131s ]

---------------------------------------------------------------
[ 2018-01-18T03:56:21+08:00 ] 172.17.195.153 40.77.167.173 GET /
[ sql ] [ DB ] CONNECT:[ UseTime:0.000246s ] mysql:dbname=xinchu;host=localhost;port=3306;charset=utf8
[ sql ] [ SQL ] SHOW COLUMNS FROM `men_ads` [ RunTime:0.000633s ]
[ sql ] [ SQL ] SELECT * FROM `men_ads` [ RunTime:0.000150s ]
[ sql ] [ SQL ] SHOW COLUMNS FROM `men_series` [ RunTime:0.000403s ]
[ sql ] [ SQL ] SELECT * FROM `men_series` [ RunTime:0.000117s ]
[ sql ] [ SQL ] SHOW COLUMNS FROM `men_news` [ RunTime:0.000387s ]
[ sql ] [ SQL ] SELECT * FROM `men_news` [ RunTime:0.000131s ]
[ sql ] [ SQL ] SELECT * FROM `men_series` LIMIT 1 [ RunTime:0.000098s ]
[ sql ] [ SQL ] SHOW COLUMNS FROM `men_product` [ RunTime:0.000383s ]
[ sql ] [ SQL ] SELECT * FROM `men_product` WHERE  `recommend` = 1  AND `category` = '反凹凸系列' ORDER BY id desc LIMIT 4 [ RunTime:0.000220s ]
[ sql ] [ SQL ] SHOW COLUMNS FROM `men_quality` [ RunTime:0.000379s ]
[ sql ] [ SQL ] SELECT * FROM `men_quality` ORDER BY id desc [ RunTime:0.000116s ]
[ sql ] [ SQL ] SELECT * FROM `men_quality` WHERE  `id` = 9 LIMIT 1 [ RunTime:0.000139s ]
[ sql ] [ SQL ] SELECT * FROM `men_quality` WHERE  `id` = 8 LIMIT 1 [ RunTime:0.000119s ]
[ sql ] [ SQL ] SELECT * FROM `men_quality` WHERE  `id` = 7 LIMIT 1 [ RunTime:0.000121s ]
[ sql ] [ SQL ] SELECT * FROM `men_news` ORDER BY id desc LIMIT 8 [ RunTime:0.000106s ]
[ sql ] [ SQL ] SHOW COLUMNS FROM `men_link` [ RunTime:0.000385s ]
[ sql ] [ SQL ] SELECT * FROM `men_link` [ RunTime:0.000110s ]

---------------------------------------------------------------
[ 2018-01-18T08:24:42+08:00 ] 172.17.195.153 47.93.90.175 GET /
[ sql ] [ DB ] CONNECT:[ UseTime:0.000379s ] mysql:dbname=xinchu;host=localhost;port=3306;charset=utf8
[ sql ] [ SQL ] SHOW COLUMNS FROM `men_ads` [ RunTime:0.000697s ]
[ sql ] [ SQL ] SELECT * FROM `men_ads` [ RunTime:0.000169s ]
[ sql ] [ SQL ] SHOW COLUMNS FROM `men_series` [ RunTime:0.000412s ]
[ sql ] [ SQL ] SELECT * FROM `men_series` [ RunTime:0.000140s ]
[ sql ] [ SQL ] SHOW COLUMNS FROM `men_news` [ RunTime:0.000426s ]
[ sql ] [ SQL ] SELECT * FROM `men_news` [ RunTime:0.000141s ]
[ sql ] [ SQL ] SELECT * FROM `men_series` LIMIT 1 [ RunTime:0.000099s ]
[ sql ] [ SQL ] SHOW COLUMNS FROM `men_product` [ RunTime:0.000421s ]
[ sql ] [ SQL ] SELECT * FROM `men_product` WHERE  `recommend` = 1  AND `category` = '反凹凸系列' ORDER BY id desc LIMIT 4 [ RunTime:0.000232s ]
[ sql ] [ SQL ] SHOW COLUMNS FROM `men_quality` [ RunTime:0.000439s ]
[ sql ] [ SQL ] SELECT * FROM `men_quality` ORDER BY id desc [ RunTime:0.000124s ]
[ sql ] [ SQL ] SELECT * FROM `men_quality` WHERE  `id` = 9 LIMIT 1 [ RunTime:0.000136s ]
[ sql ] [ SQL ] SELECT * FROM `men_quality` WHERE  `id` = 8 LIMIT 1 [ RunTime:0.000117s ]
[ sql ] [ SQL ] SELECT * FROM `men_quality` WHERE  `id` = 7 LIMIT 1 [ RunTime:0.000155s ]
[ sql ] [ SQL ] SELECT * FROM `men_news` ORDER BY id desc LIMIT 8 [ RunTime:0.000127s ]
[ sql ] [ SQL ] SHOW COLUMNS FROM `men_link` [ RunTime:0.000386s ]
[ sql ] [ SQL ] SELECT * FROM `men_link` [ RunTime:0.000141s ]

---------------------------------------------------------------
[ 2018-01-18T08:43:51+08:00 ] 172.17.195.153 106.11.226.146 GET /
[ sql ] [ DB ] CONNECT:[ UseTime:0.000225s ] mysql:dbname=xinchu;host=localhost;port=3306;charset=utf8
[ sql ] [ SQL ] SHOW COLUMNS FROM `men_ads` [ RunTime:0.000632s ]
[ sql ] [ SQL ] SELECT * FROM `men_ads` [ RunTime:0.000158s ]
[ sql ] [ SQL ] SHOW COLUMNS FROM `men_series` [ RunTime:0.000402s ]
[ sql ] [ SQL ] SELECT * FROM `men_series` [ RunTime:0.000129s ]
[ sql ] [ SQL ] SHOW COLUMNS FROM `men_news` [ RunTime:0.000426s ]
[ sql ] [ SQL ] SELECT * FROM `men_news` [ RunTime:0.000123s ]
[ sql ] [ SQL ] SELECT * FROM `men_series` LIMIT 1 [ RunTime:0.000097s ]
[ sql ] [ SQL ] SHOW COLUMNS FROM `men_product` [ RunTime:0.000421s ]
[ sql ] [ SQL ] SELECT * FROM `men_product` WHERE  `recommend` = 1  AND `category` = '反凹凸系列' ORDER BY id desc LIMIT 4 [ RunTime:0.000214s ]
[ sql ] [ SQL ] SHOW COLUMNS FROM `men_quality` [ RunTime:0.000439s ]
[ sql ] [ SQL ] SELECT * FROM `men_quality` ORDER BY id desc [ RunTime:0.000127s ]
[ sql ] [ SQL ] SELECT * FROM `men_quality` WHERE  `id` = 9 LIMIT 1 [ RunTime:0.000134s ]
[ sql ] [ SQL ] SELECT * FROM `men_quality` WHERE  `id` = 8 LIMIT 1 [ RunTime:0.000131s ]
[ sql ] [ SQL ] SELECT * FROM `men_quality` WHERE  `id` = 7 LIMIT 1 [ RunTime:0.000136s ]
[ sql ] [ SQL ] SELECT * FROM `men_news` ORDER BY id desc LIMIT 8 [ RunTime:0.000113s ]
[ sql ] [ SQL ] SHOW COLUMNS FROM `men_link` [ RunTime:0.000417s ]
[ sql ] [ SQL ] SELECT * FROM `men_link` [ RunTime:0.000133s ]

---------------------------------------------------------------
[ 2018-01-18T08:50:00+08:00 ] 172.17.195.153 220.181.108.123 GET /
[ sql ] [ DB ] CONNECT:[ UseTime:0.000313s ] mysql:dbname=xinchu;host=localhost;port=3306;charset=utf8
[ sql ] [ SQL ] SHOW COLUMNS FROM `men_ads` [ RunTime:0.000656s ]
[ sql ] [ SQL ] SELECT * FROM `men_ads` [ RunTime:0.000185s ]
[ sql ] [ SQL ] SHOW COLUMNS FROM `men_series` [ RunTime:0.000422s ]
[ sql ] [ SQL ] SELECT * FROM `men_series` [ RunTime:0.000141s ]
[ sql ] [ SQL ] SHOW COLUMNS FROM `men_news` [ RunTime:0.000395s ]
[ sql ] [ SQL ] SELECT * FROM `men_news` [ RunTime:0.000146s ]
[ sql ] [ SQL ] SELECT * FROM `men_series` LIMIT 1 [ RunTime:0.000109s ]
[ sql ] [ SQL ] SHOW COLUMNS FROM `men_product` [ RunTime:0.000391s ]
[ sql ] [ SQL ] SELECT * FROM `men_product` WHERE  `recommend` = 1  AND `category` = '反凹凸系列' ORDER BY id desc LIMIT 4 [ RunTime:0.000240s ]
[ sql ] [ SQL ] SHOW COLUMNS FROM `men_quality` [ RunTime:0.000388s ]
[ sql ] [ SQL ] SELECT * FROM `men_quality` ORDER BY id desc [ RunTime:0.000122s ]
[ sql ] [ SQL ] SELECT * FROM `men_quality` WHERE  `id` = 9 LIMIT 1 [ RunTime:0.000143s ]
[ sql ] [ SQL ] SELECT * FROM `men_quality` WHERE  `id` = 8 LIMIT 1 [ RunTime:0.000126s ]
[ sql ] [ SQL ] SELECT * FROM `men_quality` WHERE  `id` = 7 LIMIT 1 [ RunTime:0.000116s ]
[ sql ] [ SQL ] SELECT * FROM `men_news` ORDER BY id desc LIMIT 8 [ RunTime:0.000109s ]
[ sql ] [ SQL ] SHOW COLUMNS FROM `men_link` [ RunTime:0.000427s ]
[ sql ] [ SQL ] SELECT * FROM `men_link` [ RunTime:0.000116s ]

---------------------------------------------------------------
[ 2018-01-18T10:05:27+08:00 ] 172.17.195.153 106.11.227.25 GET /
[ sql ] [ DB ] CONNECT:[ UseTime:0.000244s ] mysql:dbname=xinchu;host=localhost;port=3306;charset=utf8
[ sql ] [ SQL ] SHOW COLUMNS FROM `men_ads` [ RunTime:0.000665s ]
[ sql ] [ SQL ] SELECT * FROM `men_ads` [ RunTime:0.000160s ]
[ sql ] [ SQL ] SHOW COLUMNS FROM `men_series` [ RunTime:0.000424s ]
[ sql ] [ SQL ] SELECT * FROM `men_series` [ RunTime:0.000127s ]
[ sql ] [ SQL ] SHOW COLUMNS FROM `men_news` [ RunTime:0.000394s ]
[ sql ] [ SQL ] SELECT * FROM `men_news` [ RunTime:0.000120s ]
[ sql ] [ SQL ] SELECT * FROM `men_series` LIMIT 1 [ RunTime:0.000105s ]
[ sql ] [ SQL ] SHOW COLUMNS FROM `men_product` [ RunTime:0.000402s ]
[ sql ] [ SQL ] SELECT * FROM `men_product` WHERE  `recommend` = 1  AND `category` = '反凹凸系列' ORDER BY id desc LIMIT 4 [ RunTime:0.000242s ]
[ sql ] [ SQL ] SHOW COLUMNS FROM `men_quality` [ RunTime:0.000397s ]
[ sql ] [ SQL ] SELECT * FROM `men_quality` ORDER BY id desc [ RunTime:0.000122s ]
[ sql ] [ SQL ] SELECT * FROM `men_quality` WHERE  `id` = 9 LIMIT 1 [ RunTime:0.000158s ]
[ sql ] [ SQL ] SELECT * FROM `men_quality` WHERE  `id` = 8 LIMIT 1 [ RunTime:0.000131s ]
[ sql ] [ SQL ] SELECT * FROM `men_quality` WHERE  `id` = 7 LIMIT 1 [ RunTime:0.000115s ]
[ sql ] [ SQL ] SELECT * FROM `men_news` ORDER BY id desc LIMIT 8 [ RunTime:0.000108s ]
[ sql ] [ SQL ] SHOW COLUMNS FROM `men_link` [ RunTime:0.000412s ]
[ sql ] [ SQL ] SELECT * FROM `men_link` [ RunTime:0.000120s ]

---------------------------------------------------------------
[ 2018-01-18T15:51:32+08:00 ] 172.17.195.153 140.205.225.194 POST /index.php?m=member&c=index&a=register&siteid=1
[ sql ] [ DB ] CONNECT:[ UseTime:0.000329s ] mysql:dbname=xinchu;host=localhost;port=3306;charset=utf8
[ sql ] [ SQL ] SHOW COLUMNS FROM `men_ads` [ RunTime:0.000647s ]
[ sql ] [ SQL ] SELECT * FROM `men_ads` [ RunTime:0.000149s ]
[ sql ] [ SQL ] SHOW COLUMNS FROM `men_series` [ RunTime:0.000409s ]
[ sql ] [ SQL ] SELECT * FROM `men_series` [ RunTime:0.000143s ]
[ sql ] [ SQL ] SHOW COLUMNS FROM `men_news` [ RunTime:0.000388s ]
[ sql ] [ SQL ] SELECT * FROM `men_news` [ RunTime:0.000118s ]
[ sql ] [ SQL ] SELECT * FROM `men_series` LIMIT 1 [ RunTime:0.000105s ]
[ sql ] [ SQL ] SHOW COLUMNS FROM `men_product` [ RunTime:0.000388s ]
[ sql ] [ SQL ] SELECT * FROM `men_product` WHERE  `recommend` = 1  AND `category` = '反凹凸系列' ORDER BY id desc LIMIT 4 [ RunTime:0.000234s ]
[ sql ] [ SQL ] SHOW COLUMNS FROM `men_quality` [ RunTime:0.000395s ]
[ sql ] [ SQL ] SELECT * FROM `men_quality` ORDER BY id desc [ RunTime:0.000121s ]
[ sql ] [ SQL ] SELECT * FROM `men_quality` WHERE  `id` = 9 LIMIT 1 [ RunTime:0.000156s ]
[ sql ] [ SQL ] SELECT * FROM `men_quality` WHERE  `id` = 8 LIMIT 1 [ RunTime:0.000124s ]
[ sql ] [ SQL ] SELECT * FROM `men_quality` WHERE  `id` = 7 LIMIT 1 [ RunTime:0.000114s ]
[ sql ] [ SQL ] SELECT * FROM `men_news` ORDER BY id desc LIMIT 8 [ RunTime:0.000110s ]
[ sql ] [ SQL ] SHOW COLUMNS FROM `men_link` [ RunTime:0.000427s ]
[ sql ] [ SQL ] SELECT * FROM `men_link` [ RunTime:0.000115s ]

---------------------------------------------------------------
[ 2018-01-18T15:51:33+08:00 ] 172.17.195.153 140.205.225.194 GET /index.php?m=wap&a=index&siteid=1
[ sql ] [ DB ] CONNECT:[ UseTime:0.000242s ] mysql:dbname=xinchu;host=localhost;port=3306;charset=utf8
[ sql ] [ SQL ] SHOW COLUMNS FROM `men_ads` [ RunTime:0.000634s ]
[ sql ] [ SQL ] SELECT * FROM `men_ads` [ RunTime:0.000156s ]
[ sql ] [ SQL ] SHOW COLUMNS FROM `men_series` [ RunTime:0.000398s ]
[ sql ] [ SQL ] SELECT * FROM `men_series` [ RunTime:0.000170s ]
[ sql ] [ SQL ] SHOW COLUMNS FROM `men_news` [ RunTime:0.000401s ]
[ sql ] [ SQL ] SELECT * FROM `men_news` [ RunTime:0.000168s ]
[ sql ] [ SQL ] SELECT * FROM `men_series` LIMIT 1 [ RunTime:0.000123s ]
[ sql ] [ SQL ] SHOW COLUMNS FROM `men_product` [ RunTime:0.000387s ]
[ sql ] [ SQL ] SELECT * FROM `men_product` WHERE  `recommend` = 1  AND `category` = '反凹凸系列' ORDER BY id desc LIMIT 4 [ RunTime:0.000256s ]
[ sql ] [ SQL ] SHOW COLUMNS FROM `men_quality` [ RunTime:0.000391s ]
[ sql ] [ SQL ] SELECT * FROM `men_quality` ORDER BY id desc [ RunTime:0.000124s ]
[ sql ] [ SQL ] SELECT * FROM `men_quality` WHERE  `id` = 9 LIMIT 1 [ RunTime:0.000141s ]
[ sql ] [ SQL ] SELECT * FROM `men_quality` WHERE  `id` = 8 LIMIT 1 [ RunTime:0.000129s ]
[ sql ] [ SQL ] SELECT * FROM `men_quality` WHERE  `id` = 7 LIMIT 1 [ RunTime:0.000120s ]
[ sql ] [ SQL ] SELECT * FROM `men_news` ORDER BY id desc LIMIT 8 [ RunTime:0.000113s ]
[ sql ] [ SQL ] SHOW COLUMNS FROM `men_link` [ RunTime:0.000423s ]
[ sql ] [ SQL ] SELECT * FROM `men_link` [ RunTime:0.000117s ]

---------------------------------------------------------------
[ 2018-01-18T15:57:03+08:00 ] 172.17.195.153 60.191.52.254 HEAD http://wap.ip138.com/
[ sql ] [ DB ] CONNECT:[ UseTime:0.000253s ] mysql:dbname=xinchu;host=localhost;port=3306;charset=utf8
[ sql ] [ SQL ] SHOW COLUMNS FROM `men_ads` [ RunTime:0.000668s ]
[ sql ] [ SQL ] SELECT * FROM `men_ads` [ RunTime:0.000150s ]
[ sql ] [ SQL ] SHOW COLUMNS FROM `men_series` [ RunTime:0.000411s ]
[ sql ] [ SQL ] SELECT * FROM `men_series` [ RunTime:0.000144s ]
[ sql ] [ SQL ] SHOW COLUMNS FROM `men_news` [ RunTime:0.000391s ]
[ sql ] [ SQL ] SELECT * FROM `men_news` [ RunTime:0.000123s ]
[ sql ] [ SQL ] SELECT * FROM `men_series` LIMIT 1 [ RunTime:0.000108s ]
[ sql ] [ SQL ] SHOW COLUMNS FROM `men_product` [ RunTime:0.000386s ]
[ sql ] [ SQL ] SELECT * FROM `men_product` WHERE  `recommend` = 1  AND `category` = '反凹凸系列' ORDER BY id desc LIMIT 4 [ RunTime:0.000237s ]
[ sql ] [ SQL ] SHOW COLUMNS FROM `men_quality` [ RunTime:0.000395s ]
[ sql ] [ SQL ] SELECT * FROM `men_quality` ORDER BY id desc [ RunTime:0.000122s ]
[ sql ] [ SQL ] SELECT * FROM `men_quality` WHERE  `id` = 9 LIMIT 1 [ RunTime:0.000161s ]
[ sql ] [ SQL ] SELECT * FROM `men_quality` WHERE  `id` = 8 LIMIT 1 [ RunTime:0.000129s ]
[ sql ] [ SQL ] SELECT * FROM `men_quality` WHERE  `id` = 7 LIMIT 1 [ RunTime:0.000120s ]
[ sql ] [ SQL ] SELECT * FROM `men_news` ORDER BY id desc LIMIT 8 [ RunTime:0.000112s ]
[ sql ] [ SQL ] SHOW COLUMNS FROM `men_link` [ RunTime:0.000438s ]
[ sql ] [ SQL ] SELECT * FROM `men_link` [ RunTime:0.000116s ]

---------------------------------------------------------------
[ 2018-01-18T16:26:37+08:00 ] 172.17.195.153 59.110.6.177 GET /
[ sql ] [ DB ] CONNECT:[ UseTime:0.000266s ] mysql:dbname=xinchu;host=localhost;port=3306;charset=utf8
[ sql ] [ SQL ] SHOW COLUMNS FROM `men_ads` [ RunTime:0.000911s ]
[ sql ] [ SQL ] SELECT * FROM `men_ads` [ RunTime:0.000224s ]
[ sql ] [ SQL ] SHOW COLUMNS FROM `men_series` [ RunTime:0.000607s ]
[ sql ] [ SQL ] SELECT * FROM `men_series` [ RunTime:0.000177s ]
[ sql ] [ SQL ] SHOW COLUMNS FROM `men_news` [ RunTime:0.000620s ]
[ sql ] [ SQL ] SELECT * FROM `men_news` [ RunTime:0.000218s ]
[ sql ] [ SQL ] SELECT * FROM `men_series` LIMIT 1 [ RunTime:0.000176s ]
[ sql ] [ SQL ] SHOW COLUMNS FROM `men_product` [ RunTime:0.000564s ]
[ sql ] [ SQL ] SELECT * FROM `men_product` WHERE  `recommend` = 1  AND `category` = '反凹凸系列' ORDER BY id desc LIMIT 4 [ RunTime:0.000281s ]
[ sql ] [ SQL ] SHOW COLUMNS FROM `men_quality` [ RunTime:0.000525s ]
[ sql ] [ SQL ] SELECT * FROM `men_quality` ORDER BY id desc [ RunTime:0.000175s ]
[ sql ] [ SQL ] SELECT * FROM `men_quality` WHERE  `id` = 9 LIMIT 1 [ RunTime:0.000183s ]
[ sql ] [ SQL ] SELECT * FROM `men_quality` WHERE  `id` = 8 LIMIT 1 [ RunTime:0.000194s ]
[ sql ] [ SQL ] SELECT * FROM `men_quality` WHERE  `id` = 7 LIMIT 1 [ RunTime:0.000163s ]
[ sql ] [ SQL ] SELECT * FROM `men_news` ORDER BY id desc LIMIT 8 [ RunTime:0.000157s ]
[ sql ] [ SQL ] SHOW COLUMNS FROM `men_link` [ RunTime:0.000575s ]
[ sql ] [ SQL ] SELECT * FROM `men_link` [ RunTime:0.000160s ]

---------------------------------------------------------------
[ 2018-01-18T19:26:43+08:00 ] 172.17.195.153 104.131.186.156 GET /
[ sql ] [ DB ] CONNECT:[ UseTime:0.000304s ] mysql:dbname=xinchu;host=localhost;port=3306;charset=utf8
[ sql ] [ SQL ] SHOW COLUMNS FROM `men_ads` [ RunTime:0.000629s ]
[ sql ] [ SQL ] SELECT * FROM `men_ads` [ RunTime:0.000152s ]
[ sql ] [ SQL ] SHOW COLUMNS FROM `men_series` [ RunTime:0.000414s ]
[ sql ] [ SQL ] SELECT * FROM `men_series` [ RunTime:0.000126s ]
[ sql ] [ SQL ] SHOW COLUMNS FROM `men_news` [ RunTime:0.000418s ]
[ sql ] [ SQL ] SELECT * FROM `men_news` [ RunTime:0.000126s ]
[ sql ] [ SQL ] SELECT * FROM `men_series` LIMIT 1 [ RunTime:0.000098s ]
[ sql ] [ SQL ] SHOW COLUMNS FROM `men_product` [ RunTime:0.000423s ]
[ sql ] [ SQL ] SELECT * FROM `men_product` WHERE  `recommend` = 1  AND `category` = '反凹凸系列' ORDER BY id desc LIMIT 4 [ RunTime:0.000221s ]
[ sql ] [ SQL ] SHOW COLUMNS FROM `men_quality` [ RunTime:0.000419s ]
[ sql ] [ SQL ] SELECT * FROM `men_quality` ORDER BY id desc [ RunTime:0.000140s ]
[ sql ] [ SQL ] SELECT * FROM `men_quality` WHERE  `id` = 9 LIMIT 1 [ RunTime:0.000135s ]
[ sql ] [ SQL ] SELECT * FROM `men_quality` WHERE  `id` = 8 LIMIT 1 [ RunTime:0.000119s ]
[ sql ] [ SQL ] SELECT * FROM `men_quality` WHERE  `id` = 7 LIMIT 1 [ RunTime:0.000124s ]
[ sql ] [ SQL ] SELECT * FROM `men_news` ORDER BY id desc LIMIT 8 [ RunTime:0.000131s ]
[ sql ] [ SQL ] SHOW COLUMNS FROM `men_link` [ RunTime:0.000383s ]
[ sql ] [ SQL ] SELECT * FROM `men_link` [ RunTime:0.000144s ]

---------------------------------------------------------------
[ 2018-01-18T21:17:52+08:00 ] 172.17.195.153 106.11.224.200 GET /
[ sql ] [ DB ] CONNECT:[ UseTime:0.000226s ] mysql:dbname=xinchu;host=localhost;port=3306;charset=utf8
[ sql ] [ SQL ] SHOW COLUMNS FROM `men_ads` [ RunTime:0.000622s ]
[ sql ] [ SQL ] SELECT * FROM `men_ads` [ RunTime:0.000187s ]
[ sql ] [ SQL ] SHOW COLUMNS FROM `men_series` [ RunTime:0.000394s ]
[ sql ] [ SQL ] SELECT * FROM `men_series` [ RunTime:0.000127s ]
[ sql ] [ SQL ] SHOW COLUMNS FROM `men_news` [ RunTime:0.000437s ]
[ sql ] [ SQL ] SELECT * FROM `men_news` [ RunTime:0.000122s ]
[ sql ] [ SQL ] SELECT * FROM `men_series` LIMIT 1 [ RunTime:0.000098s ]
[ sql ] [ SQL ] SHOW COLUMNS FROM `men_product` [ RunTime:0.000435s ]
[ sql ] [ SQL ] SELECT * FROM `men_product` WHERE  `recommend` = 1  AND `category` = '反凹凸系列' ORDER BY id desc LIMIT 4 [ RunTime:0.000211s ]
[ sql ] [ SQL ] SHOW COLUMNS FROM `men_quality` [ RunTime:0.000415s ]
[ sql ] [ SQL ] SELECT * FROM `men_quality` ORDER BY id desc [ RunTime:0.000123s ]
[ sql ] [ SQL ] SELECT * FROM `men_quality` WHERE  `id` = 9 LIMIT 1 [ RunTime:0.000129s ]
[ sql ] [ SQL ] SELECT * FROM `men_quality` WHERE  `id` = 8 LIMIT 1 [ RunTime:0.000117s ]
[ sql ] [ SQL ] SELECT * FROM `men_quality` WHERE  `id` = 7 LIMIT 1 [ RunTime:0.000153s ]
[ sql ] [ SQL ] SELECT * FROM `men_news` ORDER BY id desc LIMIT 8 [ RunTime:0.000112s ]
[ sql ] [ SQL ] SHOW COLUMNS FROM `men_link` [ RunTime:0.000379s ]
[ sql ] [ SQL ] SELECT * FROM `men_link` [ RunTime:0.000116s ]

---------------------------------------------------------------
[ 2018-01-18T21:18:38+08:00 ] 172.17.195.153 106.11.224.94 GET /index.php
[ sql ] [ DB ] CONNECT:[ UseTime:0.000217s ] mysql:dbname=xinchu;host=localhost;port=3306;charset=utf8
[ sql ] [ SQL ] SHOW COLUMNS FROM `men_ads` [ RunTime:0.001652s ]
[ sql ] [ SQL ] SELECT * FROM `men_ads` [ RunTime:0.000288s ]
[ sql ] [ SQL ] SHOW COLUMNS FROM `men_series` [ RunTime:0.000570s ]
[ sql ] [ SQL ] SELECT * FROM `men_series` [ RunTime:0.000184s ]
[ sql ] [ SQL ] SHOW COLUMNS FROM `men_news` [ RunTime:0.000607s ]
[ sql ] [ SQL ] SELECT * FROM `men_news` [ RunTime:0.000185s ]
[ sql ] [ SQL ] SELECT * FROM `men_series` LIMIT 1 [ RunTime:0.000147s ]
[ sql ] [ SQL ] SHOW COLUMNS FROM `men_product` [ RunTime:0.000488s ]
[ sql ] [ SQL ] SELECT * FROM `men_product` WHERE  `recommend` = 1  AND `category` = '反凹凸系列' ORDER BY id desc LIMIT 4 [ RunTime:0.000215s ]
[ sql ] [ SQL ] SHOW COLUMNS FROM `men_quality` [ RunTime:0.000423s ]
[ sql ] [ SQL ] SELECT * FROM `men_quality` ORDER BY id desc [ RunTime:0.000145s ]
[ sql ] [ SQL ] SELECT * FROM `men_quality` WHERE  `id` = 9 LIMIT 1 [ RunTime:0.000133s ]
[ sql ] [ SQL ] SELECT * FROM `men_quality` WHERE  `id` = 8 LIMIT 1 [ RunTime:0.000117s ]
[ sql ] [ SQL ] SELECT * FROM `men_quality` WHERE  `id` = 7 LIMIT 1 [ RunTime:0.000125s ]
[ sql ] [ SQL ] SELECT * FROM `men_news` ORDER BY id desc LIMIT 8 [ RunTime:0.000120s ]
[ sql ] [ SQL ] SHOW COLUMNS FROM `men_link` [ RunTime:0.000381s ]
[ sql ] [ SQL ] SELECT * FROM `men_link` [ RunTime:0.000122s ]

---------------------------------------------------------------
[ 2018-01-18T21:19:09+08:00 ] 172.17.195.153 106.11.224.215 GET /
[ sql ] [ DB ] CONNECT:[ UseTime:0.000242s ] mysql:dbname=xinchu;host=localhost;port=3306;charset=utf8
[ sql ] [ SQL ] SHOW COLUMNS FROM `men_ads` [ RunTime:0.000638s ]
[ sql ] [ SQL ] SELECT * FROM `men_ads` [ RunTime:0.000199s ]
[ sql ] [ SQL ] SHOW COLUMNS FROM `men_series` [ RunTime:0.000464s ]
[ sql ] [ SQL ] SELECT * FROM `men_series` [ RunTime:0.000147s ]
[ sql ] [ SQL ] SHOW COLUMNS FROM `men_news` [ RunTime:0.000468s ]
[ sql ] [ SQL ] SELECT * FROM `men_news` [ RunTime:0.000122s ]
[ sql ] [ SQL ] SELECT * FROM `men_series` LIMIT 1 [ RunTime:0.000118s ]
[ sql ] [ SQL ] SHOW COLUMNS FROM `men_product` [ RunTime:0.000457s ]
[ sql ] [ SQL ] SELECT * FROM `men_product` WHERE  `recommend` = 1  AND `category` = '反凹凸系列' ORDER BY id desc LIMIT 4 [ RunTime:0.000232s ]
[ sql ] [ SQL ] SHOW COLUMNS FROM `men_quality` [ RunTime:0.000453s ]
[ sql ] [ SQL ] SELECT * FROM `men_quality` ORDER BY id desc [ RunTime:0.000124s ]
[ sql ] [ SQL ] SELECT * FROM `men_quality` WHERE  `id` = 9 LIMIT 1 [ RunTime:0.000154s ]
[ sql ] [ SQL ] SELECT * FROM `men_quality` WHERE  `id` = 8 LIMIT 1 [ RunTime:0.000149s ]
[ sql ] [ SQL ] SELECT * FROM `men_quality` WHERE  `id` = 7 LIMIT 1 [ RunTime:0.000122s ]
[ sql ] [ SQL ] SELECT * FROM `men_news` ORDER BY id desc LIMIT 8 [ RunTime:0.000111s ]
[ sql ] [ SQL ] SHOW COLUMNS FROM `men_link` [ RunTime:0.000470s ]
[ sql ] [ SQL ] SELECT * FROM `men_link` [ RunTime:0.000121s ]

---------------------------------------------------------------
[ 2018-01-18T21:19:52+08:00 ] 172.17.195.153 106.11.224.81 GET /
[ sql ] [ DB ] CONNECT:[ UseTime:0.000215s ] mysql:dbname=xinchu;host=localhost;port=3306;charset=utf8
[ sql ] [ SQL ] SHOW COLUMNS FROM `men_ads` [ RunTime:0.000645s ]
[ sql ] [ SQL ] SELECT * FROM `men_ads` [ RunTime:0.000150s ]
[ sql ] [ SQL ] SHOW COLUMNS FROM `men_series` [ RunTime:0.000385s ]
[ sql ] [ SQL ] SELECT * FROM `men_series` [ RunTime:0.000132s ]
[ sql ] [ SQL ] SHOW COLUMNS FROM `men_news` [ RunTime:0.000391s ]
[ sql ] [ SQL ] SELECT * FROM `men_news` [ RunTime:0.000120s ]
[ sql ] [ SQL ] SELECT * FROM `men_series` LIMIT 1 [ RunTime:0.000106s ]
[ sql ] [ SQL ] SHOW COLUMNS FROM `men_product` [ RunTime:0.000441s ]
[ sql ] [ SQL ] SELECT * FROM `men_product` WHERE  `recommend` = 1  AND `category` = '反凹凸系列' ORDER BY id desc LIMIT 4 [ RunTime:0.000246s ]
[ sql ] [ SQL ] SHOW COLUMNS FROM `men_quality` [ RunTime:0.000394s ]
[ sql ] [ SQL ] SELECT * FROM `men_quality` ORDER BY id desc [ RunTime:0.000121s ]
[ sql ] [ SQL ] SELECT * FROM `men_quality` WHERE  `id` = 9 LIMIT 1 [ RunTime:0.000139s ]
[ sql ] [ SQL ] SELECT * FROM `men_quality` WHERE  `id` = 8 LIMIT 1 [ RunTime:0.000119s ]
[ sql ] [ SQL ] SELECT * FROM `men_quality` WHERE  `id` = 7 LIMIT 1 [ RunTime:0.000114s ]
[ sql ] [ SQL ] SELECT * FROM `men_news` ORDER BY id desc LIMIT 8 [ RunTime:0.000109s ]
[ sql ] [ SQL ] SHOW COLUMNS FROM `men_link` [ RunTime:0.000423s ]
[ sql ] [ SQL ] SELECT * FROM `men_link` [ RunTime:0.000115s ]

---------------------------------------------------------------
[ 2018-01-18T21:20:03+08:00 ] 172.17.195.153 106.11.224.145 GET /
[ sql ] [ DB ] CONNECT:[ UseTime:0.000218s ] mysql:dbname=xinchu;host=localhost;port=3306;charset=utf8
[ sql ] [ SQL ] SHOW COLUMNS FROM `men_ads` [ RunTime:0.000680s ]
[ sql ] [ SQL ] SELECT * FROM `men_ads` [ RunTime:0.000145s ]
[ sql ] [ SQL ] SHOW COLUMNS FROM `men_series` [ RunTime:0.000469s ]
[ sql ] [ SQL ] SELECT * FROM `men_series` [ RunTime:0.000127s ]
[ sql ] [ SQL ] SHOW COLUMNS FROM `men_news` [ RunTime:0.000393s ]
[ sql ] [ SQL ] SELECT * FROM `men_news` [ RunTime:0.000143s ]
[ sql ] [ SQL ] SELECT * FROM `men_series` LIMIT 1 [ RunTime:0.000098s ]
[ sql ] [ SQL ] SHOW COLUMNS FROM `men_product` [ RunTime:0.000388s ]
[ sql ] [ SQL ] SELECT * FROM `men_product` WHERE  `recommend` = 1  AND `category` = '反凹凸系列' ORDER BY id desc LIMIT 4 [ RunTime:0.000225s ]
[ sql ] [ SQL ] SHOW COLUMNS FROM `men_quality` [ RunTime:0.000375s ]
[ sql ] [ SQL ] SELECT * FROM `men_quality` ORDER BY id desc [ RunTime:0.000203s ]
[ sql ] [ SQL ] SELECT * FROM `men_quality` WHERE  `id` = 9 LIMIT 1 [ RunTime:0.000137s ]
[ sql ] [ SQL ] SELECT * FROM `men_quality` WHERE  `id` = 8 LIMIT 1 [ RunTime:0.000120s ]
[ sql ] [ SQL ] SELECT * FROM `men_quality` WHERE  `id` = 7 LIMIT 1 [ RunTime:0.000114s ]
[ sql ] [ SQL ] SELECT * FROM `men_news` ORDER BY id desc LIMIT 8 [ RunTime:0.000129s ]
[ sql ] [ SQL ] SHOW COLUMNS FROM `men_link` [ RunTime:0.000387s ]
[ sql ] [ SQL ] SELECT * FROM `men_link` [ RunTime:0.000147s ]

---------------------------------------------------------------
[ 2018-01-18T21:21:45+08:00 ] 172.17.195.153 106.11.224.237 GET /
[ sql ] [ DB ] CONNECT:[ UseTime:0.000261s ] mysql:dbname=xinchu;host=localhost;port=3306;charset=utf8
[ sql ] [ SQL ] SHOW COLUMNS FROM `men_ads` [ RunTime:0.000690s ]
[ sql ] [ SQL ] SELECT * FROM `men_ads` [ RunTime:0.000155s ]
[ sql ] [ SQL ] SHOW COLUMNS FROM `men_series` [ RunTime:0.000427s ]
[ sql ] [ SQL ] SELECT * FROM `men_series` [ RunTime:0.000134s ]
[ sql ] [ SQL ] SHOW COLUMNS FROM `men_news` [ RunTime:0.000398s ]
[ sql ] [ SQL ] SELECT * FROM `men_news` [ RunTime:0.000123s ]
[ sql ] [ SQL ] SELECT * FROM `men_series` LIMIT 1 [ RunTime:0.000108s ]
[ sql ] [ SQL ] SHOW COLUMNS FROM `men_product` [ RunTime:0.000398s ]
[ sql ] [ SQL ] SELECT * FROM `men_product` WHERE  `recommend` = 1  AND `category` = '反凹凸系列' ORDER BY id desc LIMIT 4 [ RunTime:0.000245s ]
[ sql ] [ SQL ] SHOW COLUMNS FROM `men_quality` [ RunTime:0.000375s ]
[ sql ] [ SQL ] SELECT * FROM `men_quality` ORDER BY id desc [ RunTime:0.000122s ]
[ sql ] [ SQL ] SELECT * FROM `men_quality` WHERE  `id` = 9 LIMIT 1 [ RunTime:0.000167s ]
[ sql ] [ SQL ] SELECT * FROM `men_quality` WHERE  `id` = 8 LIMIT 1 [ RunTime:0.000120s ]
[ sql ] [ SQL ] SELECT * FROM `men_quality` WHERE  `id` = 7 LIMIT 1 [ RunTime:0.000113s ]
[ sql ] [ SQL ] SELECT * FROM `men_news` ORDER BY id desc LIMIT 8 [ RunTime:0.000110s ]
[ sql ] [ SQL ] SHOW COLUMNS FROM `men_link` [ RunTime:0.000424s ]
[ sql ] [ SQL ] SELECT * FROM `men_link` [ RunTime:0.000116s ]

---------------------------------------------------------------
[ 2018-01-18T21:22:18+08:00 ] 172.17.195.153 106.11.224.246 GET /
[ sql ] [ DB ] CONNECT:[ UseTime:0.000287s ] mysql:dbname=xinchu;host=localhost;port=3306;charset=utf8
[ sql ] [ SQL ] SHOW COLUMNS FROM `men_ads` [ RunTime:0.000610s ]
[ sql ] [ SQL ] SELECT * FROM `men_ads` [ RunTime:0.000156s ]
[ sql ] [ SQL ] SHOW COLUMNS FROM `men_series` [ RunTime:0.000391s ]
[ sql ] [ SQL ] SELECT * FROM `men_series` [ RunTime:0.000126s ]
[ sql ] [ SQL ] SHOW COLUMNS FROM `men_news` [ RunTime:0.000437s ]
[ sql ] [ SQL ] SELECT * FROM `men_news` [ RunTime:0.000123s ]
[ sql ] [ SQL ] SELECT * FROM `men_series` LIMIT 1 [ RunTime:0.000098s ]
[ sql ] [ SQL ] SHOW COLUMNS FROM `men_product` [ RunTime:0.000457s ]
[ sql ] [ SQL ] SELECT * FROM `men_product` WHERE  `recommend` = 1  AND `category` = '反凹凸系列' ORDER BY id desc LIMIT 4 [ RunTime:0.000210s ]
[ sql ] [ SQL ] SHOW COLUMNS FROM `men_quality` [ RunTime:0.000423s ]
[ sql ] [ SQL ] SELECT * FROM `men_quality` ORDER BY id desc [ RunTime:0.000123s ]
[ sql ] [ SQL ] SELECT * FROM `men_quality` WHERE  `id` = 9 LIMIT 1 [ RunTime:0.000127s ]
[ sql ] [ SQL ] SELECT * FROM `men_quality` WHERE  `id` = 8 LIMIT 1 [ RunTime:0.000152s ]
[ sql ] [ SQL ] SELECT * FROM `men_quality` WHERE  `id` = 7 LIMIT 1 [ RunTime:0.000120s ]
[ sql ] [ SQL ] SELECT * FROM `men_news` ORDER BY id desc LIMIT 8 [ RunTime:0.000111s ]
[ sql ] [ SQL ] SHOW COLUMNS FROM `men_link` [ RunTime:0.000381s ]
[ sql ] [ SQL ] SELECT * FROM `men_link` [ RunTime:0.000127s ]

---------------------------------------------------------------
[ 2018-01-18T21:22:23+08:00 ] 172.17.195.153 106.11.224.246 GET /
[ sql ] [ DB ] CONNECT:[ UseTime:0.000295s ] mysql:dbname=xinchu;host=localhost;port=3306;charset=utf8
[ sql ] [ SQL ] SHOW COLUMNS FROM `men_ads` [ RunTime:0.000766s ]
[ sql ] [ SQL ] SELECT * FROM `men_ads` [ RunTime:0.000194s ]
[ sql ] [ SQL ] SHOW COLUMNS FROM `men_series` [ RunTime:0.000614s ]
[ sql ] [ SQL ] SELECT * FROM `men_series` [ RunTime:0.000158s ]
[ sql ] [ SQL ] SHOW COLUMNS FROM `men_news` [ RunTime:0.000647s ]
[ sql ] [ SQL ] SELECT * FROM `men_news` [ RunTime:0.000163s ]
[ sql ] [ SQL ] SELECT * FROM `men_series` LIMIT 1 [ RunTime:0.000118s ]
[ sql ] [ SQL ] SHOW COLUMNS FROM `men_product` [ RunTime:0.000496s ]
[ sql ] [ SQL ] SELECT * FROM `men_product` WHERE  `recommend` = 1  AND `category` = '反凹凸系列' ORDER BY id desc LIMIT 4 [ RunTime:0.000286s ]
[ sql ] [ SQL ] SHOW COLUMNS FROM `men_quality` [ RunTime:0.000573s ]
[ sql ] [ SQL ] SELECT * FROM `men_quality` ORDER BY id desc [ RunTime:0.000193s ]
[ sql ] [ SQL ] SELECT * FROM `men_quality` WHERE  `id` = 9 LIMIT 1 [ RunTime:0.000159s ]
[ sql ] [ SQL ] SELECT * FROM `men_quality` WHERE  `id` = 8 LIMIT 1 [ RunTime:0.000132s ]
[ sql ] [ SQL ] SELECT * FROM `men_quality` WHERE  `id` = 7 LIMIT 1 [ RunTime:0.000123s ]
[ sql ] [ SQL ] SELECT * FROM `men_news` ORDER BY id desc LIMIT 8 [ RunTime:0.000192s ]
[ sql ] [ SQL ] SHOW COLUMNS FROM `men_link` [ RunTime:0.000417s ]
[ sql ] [ SQL ] SELECT * FROM `men_link` [ RunTime:0.000130s ]

---------------------------------------------------------------
[ 2018-01-18T21:22:24+08:00 ] 172.17.195.153 106.11.224.246 GET /
[ sql ] [ DB ] CONNECT:[ UseTime:0.000228s ] mysql:dbname=xinchu;host=localhost;port=3306;charset=utf8
[ sql ] [ SQL ] SHOW COLUMNS FROM `men_ads` [ RunTime:0.000649s ]
[ sql ] [ SQL ] SELECT * FROM `men_ads` [ RunTime:0.000162s ]
[ sql ] [ SQL ] SHOW COLUMNS FROM `men_series` [ RunTime:0.000564s ]
[ sql ] [ SQL ] SELECT * FROM `men_series` [ RunTime:0.000129s ]
[ sql ] [ SQL ] SHOW COLUMNS FROM `men_news` [ RunTime:0.000485s ]
[ sql ] [ SQL ] SELECT * FROM `men_news` [ RunTime:0.000123s ]
[ sql ] [ SQL ] SELECT * FROM `men_series` LIMIT 1 [ RunTime:0.000098s ]
[ sql ] [ SQL ] SHOW COLUMNS FROM `men_product` [ RunTime:0.000437s ]
[ sql ] [ SQL ] SELECT * FROM `men_product` WHERE  `recommend` = 1  AND `category` = '反凹凸系列' ORDER BY id desc LIMIT 4 [ RunTime:0.000208s ]
[ sql ] [ SQL ] SHOW COLUMNS FROM `men_quality` [ RunTime:0.000429s ]
[ sql ] [ SQL ] SELECT * FROM `men_quality` ORDER BY id desc [ RunTime:0.000121s ]
[ sql ] [ SQL ] SELECT * FROM `men_quality` WHERE  `id` = 9 LIMIT 1 [ RunTime:0.000135s ]
[ sql ] [ SQL ] SELECT * FROM `men_quality` WHERE  `id` = 8 LIMIT 1 [ RunTime:0.000118s ]
[ sql ] [ SQL ] SELECT * FROM `men_quality` WHERE  `id` = 7 LIMIT 1 [ RunTime:0.000129s ]
[ sql ] [ SQL ] SELECT * FROM `men_news` ORDER BY id desc LIMIT 8 [ RunTime:0.000111s ]
[ sql ] [ SQL ] SHOW COLUMNS FROM `men_link` [ RunTime:0.000390s ]
[ sql ] [ SQL ] SELECT * FROM `men_link` [ RunTime:0.000138s ]

---------------------------------------------------------------
