[ 2018-01-22T00:14:40+08:00 ] 172.17.195.153 94.102.49.193 GET /
[ log ] 39.106.4.226/ [运行时间：0.028999s][吞吐率：34.48req/s] [内存消耗：2,778.61kb] [文件加载：50]
[ info ] [ LANG ] /webdata/thinkphp/lang/zh-cn.php
[ info ] [ ROUTE ] array (
  'type' => 'module',
  'module' => 
  array (
    0 => '',
    1 => NULL,
    2 => NULL,
  ),
)
[ info ] [ HEADER ] array (
  'host' => '39.106.4.226',
  'accept-encoding' => 'identity',
  'accept' => 'text/html,application/xhtml+xml,application/xml;q=0.9,*/*;q=0.8',
  'user-agent' => 'Mozilla/5.0 (Windows NT 6.1) AppleWebKit/537.36 (KHTML, like Gecko) Chrome/41.0.2228.0 Safari/537.36',
)
[ info ] [ PARAM ] array (
)
[ info ] [ RUN ] app\index\controller\Index->index[ /webdata/application/index/controller/Index.php ]
[ info ] [ DB ] INIT mysql
[ info ] [ VIEW ] /webdata/application/index/view/index/index.html [ array (
  0 => 'lunbo',
  1 => 'tuijian1',
  2 => 'tuijian2',
  3 => 'tuijian3',
  4 => 'tuijian4',
  5 => 'xilie',
  6 => 'pinzhi1',
  7 => 'pinzhi2',
  8 => 'pinzhi3',
  9 => 'news',
  10 => 'link',
  11 => 'simxilie',
) ]
[ info ] [ LOG ] INIT File

---------------------------------------------------------------
[ 2018-01-22T00:14:44+08:00 ] 172.17.195.153 94.102.49.193 GET /robots.txt
[ log ] 39.106.4.226/robots.txt [运行时间：0.018940s][吞吐率：52.80req/s] [内存消耗：1,508.61kb] [文件加载：37]
[ info ] [ LANG ] /webdata/thinkphp/lang/zh-cn.php
[ info ] [ ROUTE ] array (
  'type' => 'module',
  'module' => 
  array (
    0 => 'robots.txt',
    1 => NULL,
    2 => NULL,
  ),
)
[ info ] [ HEADER ] array (
  'host' => '39.106.4.226',
  'accept-encoding' => 'identity',
)
[ info ] [ PARAM ] array (
)
[ info ] [ LOG ] INIT File

---------------------------------------------------------------
[ 2018-01-22T00:14:48+08:00 ] 172.17.195.153 94.102.49.193 GET /sitemap.xml
[ log ] 39.106.4.226/sitemap.xml [运行时间：0.013667s][吞吐率：73.17req/s] [内存消耗：1,508.61kb] [文件加载：37]
[ info ] [ LANG ] /webdata/thinkphp/lang/zh-cn.php
[ info ] [ ROUTE ] array (
  'type' => 'module',
  'module' => 
  array (
    0 => 'sitemap.xml',
    1 => NULL,
    2 => NULL,
  ),
)
[ info ] [ HEADER ] array (
  'host' => '39.106.4.226',
  'accept-encoding' => 'identity',
)
[ info ] [ PARAM ] array (
)
[ info ] [ LOG ] INIT File

---------------------------------------------------------------
[ 2018-01-22T00:22:16+08:00 ] 172.17.195.153 47.93.112.232 GET /
[ log ] 39.104.9.73:80/ [运行时间：0.032908s][吞吐率：30.39req/s] [内存消耗：2,778.29kb] [文件加载：50]
[ info ] [ LANG ] /webdata/thinkphp/lang/zh-cn.php
[ info ] [ ROUTE ] array (
  'type' => 'module',
  'module' => 
  array (
    0 => '',
    1 => NULL,
    2 => NULL,
  ),
)
[ info ] [ HEADER ] array (
  'host' => '39.104.9.73:80',
  'connection' => 'Close',
  'accept-encoding' => 'identity',
)
[ info ] [ PARAM ] array (
)
[ info ] [ RUN ] app\index\controller\Index->index[ /webdata/application/index/controller/Index.php ]
[ info ] [ DB ] INIT mysql
[ info ] [ VIEW ] /webdata/application/index/view/index/index.html [ array (
  0 => 'lunbo',
  1 => 'tuijian1',
  2 => 'tuijian2',
  3 => 'tuijian3',
  4 => 'tuijian4',
  5 => 'xilie',
  6 => 'pinzhi1',
  7 => 'pinzhi2',
  8 => 'pinzhi3',
  9 => 'news',
  10 => 'link',
  11 => 'simxilie',
) ]
[ info ] [ LOG ] INIT File

---------------------------------------------------------------
[ 2018-01-22T00:51:49+08:00 ] 172.17.195.153 61.160.207.12 GET http://proxy.httpdaili.com/ip.asp?ip=39.106.4.226&dk=80
[ log ] proxy.httpdaili.comhttp://proxy.httpdaili.com/ip.asp?ip=39.106.4.226&dk=80 [运行时间：0.014937s][吞吐率：66.95req/s] [内存消耗：1,509.54kb] [文件加载：37]
[ info ] [ LANG ] /webdata/thinkphp/lang/zh-cn.php
[ info ] [ ROUTE ] array (
  'type' => 'module',
  'module' => 
  array (
    0 => 'ip.asp',
    1 => NULL,
    2 => NULL,
  ),
)
[ info ] [ HEADER ] array (
  'host' => 'proxy.httpdaili.com',
  'accept' => '*/*',
  'proxy-connection' => 'Keep-Alive',
)
[ info ] [ PARAM ] array (
  'ip' => '39.106.4.226',
  'dk' => '80',
)
[ info ] [ LOG ] INIT File

---------------------------------------------------------------
[ 2018-01-22T00:53:39+08:00 ] 172.17.195.153 220.181.108.162 GET /
[ log ] www.xinchumenye.com/ [运行时间：0.030283s][吞吐率：33.02req/s] [内存消耗：2,778.78kb] [文件加载：50]
[ info ] [ LANG ] /webdata/thinkphp/lang/zh-cn.php
[ info ] [ ROUTE ] array (
  'type' => 'module',
  'module' => 
  array (
    0 => '',
    1 => NULL,
    2 => NULL,
  ),
)
[ info ] [ HEADER ] array (
  'host' => 'www.xinchumenye.com',
  'connection' => 'close',
  'user-agent' => 'Mozilla/5.0 (compatible; Baiduspider/2.0; +http://www.baidu.com/search/spider.html)',
  'accept-language' => 'zh-cn,zh-tw',
  'if-none-match' => '"@NULL@"',
  'accept-encoding' => 'gzip',
  'accept' => '*/*',
)
[ info ] [ PARAM ] array (
)
[ info ] [ RUN ] app\index\controller\Index->index[ /webdata/application/index/controller/Index.php ]
[ info ] [ DB ] INIT mysql
[ info ] [ VIEW ] /webdata/application/index/view/index/index.html [ array (
  0 => 'lunbo',
  1 => 'tuijian1',
  2 => 'tuijian2',
  3 => 'tuijian3',
  4 => 'tuijian4',
  5 => 'xilie',
  6 => 'pinzhi1',
  7 => 'pinzhi2',
  8 => 'pinzhi3',
  9 => 'news',
  10 => 'link',
  11 => 'simxilie',
) ]
[ info ] [ LOG ] INIT File

---------------------------------------------------------------
[ 2018-01-22T01:50:30+08:00 ] 172.17.195.153 123.125.67.163 GET /robots.txt
[ log ] www.xinchumenye.com/robots.txt [运行时间：0.013662s][吞吐率：73.20req/s] [内存消耗：1,509.06kb] [文件加载：37]
[ info ] [ LANG ] /webdata/thinkphp/lang/zh-cn.php
[ info ] [ ROUTE ] array (
  'type' => 'module',
  'module' => 
  array (
    0 => 'robots.txt',
    1 => NULL,
    2 => NULL,
  ),
)
[ info ] [ HEADER ] array (
  'host' => 'www.xinchumenye.com',
  'connection' => 'close',
  'user-agent' => 'Mozilla/5.0 (Windows NT 10.0; WOW64) AppleWebKit/537.36 (KHTML, like Gecko) Chrome/45.0.2454.93 Safari/537.36',
  'accept-encoding' => 'gzip',
  'accept-language' => 'zh-cn,zh-tw',
  'accept' => '*/*',
)
[ info ] [ PARAM ] array (
)
[ info ] [ LOG ] INIT File

---------------------------------------------------------------
[ 2018-01-22T05:02:19+08:00 ] 172.17.195.153 207.46.13.33 GET /
[ log ] xinchumenye.com/ [运行时间：0.029581s][吞吐率：33.81req/s] [内存消耗：2,778.85kb] [文件加载：50]
[ info ] [ LANG ] /webdata/thinkphp/lang/zh-cn.php
[ info ] [ ROUTE ] array (
  'type' => 'module',
  'module' => 
  array (
    0 => '',
    1 => NULL,
    2 => NULL,
  ),
)
[ info ] [ HEADER ] array (
  'cache-control' => 'no-cache',
  'connection' => 'Keep-Alive',
  'pragma' => 'no-cache',
  'accept' => '*/*',
  'accept-encoding' => 'gzip, deflate',
  'from' => 'bingbot(at)microsoft.com',
  'host' => 'xinchumenye.com',
  'user-agent' => 'Mozilla/5.0 (compatible; bingbot/2.0; +http://www.bing.com/bingbot.htm)',
)
[ info ] [ PARAM ] array (
)
[ info ] [ RUN ] app\index\controller\Index->index[ /webdata/application/index/controller/Index.php ]
[ info ] [ DB ] INIT mysql
[ info ] [ VIEW ] /webdata/application/index/view/index/index.html [ array (
  0 => 'lunbo',
  1 => 'tuijian1',
  2 => 'tuijian2',
  3 => 'tuijian3',
  4 => 'tuijian4',
  5 => 'xilie',
  6 => 'pinzhi1',
  7 => 'pinzhi2',
  8 => 'pinzhi3',
  9 => 'news',
  10 => 'link',
  11 => 'simxilie',
) ]
[ info ] [ LOG ] INIT File

---------------------------------------------------------------
[ 2018-01-22T05:21:03+08:00 ] 172.17.195.153 71.6.202.198 GET /ccvv
[ log ] 39.106.4.226/ccvv [运行时间：0.013517s][吞吐率：73.98req/s] [内存消耗：1,508.68kb] [文件加载：37]
[ info ] [ LANG ] /webdata/thinkphp/lang/zh-cn.php
[ info ] [ ROUTE ] array (
  'type' => 'module',
  'module' => 
  array (
    0 => 'ccvv',
    1 => NULL,
    2 => NULL,
  ),
)
[ info ] [ HEADER ] array (
  'host' => '39.106.4.226',
  'user-agent' => 'Mozilla/5.0 (compatible; MSIE 9.0; Windows NT 6.1; WOW64)',
  'accept-encoding' => 'gzip',
)
[ info ] [ PARAM ] array (
)
[ info ] [ LOG ] INIT File

---------------------------------------------------------------
[ 2018-01-22T08:18:50+08:00 ] 172.17.195.153 47.93.90.175 GET /
[ log ] 39.104.55.85:80/ [运行时间：0.030800s][吞吐率：32.47req/s] [内存消耗：2,778.30kb] [文件加载：50]
[ info ] [ LANG ] /webdata/thinkphp/lang/zh-cn.php
[ info ] [ ROUTE ] array (
  'type' => 'module',
  'module' => 
  array (
    0 => '',
    1 => NULL,
    2 => NULL,
  ),
)
[ info ] [ HEADER ] array (
  'host' => '39.104.55.85:80',
  'connection' => 'Close',
  'accept-encoding' => 'identity',
)
[ info ] [ PARAM ] array (
)
[ info ] [ RUN ] app\index\controller\Index->index[ /webdata/application/index/controller/Index.php ]
[ info ] [ DB ] INIT mysql
[ info ] [ VIEW ] /webdata/application/index/view/index/index.html [ array (
  0 => 'lunbo',
  1 => 'tuijian1',
  2 => 'tuijian2',
  3 => 'tuijian3',
  4 => 'tuijian4',
  5 => 'xilie',
  6 => 'pinzhi1',
  7 => 'pinzhi2',
  8 => 'pinzhi3',
  9 => 'news',
  10 => 'link',
  11 => 'simxilie',
) ]
[ info ] [ LOG ] INIT File

---------------------------------------------------------------
[ 2018-01-22T08:51:37+08:00 ] 172.17.195.153 123.125.71.82 GET /
[ log ] www.xinchumenye.com/ [运行时间：0.028732s][吞吐率：34.80req/s] [内存消耗：2,778.78kb] [文件加载：50]
[ info ] [ LANG ] /webdata/thinkphp/lang/zh-cn.php
[ info ] [ ROUTE ] array (
  'type' => 'module',
  'module' => 
  array (
    0 => '',
    1 => NULL,
    2 => NULL,
  ),
)
[ info ] [ HEADER ] array (
  'host' => 'www.xinchumenye.com',
  'connection' => 'close',
  'user-agent' => 'Mozilla/5.0 (compatible; Baiduspider/2.0; +http://www.baidu.com/search/spider.html)',
  'accept-language' => 'zh-cn,zh-tw',
  'if-none-match' => '"@NULL@"',
  'accept-encoding' => 'gzip',
  'accept' => '*/*',
)
[ info ] [ PARAM ] array (
)
[ info ] [ RUN ] app\index\controller\Index->index[ /webdata/application/index/controller/Index.php ]
[ info ] [ DB ] INIT mysql
[ info ] [ VIEW ] /webdata/application/index/view/index/index.html [ array (
  0 => 'lunbo',
  1 => 'tuijian1',
  2 => 'tuijian2',
  3 => 'tuijian3',
  4 => 'tuijian4',
  5 => 'xilie',
  6 => 'pinzhi1',
  7 => 'pinzhi2',
  8 => 'pinzhi3',
  9 => 'news',
  10 => 'link',
  11 => 'simxilie',
) ]
[ info ] [ LOG ] INIT File

---------------------------------------------------------------
[ 2018-01-22T09:16:58+08:00 ] 172.17.195.153 45.55.2.39 GET /
[ log ] 39.106.4.226/ [运行时间：0.030455s][吞吐率：32.84req/s] [内存消耗：2,778.39kb] [文件加载：50]
[ info ] [ LANG ] /webdata/thinkphp/lang/zh-cn.php
[ info ] [ ROUTE ] array (
  'type' => 'module',
  'module' => 
  array (
    0 => '',
    1 => NULL,
    2 => NULL,
  ),
)
[ info ] [ HEADER ] array (
  'host' => '39.106.4.226',
  'user-agent' => 'Mozilla/5.0 zgrab/0.x',
  'accept-encoding' => 'gzip',
)
[ info ] [ PARAM ] array (
)
[ info ] [ RUN ] app\index\controller\Index->index[ /webdata/application/index/controller/Index.php ]
[ info ] [ DB ] INIT mysql
[ info ] [ VIEW ] /webdata/application/index/view/index/index.html [ array (
  0 => 'lunbo',
  1 => 'tuijian1',
  2 => 'tuijian2',
  3 => 'tuijian3',
  4 => 'tuijian4',
  5 => 'xilie',
  6 => 'pinzhi1',
  7 => 'pinzhi2',
  8 => 'pinzhi3',
  9 => 'news',
  10 => 'link',
  11 => 'simxilie',
) ]
[ info ] [ LOG ] INIT File

---------------------------------------------------------------
[ 2018-01-22T10:03:52+08:00 ] 172.17.195.153 106.11.226.90 GET /
[ log ] www.xinchumenye.com/ [运行时间：0.029791s][吞吐率：33.57req/s] [内存消耗：2,778.99kb] [文件加载：50]
[ info ] [ LANG ] /webdata/thinkphp/lang/zh-cn.php
[ info ] [ ROUTE ] array (
  'type' => 'module',
  'module' => 
  array (
    0 => '',
    1 => NULL,
    2 => NULL,
  ),
)
[ info ] [ HEADER ] array (
  'accept-encoding' => 'gzip',
  'user-agent' => 'Mozilla/5.0 (iPad; CPU OS 9_1 like Mac OS X) AppleWebKit/601.1.46 (KHTML, like Gecko) Version/9.0 Mobile/13B143 Safari/601.1',
  'cache-control' => 'no-cache',
  'pragma' => 'no-cache',
  'host' => 'www.xinchumenye.com',
  'accept' => 'text/html, image/gif, image/jpeg, *; q=.2, */*; q=.2',
  'connection' => 'keep-alive',
)
[ info ] [ PARAM ] array (
)
[ info ] [ RUN ] app\index\controller\Index->index[ /webdata/application/index/controller/Index.php ]
[ info ] [ DB ] INIT mysql
[ info ] [ VIEW ] /webdata/application/index/view/index/index.html [ array (
  0 => 'lunbo',
  1 => 'tuijian1',
  2 => 'tuijian2',
  3 => 'tuijian3',
  4 => 'tuijian4',
  5 => 'xilie',
  6 => 'pinzhi1',
  7 => 'pinzhi2',
  8 => 'pinzhi3',
  9 => 'news',
  10 => 'link',
  11 => 'simxilie',
) ]
[ info ] [ LOG ] INIT File

---------------------------------------------------------------
[ 2018-01-22T10:19:47+08:00 ] 172.17.195.153 106.11.242.216 GET /
[ log ] xinchumenye.com/ [运行时间：0.029817s][吞吐率：33.54req/s] [内存消耗：2,778.77kb] [文件加载：50]
[ info ] [ LANG ] /webdata/thinkphp/lang/zh-cn.php
[ info ] [ ROUTE ] array (
  'type' => 'module',
  'module' => 
  array (
    0 => '',
    1 => NULL,
    2 => NULL,
  ),
)
[ info ] [ HEADER ] array (
  'accept-encoding' => 'gzip',
  'user-agent' => 'Mozilla/5.0 (iPad; CPU OS 9_1 like Mac OS X) AppleWebKit/601.1.46 (KHTML, like Gecko) Version/9.0 Mobile/13B143 Safari/601.1',
  'cache-control' => 'no-cache',
  'pragma' => 'no-cache',
  'host' => 'xinchumenye.com',
  'accept' => 'text/html, image/gif, image/jpeg, *; q=.2, */*; q=.2',
  'connection' => 'keep-alive',
)
[ info ] [ PARAM ] array (
)
[ info ] [ RUN ] app\index\controller\Index->index[ /webdata/application/index/controller/Index.php ]
[ info ] [ DB ] INIT mysql
[ info ] [ VIEW ] /webdata/application/index/view/index/index.html [ array (
  0 => 'lunbo',
  1 => 'tuijian1',
  2 => 'tuijian2',
  3 => 'tuijian3',
  4 => 'tuijian4',
  5 => 'xilie',
  6 => 'pinzhi1',
  7 => 'pinzhi2',
  8 => 'pinzhi3',
  9 => 'news',
  10 => 'link',
  11 => 'simxilie',
) ]
[ info ] [ LOG ] INIT File

---------------------------------------------------------------
[ 2018-01-22T10:46:51+08:00 ] 172.17.195.153 223.100.134.211 HEAD /pmd/index.php
[ log ] 39.106.4.226/pmd/index.php [运行时间：0.013662s][吞吐率：73.20req/s] [内存消耗：1,507.77kb] [文件加载：37]
[ info ] [ LANG ] /webdata/thinkphp/lang/zh-cn.php
[ info ] [ ROUTE ] array (
  'type' => 'module',
  'module' => 
  array (
    0 => 'pmd',
    1 => 'index.php',
    2 => NULL,
  ),
)
[ info ] [ HEADER ] array (
  'host' => '39.106.4.226',
  'connection' => 'Keep-Alive',
)
[ info ] [ PARAM ] array (
)
[ info ] [ LOG ] INIT File

---------------------------------------------------------------
[ 2018-01-22T11:51:54+08:00 ] 172.17.195.153 61.160.207.12 GET http://proxy.httpdaili.com/ip.asp?ip=39.106.4.226&dk=80
[ log ] proxy.httpdaili.comhttp://proxy.httpdaili.com/ip.asp?ip=39.106.4.226&dk=80 [运行时间：0.014808s][吞吐率：67.53req/s] [内存消耗：1,509.54kb] [文件加载：37]
[ info ] [ LANG ] /webdata/thinkphp/lang/zh-cn.php
[ info ] [ ROUTE ] array (
  'type' => 'module',
  'module' => 
  array (
    0 => 'ip.asp',
    1 => NULL,
    2 => NULL,
  ),
)
[ info ] [ HEADER ] array (
  'host' => 'proxy.httpdaili.com',
  'accept' => '*/*',
  'proxy-connection' => 'Keep-Alive',
)
[ info ] [ PARAM ] array (
  'ip' => '39.106.4.226',
  'dk' => '80',
)
[ info ] [ LOG ] INIT File

---------------------------------------------------------------
[ 2018-01-22T11:52:47+08:00 ] 172.17.195.153 113.140.31.210 GET /
[ log ] www.xinchumenye.com/ [运行时间：0.030032s][吞吐率：33.30req/s] [内存消耗：2,779.38kb] [文件加载：50]
[ info ] [ LANG ] /webdata/thinkphp/lang/zh-cn.php
[ info ] [ ROUTE ] array (
  'type' => 'module',
  'module' => 
  array (
    0 => '',
    1 => NULL,
    2 => NULL,
  ),
)
[ info ] [ HEADER ] array (
  'host' => 'www.xinchumenye.com',
  'connection' => 'keep-alive',
  'upgrade-insecure-requests' => '1',
  'user-agent' => 'Mozilla/5.0 (Windows NT 6.1) AppleWebKit/537.36 (KHTML, like Gecko) Chrome/55.0.2883.87 Safari/537.36',
  'accept' => 'text/html,application/xhtml+xml,application/xml;q=0.9,image/webp,*/*;q=0.8',
  'accept-encoding' => 'gzip, deflate, sdch',
  'accept-language' => 'zh-CN,zh;q=0.8',
  'cookie' => '__guid=199354024.1825424339048436700.1514360946825.5938',
)
[ info ] [ PARAM ] array (
)
[ info ] [ RUN ] app\index\controller\Index->index[ /webdata/application/index/controller/Index.php ]
[ info ] [ DB ] INIT mysql
[ info ] [ VIEW ] /webdata/application/index/view/index/index.html [ array (
  0 => 'lunbo',
  1 => 'tuijian1',
  2 => 'tuijian2',
  3 => 'tuijian3',
  4 => 'tuijian4',
  5 => 'xilie',
  6 => 'pinzhi1',
  7 => 'pinzhi2',
  8 => 'pinzhi3',
  9 => 'news',
  10 => 'link',
  11 => 'simxilie',
) ]
[ info ] [ LOG ] INIT File

---------------------------------------------------------------
[ 2018-01-22T11:55:38+08:00 ] 172.17.195.153 113.140.31.210 GET /index/index/contact.html
[ log ] www.xinchumenye.com/index/index/contact.html [运行时间：0.024854s][吞吐率：40.24req/s] [内存消耗：2,746.41kb] [文件加载：50]
[ info ] [ LANG ] /webdata/thinkphp/lang/zh-cn.php
[ info ] [ ROUTE ] array (
  'type' => 'module',
  'module' => 
  array (
    0 => 'index',
    1 => 'index',
    2 => 'contact',
  ),
)
[ info ] [ HEADER ] array (
  'host' => 'www.xinchumenye.com',
  'connection' => 'keep-alive',
  'upgrade-insecure-requests' => '1',
  'user-agent' => 'Mozilla/5.0 (Windows NT 6.1) AppleWebKit/537.36 (KHTML, like Gecko) Chrome/55.0.2883.87 Safari/537.36',
  'accept' => 'text/html,application/xhtml+xml,application/xml;q=0.9,image/webp,*/*;q=0.8',
  'referer' => 'http://www.xinchumenye.com/',
  'accept-encoding' => 'gzip, deflate, sdch',
  'accept-language' => 'zh-CN,zh;q=0.8',
  'cookie' => '__guid=199354024.1825424339048436700.1514360946825.5938; monitor_count=1',
)
[ info ] [ PARAM ] array (
)
[ info ] [ RUN ] app\index\controller\Index->contact[ /webdata/application/index/controller/Index.php ]
[ info ] [ DB ] INIT mysql
[ info ] [ VIEW ] /webdata/application/index/view/index/contact.html [ array (
  0 => 'lunbo',
  1 => 'link',
  2 => 'profile',
) ]
[ info ] [ LOG ] INIT File

---------------------------------------------------------------
[ 2018-01-22T12:10:23+08:00 ] 172.17.195.153 80.82.78.50 GET http://www.baidu.com/cache/global/img/gs.gif
[ log ] www.baidu.comhttp://www.baidu.com/cache/global/img/gs.gif [运行时间：0.013370s][吞吐率：74.79req/s] [内存消耗：1,508.71kb] [文件加载：37]
[ info ] [ LANG ] /webdata/thinkphp/lang/zh-cn.php
[ info ] [ ROUTE ] array (
  'type' => 'module',
  'module' => 
  array (
    0 => 'cache',
    1 => 'global',
    2 => 'img',
  ),
)
[ info ] [ HEADER ] array (
  'host' => 'www.baidu.com',
  'user-agent' => 'Mozilla',
  'if-modified-since' => 'Thu, 19 Apr 2012 09:51:20 GMT',
)
[ info ] [ PARAM ] array (
)
[ info ] [ LOG ] INIT File

---------------------------------------------------------------
[ 2018-01-22T12:22:21+08:00 ] 172.17.195.153 223.100.134.211 HEAD /phpmyadmin/%20index.php
[ log ] 39.106.4.226/phpmyadmin/%20index.php [运行时间：0.013425s][吞吐率：74.49req/s] [内存消耗：1,507.75kb] [文件加载：37]
[ info ] [ LANG ] /webdata/thinkphp/lang/zh-cn.php
[ info ] [ ROUTE ] array (
  'type' => 'module',
  'module' => 
  array (
    0 => 'phpmyadmin',
    1 => ' index.php',
    2 => NULL,
  ),
)
[ info ] [ HEADER ] array (
  'host' => '39.106.4.226',
)
[ info ] [ PARAM ] array (
)
[ info ] [ LOG ] INIT File

---------------------------------------------------------------
[ 2018-01-22T13:06:21+08:00 ] 172.17.195.153 172.82.166.210 GET http://www.baidu.com/cache/global/img/gs.gif
[ log ] www.baidu.comhttp://www.baidu.com/cache/global/img/gs.gif [运行时间：0.013596s][吞吐率：73.55req/s] [内存消耗：1,508.71kb] [文件加载：37]
[ info ] [ LANG ] /webdata/thinkphp/lang/zh-cn.php
[ info ] [ ROUTE ] array (
  'type' => 'module',
  'module' => 
  array (
    0 => 'cache',
    1 => 'global',
    2 => 'img',
  ),
)
[ info ] [ HEADER ] array (
  'host' => 'www.baidu.com',
  'user-agent' => 'Mozilla',
  'if-modified-since' => 'Thu, 19 Apr 2012 09:51:20 GMT',
)
[ info ] [ PARAM ] array (
)
[ info ] [ LOG ] INIT File

---------------------------------------------------------------
[ 2018-01-22T14:11:55+08:00 ] 172.17.195.153 1.85.1.212 GET /
[ log ] www.xinchumenye.com/ [运行时间：0.028389s][吞吐率：35.22req/s] [内存消耗：2,778.87kb] [文件加载：50]
[ info ] [ LANG ] /webdata/thinkphp/lang/zh-cn.php
[ info ] [ ROUTE ] array (
  'type' => 'module',
  'module' => 
  array (
    0 => '',
    1 => NULL,
    2 => NULL,
  ),
)
[ info ] [ HEADER ] array (
  'host' => 'www.xinchumenye.com',
  'user-agent' => 'Mozilla/5.0 (Windows NT 6.1; rv:57.0) Gecko/20100101 Firefox/57.0',
  'accept' => 'text/html,application/xhtml+xml,application/xml;q=0.9,*/*;q=0.8',
  'accept-language' => 'zh-CN,zh;q=0.8,zh-TW;q=0.7,zh-HK;q=0.5,en-US;q=0.3,en;q=0.2',
  'accept-encoding' => 'gzip, deflate',
  'connection' => 'keep-alive',
  'upgrade-insecure-requests' => '1',
)
[ info ] [ PARAM ] array (
)
[ info ] [ RUN ] app\index\controller\Index->index[ /webdata/application/index/controller/Index.php ]
[ info ] [ DB ] INIT mysql
[ info ] [ VIEW ] /webdata/application/index/view/index/index.html [ array (
  0 => 'lunbo',
  1 => 'tuijian1',
  2 => 'tuijian2',
  3 => 'tuijian3',
  4 => 'tuijian4',
  5 => 'xilie',
  6 => 'pinzhi1',
  7 => 'pinzhi2',
  8 => 'pinzhi3',
  9 => 'news',
  10 => 'link',
  11 => 'simxilie',
) ]
[ info ] [ LOG ] INIT File

---------------------------------------------------------------
[ 2018-01-22T14:13:22+08:00 ] 172.17.195.153 1.85.1.212 GET /index/index/contact.html
[ log ] www.xinchumenye.com/index/index/contact.html [运行时间：0.025253s][吞吐率：39.60req/s] [内存消耗：2,746.42kb] [文件加载：50]
[ info ] [ LANG ] /webdata/thinkphp/lang/zh-cn.php
[ info ] [ ROUTE ] array (
  'type' => 'module',
  'module' => 
  array (
    0 => 'index',
    1 => 'index',
    2 => 'contact',
  ),
)
[ info ] [ HEADER ] array (
  'host' => 'www.xinchumenye.com',
  'user-agent' => 'Mozilla/5.0 (Windows NT 6.1; rv:57.0) Gecko/20100101 Firefox/57.0',
  'accept' => 'text/html,application/xhtml+xml,application/xml;q=0.9,*/*;q=0.8',
  'accept-language' => 'zh-CN,zh;q=0.8,zh-TW;q=0.7,zh-HK;q=0.5,en-US;q=0.3,en;q=0.2',
  'accept-encoding' => 'gzip, deflate',
  'referer' => 'http://www.xinchumenye.com/',
  'connection' => 'keep-alive',
  'upgrade-insecure-requests' => '1',
)
[ info ] [ PARAM ] array (
)
[ info ] [ RUN ] app\index\controller\Index->contact[ /webdata/application/index/controller/Index.php ]
[ info ] [ DB ] INIT mysql
[ info ] [ VIEW ] /webdata/application/index/view/index/contact.html [ array (
  0 => 'lunbo',
  1 => 'link',
  2 => 'profile',
) ]
[ info ] [ LOG ] INIT File

---------------------------------------------------------------
[ 2018-01-22T14:27:24+08:00 ] 172.17.195.153 1.85.1.220 GET /
[ log ] www.xinchumenye.com/ [运行时间：0.029521s][吞吐率：33.87req/s] [内存消耗：2,778.85kb] [文件加载：50]
[ info ] [ LANG ] /webdata/thinkphp/lang/zh-cn.php
[ info ] [ ROUTE ] array (
  'type' => 'module',
  'module' => 
  array (
    0 => '',
    1 => NULL,
    2 => NULL,
  ),
)
[ info ] [ HEADER ] array (
  'host' => 'www.xinchumenye.com',
  'user-agent' => 'Mozilla/5.0 (Windows NT 6.1; Win64; x64; rv:57.0) Gecko/20100101 Firefox/57.0',
  'accept' => 'text/html,application/xhtml+xml,application/xml;q=0.9,*/*;q=0.8',
  'accept-language' => 'zh-CN,zh;q=0.8,zh-TW;q=0.7,zh-HK;q=0.5,en-US;q=0.3,en;q=0.2',
  'accept-encoding' => 'gzip, deflate',
  'connection' => 'keep-alive',
  'upgrade-insecure-requests' => '1',
)
[ info ] [ PARAM ] array (
)
[ info ] [ RUN ] app\index\controller\Index->index[ /webdata/application/index/controller/Index.php ]
[ info ] [ DB ] INIT mysql
[ info ] [ VIEW ] /webdata/application/index/view/index/index.html [ array (
  0 => 'lunbo',
  1 => 'tuijian1',
  2 => 'tuijian2',
  3 => 'tuijian3',
  4 => 'tuijian4',
  5 => 'xilie',
  6 => 'pinzhi1',
  7 => 'pinzhi2',
  8 => 'pinzhi3',
  9 => 'news',
  10 => 'link',
  11 => 'simxilie',
) ]
[ info ] [ LOG ] INIT File

---------------------------------------------------------------
[ 2018-01-22T14:37:13+08:00 ] 172.17.195.153 1.85.1.220 GET /index/index/contact.html
[ log ] www.xinchumenye.com/index/index/contact.html [运行时间：0.025578s][吞吐率：39.10req/s] [内存消耗：2,746.31kb] [文件加载：50]
[ info ] [ LANG ] /webdata/thinkphp/lang/zh-cn.php
[ info ] [ ROUTE ] array (
  'type' => 'module',
  'module' => 
  array (
    0 => 'index',
    1 => 'index',
    2 => 'contact',
  ),
)
[ info ] [ HEADER ] array (
  'host' => 'www.xinchumenye.com',
  'user-agent' => 'Mozilla/5.0 (Windows NT 6.1; Win64; x64; rv:57.0) Gecko/20100101 Firefox/57.0',
  'accept' => 'text/html,application/xhtml+xml,application/xml;q=0.9,*/*;q=0.8',
  'accept-language' => 'zh-CN,zh;q=0.8,zh-TW;q=0.7,zh-HK;q=0.5,en-US;q=0.3,en;q=0.2',
  'accept-encoding' => 'gzip, deflate',
  'referer' => 'http://www.xinchumenye.com/',
  'connection' => 'keep-alive',
  'upgrade-insecure-requests' => '1',
)
[ info ] [ PARAM ] array (
)
[ info ] [ RUN ] app\index\controller\Index->contact[ /webdata/application/index/controller/Index.php ]
[ info ] [ DB ] INIT mysql
[ info ] [ VIEW ] /webdata/application/index/view/index/contact.html [ array (
  0 => 'lunbo',
  1 => 'link',
  2 => 'profile',
) ]
[ info ] [ LOG ] INIT File

---------------------------------------------------------------
[ 2018-01-22T14:41:28+08:00 ] 172.17.195.153 1.85.1.220 GET /
[ log ] www.xinchumenye.com/ [运行时间：0.028306s][吞吐率：35.33req/s] [内存消耗：2,778.85kb] [文件加载：50]
[ info ] [ LANG ] /webdata/thinkphp/lang/zh-cn.php
[ info ] [ ROUTE ] array (
  'type' => 'module',
  'module' => 
  array (
    0 => '',
    1 => NULL,
    2 => NULL,
  ),
)
[ info ] [ HEADER ] array (
  'host' => 'www.xinchumenye.com',
  'user-agent' => 'Mozilla/5.0 (Windows NT 6.1; Win64; x64; rv:57.0) Gecko/20100101 Firefox/57.0',
  'accept' => 'text/html,application/xhtml+xml,application/xml;q=0.9,*/*;q=0.8',
  'accept-language' => 'zh-CN,zh;q=0.8,zh-TW;q=0.7,zh-HK;q=0.5,en-US;q=0.3,en;q=0.2',
  'accept-encoding' => 'gzip, deflate',
  'connection' => 'keep-alive',
  'upgrade-insecure-requests' => '1',
)
[ info ] [ PARAM ] array (
)
[ info ] [ RUN ] app\index\controller\Index->index[ /webdata/application/index/controller/Index.php ]
[ info ] [ DB ] INIT mysql
[ info ] [ VIEW ] /webdata/application/index/view/index/index.html [ array (
  0 => 'lunbo',
  1 => 'tuijian1',
  2 => 'tuijian2',
  3 => 'tuijian3',
  4 => 'tuijian4',
  5 => 'xilie',
  6 => 'pinzhi1',
  7 => 'pinzhi2',
  8 => 'pinzhi3',
  9 => 'news',
  10 => 'link',
  11 => 'simxilie',
) ]
[ info ] [ LOG ] INIT File

---------------------------------------------------------------
[ 2018-01-22T15:23:09+08:00 ] 172.17.195.153 61.160.207.12 GET http://proxy.httpdaili.com/ip.asp?ip=39.106.4.226&dk=80
[ log ] proxy.httpdaili.comhttp://proxy.httpdaili.com/ip.asp?ip=39.106.4.226&dk=80 [运行时间：0.013896s][吞吐率：71.96req/s] [内存消耗：1,509.54kb] [文件加载：37]
[ info ] [ LANG ] /webdata/thinkphp/lang/zh-cn.php
[ info ] [ ROUTE ] array (
  'type' => 'module',
  'module' => 
  array (
    0 => 'ip.asp',
    1 => NULL,
    2 => NULL,
  ),
)
[ info ] [ HEADER ] array (
  'host' => 'proxy.httpdaili.com',
  'accept' => '*/*',
  'proxy-connection' => 'Keep-Alive',
)
[ info ] [ PARAM ] array (
  'ip' => '39.106.4.226',
  'dk' => '80',
)
[ info ] [ LOG ] INIT File

---------------------------------------------------------------
[ 2018-01-22T16:07:22+08:00 ] 172.17.195.153 94.102.49.174 GET http://www.baidu.com/cache/global/img/gs.gif
[ log ] www.baidu.comhttp://www.baidu.com/cache/global/img/gs.gif [运行时间：0.013941s][吞吐率：71.73req/s] [内存消耗：1,508.71kb] [文件加载：37]
[ info ] [ LANG ] /webdata/thinkphp/lang/zh-cn.php
[ info ] [ ROUTE ] array (
  'type' => 'module',
  'module' => 
  array (
    0 => 'cache',
    1 => 'global',
    2 => 'img',
  ),
)
[ info ] [ HEADER ] array (
  'host' => 'www.baidu.com',
  'user-agent' => 'Mozilla',
  'if-modified-since' => 'Thu, 19 Apr 2012 09:51:20 GMT',
)
[ info ] [ PARAM ] array (
)
[ info ] [ LOG ] INIT File

---------------------------------------------------------------
[ 2018-01-22T16:28:23+08:00 ] 172.17.195.153 47.93.112.232 GET /
[ log ] 39.104.30.176:80/ [运行时间：0.038358s][吞吐率：26.07req/s] [内存消耗：2,778.51kb] [文件加载：50]
[ info ] [ LANG ] /webdata/thinkphp/lang/zh-cn.php
[ info ] [ ROUTE ] array (
  'type' => 'module',
  'module' => 
  array (
    0 => '',
    1 => NULL,
    2 => NULL,
  ),
)
[ info ] [ HEADER ] array (
  'host' => '39.104.30.176:80',
  'connection' => 'Close',
  'accept-encoding' => 'identity',
)
[ info ] [ PARAM ] array (
)
[ info ] [ RUN ] app\index\controller\Index->index[ /webdata/application/index/controller/Index.php ]
[ info ] [ DB ] INIT mysql
[ info ] [ VIEW ] /webdata/application/index/view/index/index.html [ array (
  0 => 'lunbo',
  1 => 'tuijian1',
  2 => 'tuijian2',
  3 => 'tuijian3',
  4 => 'tuijian4',
  5 => 'xilie',
  6 => 'pinzhi1',
  7 => 'pinzhi2',
  8 => 'pinzhi3',
  9 => 'news',
  10 => 'link',
  11 => 'simxilie',
) ]
[ info ] [ LOG ] INIT File

---------------------------------------------------------------
[ 2018-01-22T16:49:02+08:00 ] 172.17.195.153 220.181.108.162 GET /
[ log ] www.xinchumenye.com/ [运行时间：0.030365s][吞吐率：32.93req/s] [内存消耗：2,778.78kb] [文件加载：50]
[ info ] [ LANG ] /webdata/thinkphp/lang/zh-cn.php
[ info ] [ ROUTE ] array (
  'type' => 'module',
  'module' => 
  array (
    0 => '',
    1 => NULL,
    2 => NULL,
  ),
)
[ info ] [ HEADER ] array (
  'host' => 'www.xinchumenye.com',
  'connection' => 'close',
  'user-agent' => 'Mozilla/5.0 (compatible; Baiduspider/2.0; +http://www.baidu.com/search/spider.html)',
  'accept-language' => 'zh-cn,zh-tw',
  'if-none-match' => '"@NULL@"',
  'accept-encoding' => 'gzip',
  'accept' => '*/*',
)
[ info ] [ PARAM ] array (
)
[ info ] [ RUN ] app\index\controller\Index->index[ /webdata/application/index/controller/Index.php ]
[ info ] [ DB ] INIT mysql
[ info ] [ VIEW ] /webdata/application/index/view/index/index.html [ array (
  0 => 'lunbo',
  1 => 'tuijian1',
  2 => 'tuijian2',
  3 => 'tuijian3',
  4 => 'tuijian4',
  5 => 'xilie',
  6 => 'pinzhi1',
  7 => 'pinzhi2',
  8 => 'pinzhi3',
  9 => 'news',
  10 => 'link',
  11 => 'simxilie',
) ]
[ info ] [ LOG ] INIT File

---------------------------------------------------------------
[ 2018-01-22T20:17:47+08:00 ] 172.17.195.153 183.136.190.62 GET /
[ log ] xinchumenye.com/ [运行时间：0.044282s][吞吐率：22.58req/s] [内存消耗：2,779.25kb] [文件加载：50]
[ info ] [ LANG ] /webdata/thinkphp/lang/zh-cn.php
[ info ] [ ROUTE ] array (
  'type' => 'module',
  'module' => 
  array (
    0 => '',
    1 => NULL,
    2 => NULL,
  ),
)
[ info ] [ HEADER ] array (
  'host' => 'xinchumenye.com',
  'user-agent' => 'Mozilla/5.0 (Windows NT 6.1) AppleWebKit/537.36 (KHTML, like Gecko) Chrome/35.0.1916.153 Safari/537.36',
  'accept' => 'text/html,application/xhtml+xml,application/xml;q=0.9,image/webp,*/*;q=0.8',
  'accept-encoding' => '',
  'accept-language' => 'zh-CN,zh;q=0.8',
  'cache-control' => 'max-age=0',
  'connection' => 'close',
)
[ info ] [ PARAM ] array (
)
[ info ] [ RUN ] app\index\controller\Index->index[ /webdata/application/index/controller/Index.php ]
[ info ] [ DB ] INIT mysql
[ info ] [ VIEW ] /webdata/application/index/view/index/index.html [ array (
  0 => 'lunbo',
  1 => 'tuijian1',
  2 => 'tuijian2',
  3 => 'tuijian3',
  4 => 'tuijian4',
  5 => 'xilie',
  6 => 'pinzhi1',
  7 => 'pinzhi2',
  8 => 'pinzhi3',
  9 => 'news',
  10 => 'link',
  11 => 'simxilie',
) ]
[ info ] [ LOG ] INIT File

---------------------------------------------------------------
[ 2018-01-22T20:54:53+08:00 ] 172.17.195.153 171.13.14.4 CONNECT 133.130.126.119:43
[ log ] 133.130.126.119:43133.130.126.119:43 [运行时间：0.014583s][吞吐率：68.57req/s] [内存消耗：1,515.84kb] [文件加载：38]
[ info ] [ LANG ] /webdata/thinkphp/lang/zh-cn.php
[ info ] [ LOG ] INIT File

---------------------------------------------------------------
[ 2018-01-22T21:20:20+08:00 ] 172.17.195.153 140.205.225.191 GET /dfshealth.html
[ log ] 39.106.4.226:80/dfshealth.html [运行时间：0.013496s][吞吐率：74.10req/s] [内存消耗：1,508.91kb] [文件加载：37]
[ info ] [ LANG ] /webdata/thinkphp/lang/zh-cn.php
[ info ] [ ROUTE ] array (
  'type' => 'module',
  'module' => 
  array (
    0 => 'dfshealth',
    1 => NULL,
    2 => NULL,
  ),
)
[ info ] [ HEADER ] array (
  'referer' => 'http://39.106.4.226/',
  'user-agent' => 'Mozilla/4.0 (compatible; MSIE 6.0; Windows NT 5.1;Alibaba.Security.Heimdall.8380378)',
  'host' => '39.106.4.226:80',
  'accept' => '*/*',
  'connection' => 'keep-alive',
)
[ info ] [ PARAM ] array (
)
[ info ] [ LOG ] INIT File

---------------------------------------------------------------
[ 2018-01-22T21:22:08+08:00 ] 172.17.195.153 140.205.225.191 GET /wls-wsat/CoordinatorPortType
[ log ] 39.106.4.226:80/wls-wsat/CoordinatorPortType [运行时间：0.013721s][吞吐率：72.88req/s] [内存消耗：1,509.13kb] [文件加载：37]
[ info ] [ LANG ] /webdata/thinkphp/lang/zh-cn.php
[ info ] [ ROUTE ] array (
  'type' => 'module',
  'module' => 
  array (
    0 => 'wls-wsat',
    1 => 'CoordinatorPortType',
    2 => NULL,
  ),
)
[ info ] [ HEADER ] array (
  'accept-encoding' => 'identity',
  'host' => '39.106.4.226:80',
  'connection' => 'close',
  'user-agent' => 'Python-urllib/2.6',
)
[ info ] [ PARAM ] array (
)
[ info ] [ LOG ] INIT File

---------------------------------------------------------------
[ 2018-01-22T21:23:04+08:00 ] 172.17.195.153 140.205.225.191 GET /master-status
[ log ] 39.106.4.226:80/master-status [运行时间：0.014612s][吞吐率：68.44req/s] [内存消耗：1,509.02kb] [文件加载：37]
[ info ] [ LANG ] /webdata/thinkphp/lang/zh-cn.php
[ info ] [ ROUTE ] array (
  'type' => 'module',
  'module' => 
  array (
    0 => 'master-status',
    1 => NULL,
    2 => NULL,
  ),
)
[ info ] [ HEADER ] array (
  'referer' => 'http://39.106.4.226/',
  'user-agent' => 'Mozilla/4.0 (compatible; MSIE 6.0; Windows NT 5.1;Alibaba.Security.Heimdall.8380378)',
  'host' => '39.106.4.226:80',
  'accept' => '*/*',
  'connection' => 'keep-alive',
)
[ info ] [ PARAM ] array (
)
[ info ] [ LOG ] INIT File

---------------------------------------------------------------
[ 2018-01-22T21:23:24+08:00 ] 172.17.195.153 140.205.225.191 GET /
[ log ] 39.106.4.226/ [运行时间：0.029250s][吞吐率：34.19req/s] [内存消耗：2,778.64kb] [文件加载：50]
[ info ] [ LANG ] /webdata/thinkphp/lang/zh-cn.php
[ info ] [ ROUTE ] array (
  'type' => 'module',
  'module' => 
  array (
    0 => '',
    1 => NULL,
    2 => NULL,
  ),
)
[ info ] [ HEADER ] array (
  'user-agent' => 'Mozilla/4.0 (compatible; MSIE 6.0; Windows NT 5.1;Alibaba.Security.Heimdall.8380378.p)',
  'host' => '39.106.4.226',
  'referer' => 'http://39.106.4.226/',
  'accept' => '*/*',
  'connection' => 'keep-alive',
  'accept-encoding' => 'gzip,deflate',
)
[ info ] [ PARAM ] array (
)
[ info ] [ RUN ] app\index\controller\Index->index[ /webdata/application/index/controller/Index.php ]
[ info ] [ DB ] INIT mysql
[ info ] [ VIEW ] /webdata/application/index/view/index/index.html [ array (
  0 => 'lunbo',
  1 => 'tuijian1',
  2 => 'tuijian2',
  3 => 'tuijian3',
  4 => 'tuijian4',
  5 => 'xilie',
  6 => 'pinzhi1',
  7 => 'pinzhi2',
  8 => 'pinzhi3',
  9 => 'news',
  10 => 'link',
  11 => 'simxilie',
) ]
[ info ] [ LOG ] INIT File

---------------------------------------------------------------
[ 2018-01-22T21:23:59+08:00 ] 172.17.195.153 140.205.225.191 GET /rs-status
[ log ] 39.106.4.226:80/rs-status [运行时间：0.013502s][吞吐率：74.06req/s] [内存消耗：1,508.94kb] [文件加载：37]
[ info ] [ LANG ] /webdata/thinkphp/lang/zh-cn.php
[ info ] [ ROUTE ] array (
  'type' => 'module',
  'module' => 
  array (
    0 => 'rs-status',
    1 => NULL,
    2 => NULL,
  ),
)
[ info ] [ HEADER ] array (
  'referer' => 'http://39.106.4.226/',
  'user-agent' => 'Mozilla/4.0 (compatible; MSIE 6.0; Windows NT 5.1;Alibaba.Security.Heimdall.8380378)',
  'host' => '39.106.4.226:80',
  'accept' => '*/*',
  'connection' => 'keep-alive',
)
[ info ] [ PARAM ] array (
)
[ info ] [ LOG ] INIT File

---------------------------------------------------------------
[ 2018-01-22T21:24:48+08:00 ] 172.17.195.153 140.205.225.191 GET /ganglia/index.php
[ log ] 39.106.4.226:80/ganglia/index.php [运行时间：0.013691s][吞吐率：73.04req/s] [内存消耗：1,509.27kb] [文件加载：37]
[ info ] [ LANG ] /webdata/thinkphp/lang/zh-cn.php
[ info ] [ ROUTE ] array (
  'type' => 'module',
  'module' => 
  array (
    0 => 'ganglia',
    1 => 'index.php',
    2 => NULL,
  ),
)
[ info ] [ HEADER ] array (
  'referer' => 'http://39.106.4.226/',
  'user-agent' => 'Mozilla/4.0 (compatible; MSIE 6.0; Windows NT 5.1;Alibaba.Security.Heimdall.8380378)',
  'host' => '39.106.4.226:80',
  'accept' => '*/*',
  'connection' => 'keep-alive',
)
[ info ] [ PARAM ] array (
)
[ info ] [ LOG ] INIT File

---------------------------------------------------------------
[ 2018-01-22T21:25:25+08:00 ] 172.17.195.153 140.205.225.191 GET /index.php
[ log ] 39.106.4.226:80/index.php [运行时间：0.029284s][吞吐率：34.15req/s] [内存消耗：2,778.90kb] [文件加载：50]
[ info ] [ LANG ] /webdata/thinkphp/lang/zh-cn.php
[ info ] [ ROUTE ] array (
  'type' => 'module',
  'module' => 
  array (
    0 => '',
    1 => NULL,
    2 => NULL,
  ),
)
[ info ] [ HEADER ] array (
  'referer' => 'http://39.106.4.226/',
  'user-agent' => 'Mozilla/4.0 (compatible; MSIE 6.0; Windows NT 5.1;Alibaba.Security.Heimdall.8380378)',
  'host' => '39.106.4.226:80',
  'accept' => '*/*',
  'connection' => 'keep-alive',
)
[ info ] [ PARAM ] array (
)
[ info ] [ RUN ] app\index\controller\Index->index[ /webdata/application/index/controller/Index.php ]
[ info ] [ DB ] INIT mysql
[ info ] [ VIEW ] /webdata/application/index/view/index/index.html [ array (
  0 => 'lunbo',
  1 => 'tuijian1',
  2 => 'tuijian2',
  3 => 'tuijian3',
  4 => 'tuijian4',
  5 => 'xilie',
  6 => 'pinzhi1',
  7 => 'pinzhi2',
  8 => 'pinzhi3',
  9 => 'news',
  10 => 'link',
  11 => 'simxilie',
) ]
[ info ] [ LOG ] INIT File

---------------------------------------------------------------
[ 2018-01-22T21:25:54+08:00 ] 172.17.195.153 140.205.225.191 GET /jobs/
[ log ] 39.106.4.226:80/jobs/ [运行时间：0.013534s][吞吐率：73.89req/s] [内存消耗：1,508.91kb] [文件加载：37]
[ info ] [ LANG ] /webdata/thinkphp/lang/zh-cn.php
[ info ] [ ROUTE ] array (
  'type' => 'module',
  'module' => 
  array (
    0 => 'jobs',
    1 => NULL,
    2 => NULL,
  ),
)
[ info ] [ HEADER ] array (
  'referer' => 'http://39.106.4.226/',
  'user-agent' => 'Mozilla/4.0 (compatible; MSIE 6.0; Windows NT 5.1;Alibaba.Security.Heimdall.8380378)',
  'host' => '39.106.4.226:80',
  'accept' => '*/*',
  'connection' => 'keep-alive',
)
[ info ] [ PARAM ] array (
)
[ info ] [ LOG ] INIT File

---------------------------------------------------------------
[ 2018-01-22T21:28:05+08:00 ] 172.17.195.153 140.205.225.191 GET /
[ log ] 39.106.4.226:80/ [运行时间：0.041555s][吞吐率：24.06req/s] [内存消耗：2,778.94kb] [文件加载：50]
[ info ] [ LANG ] /webdata/thinkphp/lang/zh-cn.php
[ info ] [ ROUTE ] array (
  'type' => 'module',
  'module' => 
  array (
    0 => '',
    1 => NULL,
    2 => NULL,
  ),
)
[ info ] [ HEADER ] array (
  'referer' => 'http://39.106.4.226/',
  'user-agent' => 'Mozilla/4.0 (compatible; MSIE 6.0; Windows NT 5.1;Alibaba.Security.Heimdall.8380378)',
  'host' => '39.106.4.226:80',
  'accept' => '*/*',
  'connection' => 'keep-alive',
)
[ info ] [ PARAM ] array (
)
[ info ] [ RUN ] app\index\controller\Index->index[ /webdata/application/index/controller/Index.php ]
[ info ] [ DB ] INIT mysql
[ info ] [ VIEW ] /webdata/application/index/view/index/index.html [ array (
  0 => 'lunbo',
  1 => 'tuijian1',
  2 => 'tuijian2',
  3 => 'tuijian3',
  4 => 'tuijian4',
  5 => 'xilie',
  6 => 'pinzhi1',
  7 => 'pinzhi2',
  8 => 'pinzhi3',
  9 => 'news',
  10 => 'link',
  11 => 'simxilie',
) ]
[ info ] [ LOG ] INIT File

---------------------------------------------------------------
[ 2018-01-22T21:28:42+08:00 ] 172.17.195.153 140.205.225.191 POST /ixbjynrdzscf
[ log ] 39.106.4.226:80/ixbjynrdzscf [运行时间：0.013692s][吞吐率：73.03req/s] [内存消耗：1,508.46kb] [文件加载：37]
[ info ] [ LANG ] /webdata/thinkphp/lang/zh-cn.php
[ info ] [ ROUTE ] array (
  'type' => 'module',
  'module' => 
  array (
    0 => 'ixbjynrdzscf',
    1 => NULL,
    2 => NULL,
  ),
)
[ info ] [ HEADER ] array (
  'accept-encoding' => 'identity',
  'host' => '39.106.4.226:80',
  'connection' => 'close',
  'user-agent' => 'Mozilla/4.0 (compatible; MSIE 6.0; Windows NT 5.1;Alibaba.Security.Heimdall.8380378.elasticsearch_unauthorized)',
  'content-type' => 'application/x-www-form-urlencoded',
  'content-length' => '22',
)
[ info ] [ PARAM ] array (
  '{"aliyun":_"vulntest"}' => '',
)
[ info ] [ LOG ] INIT File

---------------------------------------------------------------
[ 2018-01-22T21:28:42+08:00 ] 172.17.195.153 140.205.225.191 GET /ixbjynrdzscf
[ log ] 39.106.4.226:80/ixbjynrdzscf [运行时间：0.013588s][吞吐率：73.59req/s] [内存消耗：1,509.03kb] [文件加载：37]
[ info ] [ LANG ] /webdata/thinkphp/lang/zh-cn.php
[ info ] [ ROUTE ] array (
  'type' => 'module',
  'module' => 
  array (
    0 => 'ixbjynrdzscf',
    1 => NULL,
    2 => NULL,
  ),
)
[ info ] [ HEADER ] array (
  'accept-encoding' => 'identity',
  'host' => '39.106.4.226:80',
  'connection' => 'close',
  'user-agent' => 'Mozilla/4.0 (compatible; MSIE 6.0; Windows NT 5.1;Alibaba.Security.Heimdall.8380378.elasticsearch_unauthorized)',
)
[ info ] [ PARAM ] array (
)
[ info ] [ LOG ] INIT File

---------------------------------------------------------------
[ 2018-01-22T21:28:42+08:00 ] 172.17.195.153 140.205.225.191 DELETE /ixbjynrdzscf
[ log ] 39.106.4.226:80/ixbjynrdzscf [运行时间：0.013438s][吞吐率：74.42req/s] [内存消耗：1,508.70kb] [文件加载：37]
[ info ] [ LANG ] /webdata/thinkphp/lang/zh-cn.php
[ info ] [ ROUTE ] array (
  'type' => 'module',
  'module' => 
  array (
    0 => 'ixbjynrdzscf',
    1 => NULL,
    2 => NULL,
  ),
)
[ info ] [ HEADER ] array (
  'accept-encoding' => 'identity',
  'host' => '39.106.4.226:80',
  'connection' => 'close',
  'user-agent' => 'Mozilla/4.0 (compatible; MSIE 6.0; Windows NT 5.1;Alibaba.Security.Heimdall.8380378.elasticsearch_unauthorized)',
)
[ info ] [ PARAM ] array (
)
[ info ] [ LOG ] INIT File

---------------------------------------------------------------
[ 2018-01-22T21:29:01+08:00 ] 172.17.195.153 140.205.225.191 GET /
[ log ] 39.106.4.226:80/ [运行时间：0.029220s][吞吐率：34.22req/s] [内存消耗：2,778.94kb] [文件加载：50]
[ info ] [ LANG ] /webdata/thinkphp/lang/zh-cn.php
[ info ] [ ROUTE ] array (
  'type' => 'module',
  'module' => 
  array (
    0 => '',
    1 => NULL,
    2 => NULL,
  ),
)
[ info ] [ HEADER ] array (
  'referer' => 'http://39.106.4.226/',
  'user-agent' => 'Mozilla/4.0 (compatible; MSIE 6.0; Windows NT 5.1;Alibaba.Security.Heimdall.8380378)',
  'host' => '39.106.4.226:80',
  'accept' => '*/*',
  'connection' => 'keep-alive',
)
[ info ] [ PARAM ] array (
)
[ info ] [ RUN ] app\index\controller\Index->index[ /webdata/application/index/controller/Index.php ]
[ info ] [ DB ] INIT mysql
[ info ] [ VIEW ] /webdata/application/index/view/index/index.html [ array (
  0 => 'lunbo',
  1 => 'tuijian1',
  2 => 'tuijian2',
  3 => 'tuijian3',
  4 => 'tuijian4',
  5 => 'xilie',
  6 => 'pinzhi1',
  7 => 'pinzhi2',
  8 => 'pinzhi3',
  9 => 'news',
  10 => 'link',
  11 => 'simxilie',
) ]
[ info ] [ LOG ] INIT File

---------------------------------------------------------------
[ 2018-01-22T21:29:24+08:00 ] 172.17.195.153 140.205.225.191 GET /
[ log ] 39.106.4.226:80/ [运行时间：0.028962s][吞吐率：34.53req/s] [内存消耗：2,778.94kb] [文件加载：50]
[ info ] [ LANG ] /webdata/thinkphp/lang/zh-cn.php
[ info ] [ ROUTE ] array (
  'type' => 'module',
  'module' => 
  array (
    0 => '',
    1 => NULL,
    2 => NULL,
  ),
)
[ info ] [ HEADER ] array (
  'referer' => 'http://39.106.4.226/',
  'user-agent' => 'Mozilla/4.0 (compatible; MSIE 6.0; Windows NT 5.1;Alibaba.Security.Heimdall.8380378)',
  'host' => '39.106.4.226:80',
  'accept' => '*/*',
  'connection' => 'keep-alive',
)
[ info ] [ PARAM ] array (
)
[ info ] [ RUN ] app\index\controller\Index->index[ /webdata/application/index/controller/Index.php ]
[ info ] [ DB ] INIT mysql
[ info ] [ VIEW ] /webdata/application/index/view/index/index.html [ array (
  0 => 'lunbo',
  1 => 'tuijian1',
  2 => 'tuijian2',
  3 => 'tuijian3',
  4 => 'tuijian4',
  5 => 'xilie',
  6 => 'pinzhi1',
  7 => 'pinzhi2',
  8 => 'pinzhi3',
  9 => 'news',
  10 => 'link',
  11 => 'simxilie',
) ]
[ info ] [ LOG ] INIT File

---------------------------------------------------------------
[ 2018-01-22T21:29:57+08:00 ] 172.17.195.153 140.205.225.191 GET /hwi/
[ log ] 39.106.4.226:80/hwi/ [运行时间：0.013282s][吞吐率：75.29req/s] [内存消耗：1,508.93kb] [文件加载：37]
[ info ] [ LANG ] /webdata/thinkphp/lang/zh-cn.php
[ info ] [ ROUTE ] array (
  'type' => 'module',
  'module' => 
  array (
    0 => 'hwi',
    1 => NULL,
    2 => NULL,
  ),
)
[ info ] [ HEADER ] array (
  'referer' => 'http://39.106.4.226/',
  'user-agent' => 'Mozilla/4.0 (compatible; MSIE 6.0; Windows NT 5.1;Alibaba.Security.Heimdall.8380378)',
  'host' => '39.106.4.226:80',
  'accept' => '*/*',
  'connection' => 'keep-alive',
)
[ info ] [ PARAM ] array (
)
[ info ] [ LOG ] INIT File

---------------------------------------------------------------
[ 2018-01-22T21:30:59+08:00 ] 172.17.195.153 140.205.225.191 GET /http://39.106.4.226:8080
[ log ] 39.106.4.226:80/http://39.106.4.226:8080 [运行时间：0.013993s][吞吐率：71.47req/s] [内存消耗：1,508.97kb] [文件加载：37]
[ info ] [ LANG ] /webdata/thinkphp/lang/zh-cn.php
[ info ] [ ROUTE ] array (
  'type' => 'module',
  'module' => 
  array (
    0 => 'http:',
    1 => '39.106.4.226:8080',
    2 => NULL,
  ),
)
[ info ] [ HEADER ] array (
  'referer' => 'http://39.106.4.226/',
  'user-agent' => 'Mozilla/4.0 (compatible; MSIE 6.0; Windows NT 5.1;Alibaba.Security.Heimdall.8380378)',
  'host' => '39.106.4.226:80',
  'accept' => '*/*',
  'connection' => 'keep-alive',
)
[ info ] [ PARAM ] array (
)
[ info ] [ LOG ] INIT File

---------------------------------------------------------------
[ 2018-01-22T21:31:51+08:00 ] 172.17.195.153 140.205.225.191 GET /http://39.106.4.226:8081
[ log ] 39.106.4.226:80/http://39.106.4.226:8081 [运行时间：0.014333s][吞吐率：69.77req/s] [内存消耗：1,508.97kb] [文件加载：37]
[ info ] [ LANG ] /webdata/thinkphp/lang/zh-cn.php
[ info ] [ ROUTE ] array (
  'type' => 'module',
  'module' => 
  array (
    0 => 'http:',
    1 => '39.106.4.226:8081',
    2 => NULL,
  ),
)
[ info ] [ HEADER ] array (
  'referer' => 'http://39.106.4.226/',
  'user-agent' => 'Mozilla/4.0 (compatible; MSIE 6.0; Windows NT 5.1;Alibaba.Security.Heimdall.8380378)',
  'host' => '39.106.4.226:80',
  'accept' => '*/*',
  'connection' => 'keep-alive',
)
[ info ] [ PARAM ] array (
)
[ info ] [ LOG ] INIT File

---------------------------------------------------------------
[ 2018-01-22T21:32:20+08:00 ] 172.17.195.153 140.205.225.191 GET /http://39.106.4.226:8090
[ log ] 39.106.4.226:80/http://39.106.4.226:8090 [运行时间：0.019339s][吞吐率：51.71req/s] [内存消耗：1,508.97kb] [文件加载：37]
[ info ] [ LANG ] /webdata/thinkphp/lang/zh-cn.php
[ info ] [ ROUTE ] array (
  'type' => 'module',
  'module' => 
  array (
    0 => 'http:',
    1 => '39.106.4.226:8090',
    2 => NULL,
  ),
)
[ info ] [ HEADER ] array (
  'referer' => 'http://39.106.4.226/',
  'user-agent' => 'Mozilla/4.0 (compatible; MSIE 6.0; Windows NT 5.1;Alibaba.Security.Heimdall.8380378)',
  'host' => '39.106.4.226:80',
  'accept' => '*/*',
  'connection' => 'keep-alive',
)
[ info ] [ PARAM ] array (
)
[ info ] [ LOG ] INIT File

---------------------------------------------------------------
[ 2018-01-22T21:34:44+08:00 ] 172.17.195.153 140.205.225.191 GET /
[ log ] 39.106.4.226:80/ [运行时间：0.028931s][吞吐率：34.57req/s] [内存消耗：2,778.94kb] [文件加载：50]
[ info ] [ LANG ] /webdata/thinkphp/lang/zh-cn.php
[ info ] [ ROUTE ] array (
  'type' => 'module',
  'module' => 
  array (
    0 => '',
    1 => NULL,
    2 => NULL,
  ),
)
[ info ] [ HEADER ] array (
  'referer' => 'http://39.106.4.226/',
  'user-agent' => 'Mozilla/4.0 (compatible; MSIE 6.0; Windows NT 5.1;Alibaba.Security.Heimdall.8380378)',
  'host' => '39.106.4.226:80',
  'accept' => '*/*',
  'connection' => 'keep-alive',
)
[ info ] [ PARAM ] array (
)
[ info ] [ RUN ] app\index\controller\Index->index[ /webdata/application/index/controller/Index.php ]
[ info ] [ DB ] INIT mysql
[ info ] [ VIEW ] /webdata/application/index/view/index/index.html [ array (
  0 => 'lunbo',
  1 => 'tuijian1',
  2 => 'tuijian2',
  3 => 'tuijian3',
  4 => 'tuijian4',
  5 => 'xilie',
  6 => 'pinzhi1',
  7 => 'pinzhi2',
  8 => 'pinzhi3',
  9 => 'news',
  10 => 'link',
  11 => 'simxilie',
) ]
[ info ] [ LOG ] INIT File

---------------------------------------------------------------
[ 2018-01-22T21:35:36+08:00 ] 172.17.195.153 140.205.225.191 GET /clusters.jsf
[ log ] 39.106.4.226:80/clusters.jsf [运行时间：0.013648s][吞吐率：73.27req/s] [内存消耗：1,509.00kb] [文件加载：37]
[ info ] [ LANG ] /webdata/thinkphp/lang/zh-cn.php
[ info ] [ ROUTE ] array (
  'type' => 'module',
  'module' => 
  array (
    0 => 'clusters.jsf',
    1 => NULL,
    2 => NULL,
  ),
)
[ info ] [ HEADER ] array (
  'referer' => 'http://39.106.4.226/',
  'user-agent' => 'Mozilla/4.0 (compatible; MSIE 6.0; Windows NT 5.1;Alibaba.Security.Heimdall.8380378)',
  'host' => '39.106.4.226:80',
  'accept' => '*/*',
  'connection' => 'keep-alive',
)
[ info ] [ PARAM ] array (
)
[ info ] [ LOG ] INIT File

---------------------------------------------------------------
[ 2018-01-22T21:37:46+08:00 ] 172.17.195.153 140.205.225.191 GET /
[ log ] 39.106.4.226:80/ [运行时间：0.031683s][吞吐率：31.56req/s] [内存消耗：2,778.94kb] [文件加载：50]
[ info ] [ LANG ] /webdata/thinkphp/lang/zh-cn.php
[ info ] [ ROUTE ] array (
  'type' => 'module',
  'module' => 
  array (
    0 => '',
    1 => NULL,
    2 => NULL,
  ),
)
[ info ] [ HEADER ] array (
  'referer' => 'http://39.106.4.226/',
  'user-agent' => 'Mozilla/4.0 (compatible; MSIE 6.0; Windows NT 5.1;Alibaba.Security.Heimdall.8380378)',
  'host' => '39.106.4.226:80',
  'accept' => '*/*',
  'connection' => 'keep-alive',
)
[ info ] [ PARAM ] array (
)
[ info ] [ RUN ] app\index\controller\Index->index[ /webdata/application/index/controller/Index.php ]
[ info ] [ DB ] INIT mysql
[ info ] [ VIEW ] /webdata/application/index/view/index/index.html [ array (
  0 => 'lunbo',
  1 => 'tuijian1',
  2 => 'tuijian2',
  3 => 'tuijian3',
  4 => 'tuijian4',
  5 => 'xilie',
  6 => 'pinzhi1',
  7 => 'pinzhi2',
  8 => 'pinzhi3',
  9 => 'news',
  10 => 'link',
  11 => 'simxilie',
) ]
[ info ] [ LOG ] INIT File

---------------------------------------------------------------
[ 2018-01-22T21:38:33+08:00 ] 172.17.195.153 140.205.225.191 GET /jenkins/
[ log ] 39.106.4.226:80/jenkins/ [运行时间：0.013564s][吞吐率：73.73req/s] [内存消耗：1,508.97kb] [文件加载：37]
[ info ] [ LANG ] /webdata/thinkphp/lang/zh-cn.php
[ info ] [ ROUTE ] array (
  'type' => 'module',
  'module' => 
  array (
    0 => 'jenkins',
    1 => NULL,
    2 => NULL,
  ),
)
[ info ] [ HEADER ] array (
  'referer' => 'http://39.106.4.226/',
  'user-agent' => 'Mozilla/4.0 (compatible; MSIE 6.0; Windows NT 5.1;Alibaba.Security.Heimdall.8380378)',
  'host' => '39.106.4.226:80',
  'accept' => '*/*',
  'connection' => 'keep-alive',
)
[ info ] [ PARAM ] array (
)
[ info ] [ LOG ] INIT File

---------------------------------------------------------------
[ 2018-01-22T21:41:20+08:00 ] 172.17.195.153 140.205.225.191 GET /zabbix/
[ log ] 39.106.4.226:80/zabbix/ [运行时间：0.014013s][吞吐率：71.36req/s] [内存消耗：1,508.93kb] [文件加载：37]
[ info ] [ LANG ] /webdata/thinkphp/lang/zh-cn.php
[ info ] [ ROUTE ] array (
  'type' => 'module',
  'module' => 
  array (
    0 => 'zabbix',
    1 => NULL,
    2 => NULL,
  ),
)
[ info ] [ HEADER ] array (
  'referer' => 'http://39.106.4.226/',
  'user-agent' => 'Mozilla/4.0 (compatible; MSIE 6.0; Windows NT 5.1;Alibaba.Security.Heimdall.8380378)',
  'host' => '39.106.4.226:80',
  'accept' => '*/*',
  'connection' => 'keep-alive',
)
[ info ] [ PARAM ] array (
)
[ info ] [ LOG ] INIT File

---------------------------------------------------------------
[ 2018-01-22T21:42:12+08:00 ] 172.17.195.153 140.205.225.191 GET /
[ log ] 39.106.4.226:80/ [运行时间：0.028669s][吞吐率：34.88req/s] [内存消耗：2,778.94kb] [文件加载：50]
[ info ] [ LANG ] /webdata/thinkphp/lang/zh-cn.php
[ info ] [ ROUTE ] array (
  'type' => 'module',
  'module' => 
  array (
    0 => '',
    1 => NULL,
    2 => NULL,
  ),
)
[ info ] [ HEADER ] array (
  'referer' => 'http://39.106.4.226/',
  'user-agent' => 'Mozilla/4.0 (compatible; MSIE 6.0; Windows NT 5.1;Alibaba.Security.Heimdall.8380378)',
  'host' => '39.106.4.226:80',
  'accept' => '*/*',
  'connection' => 'keep-alive',
)
[ info ] [ PARAM ] array (
)
[ info ] [ RUN ] app\index\controller\Index->index[ /webdata/application/index/controller/Index.php ]
[ info ] [ DB ] INIT mysql
[ info ] [ VIEW ] /webdata/application/index/view/index/index.html [ array (
  0 => 'lunbo',
  1 => 'tuijian1',
  2 => 'tuijian2',
  3 => 'tuijian3',
  4 => 'tuijian4',
  5 => 'xilie',
  6 => 'pinzhi1',
  7 => 'pinzhi2',
  8 => 'pinzhi3',
  9 => 'news',
  10 => 'link',
  11 => 'simxilie',
) ]
[ info ] [ LOG ] INIT File

---------------------------------------------------------------
[ 2018-01-22T21:42:49+08:00 ] 172.17.195.153 140.205.225.191 GET /solr/
[ log ] 39.106.4.226:80/solr/ [运行时间：0.013585s][吞吐率：73.61req/s] [内存消耗：1,508.91kb] [文件加载：37]
[ info ] [ LANG ] /webdata/thinkphp/lang/zh-cn.php
[ info ] [ ROUTE ] array (
  'type' => 'module',
  'module' => 
  array (
    0 => 'solr',
    1 => NULL,
    2 => NULL,
  ),
)
[ info ] [ HEADER ] array (
  'referer' => 'http://39.106.4.226/',
  'user-agent' => 'Mozilla/4.0 (compatible; MSIE 6.0; Windows NT 5.1;Alibaba.Security.Heimdall.8380378)',
  'host' => '39.106.4.226:80',
  'accept' => '*/*',
  'connection' => 'keep-alive',
)
[ info ] [ PARAM ] array (
)
[ info ] [ LOG ] INIT File

---------------------------------------------------------------
[ 2018-01-22T21:43:14+08:00 ] 172.17.195.153 140.205.225.191 GET /
[ log ] 39.106.4.226:80/ [运行时间：0.029192s][吞吐率：34.26req/s] [内存消耗：2,778.94kb] [文件加载：50]
[ info ] [ LANG ] /webdata/thinkphp/lang/zh-cn.php
[ info ] [ ROUTE ] array (
  'type' => 'module',
  'module' => 
  array (
    0 => '',
    1 => NULL,
    2 => NULL,
  ),
)
[ info ] [ HEADER ] array (
  'referer' => 'http://39.106.4.226/',
  'user-agent' => 'Mozilla/4.0 (compatible; MSIE 6.0; Windows NT 5.1;Alibaba.Security.Heimdall.8380378)',
  'host' => '39.106.4.226:80',
  'accept' => '*/*',
  'connection' => 'keep-alive',
)
[ info ] [ PARAM ] array (
)
[ info ] [ RUN ] app\index\controller\Index->index[ /webdata/application/index/controller/Index.php ]
[ info ] [ DB ] INIT mysql
[ info ] [ VIEW ] /webdata/application/index/view/index/index.html [ array (
  0 => 'lunbo',
  1 => 'tuijian1',
  2 => 'tuijian2',
  3 => 'tuijian3',
  4 => 'tuijian4',
  5 => 'xilie',
  6 => 'pinzhi1',
  7 => 'pinzhi2',
  8 => 'pinzhi3',
  9 => 'news',
  10 => 'link',
  11 => 'simxilie',
) ]
[ info ] [ LOG ] INIT File

---------------------------------------------------------------
[ 2018-01-22T21:43:57+08:00 ] 172.17.195.153 140.205.225.191 GET /info
[ log ] 39.106.4.226:80/info [运行时间：0.025870s][吞吐率：38.65req/s] [内存消耗：1,508.93kb] [文件加载：37]
[ info ] [ LANG ] /webdata/thinkphp/lang/zh-cn.php
[ info ] [ ROUTE ] array (
  'type' => 'module',
  'module' => 
  array (
    0 => 'info',
    1 => NULL,
    2 => NULL,
  ),
)
[ info ] [ HEADER ] array (
  'referer' => 'http://39.106.4.226/',
  'user-agent' => 'Mozilla/4.0 (compatible; MSIE 6.0; Windows NT 5.1;Alibaba.Security.Heimdall.8380378)',
  'host' => '39.106.4.226:80',
  'accept' => '*/*',
  'connection' => 'keep-alive',
)
[ info ] [ PARAM ] array (
)
[ info ] [ LOG ] INIT File

---------------------------------------------------------------
[ 2018-01-22T21:45:29+08:00 ] 172.17.195.153 140.205.225.191 GET /about/
[ log ] 39.106.4.226:80/about/ [运行时间：0.013619s][吞吐率：73.43req/s] [内存消耗：1,508.89kb] [文件加载：37]
[ info ] [ LANG ] /webdata/thinkphp/lang/zh-cn.php
[ info ] [ ROUTE ] array (
  'type' => 'module',
  'module' => 
  array (
    0 => 'about',
    1 => NULL,
    2 => NULL,
  ),
)
[ info ] [ HEADER ] array (
  'referer' => 'http://39.106.4.226/',
  'user-agent' => 'Mozilla/4.0 (compatible; MSIE 6.0; Windows NT 5.1;Alibaba.Security.Heimdall.8380378)',
  'host' => '39.106.4.226:80',
  'accept' => '*/*',
  'connection' => 'keep-alive',
)
[ info ] [ PARAM ] array (
)
[ info ] [ LOG ] INIT File

---------------------------------------------------------------
[ 2018-01-22T21:45:57+08:00 ] 172.17.195.153 140.205.225.191 GET /warning
[ log ] 39.106.4.226:80/warning [运行时间：0.013436s][吞吐率：74.43req/s] [内存消耗：1,508.93kb] [文件加载：37]
[ info ] [ LANG ] /webdata/thinkphp/lang/zh-cn.php
[ info ] [ ROUTE ] array (
  'type' => 'module',
  'module' => 
  array (
    0 => 'warning',
    1 => NULL,
    2 => NULL,
  ),
)
[ info ] [ HEADER ] array (
  'referer' => 'http://39.106.4.226/',
  'user-agent' => 'Mozilla/4.0 (compatible; MSIE 6.0; Windows NT 5.1;Alibaba.Security.Heimdall.8380378)',
  'host' => '39.106.4.226:80',
  'accept' => '*/*',
  'connection' => 'keep-alive',
)
[ info ] [ PARAM ] array (
)
[ info ] [ LOG ] INIT File

---------------------------------------------------------------
[ 2018-01-22T21:46:15+08:00 ] 172.17.195.153 140.205.225.191 GET /pleasereadthis
[ log ] 39.106.4.226:80/pleasereadthis [运行时间：0.013437s][吞吐率：74.42req/s] [内存消耗：1,509.01kb] [文件加载：37]
[ info ] [ LANG ] /webdata/thinkphp/lang/zh-cn.php
[ info ] [ ROUTE ] array (
  'type' => 'module',
  'module' => 
  array (
    0 => 'pleasereadthis',
    1 => NULL,
    2 => NULL,
  ),
)
[ info ] [ HEADER ] array (
  'referer' => 'http://39.106.4.226/',
  'user-agent' => 'Mozilla/4.0 (compatible; MSIE 6.0; Windows NT 5.1;Alibaba.Security.Heimdall.8380378)',
  'host' => '39.106.4.226:80',
  'accept' => '*/*',
  'connection' => 'keep-alive',
)
[ info ] [ PARAM ] array (
)
[ info ] [ LOG ] INIT File

---------------------------------------------------------------
[ 2018-01-22T21:47:29+08:00 ] 172.17.195.153 140.205.225.191 GET /please_read/_search
[ log ] 39.106.4.226:80/please_read/_search [运行时间：0.013374s][吞吐率：74.77req/s] [内存消耗：1,509.33kb] [文件加载：37]
[ info ] [ LANG ] /webdata/thinkphp/lang/zh-cn.php
[ info ] [ ROUTE ] array (
  'type' => 'module',
  'module' => 
  array (
    0 => 'please_read',
    1 => '_search',
    2 => NULL,
  ),
)
[ info ] [ HEADER ] array (
  'referer' => 'http://39.106.4.226/',
  'user-agent' => 'Mozilla/4.0 (compatible; MSIE 6.0; Windows NT 5.1;Alibaba.Security.Heimdall.8380378)',
  'host' => '39.106.4.226:80',
  'accept' => '*/*',
  'connection' => 'keep-alive',
)
[ info ] [ PARAM ] array (
)
[ info ] [ LOG ] INIT File

---------------------------------------------------------------
[ 2018-01-22T21:48:07+08:00 ] 172.17.195.153 140.205.225.191 GET /dfshealth.jsp
[ log ] 39.106.4.226:80/dfshealth.jsp [运行时间：0.013399s][吞吐率：74.63req/s] [内存消耗：1,509.02kb] [文件加载：37]
[ info ] [ LANG ] /webdata/thinkphp/lang/zh-cn.php
[ info ] [ ROUTE ] array (
  'type' => 'module',
  'module' => 
  array (
    0 => 'dfshealth.jsp',
    1 => NULL,
    2 => NULL,
  ),
)
[ info ] [ HEADER ] array (
  'referer' => 'http://39.106.4.226/',
  'user-agent' => 'Mozilla/4.0 (compatible; MSIE 6.0; Windows NT 5.1;Alibaba.Security.Heimdall.8380378)',
  'host' => '39.106.4.226:80',
  'accept' => '*/*',
  'connection' => 'keep-alive',
)
[ info ] [ PARAM ] array (
)
[ info ] [ LOG ] INIT File

---------------------------------------------------------------
[ 2018-01-22T21:48:16+08:00 ] 172.17.195.153 140.205.225.191 GET /hadoop/dfshealth.jsp
[ log ] 39.106.4.226:80/hadoop/dfshealth.jsp [运行时间：0.013396s][吞吐率：74.65req/s] [内存消耗：1,509.22kb] [文件加载：37]
[ info ] [ LANG ] /webdata/thinkphp/lang/zh-cn.php
[ info ] [ ROUTE ] array (
  'type' => 'module',
  'module' => 
  array (
    0 => 'hadoop',
    1 => 'dfshealth.jsp',
    2 => NULL,
  ),
)
[ info ] [ HEADER ] array (
  'referer' => 'http://39.106.4.226/',
  'user-agent' => 'Mozilla/4.0 (compatible; MSIE 6.0; Windows NT 5.1;Alibaba.Security.Heimdall.8380378)',
  'host' => '39.106.4.226:80',
  'accept' => '*/*',
  'connection' => 'keep-alive',
)
[ info ] [ PARAM ] array (
)
[ info ] [ LOG ] INIT File

---------------------------------------------------------------
[ 2018-01-22T22:18:48+08:00 ] 172.17.195.153 210.14.78.91 GET /
[ log ] 39.106.4.226/ [运行时间：0.029036s][吞吐率：34.44req/s] [内存消耗：2,778.39kb] [文件加载：50]
[ info ] [ LANG ] /webdata/thinkphp/lang/zh-cn.php
[ info ] [ ROUTE ] array (
  'type' => 'module',
  'module' => 
  array (
    0 => '',
    1 => NULL,
    2 => NULL,
  ),
)
[ info ] [ HEADER ] array (
  'host' => '39.106.4.226',
  'user-agent' => 'Mozilla/5.0 zgrab/0.x',
  'accept-encoding' => 'gzip',
)
[ info ] [ PARAM ] array (
)
[ info ] [ RUN ] app\index\controller\Index->index[ /webdata/application/index/controller/Index.php ]
[ info ] [ DB ] INIT mysql
[ info ] [ VIEW ] /webdata/application/index/view/index/index.html [ array (
  0 => 'lunbo',
  1 => 'tuijian1',
  2 => 'tuijian2',
  3 => 'tuijian3',
  4 => 'tuijian4',
  5 => 'xilie',
  6 => 'pinzhi1',
  7 => 'pinzhi2',
  8 => 'pinzhi3',
  9 => 'news',
  10 => 'link',
  11 => 'simxilie',
) ]
[ info ] [ LOG ] INIT File

---------------------------------------------------------------
