[ 2018-01-24T00:08:24+08:00 ] 172.17.195.153 103.45.105.182 GET /
[ sql ] [ DB ] CONNECT:[ UseTime:0.000214s ] mysql:dbname=xinchu;host=localhost;port=3306;charset=utf8
[ sql ] [ SQL ] SHOW COLUMNS FROM `men_ads` [ RunTime:0.000622s ]
[ sql ] [ SQL ] SELECT * FROM `men_ads` [ RunTime:0.000182s ]
[ sql ] [ SQL ] SHOW COLUMNS FROM `men_series` [ RunTime:0.000395s ]
[ sql ] [ SQL ] SELECT * FROM `men_series` [ RunTime:0.000123s ]
[ sql ] [ SQL ] SHOW COLUMNS FROM `men_news` [ RunTime:0.000432s ]
[ sql ] [ SQL ] SELECT * FROM `men_news` [ RunTime:0.000120s ]
[ sql ] [ SQL ] SELECT * FROM `men_series` LIMIT 1 [ RunTime:0.000098s ]
[ sql ] [ SQL ] SHOW COLUMNS FROM `men_product` [ RunTime:0.000442s ]
[ sql ] [ SQL ] SELECT * FROM `men_product` WHERE  `recommend` = 1  AND `category` = '反凹凸系列' ORDER BY id desc LIMIT 4 [ RunTime:0.000210s ]
[ sql ] [ SQL ] SHOW COLUMNS FROM `men_quality` [ RunTime:0.000435s ]
[ sql ] [ SQL ] SELECT * FROM `men_quality` ORDER BY id desc [ RunTime:0.000122s ]
[ sql ] [ SQL ] SELECT * FROM `men_quality` WHERE  `id` = 9 LIMIT 1 [ RunTime:0.000129s ]
[ sql ] [ SQL ] SELECT * FROM `men_quality` WHERE  `id` = 8 LIMIT 1 [ RunTime:0.000134s ]
[ sql ] [ SQL ] SELECT * FROM `men_quality` WHERE  `id` = 7 LIMIT 1 [ RunTime:0.000147s ]
[ sql ] [ SQL ] SELECT * FROM `men_news` ORDER BY id desc LIMIT 8 [ RunTime:0.000111s ]
[ sql ] [ SQL ] SHOW COLUMNS FROM `men_link` [ RunTime:0.000383s ]
[ sql ] [ SQL ] SELECT * FROM `men_link` [ RunTime:0.000145s ]

---------------------------------------------------------------
[ 2018-01-24T00:31:45+08:00 ] 172.17.195.153 59.110.6.177 GET /
[ sql ] [ DB ] CONNECT:[ UseTime:0.000250s ] mysql:dbname=xinchu;host=localhost;port=3306;charset=utf8
[ sql ] [ SQL ] SHOW COLUMNS FROM `men_ads` [ RunTime:0.000658s ]
[ sql ] [ SQL ] SELECT * FROM `men_ads` [ RunTime:0.000168s ]
[ sql ] [ SQL ] SHOW COLUMNS FROM `men_series` [ RunTime:0.000411s ]
[ sql ] [ SQL ] SELECT * FROM `men_series` [ RunTime:0.000167s ]
[ sql ] [ SQL ] SHOW COLUMNS FROM `men_news` [ RunTime:0.000401s ]
[ sql ] [ SQL ] SELECT * FROM `men_news` [ RunTime:0.000124s ]
[ sql ] [ SQL ] SELECT * FROM `men_series` LIMIT 1 [ RunTime:0.000132s ]
[ sql ] [ SQL ] SHOW COLUMNS FROM `men_product` [ RunTime:0.000395s ]
[ sql ] [ SQL ] SELECT * FROM `men_product` WHERE  `recommend` = 1  AND `category` = '反凹凸系列' ORDER BY id desc LIMIT 4 [ RunTime:0.000231s ]
[ sql ] [ SQL ] SHOW COLUMNS FROM `men_quality` [ RunTime:0.000390s ]
[ sql ] [ SQL ] SELECT * FROM `men_quality` ORDER BY id desc [ RunTime:0.000125s ]
[ sql ] [ SQL ] SELECT * FROM `men_quality` WHERE  `id` = 9 LIMIT 1 [ RunTime:0.000174s ]
[ sql ] [ SQL ] SELECT * FROM `men_quality` WHERE  `id` = 8 LIMIT 1 [ RunTime:0.000129s ]
[ sql ] [ SQL ] SELECT * FROM `men_quality` WHERE  `id` = 7 LIMIT 1 [ RunTime:0.000116s ]
[ sql ] [ SQL ] SELECT * FROM `men_news` ORDER BY id desc LIMIT 8 [ RunTime:0.000113s ]
[ sql ] [ SQL ] SHOW COLUMNS FROM `men_link` [ RunTime:0.000457s ]
[ sql ] [ SQL ] SELECT * FROM `men_link` [ RunTime:0.000121s ]

---------------------------------------------------------------
[ 2018-01-24T00:52:54+08:00 ] 172.17.195.153 123.125.71.43 GET /
[ sql ] [ DB ] CONNECT:[ UseTime:0.000224s ] mysql:dbname=xinchu;host=localhost;port=3306;charset=utf8
[ sql ] [ SQL ] SHOW COLUMNS FROM `men_ads` [ RunTime:0.000811s ]
[ sql ] [ SQL ] SELECT * FROM `men_ads` [ RunTime:0.000392s ]
[ sql ] [ SQL ] SHOW COLUMNS FROM `men_series` [ RunTime:0.000550s ]
[ sql ] [ SQL ] SELECT * FROM `men_series` [ RunTime:0.000179s ]
[ sql ] [ SQL ] SHOW COLUMNS FROM `men_news` [ RunTime:0.000551s ]
[ sql ] [ SQL ] SELECT * FROM `men_news` [ RunTime:0.000180s ]
[ sql ] [ SQL ] SELECT * FROM `men_series` LIMIT 1 [ RunTime:0.000149s ]
[ sql ] [ SQL ] SHOW COLUMNS FROM `men_product` [ RunTime:0.000612s ]
[ sql ] [ SQL ] SELECT * FROM `men_product` WHERE  `recommend` = 1  AND `category` = '反凹凸系列' ORDER BY id desc LIMIT 4 [ RunTime:0.000287s ]
[ sql ] [ SQL ] SHOW COLUMNS FROM `men_quality` [ RunTime:0.000561s ]
[ sql ] [ SQL ] SELECT * FROM `men_quality` ORDER BY id desc [ RunTime:0.000172s ]
[ sql ] [ SQL ] SELECT * FROM `men_quality` WHERE  `id` = 9 LIMIT 1 [ RunTime:0.000189s ]
[ sql ] [ SQL ] SELECT * FROM `men_quality` WHERE  `id` = 8 LIMIT 1 [ RunTime:0.000167s ]
[ sql ] [ SQL ] SELECT * FROM `men_quality` WHERE  `id` = 7 LIMIT 1 [ RunTime:0.000188s ]
[ sql ] [ SQL ] SELECT * FROM `men_news` ORDER BY id desc LIMIT 8 [ RunTime:0.000161s ]
[ sql ] [ SQL ] SHOW COLUMNS FROM `men_link` [ RunTime:0.000422s ]
[ sql ] [ SQL ] SELECT * FROM `men_link` [ RunTime:0.000188s ]

---------------------------------------------------------------
[ 2018-01-24T01:06:32+08:00 ] 172.17.195.153 112.44.107.189 GET /
[ sql ] [ DB ] CONNECT:[ UseTime:0.000219s ] mysql:dbname=xinchu;host=localhost;port=3306;charset=utf8
[ sql ] [ SQL ] SHOW COLUMNS FROM `men_ads` [ RunTime:0.000643s ]
[ sql ] [ SQL ] SELECT * FROM `men_ads` [ RunTime:0.000151s ]
[ sql ] [ SQL ] SHOW COLUMNS FROM `men_series` [ RunTime:0.000421s ]
[ sql ] [ SQL ] SELECT * FROM `men_series` [ RunTime:0.000127s ]
[ sql ] [ SQL ] SHOW COLUMNS FROM `men_news` [ RunTime:0.000482s ]
[ sql ] [ SQL ] SELECT * FROM `men_news` [ RunTime:0.000125s ]
[ sql ] [ SQL ] SELECT * FROM `men_series` LIMIT 1 [ RunTime:0.000098s ]
[ sql ] [ SQL ] SHOW COLUMNS FROM `men_product` [ RunTime:0.000439s ]
[ sql ] [ SQL ] SELECT * FROM `men_product` WHERE  `recommend` = 1  AND `category` = '反凹凸系列' ORDER BY id desc LIMIT 4 [ RunTime:0.000211s ]
[ sql ] [ SQL ] SHOW COLUMNS FROM `men_quality` [ RunTime:0.000391s ]
[ sql ] [ SQL ] SELECT * FROM `men_quality` ORDER BY id desc [ RunTime:0.000130s ]
[ sql ] [ SQL ] SELECT * FROM `men_quality` WHERE  `id` = 9 LIMIT 1 [ RunTime:0.000132s ]
[ sql ] [ SQL ] SELECT * FROM `men_quality` WHERE  `id` = 8 LIMIT 1 [ RunTime:0.000119s ]
[ sql ] [ SQL ] SELECT * FROM `men_quality` WHERE  `id` = 7 LIMIT 1 [ RunTime:0.000129s ]
[ sql ] [ SQL ] SELECT * FROM `men_news` ORDER BY id desc LIMIT 8 [ RunTime:0.000119s ]
[ sql ] [ SQL ] SHOW COLUMNS FROM `men_link` [ RunTime:0.000382s ]
[ sql ] [ SQL ] SELECT * FROM `men_link` [ RunTime:0.000116s ]

---------------------------------------------------------------
[ 2018-01-24T01:51:03+08:00 ] 172.17.195.153 157.55.39.157 GET /
[ sql ] [ DB ] CONNECT:[ UseTime:0.000410s ] mysql:dbname=xinchu;host=localhost;port=3306;charset=utf8
[ sql ] [ SQL ] SHOW COLUMNS FROM `men_ads` [ RunTime:0.000947s ]
[ sql ] [ SQL ] SELECT * FROM `men_ads` [ RunTime:0.000233s ]
[ sql ] [ SQL ] SHOW COLUMNS FROM `men_series` [ RunTime:0.000590s ]
[ sql ] [ SQL ] SELECT * FROM `men_series` [ RunTime:0.000231s ]
[ sql ] [ SQL ] SHOW COLUMNS FROM `men_news` [ RunTime:0.000604s ]
[ sql ] [ SQL ] SELECT * FROM `men_news` [ RunTime:0.000214s ]
[ sql ] [ SQL ] SELECT * FROM `men_series` LIMIT 1 [ RunTime:0.000141s ]
[ sql ] [ SQL ] SHOW COLUMNS FROM `men_product` [ RunTime:0.000671s ]
[ sql ] [ SQL ] SELECT * FROM `men_product` WHERE  `recommend` = 1  AND `category` = '反凹凸系列' ORDER BY id desc LIMIT 4 [ RunTime:0.000327s ]
[ sql ] [ SQL ] SHOW COLUMNS FROM `men_quality` [ RunTime:0.000590s ]
[ sql ] [ SQL ] SELECT * FROM `men_quality` ORDER BY id desc [ RunTime:0.000252s ]
[ sql ] [ SQL ] SELECT * FROM `men_quality` WHERE  `id` = 9 LIMIT 1 [ RunTime:0.000196s ]
[ sql ] [ SQL ] SELECT * FROM `men_quality` WHERE  `id` = 8 LIMIT 1 [ RunTime:0.000160s ]
[ sql ] [ SQL ] SELECT * FROM `men_quality` WHERE  `id` = 7 LIMIT 1 [ RunTime:0.000210s ]
[ sql ] [ SQL ] SELECT * FROM `men_news` ORDER BY id desc LIMIT 8 [ RunTime:0.000175s ]
[ sql ] [ SQL ] SHOW COLUMNS FROM `men_link` [ RunTime:0.000579s ]
[ sql ] [ SQL ] SELECT * FROM `men_link` [ RunTime:0.000186s ]

---------------------------------------------------------------
[ 2018-01-24T01:55:58+08:00 ] 172.17.195.153 117.25.139.88 GET /
[ sql ] [ DB ] CONNECT:[ UseTime:0.000259s ] mysql:dbname=xinchu;host=localhost;port=3306;charset=utf8
[ sql ] [ SQL ] SHOW COLUMNS FROM `men_ads` [ RunTime:0.000664s ]
[ sql ] [ SQL ] SELECT * FROM `men_ads` [ RunTime:0.000152s ]
[ sql ] [ SQL ] SHOW COLUMNS FROM `men_series` [ RunTime:0.000438s ]
[ sql ] [ SQL ] SELECT * FROM `men_series` [ RunTime:0.000131s ]
[ sql ] [ SQL ] SHOW COLUMNS FROM `men_news` [ RunTime:0.000413s ]
[ sql ] [ SQL ] SELECT * FROM `men_news` [ RunTime:0.000131s ]
[ sql ] [ SQL ] SELECT * FROM `men_series` LIMIT 1 [ RunTime:0.000097s ]
[ sql ] [ SQL ] SHOW COLUMNS FROM `men_product` [ RunTime:0.000405s ]
[ sql ] [ SQL ] SELECT * FROM `men_product` WHERE  `recommend` = 1  AND `category` = '反凹凸系列' ORDER BY id desc LIMIT 4 [ RunTime:0.000216s ]
[ sql ] [ SQL ] SHOW COLUMNS FROM `men_quality` [ RunTime:0.000371s ]
[ sql ] [ SQL ] SELECT * FROM `men_quality` ORDER BY id desc [ RunTime:0.000147s ]
[ sql ] [ SQL ] SELECT * FROM `men_quality` WHERE  `id` = 9 LIMIT 1 [ RunTime:0.000138s ]
[ sql ] [ SQL ] SELECT * FROM `men_quality` WHERE  `id` = 8 LIMIT 1 [ RunTime:0.000119s ]
[ sql ] [ SQL ] SELECT * FROM `men_quality` WHERE  `id` = 7 LIMIT 1 [ RunTime:0.000126s ]
[ sql ] [ SQL ] SELECT * FROM `men_news` ORDER BY id desc LIMIT 8 [ RunTime:0.000137s ]
[ sql ] [ SQL ] SHOW COLUMNS FROM `men_link` [ RunTime:0.000384s ]
[ sql ] [ SQL ] SELECT * FROM `men_link` [ RunTime:0.000115s ]

---------------------------------------------------------------
[ 2018-01-24T02:14:09+08:00 ] 172.17.195.153 103.45.105.182 GET /
[ sql ] [ DB ] CONNECT:[ UseTime:0.000253s ] mysql:dbname=xinchu;host=localhost;port=3306;charset=utf8
[ sql ] [ SQL ] SHOW COLUMNS FROM `men_ads` [ RunTime:0.000772s ]
[ sql ] [ SQL ] SELECT * FROM `men_ads` [ RunTime:0.000171s ]
[ sql ] [ SQL ] SHOW COLUMNS FROM `men_series` [ RunTime:0.000405s ]
[ sql ] [ SQL ] SELECT * FROM `men_series` [ RunTime:0.000149s ]
[ sql ] [ SQL ] SHOW COLUMNS FROM `men_news` [ RunTime:0.000404s ]
[ sql ] [ SQL ] SELECT * FROM `men_news` [ RunTime:0.000124s ]
[ sql ] [ SQL ] SELECT * FROM `men_series` LIMIT 1 [ RunTime:0.000114s ]
[ sql ] [ SQL ] SHOW COLUMNS FROM `men_product` [ RunTime:0.000401s ]
[ sql ] [ SQL ] SELECT * FROM `men_product` WHERE  `recommend` = 1  AND `category` = '反凹凸系列' ORDER BY id desc LIMIT 4 [ RunTime:0.000216s ]
[ sql ] [ SQL ] SHOW COLUMNS FROM `men_quality` [ RunTime:0.000407s ]
[ sql ] [ SQL ] SELECT * FROM `men_quality` ORDER BY id desc [ RunTime:0.000122s ]
[ sql ] [ SQL ] SELECT * FROM `men_quality` WHERE  `id` = 9 LIMIT 1 [ RunTime:0.000132s ]
[ sql ] [ SQL ] SELECT * FROM `men_quality` WHERE  `id` = 8 LIMIT 1 [ RunTime:0.000184s ]
[ sql ] [ SQL ] SELECT * FROM `men_quality` WHERE  `id` = 7 LIMIT 1 [ RunTime:0.000117s ]
[ sql ] [ SQL ] SELECT * FROM `men_news` ORDER BY id desc LIMIT 8 [ RunTime:0.000112s ]
[ sql ] [ SQL ] SHOW COLUMNS FROM `men_link` [ RunTime:0.000445s ]
[ sql ] [ SQL ] SELECT * FROM `men_link` [ RunTime:0.000117s ]

---------------------------------------------------------------
[ 2018-01-24T03:56:40+08:00 ] 172.17.195.153 106.45.0.178 GET /
[ sql ] [ DB ] CONNECT:[ UseTime:0.000244s ] mysql:dbname=xinchu;host=localhost;port=3306;charset=utf8
[ sql ] [ SQL ] SHOW COLUMNS FROM `men_ads` [ RunTime:0.000683s ]
[ sql ] [ SQL ] SELECT * FROM `men_ads` [ RunTime:0.000172s ]
[ sql ] [ SQL ] SHOW COLUMNS FROM `men_series` [ RunTime:0.000418s ]
[ sql ] [ SQL ] SELECT * FROM `men_series` [ RunTime:0.000132s ]
[ sql ] [ SQL ] SHOW COLUMNS FROM `men_news` [ RunTime:0.000440s ]
[ sql ] [ SQL ] SELECT * FROM `men_news` [ RunTime:0.000121s ]
[ sql ] [ SQL ] SELECT * FROM `men_series` LIMIT 1 [ RunTime:0.000105s ]
[ sql ] [ SQL ] SHOW COLUMNS FROM `men_product` [ RunTime:0.000430s ]
[ sql ] [ SQL ] SELECT * FROM `men_product` WHERE  `recommend` = 1  AND `category` = '反凹凸系列' ORDER BY id desc LIMIT 4 [ RunTime:0.000213s ]
[ sql ] [ SQL ] SHOW COLUMNS FROM `men_quality` [ RunTime:0.000438s ]
[ sql ] [ SQL ] SELECT * FROM `men_quality` ORDER BY id desc [ RunTime:0.000124s ]
[ sql ] [ SQL ] SELECT * FROM `men_quality` WHERE  `id` = 9 LIMIT 1 [ RunTime:0.000133s ]
[ sql ] [ SQL ] SELECT * FROM `men_quality` WHERE  `id` = 8 LIMIT 1 [ RunTime:0.000139s ]
[ sql ] [ SQL ] SELECT * FROM `men_quality` WHERE  `id` = 7 LIMIT 1 [ RunTime:0.000124s ]
[ sql ] [ SQL ] SELECT * FROM `men_news` ORDER BY id desc LIMIT 8 [ RunTime:0.000113s ]
[ sql ] [ SQL ] SHOW COLUMNS FROM `men_link` [ RunTime:0.000410s ]
[ sql ] [ SQL ] SELECT * FROM `men_link` [ RunTime:0.000123s ]

---------------------------------------------------------------
[ 2018-01-24T04:12:46+08:00 ] 172.17.195.153 35.167.72.48 GET /
[ sql ] [ DB ] CONNECT:[ UseTime:0.000225s ] mysql:dbname=xinchu;host=localhost;port=3306;charset=utf8
[ sql ] [ SQL ] SHOW COLUMNS FROM `men_ads` [ RunTime:0.000632s ]
[ sql ] [ SQL ] SELECT * FROM `men_ads` [ RunTime:0.000156s ]
[ sql ] [ SQL ] SHOW COLUMNS FROM `men_series` [ RunTime:0.000401s ]
[ sql ] [ SQL ] SELECT * FROM `men_series` [ RunTime:0.000146s ]
[ sql ] [ SQL ] SHOW COLUMNS FROM `men_news` [ RunTime:0.000420s ]
[ sql ] [ SQL ] SELECT * FROM `men_news` [ RunTime:0.000122s ]
[ sql ] [ SQL ] SELECT * FROM `men_series` LIMIT 1 [ RunTime:0.000096s ]
[ sql ] [ SQL ] SHOW COLUMNS FROM `men_product` [ RunTime:0.000421s ]
[ sql ] [ SQL ] SELECT * FROM `men_product` WHERE  `recommend` = 1  AND `category` = '反凹凸系列' ORDER BY id desc LIMIT 4 [ RunTime:0.000209s ]
[ sql ] [ SQL ] SHOW COLUMNS FROM `men_quality` [ RunTime:0.000425s ]
[ sql ] [ SQL ] SELECT * FROM `men_quality` ORDER BY id desc [ RunTime:0.000123s ]
[ sql ] [ SQL ] SELECT * FROM `men_quality` WHERE  `id` = 9 LIMIT 1 [ RunTime:0.000130s ]
[ sql ] [ SQL ] SELECT * FROM `men_quality` WHERE  `id` = 8 LIMIT 1 [ RunTime:0.000125s ]
[ sql ] [ SQL ] SELECT * FROM `men_quality` WHERE  `id` = 7 LIMIT 1 [ RunTime:0.000127s ]
[ sql ] [ SQL ] SELECT * FROM `men_news` ORDER BY id desc LIMIT 8 [ RunTime:0.000114s ]
[ sql ] [ SQL ] SHOW COLUMNS FROM `men_link` [ RunTime:0.000424s ]
[ sql ] [ SQL ] SELECT * FROM `men_link` [ RunTime:0.000143s ]

---------------------------------------------------------------
[ 2018-01-24T04:20:52+08:00 ] 172.17.195.153 103.45.105.182 GET /
[ sql ] [ DB ] CONNECT:[ UseTime:0.000235s ] mysql:dbname=xinchu;host=localhost;port=3306;charset=utf8
[ sql ] [ SQL ] SHOW COLUMNS FROM `men_ads` [ RunTime:0.000686s ]
[ sql ] [ SQL ] SELECT * FROM `men_ads` [ RunTime:0.000176s ]
[ sql ] [ SQL ] SHOW COLUMNS FROM `men_series` [ RunTime:0.000443s ]
[ sql ] [ SQL ] SELECT * FROM `men_series` [ RunTime:0.000132s ]
[ sql ] [ SQL ] SHOW COLUMNS FROM `men_news` [ RunTime:0.000461s ]
[ sql ] [ SQL ] SELECT * FROM `men_news` [ RunTime:0.000127s ]
[ sql ] [ SQL ] SELECT * FROM `men_series` LIMIT 1 [ RunTime:0.000101s ]
[ sql ] [ SQL ] SHOW COLUMNS FROM `men_product` [ RunTime:0.000448s ]
[ sql ] [ SQL ] SELECT * FROM `men_product` WHERE  `recommend` = 1  AND `category` = '反凹凸系列' ORDER BY id desc LIMIT 4 [ RunTime:0.000217s ]
[ sql ] [ SQL ] SHOW COLUMNS FROM `men_quality` [ RunTime:0.000412s ]
[ sql ] [ SQL ] SELECT * FROM `men_quality` ORDER BY id desc [ RunTime:0.000132s ]
[ sql ] [ SQL ] SELECT * FROM `men_quality` WHERE  `id` = 9 LIMIT 1 [ RunTime:0.000137s ]
[ sql ] [ SQL ] SELECT * FROM `men_quality` WHERE  `id` = 8 LIMIT 1 [ RunTime:0.000128s ]
[ sql ] [ SQL ] SELECT * FROM `men_quality` WHERE  `id` = 7 LIMIT 1 [ RunTime:0.000145s ]
[ sql ] [ SQL ] SELECT * FROM `men_news` ORDER BY id desc LIMIT 8 [ RunTime:0.000117s ]
[ sql ] [ SQL ] SHOW COLUMNS FROM `men_link` [ RunTime:0.000452s ]
[ sql ] [ SQL ] SELECT * FROM `men_link` [ RunTime:0.000144s ]

---------------------------------------------------------------
[ 2018-01-24T04:55:58+08:00 ] 172.17.195.153 192.241.211.69 GET /
[ sql ] [ DB ] CONNECT:[ UseTime:0.000307s ] mysql:dbname=xinchu;host=localhost;port=3306;charset=utf8
[ sql ] [ SQL ] SHOW COLUMNS FROM `men_ads` [ RunTime:0.000640s ]
[ sql ] [ SQL ] SELECT * FROM `men_ads` [ RunTime:0.000175s ]
[ sql ] [ SQL ] SHOW COLUMNS FROM `men_series` [ RunTime:0.000417s ]
[ sql ] [ SQL ] SELECT * FROM `men_series` [ RunTime:0.000129s ]
[ sql ] [ SQL ] SHOW COLUMNS FROM `men_news` [ RunTime:0.000447s ]
[ sql ] [ SQL ] SELECT * FROM `men_news` [ RunTime:0.000125s ]
[ sql ] [ SQL ] SELECT * FROM `men_series` LIMIT 1 [ RunTime:0.000100s ]
[ sql ] [ SQL ] SHOW COLUMNS FROM `men_product` [ RunTime:0.000446s ]
[ sql ] [ SQL ] SELECT * FROM `men_product` WHERE  `recommend` = 1  AND `category` = '反凹凸系列' ORDER BY id desc LIMIT 4 [ RunTime:0.000216s ]
[ sql ] [ SQL ] SHOW COLUMNS FROM `men_quality` [ RunTime:0.000462s ]
[ sql ] [ SQL ] SELECT * FROM `men_quality` ORDER BY id desc [ RunTime:0.000126s ]
[ sql ] [ SQL ] SELECT * FROM `men_quality` WHERE  `id` = 9 LIMIT 1 [ RunTime:0.000131s ]
[ sql ] [ SQL ] SELECT * FROM `men_quality` WHERE  `id` = 8 LIMIT 1 [ RunTime:0.000172s ]
[ sql ] [ SQL ] SELECT * FROM `men_quality` WHERE  `id` = 7 LIMIT 1 [ RunTime:0.000129s ]
[ sql ] [ SQL ] SELECT * FROM `men_news` ORDER BY id desc LIMIT 8 [ RunTime:0.000112s ]
[ sql ] [ SQL ] SHOW COLUMNS FROM `men_link` [ RunTime:0.000384s ]
[ sql ] [ SQL ] SELECT * FROM `men_link` [ RunTime:0.000141s ]

---------------------------------------------------------------
[ 2018-01-24T05:38:13+08:00 ] 172.17.195.153 188.226.129.55 GET /
[ sql ] [ DB ] CONNECT:[ UseTime:0.000231s ] mysql:dbname=xinchu;host=localhost;port=3306;charset=utf8
[ sql ] [ SQL ] SHOW COLUMNS FROM `men_ads` [ RunTime:0.000675s ]
[ sql ] [ SQL ] SELECT * FROM `men_ads` [ RunTime:0.000152s ]
[ sql ] [ SQL ] SHOW COLUMNS FROM `men_series` [ RunTime:0.000414s ]
[ sql ] [ SQL ] SELECT * FROM `men_series` [ RunTime:0.000128s ]
[ sql ] [ SQL ] SHOW COLUMNS FROM `men_news` [ RunTime:0.000421s ]
[ sql ] [ SQL ] SELECT * FROM `men_news` [ RunTime:0.000128s ]
[ sql ] [ SQL ] SELECT * FROM `men_series` LIMIT 1 [ RunTime:0.000097s ]
[ sql ] [ SQL ] SHOW COLUMNS FROM `men_product` [ RunTime:0.000417s ]
[ sql ] [ SQL ] SELECT * FROM `men_product` WHERE  `recommend` = 1  AND `category` = '反凹凸系列' ORDER BY id desc LIMIT 4 [ RunTime:0.000218s ]
[ sql ] [ SQL ] SHOW COLUMNS FROM `men_quality` [ RunTime:0.000407s ]
[ sql ] [ SQL ] SELECT * FROM `men_quality` ORDER BY id desc [ RunTime:0.000122s ]
[ sql ] [ SQL ] SELECT * FROM `men_quality` WHERE  `id` = 9 LIMIT 1 [ RunTime:0.000136s ]
[ sql ] [ SQL ] SELECT * FROM `men_quality` WHERE  `id` = 8 LIMIT 1 [ RunTime:0.000117s ]
[ sql ] [ SQL ] SELECT * FROM `men_quality` WHERE  `id` = 7 LIMIT 1 [ RunTime:0.000137s ]
[ sql ] [ SQL ] SELECT * FROM `men_news` ORDER BY id desc LIMIT 8 [ RunTime:0.000111s ]
[ sql ] [ SQL ] SHOW COLUMNS FROM `men_link` [ RunTime:0.000386s ]
[ sql ] [ SQL ] SELECT * FROM `men_link` [ RunTime:0.000114s ]

---------------------------------------------------------------
[ 2018-01-24T06:26:43+08:00 ] 172.17.195.153 120.78.45.80 GET /
[ sql ] [ DB ] CONNECT:[ UseTime:0.000272s ] mysql:dbname=xinchu;host=localhost;port=3306;charset=utf8
[ sql ] [ SQL ] SHOW COLUMNS FROM `men_ads` [ RunTime:0.000732s ]
[ sql ] [ SQL ] SELECT * FROM `men_ads` [ RunTime:0.000153s ]
[ sql ] [ SQL ] SHOW COLUMNS FROM `men_series` [ RunTime:0.000464s ]
[ sql ] [ SQL ] SELECT * FROM `men_series` [ RunTime:0.000132s ]
[ sql ] [ SQL ] SHOW COLUMNS FROM `men_news` [ RunTime:0.000466s ]
[ sql ] [ SQL ] SELECT * FROM `men_news` [ RunTime:0.000146s ]
[ sql ] [ SQL ] SELECT * FROM `men_series` LIMIT 1 [ RunTime:0.000101s ]
[ sql ] [ SQL ] SHOW COLUMNS FROM `men_product` [ RunTime:0.000458s ]
[ sql ] [ SQL ] SELECT * FROM `men_product` WHERE  `recommend` = 1  AND `category` = '反凹凸系列' ORDER BY id desc LIMIT 4 [ RunTime:0.000225s ]
[ sql ] [ SQL ] SHOW COLUMNS FROM `men_quality` [ RunTime:0.000446s ]
[ sql ] [ SQL ] SELECT * FROM `men_quality` ORDER BY id desc [ RunTime:0.000143s ]
[ sql ] [ SQL ] SELECT * FROM `men_quality` WHERE  `id` = 9 LIMIT 1 [ RunTime:0.000136s ]
[ sql ] [ SQL ] SELECT * FROM `men_quality` WHERE  `id` = 8 LIMIT 1 [ RunTime:0.000119s ]
[ sql ] [ SQL ] SELECT * FROM `men_quality` WHERE  `id` = 7 LIMIT 1 [ RunTime:0.000150s ]
[ sql ] [ SQL ] SELECT * FROM `men_news` ORDER BY id desc LIMIT 8 [ RunTime:0.000134s ]
[ sql ] [ SQL ] SHOW COLUMNS FROM `men_link` [ RunTime:0.000397s ]
[ sql ] [ SQL ] SELECT * FROM `men_link` [ RunTime:0.000156s ]

---------------------------------------------------------------
[ 2018-01-24T08:22:19+08:00 ] 172.17.195.153 47.93.90.175 GET /
[ sql ] [ DB ] CONNECT:[ UseTime:0.000242s ] mysql:dbname=xinchu;host=localhost;port=3306;charset=utf8
[ sql ] [ SQL ] SHOW COLUMNS FROM `men_ads` [ RunTime:0.000644s ]
[ sql ] [ SQL ] SELECT * FROM `men_ads` [ RunTime:0.000151s ]
[ sql ] [ SQL ] SHOW COLUMNS FROM `men_series` [ RunTime:0.000389s ]
[ sql ] [ SQL ] SELECT * FROM `men_series` [ RunTime:0.000151s ]
[ sql ] [ SQL ] SHOW COLUMNS FROM `men_news` [ RunTime:0.000420s ]
[ sql ] [ SQL ] SELECT * FROM `men_news` [ RunTime:0.000125s ]
[ sql ] [ SQL ] SELECT * FROM `men_series` LIMIT 1 [ RunTime:0.000129s ]
[ sql ] [ SQL ] SHOW COLUMNS FROM `men_product` [ RunTime:0.000412s ]
[ sql ] [ SQL ] SELECT * FROM `men_product` WHERE  `recommend` = 1  AND `category` = '反凹凸系列' ORDER BY id desc LIMIT 4 [ RunTime:0.000212s ]
[ sql ] [ SQL ] SHOW COLUMNS FROM `men_quality` [ RunTime:0.000403s ]
[ sql ] [ SQL ] SELECT * FROM `men_quality` ORDER BY id desc [ RunTime:0.000124s ]
[ sql ] [ SQL ] SELECT * FROM `men_quality` WHERE  `id` = 9 LIMIT 1 [ RunTime:0.000131s ]
[ sql ] [ SQL ] SELECT * FROM `men_quality` WHERE  `id` = 8 LIMIT 1 [ RunTime:0.000131s ]
[ sql ] [ SQL ] SELECT * FROM `men_quality` WHERE  `id` = 7 LIMIT 1 [ RunTime:0.000142s ]
[ sql ] [ SQL ] SELECT * FROM `men_news` ORDER BY id desc LIMIT 8 [ RunTime:0.000113s ]
[ sql ] [ SQL ] SHOW COLUMNS FROM `men_link` [ RunTime:0.000419s ]
[ sql ] [ SQL ] SELECT * FROM `men_link` [ RunTime:0.000134s ]

---------------------------------------------------------------
[ 2018-01-24T08:38:46+08:00 ] 172.17.195.153 205.209.159.36 HEAD /
[ sql ] [ DB ] CONNECT:[ UseTime:0.000306s ] mysql:dbname=xinchu;host=localhost;port=3306;charset=utf8
[ sql ] [ SQL ] SHOW COLUMNS FROM `men_ads` [ RunTime:0.000660s ]
[ sql ] [ SQL ] SELECT * FROM `men_ads` [ RunTime:0.000159s ]
[ sql ] [ SQL ] SHOW COLUMNS FROM `men_series` [ RunTime:0.000427s ]
[ sql ] [ SQL ] SELECT * FROM `men_series` [ RunTime:0.000139s ]
[ sql ] [ SQL ] SHOW COLUMNS FROM `men_news` [ RunTime:0.000425s ]
[ sql ] [ SQL ] SELECT * FROM `men_news` [ RunTime:0.000129s ]
[ sql ] [ SQL ] SELECT * FROM `men_series` LIMIT 1 [ RunTime:0.000099s ]
[ sql ] [ SQL ] SHOW COLUMNS FROM `men_product` [ RunTime:0.000392s ]
[ sql ] [ SQL ] SELECT * FROM `men_product` WHERE  `recommend` = 1  AND `category` = '反凹凸系列' ORDER BY id desc LIMIT 4 [ RunTime:0.000217s ]
[ sql ] [ SQL ] SHOW COLUMNS FROM `men_quality` [ RunTime:0.000396s ]
[ sql ] [ SQL ] SELECT * FROM `men_quality` ORDER BY id desc [ RunTime:0.000153s ]
[ sql ] [ SQL ] SELECT * FROM `men_quality` WHERE  `id` = 9 LIMIT 1 [ RunTime:0.000133s ]
[ sql ] [ SQL ] SELECT * FROM `men_quality` WHERE  `id` = 8 LIMIT 1 [ RunTime:0.000128s ]
[ sql ] [ SQL ] SELECT * FROM `men_quality` WHERE  `id` = 7 LIMIT 1 [ RunTime:0.000121s ]
[ sql ] [ SQL ] SELECT * FROM `men_news` ORDER BY id desc LIMIT 8 [ RunTime:0.000121s ]
[ sql ] [ SQL ] SHOW COLUMNS FROM `men_link` [ RunTime:0.000437s ]
[ sql ] [ SQL ] SELECT * FROM `men_link` [ RunTime:0.000118s ]

---------------------------------------------------------------
[ 2018-01-24T08:52:56+08:00 ] 172.17.195.153 220.181.108.170 GET /
[ sql ] [ DB ] CONNECT:[ UseTime:0.000259s ] mysql:dbname=xinchu;host=localhost;port=3306;charset=utf8
[ sql ] [ SQL ] SHOW COLUMNS FROM `men_ads` [ RunTime:0.000662s ]
[ sql ] [ SQL ] SELECT * FROM `men_ads` [ RunTime:0.000191s ]
[ sql ] [ SQL ] SHOW COLUMNS FROM `men_series` [ RunTime:0.000403s ]
[ sql ] [ SQL ] SELECT * FROM `men_series` [ RunTime:0.000134s ]
[ sql ] [ SQL ] SHOW COLUMNS FROM `men_news` [ RunTime:0.000401s ]
[ sql ] [ SQL ] SELECT * FROM `men_news` [ RunTime:0.000124s ]
[ sql ] [ SQL ] SELECT * FROM `men_series` LIMIT 1 [ RunTime:0.000107s ]
[ sql ] [ SQL ] SHOW COLUMNS FROM `men_product` [ RunTime:0.000414s ]
[ sql ] [ SQL ] SELECT * FROM `men_product` WHERE  `recommend` = 1  AND `category` = '反凹凸系列' ORDER BY id desc LIMIT 4 [ RunTime:0.000233s ]
[ sql ] [ SQL ] SHOW COLUMNS FROM `men_quality` [ RunTime:0.000451s ]
[ sql ] [ SQL ] SELECT * FROM `men_quality` ORDER BY id desc [ RunTime:0.000127s ]
[ sql ] [ SQL ] SELECT * FROM `men_quality` WHERE  `id` = 9 LIMIT 1 [ RunTime:0.000140s ]
[ sql ] [ SQL ] SELECT * FROM `men_quality` WHERE  `id` = 8 LIMIT 1 [ RunTime:0.000130s ]
[ sql ] [ SQL ] SELECT * FROM `men_quality` WHERE  `id` = 7 LIMIT 1 [ RunTime:0.000117s ]
[ sql ] [ SQL ] SELECT * FROM `men_news` ORDER BY id desc LIMIT 8 [ RunTime:0.000114s ]
[ sql ] [ SQL ] SHOW COLUMNS FROM `men_link` [ RunTime:0.000444s ]
[ sql ] [ SQL ] SELECT * FROM `men_link` [ RunTime:0.000122s ]

---------------------------------------------------------------
[ 2018-01-24T11:21:10+08:00 ] 172.17.195.153 106.11.227.144 GET /
[ sql ] [ DB ] CONNECT:[ UseTime:0.000239s ] mysql:dbname=xinchu;host=localhost;port=3306;charset=utf8
[ sql ] [ SQL ] SHOW COLUMNS FROM `men_ads` [ RunTime:0.000651s ]
[ sql ] [ SQL ] SELECT * FROM `men_ads` [ RunTime:0.000183s ]
[ sql ] [ SQL ] SHOW COLUMNS FROM `men_series` [ RunTime:0.000407s ]
[ sql ] [ SQL ] SELECT * FROM `men_series` [ RunTime:0.000130s ]
[ sql ] [ SQL ] SHOW COLUMNS FROM `men_news` [ RunTime:0.000427s ]
[ sql ] [ SQL ] SELECT * FROM `men_news` [ RunTime:0.000140s ]
[ sql ] [ SQL ] SELECT * FROM `men_series` LIMIT 1 [ RunTime:0.000103s ]
[ sql ] [ SQL ] SHOW COLUMNS FROM `men_product` [ RunTime:0.000419s ]
[ sql ] [ SQL ] SELECT * FROM `men_product` WHERE  `recommend` = 1  AND `category` = '反凹凸系列' ORDER BY id desc LIMIT 4 [ RunTime:0.000233s ]
[ sql ] [ SQL ] SHOW COLUMNS FROM `men_quality` [ RunTime:0.000417s ]
[ sql ] [ SQL ] SELECT * FROM `men_quality` ORDER BY id desc [ RunTime:0.000126s ]
[ sql ] [ SQL ] SELECT * FROM `men_quality` WHERE  `id` = 9 LIMIT 1 [ RunTime:0.000138s ]
[ sql ] [ SQL ] SELECT * FROM `men_quality` WHERE  `id` = 8 LIMIT 1 [ RunTime:0.000147s ]
[ sql ] [ SQL ] SELECT * FROM `men_quality` WHERE  `id` = 7 LIMIT 1 [ RunTime:0.000119s ]
[ sql ] [ SQL ] SELECT * FROM `men_news` ORDER BY id desc LIMIT 8 [ RunTime:0.000111s ]
[ sql ] [ SQL ] SHOW COLUMNS FROM `men_link` [ RunTime:0.000397s ]
[ sql ] [ SQL ] SELECT * FROM `men_link` [ RunTime:0.000123s ]

---------------------------------------------------------------
[ 2018-01-24T11:41:46+08:00 ] 172.17.195.153 106.11.226.227 GET /
[ sql ] [ DB ] CONNECT:[ UseTime:0.000231s ] mysql:dbname=xinchu;host=localhost;port=3306;charset=utf8
[ sql ] [ SQL ] SHOW COLUMNS FROM `men_ads` [ RunTime:0.000638s ]
[ sql ] [ SQL ] SELECT * FROM `men_ads` [ RunTime:0.000176s ]
[ sql ] [ SQL ] SHOW COLUMNS FROM `men_series` [ RunTime:0.000398s ]
[ sql ] [ SQL ] SELECT * FROM `men_series` [ RunTime:0.000128s ]
[ sql ] [ SQL ] SHOW COLUMNS FROM `men_news` [ RunTime:0.000420s ]
[ sql ] [ SQL ] SELECT * FROM `men_news` [ RunTime:0.000122s ]
[ sql ] [ SQL ] SELECT * FROM `men_series` LIMIT 1 [ RunTime:0.000102s ]
[ sql ] [ SQL ] SHOW COLUMNS FROM `men_product` [ RunTime:0.000413s ]
[ sql ] [ SQL ] SELECT * FROM `men_product` WHERE  `recommend` = 1  AND `category` = '反凹凸系列' ORDER BY id desc LIMIT 4 [ RunTime:0.000223s ]
[ sql ] [ SQL ] SHOW COLUMNS FROM `men_quality` [ RunTime:0.000417s ]
[ sql ] [ SQL ] SELECT * FROM `men_quality` ORDER BY id desc [ RunTime:0.000124s ]
[ sql ] [ SQL ] SELECT * FROM `men_quality` WHERE  `id` = 9 LIMIT 1 [ RunTime:0.000152s ]
[ sql ] [ SQL ] SELECT * FROM `men_quality` WHERE  `id` = 8 LIMIT 1 [ RunTime:0.000120s ]
[ sql ] [ SQL ] SELECT * FROM `men_quality` WHERE  `id` = 7 LIMIT 1 [ RunTime:0.000123s ]
[ sql ] [ SQL ] SELECT * FROM `men_news` ORDER BY id desc LIMIT 8 [ RunTime:0.000111s ]
[ sql ] [ SQL ] SHOW COLUMNS FROM `men_link` [ RunTime:0.000408s ]
[ sql ] [ SQL ] SELECT * FROM `men_link` [ RunTime:0.000143s ]

---------------------------------------------------------------
[ 2018-01-24T12:53:01+08:00 ] 172.17.195.153 107.170.226.103 GET /
[ sql ] [ DB ] CONNECT:[ UseTime:0.000237s ] mysql:dbname=xinchu;host=localhost;port=3306;charset=utf8
[ sql ] [ SQL ] SHOW COLUMNS FROM `men_ads` [ RunTime:0.000655s ]
[ sql ] [ SQL ] SELECT * FROM `men_ads` [ RunTime:0.000180s ]
[ sql ] [ SQL ] SHOW COLUMNS FROM `men_series` [ RunTime:0.000430s ]
[ sql ] [ SQL ] SELECT * FROM `men_series` [ RunTime:0.000131s ]
[ sql ] [ SQL ] SHOW COLUMNS FROM `men_news` [ RunTime:0.000446s ]
[ sql ] [ SQL ] SELECT * FROM `men_news` [ RunTime:0.000125s ]
[ sql ] [ SQL ] SELECT * FROM `men_series` LIMIT 1 [ RunTime:0.000098s ]
[ sql ] [ SQL ] SHOW COLUMNS FROM `men_product` [ RunTime:0.000423s ]
[ sql ] [ SQL ] SELECT * FROM `men_product` WHERE  `recommend` = 1  AND `category` = '反凹凸系列' ORDER BY id desc LIMIT 4 [ RunTime:0.000218s ]
[ sql ] [ SQL ] SHOW COLUMNS FROM `men_quality` [ RunTime:0.000420s ]
[ sql ] [ SQL ] SELECT * FROM `men_quality` ORDER BY id desc [ RunTime:0.000141s ]
[ sql ] [ SQL ] SELECT * FROM `men_quality` WHERE  `id` = 9 LIMIT 1 [ RunTime:0.000133s ]
[ sql ] [ SQL ] SELECT * FROM `men_quality` WHERE  `id` = 8 LIMIT 1 [ RunTime:0.000142s ]
[ sql ] [ SQL ] SELECT * FROM `men_quality` WHERE  `id` = 7 LIMIT 1 [ RunTime:0.000118s ]
[ sql ] [ SQL ] SELECT * FROM `men_news` ORDER BY id desc LIMIT 8 [ RunTime:0.000117s ]
[ sql ] [ SQL ] SHOW COLUMNS FROM `men_link` [ RunTime:0.000389s ]
[ sql ] [ SQL ] SELECT * FROM `men_link` [ RunTime:0.000122s ]

---------------------------------------------------------------
[ 2018-01-24T13:34:59+08:00 ] 172.17.195.153 209.126.136.4 GET /
[ sql ] [ DB ] CONNECT:[ UseTime:0.000223s ] mysql:dbname=xinchu;host=localhost;port=3306;charset=utf8
[ sql ] [ SQL ] SHOW COLUMNS FROM `men_ads` [ RunTime:0.000655s ]
[ sql ] [ SQL ] SELECT * FROM `men_ads` [ RunTime:0.000179s ]
[ sql ] [ SQL ] SHOW COLUMNS FROM `men_series` [ RunTime:0.000395s ]
[ sql ] [ SQL ] SELECT * FROM `men_series` [ RunTime:0.000152s ]
[ sql ] [ SQL ] SHOW COLUMNS FROM `men_news` [ RunTime:0.000411s ]
[ sql ] [ SQL ] SELECT * FROM `men_news` [ RunTime:0.000123s ]
[ sql ] [ SQL ] SELECT * FROM `men_series` LIMIT 1 [ RunTime:0.000119s ]
[ sql ] [ SQL ] SHOW COLUMNS FROM `men_product` [ RunTime:0.000418s ]
[ sql ] [ SQL ] SELECT * FROM `men_product` WHERE  `recommend` = 1  AND `category` = '反凹凸系列' ORDER BY id desc LIMIT 4 [ RunTime:0.000216s ]
[ sql ] [ SQL ] SHOW COLUMNS FROM `men_quality` [ RunTime:0.000435s ]
[ sql ] [ SQL ] SELECT * FROM `men_quality` ORDER BY id desc [ RunTime:0.000125s ]
[ sql ] [ SQL ] SELECT * FROM `men_quality` WHERE  `id` = 9 LIMIT 1 [ RunTime:0.000132s ]
[ sql ] [ SQL ] SELECT * FROM `men_quality` WHERE  `id` = 8 LIMIT 1 [ RunTime:0.000150s ]
[ sql ] [ SQL ] SELECT * FROM `men_quality` WHERE  `id` = 7 LIMIT 1 [ RunTime:0.000119s ]
[ sql ] [ SQL ] SELECT * FROM `men_news` ORDER BY id desc LIMIT 8 [ RunTime:0.000109s ]
[ sql ] [ SQL ] SHOW COLUMNS FROM `men_link` [ RunTime:0.000433s ]
[ sql ] [ SQL ] SELECT * FROM `men_link` [ RunTime:0.000122s ]

---------------------------------------------------------------
[ 2018-01-24T14:01:13+08:00 ] 172.17.195.153 141.212.122.128 GET /
[ sql ] [ DB ] CONNECT:[ UseTime:0.000239s ] mysql:dbname=xinchu;host=localhost;port=3306;charset=utf8
[ sql ] [ SQL ] SHOW COLUMNS FROM `men_ads` [ RunTime:0.000647s ]
[ sql ] [ SQL ] SELECT * FROM `men_ads` [ RunTime:0.000170s ]
[ sql ] [ SQL ] SHOW COLUMNS FROM `men_series` [ RunTime:0.000426s ]
[ sql ] [ SQL ] SELECT * FROM `men_series` [ RunTime:0.000133s ]
[ sql ] [ SQL ] SHOW COLUMNS FROM `men_news` [ RunTime:0.000422s ]
[ sql ] [ SQL ] SELECT * FROM `men_news` [ RunTime:0.000126s ]
[ sql ] [ SQL ] SELECT * FROM `men_series` LIMIT 1 [ RunTime:0.000098s ]
[ sql ] [ SQL ] SHOW COLUMNS FROM `men_product` [ RunTime:0.000420s ]
[ sql ] [ SQL ] SELECT * FROM `men_product` WHERE  `recommend` = 1  AND `category` = '反凹凸系列' ORDER BY id desc LIMIT 4 [ RunTime:0.000223s ]
[ sql ] [ SQL ] SHOW COLUMNS FROM `men_quality` [ RunTime:0.000420s ]
[ sql ] [ SQL ] SELECT * FROM `men_quality` ORDER BY id desc [ RunTime:0.000127s ]
[ sql ] [ SQL ] SELECT * FROM `men_quality` WHERE  `id` = 9 LIMIT 1 [ RunTime:0.000134s ]
[ sql ] [ SQL ] SELECT * FROM `men_quality` WHERE  `id` = 8 LIMIT 1 [ RunTime:0.000129s ]
[ sql ] [ SQL ] SELECT * FROM `men_quality` WHERE  `id` = 7 LIMIT 1 [ RunTime:0.000133s ]
[ sql ] [ SQL ] SELECT * FROM `men_news` ORDER BY id desc LIMIT 8 [ RunTime:0.000114s ]
[ sql ] [ SQL ] SHOW COLUMNS FROM `men_link` [ RunTime:0.000425s ]
[ sql ] [ SQL ] SELECT * FROM `men_link` [ RunTime:0.000132s ]

---------------------------------------------------------------
[ 2018-01-24T16:09:02+08:00 ] 172.17.195.153 157.55.39.60 GET /
[ sql ] [ DB ] CONNECT:[ UseTime:0.000263s ] mysql:dbname=xinchu;host=localhost;port=3306;charset=utf8
[ sql ] [ SQL ] SHOW COLUMNS FROM `men_ads` [ RunTime:0.000655s ]
[ sql ] [ SQL ] SELECT * FROM `men_ads` [ RunTime:0.000173s ]
[ sql ] [ SQL ] SHOW COLUMNS FROM `men_series` [ RunTime:0.000394s ]
[ sql ] [ SQL ] SELECT * FROM `men_series` [ RunTime:0.000154s ]
[ sql ] [ SQL ] SHOW COLUMNS FROM `men_news` [ RunTime:0.000418s ]
[ sql ] [ SQL ] SELECT * FROM `men_news` [ RunTime:0.000124s ]
[ sql ] [ SQL ] SELECT * FROM `men_series` LIMIT 1 [ RunTime:0.000129s ]
[ sql ] [ SQL ] SHOW COLUMNS FROM `men_product` [ RunTime:0.000414s ]
[ sql ] [ SQL ] SELECT * FROM `men_product` WHERE  `recommend` = 1  AND `category` = '反凹凸系列' ORDER BY id desc LIMIT 4 [ RunTime:0.000212s ]
[ sql ] [ SQL ] SHOW COLUMNS FROM `men_quality` [ RunTime:0.000416s ]
[ sql ] [ SQL ] SELECT * FROM `men_quality` ORDER BY id desc [ RunTime:0.000125s ]
[ sql ] [ SQL ] SELECT * FROM `men_quality` WHERE  `id` = 9 LIMIT 1 [ RunTime:0.000129s ]
[ sql ] [ SQL ] SELECT * FROM `men_quality` WHERE  `id` = 8 LIMIT 1 [ RunTime:0.000160s ]
[ sql ] [ SQL ] SELECT * FROM `men_quality` WHERE  `id` = 7 LIMIT 1 [ RunTime:0.000123s ]
[ sql ] [ SQL ] SELECT * FROM `men_news` ORDER BY id desc LIMIT 8 [ RunTime:0.000109s ]
[ sql ] [ SQL ] SHOW COLUMNS FROM `men_link` [ RunTime:0.000419s ]
[ sql ] [ SQL ] SELECT * FROM `men_link` [ RunTime:0.000121s ]

---------------------------------------------------------------
[ 2018-01-24T16:21:32+08:00 ] 172.17.195.153 47.93.90.175 GET /
[ sql ] [ DB ] CONNECT:[ UseTime:0.000230s ] mysql:dbname=xinchu;host=localhost;port=3306;charset=utf8
[ sql ] [ SQL ] SHOW COLUMNS FROM `men_ads` [ RunTime:0.000618s ]
[ sql ] [ SQL ] SELECT * FROM `men_ads` [ RunTime:0.000160s ]
[ sql ] [ SQL ] SHOW COLUMNS FROM `men_series` [ RunTime:0.000389s ]
[ sql ] [ SQL ] SELECT * FROM `men_series` [ RunTime:0.000126s ]
[ sql ] [ SQL ] SHOW COLUMNS FROM `men_news` [ RunTime:0.000420s ]
[ sql ] [ SQL ] SELECT * FROM `men_news` [ RunTime:0.000123s ]
[ sql ] [ SQL ] SELECT * FROM `men_series` LIMIT 1 [ RunTime:0.000099s ]
[ sql ] [ SQL ] SHOW COLUMNS FROM `men_product` [ RunTime:0.000410s ]
[ sql ] [ SQL ] SELECT * FROM `men_product` WHERE  `recommend` = 1  AND `category` = '反凹凸系列' ORDER BY id desc LIMIT 4 [ RunTime:0.000209s ]
[ sql ] [ SQL ] SHOW COLUMNS FROM `men_quality` [ RunTime:0.000419s ]
[ sql ] [ SQL ] SELECT * FROM `men_quality` ORDER BY id desc [ RunTime:0.000123s ]
[ sql ] [ SQL ] SELECT * FROM `men_quality` WHERE  `id` = 9 LIMIT 1 [ RunTime:0.000146s ]
[ sql ] [ SQL ] SELECT * FROM `men_quality` WHERE  `id` = 8 LIMIT 1 [ RunTime:0.000148s ]
[ sql ] [ SQL ] SELECT * FROM `men_quality` WHERE  `id` = 7 LIMIT 1 [ RunTime:0.000129s ]
[ sql ] [ SQL ] SELECT * FROM `men_news` ORDER BY id desc LIMIT 8 [ RunTime:0.000111s ]
[ sql ] [ SQL ] SHOW COLUMNS FROM `men_link` [ RunTime:0.000401s ]
[ sql ] [ SQL ] SELECT * FROM `men_link` [ RunTime:0.000117s ]

---------------------------------------------------------------
[ 2018-01-24T16:46:55+08:00 ] 172.17.195.153 123.125.71.25 GET /
[ sql ] [ DB ] CONNECT:[ UseTime:0.000256s ] mysql:dbname=xinchu;host=localhost;port=3306;charset=utf8
[ sql ] [ SQL ] SHOW COLUMNS FROM `men_ads` [ RunTime:0.000641s ]
[ sql ] [ SQL ] SELECT * FROM `men_ads` [ RunTime:0.000167s ]
[ sql ] [ SQL ] SHOW COLUMNS FROM `men_series` [ RunTime:0.000409s ]
[ sql ] [ SQL ] SELECT * FROM `men_series` [ RunTime:0.000160s ]
[ sql ] [ SQL ] SHOW COLUMNS FROM `men_news` [ RunTime:0.000423s ]
[ sql ] [ SQL ] SELECT * FROM `men_news` [ RunTime:0.000126s ]
[ sql ] [ SQL ] SELECT * FROM `men_series` LIMIT 1 [ RunTime:0.000130s ]
[ sql ] [ SQL ] SHOW COLUMNS FROM `men_product` [ RunTime:0.000416s ]
[ sql ] [ SQL ] SELECT * FROM `men_product` WHERE  `recommend` = 1  AND `category` = '反凹凸系列' ORDER BY id desc LIMIT 4 [ RunTime:0.000239s ]
[ sql ] [ SQL ] SHOW COLUMNS FROM `men_quality` [ RunTime:0.000413s ]
[ sql ] [ SQL ] SELECT * FROM `men_quality` ORDER BY id desc [ RunTime:0.000126s ]
[ sql ] [ SQL ] SELECT * FROM `men_quality` WHERE  `id` = 9 LIMIT 1 [ RunTime:0.000161s ]
[ sql ] [ SQL ] SELECT * FROM `men_quality` WHERE  `id` = 8 LIMIT 1 [ RunTime:0.000124s ]
[ sql ] [ SQL ] SELECT * FROM `men_quality` WHERE  `id` = 7 LIMIT 1 [ RunTime:0.000121s ]
[ sql ] [ SQL ] SELECT * FROM `men_news` ORDER BY id desc LIMIT 8 [ RunTime:0.000112s ]
[ sql ] [ SQL ] SHOW COLUMNS FROM `men_link` [ RunTime:0.000434s ]
[ sql ] [ SQL ] SELECT * FROM `men_link` [ RunTime:0.000124s ]

---------------------------------------------------------------
[ 2018-01-24T19:35:15+08:00 ] 172.17.195.153 183.136.190.62 GET /
[ sql ] [ DB ] CONNECT:[ UseTime:0.000284s ] mysql:dbname=xinchu;host=localhost;port=3306;charset=utf8
[ sql ] [ SQL ] SHOW COLUMNS FROM `men_ads` [ RunTime:0.000633s ]
[ sql ] [ SQL ] SELECT * FROM `men_ads` [ RunTime:0.000162s ]
[ sql ] [ SQL ] SHOW COLUMNS FROM `men_series` [ RunTime:0.000422s ]
[ sql ] [ SQL ] SELECT * FROM `men_series` [ RunTime:0.000128s ]
[ sql ] [ SQL ] SHOW COLUMNS FROM `men_news` [ RunTime:0.000409s ]
[ sql ] [ SQL ] SELECT * FROM `men_news` [ RunTime:0.000155s ]
[ sql ] [ SQL ] SELECT * FROM `men_series` LIMIT 1 [ RunTime:0.000104s ]
[ sql ] [ SQL ] SHOW COLUMNS FROM `men_product` [ RunTime:0.000391s ]
[ sql ] [ SQL ] SELECT * FROM `men_product` WHERE  `recommend` = 1  AND `category` = '反凹凸系列' ORDER BY id desc LIMIT 4 [ RunTime:0.000219s ]
[ sql ] [ SQL ] SHOW COLUMNS FROM `men_quality` [ RunTime:0.000384s ]
[ sql ] [ SQL ] SELECT * FROM `men_quality` ORDER BY id desc [ RunTime:0.000143s ]
[ sql ] [ SQL ] SELECT * FROM `men_quality` WHERE  `id` = 9 LIMIT 1 [ RunTime:0.000134s ]
[ sql ] [ SQL ] SELECT * FROM `men_quality` WHERE  `id` = 8 LIMIT 1 [ RunTime:0.000130s ]
[ sql ] [ SQL ] SELECT * FROM `men_quality` WHERE  `id` = 7 LIMIT 1 [ RunTime:0.000117s ]
[ sql ] [ SQL ] SELECT * FROM `men_news` ORDER BY id desc LIMIT 8 [ RunTime:0.000118s ]
[ sql ] [ SQL ] SHOW COLUMNS FROM `men_link` [ RunTime:0.000430s ]
[ sql ] [ SQL ] SELECT * FROM `men_link` [ RunTime:0.000119s ]

---------------------------------------------------------------
[ 2018-01-24T20:07:20+08:00 ] 172.17.195.153 107.170.228.217 GET /
[ sql ] [ DB ] CONNECT:[ UseTime:0.000476s ] mysql:dbname=xinchu;host=localhost;port=3306;charset=utf8
[ sql ] [ SQL ] SHOW COLUMNS FROM `men_ads` [ RunTime:0.000655s ]
[ sql ] [ SQL ] SELECT * FROM `men_ads` [ RunTime:0.000185s ]
[ sql ] [ SQL ] SHOW COLUMNS FROM `men_series` [ RunTime:0.000464s ]
[ sql ] [ SQL ] SELECT * FROM `men_series` [ RunTime:0.000152s ]
[ sql ] [ SQL ] SHOW COLUMNS FROM `men_news` [ RunTime:0.000420s ]
[ sql ] [ SQL ] SELECT * FROM `men_news` [ RunTime:0.000148s ]
[ sql ] [ SQL ] SELECT * FROM `men_series` LIMIT 1 [ RunTime:0.000119s ]
[ sql ] [ SQL ] SHOW COLUMNS FROM `men_product` [ RunTime:0.000408s ]
[ sql ] [ SQL ] SELECT * FROM `men_product` WHERE  `recommend` = 1  AND `category` = '反凹凸系列' ORDER BY id desc LIMIT 4 [ RunTime:0.000214s ]
[ sql ] [ SQL ] SHOW COLUMNS FROM `men_quality` [ RunTime:0.000400s ]
[ sql ] [ SQL ] SELECT * FROM `men_quality` ORDER BY id desc [ RunTime:0.000123s ]
[ sql ] [ SQL ] SELECT * FROM `men_quality` WHERE  `id` = 9 LIMIT 1 [ RunTime:0.000142s ]
[ sql ] [ SQL ] SELECT * FROM `men_quality` WHERE  `id` = 8 LIMIT 1 [ RunTime:0.000126s ]
[ sql ] [ SQL ] SELECT * FROM `men_quality` WHERE  `id` = 7 LIMIT 1 [ RunTime:0.000124s ]
[ sql ] [ SQL ] SELECT * FROM `men_news` ORDER BY id desc LIMIT 8 [ RunTime:0.000138s ]
[ sql ] [ SQL ] SHOW COLUMNS FROM `men_link` [ RunTime:0.000387s ]
[ sql ] [ SQL ] SELECT * FROM `men_link` [ RunTime:0.000121s ]

---------------------------------------------------------------
