[ 2018-01-27T00:29:29+08:00 ] 172.17.195.153 116.62.176.205 GET /
[ sql ] [ DB ] CONNECT:[ UseTime:0.000239s ] mysql:dbname=xinchu;host=localhost;port=3306;charset=utf8
[ sql ] [ SQL ] SHOW COLUMNS FROM `men_ads` [ RunTime:0.000620s ]
[ sql ] [ SQL ] SELECT * FROM `men_ads` [ RunTime:0.000160s ]
[ sql ] [ SQL ] SHOW COLUMNS FROM `men_series` [ RunTime:0.000402s ]
[ sql ] [ SQL ] SELECT * FROM `men_series` [ RunTime:0.000144s ]
[ sql ] [ SQL ] SHOW COLUMNS FROM `men_news` [ RunTime:0.000416s ]
[ sql ] [ SQL ] SELECT * FROM `men_news` [ RunTime:0.000126s ]
[ sql ] [ SQL ] SELECT * FROM `men_series` LIMIT 1 [ RunTime:0.000097s ]
[ sql ] [ SQL ] SHOW COLUMNS FROM `men_product` [ RunTime:0.000403s ]
[ sql ] [ SQL ] SELECT * FROM `men_product` WHERE  `recommend` = 1  AND `category` = '反凹凸系列' ORDER BY id desc LIMIT 4 [ RunTime:0.000227s ]
[ sql ] [ SQL ] SHOW COLUMNS FROM `men_quality` [ RunTime:0.000423s ]
[ sql ] [ SQL ] SELECT * FROM `men_quality` ORDER BY id desc [ RunTime:0.000127s ]
[ sql ] [ SQL ] SELECT * FROM `men_quality` WHERE  `id` = 12 LIMIT 1 [ RunTime:0.000132s ]
[ sql ] [ SQL ] SELECT * FROM `men_quality` WHERE  `id` = 11 LIMIT 1 [ RunTime:0.000129s ]
[ sql ] [ SQL ] SELECT * FROM `men_quality` WHERE  `id` = 10 LIMIT 1 [ RunTime:0.000118s ]
[ sql ] [ SQL ] SELECT * FROM `men_news` ORDER BY id desc LIMIT 8 [ RunTime:0.000119s ]
[ sql ] [ SQL ] SHOW COLUMNS FROM `men_link` [ RunTime:0.000422s ]
[ sql ] [ SQL ] SELECT * FROM `men_link` [ RunTime:0.000118s ]

---------------------------------------------------------------
[ 2018-01-27T00:55:25+08:00 ] 172.17.195.153 123.125.71.45 GET /
[ sql ] [ DB ] CONNECT:[ UseTime:0.000242s ] mysql:dbname=xinchu;host=localhost;port=3306;charset=utf8
[ sql ] [ SQL ] SHOW COLUMNS FROM `men_ads` [ RunTime:0.000671s ]
[ sql ] [ SQL ] SELECT * FROM `men_ads` [ RunTime:0.000164s ]
[ sql ] [ SQL ] SHOW COLUMNS FROM `men_series` [ RunTime:0.000474s ]
[ sql ] [ SQL ] SELECT * FROM `men_series` [ RunTime:0.000131s ]
[ sql ] [ SQL ] SHOW COLUMNS FROM `men_news` [ RunTime:0.000401s ]
[ sql ] [ SQL ] SELECT * FROM `men_news` [ RunTime:0.000137s ]
[ sql ] [ SQL ] SELECT * FROM `men_series` LIMIT 1 [ RunTime:0.000098s ]
[ sql ] [ SQL ] SHOW COLUMNS FROM `men_product` [ RunTime:0.000387s ]
[ sql ] [ SQL ] SELECT * FROM `men_product` WHERE  `recommend` = 1  AND `category` = '反凹凸系列' ORDER BY id desc LIMIT 4 [ RunTime:0.000235s ]
[ sql ] [ SQL ] SHOW COLUMNS FROM `men_quality` [ RunTime:0.000376s ]
[ sql ] [ SQL ] SELECT * FROM `men_quality` ORDER BY id desc [ RunTime:0.000154s ]
[ sql ] [ SQL ] SELECT * FROM `men_quality` WHERE  `id` = 12 LIMIT 1 [ RunTime:0.000135s ]
[ sql ] [ SQL ] SELECT * FROM `men_quality` WHERE  `id` = 11 LIMIT 1 [ RunTime:0.000119s ]
[ sql ] [ SQL ] SELECT * FROM `men_quality` WHERE  `id` = 10 LIMIT 1 [ RunTime:0.000117s ]
[ sql ] [ SQL ] SELECT * FROM `men_news` ORDER BY id desc LIMIT 8 [ RunTime:0.000160s ]
[ sql ] [ SQL ] SHOW COLUMNS FROM `men_link` [ RunTime:0.000386s ]
[ sql ] [ SQL ] SELECT * FROM `men_link` [ RunTime:0.000116s ]

---------------------------------------------------------------
[ 2018-01-27T01:05:55+08:00 ] 172.17.195.153 60.191.126.204 GET /
[ sql ] [ DB ] CONNECT:[ UseTime:0.000334s ] mysql:dbname=xinchu;host=localhost;port=3306;charset=utf8
[ sql ] [ SQL ] SHOW COLUMNS FROM `men_ads` [ RunTime:0.000872s ]
[ sql ] [ SQL ] SELECT * FROM `men_ads` [ RunTime:0.000230s ]
[ sql ] [ SQL ] SHOW COLUMNS FROM `men_series` [ RunTime:0.000563s ]
[ sql ] [ SQL ] SELECT * FROM `men_series` [ RunTime:0.000175s ]
[ sql ] [ SQL ] SHOW COLUMNS FROM `men_news` [ RunTime:0.000600s ]
[ sql ] [ SQL ] SELECT * FROM `men_news` [ RunTime:0.000188s ]
[ sql ] [ SQL ] SELECT * FROM `men_series` LIMIT 1 [ RunTime:0.000204s ]
[ sql ] [ SQL ] SHOW COLUMNS FROM `men_product` [ RunTime:0.000534s ]
[ sql ] [ SQL ] SELECT * FROM `men_product` WHERE  `recommend` = 1  AND `category` = '反凹凸系列' ORDER BY id desc LIMIT 4 [ RunTime:0.000369s ]
[ sql ] [ SQL ] SHOW COLUMNS FROM `men_quality` [ RunTime:0.000615s ]
[ sql ] [ SQL ] SELECT * FROM `men_quality` ORDER BY id desc [ RunTime:0.000198s ]
[ sql ] [ SQL ] SELECT * FROM `men_quality` WHERE  `id` = 12 LIMIT 1 [ RunTime:0.000188s ]
[ sql ] [ SQL ] SELECT * FROM `men_quality` WHERE  `id` = 11 LIMIT 1 [ RunTime:0.000217s ]
[ sql ] [ SQL ] SELECT * FROM `men_quality` WHERE  `id` = 10 LIMIT 1 [ RunTime:0.000195s ]
[ sql ] [ SQL ] SELECT * FROM `men_news` ORDER BY id desc LIMIT 8 [ RunTime:0.000194s ]
[ sql ] [ SQL ] SHOW COLUMNS FROM `men_link` [ RunTime:0.000599s ]
[ sql ] [ SQL ] SELECT * FROM `men_link` [ RunTime:0.000155s ]

---------------------------------------------------------------
[ 2018-01-27T08:32:41+08:00 ] 172.17.195.153 47.93.90.175 GET /
[ sql ] [ DB ] CONNECT:[ UseTime:0.000277s ] mysql:dbname=xinchu;host=localhost;port=3306;charset=utf8
[ sql ] [ SQL ] SHOW COLUMNS FROM `men_ads` [ RunTime:0.000812s ]
[ sql ] [ SQL ] SELECT * FROM `men_ads` [ RunTime:0.000212s ]
[ sql ] [ SQL ] SHOW COLUMNS FROM `men_series` [ RunTime:0.000590s ]
[ sql ] [ SQL ] SELECT * FROM `men_series` [ RunTime:0.000170s ]
[ sql ] [ SQL ] SHOW COLUMNS FROM `men_news` [ RunTime:0.000573s ]
[ sql ] [ SQL ] SELECT * FROM `men_news` [ RunTime:0.000164s ]
[ sql ] [ SQL ] SELECT * FROM `men_series` LIMIT 1 [ RunTime:0.000116s ]
[ sql ] [ SQL ] SHOW COLUMNS FROM `men_product` [ RunTime:0.000587s ]
[ sql ] [ SQL ] SELECT * FROM `men_product` WHERE  `recommend` = 1  AND `category` = '反凹凸系列' ORDER BY id desc LIMIT 4 [ RunTime:0.000298s ]
[ sql ] [ SQL ] SHOW COLUMNS FROM `men_quality` [ RunTime:0.000566s ]
[ sql ] [ SQL ] SELECT * FROM `men_quality` ORDER BY id desc [ RunTime:0.000172s ]
[ sql ] [ SQL ] SELECT * FROM `men_quality` WHERE  `id` = 12 LIMIT 1 [ RunTime:0.000178s ]
[ sql ] [ SQL ] SELECT * FROM `men_quality` WHERE  `id` = 11 LIMIT 1 [ RunTime:0.000150s ]
[ sql ] [ SQL ] SELECT * FROM `men_quality` WHERE  `id` = 10 LIMIT 1 [ RunTime:0.000156s ]
[ sql ] [ SQL ] SELECT * FROM `men_news` ORDER BY id desc LIMIT 8 [ RunTime:0.000154s ]
[ sql ] [ SQL ] SHOW COLUMNS FROM `men_link` [ RunTime:0.000543s ]
[ sql ] [ SQL ] SELECT * FROM `men_link` [ RunTime:0.000162s ]

---------------------------------------------------------------
[ 2018-01-27T08:43:00+08:00 ] 172.17.195.153 61.239.33.154 GET /
[ sql ] [ DB ] CONNECT:[ UseTime:0.000276s ] mysql:dbname=xinchu;host=localhost;port=3306;charset=utf8
[ sql ] [ SQL ] SHOW COLUMNS FROM `men_ads` [ RunTime:0.000712s ]
[ sql ] [ SQL ] SELECT * FROM `men_ads` [ RunTime:0.000164s ]
[ sql ] [ SQL ] SHOW COLUMNS FROM `men_series` [ RunTime:0.000427s ]
[ sql ] [ SQL ] SELECT * FROM `men_series` [ RunTime:0.000141s ]
[ sql ] [ SQL ] SHOW COLUMNS FROM `men_news` [ RunTime:0.000401s ]
[ sql ] [ SQL ] SELECT * FROM `men_news` [ RunTime:0.000138s ]
[ sql ] [ SQL ] SELECT * FROM `men_series` LIMIT 1 [ RunTime:0.000109s ]
[ sql ] [ SQL ] SHOW COLUMNS FROM `men_product` [ RunTime:0.000388s ]
[ sql ] [ SQL ] SELECT * FROM `men_product` WHERE  `recommend` = 1  AND `category` = '反凹凸系列' ORDER BY id desc LIMIT 4 [ RunTime:0.000275s ]
[ sql ] [ SQL ] SHOW COLUMNS FROM `men_quality` [ RunTime:0.000385s ]
[ sql ] [ SQL ] SELECT * FROM `men_quality` ORDER BY id desc [ RunTime:0.000126s ]
[ sql ] [ SQL ] SELECT * FROM `men_quality` WHERE  `id` = 12 LIMIT 1 [ RunTime:0.000169s ]
[ sql ] [ SQL ] SELECT * FROM `men_quality` WHERE  `id` = 11 LIMIT 1 [ RunTime:0.000123s ]
[ sql ] [ SQL ] SELECT * FROM `men_quality` WHERE  `id` = 10 LIMIT 1 [ RunTime:0.000117s ]
[ sql ] [ SQL ] SELECT * FROM `men_news` ORDER BY id desc LIMIT 8 [ RunTime:0.000115s ]
[ sql ] [ SQL ] SHOW COLUMNS FROM `men_link` [ RunTime:0.000424s ]
[ sql ] [ SQL ] SELECT * FROM `men_link` [ RunTime:0.000118s ]

---------------------------------------------------------------
[ 2018-01-27T08:52:03+08:00 ] 172.17.195.153 123.125.71.100 GET /
[ sql ] [ DB ] CONNECT:[ UseTime:0.000274s ] mysql:dbname=xinchu;host=localhost;port=3306;charset=utf8
[ sql ] [ SQL ] SHOW COLUMNS FROM `men_ads` [ RunTime:0.000662s ]
[ sql ] [ SQL ] SELECT * FROM `men_ads` [ RunTime:0.000160s ]
[ sql ] [ SQL ] SHOW COLUMNS FROM `men_series` [ RunTime:0.000395s ]
[ sql ] [ SQL ] SELECT * FROM `men_series` [ RunTime:0.000132s ]
[ sql ] [ SQL ] SHOW COLUMNS FROM `men_news` [ RunTime:0.000563s ]
[ sql ] [ SQL ] SELECT * FROM `men_news` [ RunTime:0.000197s ]
[ sql ] [ SQL ] SELECT * FROM `men_series` LIMIT 1 [ RunTime:0.000153s ]
[ sql ] [ SQL ] SHOW COLUMNS FROM `men_product` [ RunTime:0.000540s ]
[ sql ] [ SQL ] SELECT * FROM `men_product` WHERE  `recommend` = 1  AND `category` = '反凹凸系列' ORDER BY id desc LIMIT 4 [ RunTime:0.000297s ]
[ sql ] [ SQL ] SHOW COLUMNS FROM `men_quality` [ RunTime:0.000496s ]
[ sql ] [ SQL ] SELECT * FROM `men_quality` ORDER BY id desc [ RunTime:0.000155s ]
[ sql ] [ SQL ] SELECT * FROM `men_quality` WHERE  `id` = 12 LIMIT 1 [ RunTime:0.000150s ]
[ sql ] [ SQL ] SELECT * FROM `men_quality` WHERE  `id` = 11 LIMIT 1 [ RunTime:0.000175s ]
[ sql ] [ SQL ] SELECT * FROM `men_quality` WHERE  `id` = 10 LIMIT 1 [ RunTime:0.000175s ]
[ sql ] [ SQL ] SELECT * FROM `men_news` ORDER BY id desc LIMIT 8 [ RunTime:0.000127s ]
[ sql ] [ SQL ] SHOW COLUMNS FROM `men_link` [ RunTime:0.000488s ]
[ sql ] [ SQL ] SELECT * FROM `men_link` [ RunTime:0.000126s ]

---------------------------------------------------------------
[ 2018-01-27T11:55:05+08:00 ] 172.17.195.153 113.108.10.15 GET /
[ sql ] [ DB ] CONNECT:[ UseTime:0.000309s ] mysql:dbname=xinchu;host=localhost;port=3306;charset=utf8
[ sql ] [ SQL ] SHOW COLUMNS FROM `men_ads` [ RunTime:0.000995s ]
[ sql ] [ SQL ] SELECT * FROM `men_ads` [ RunTime:0.000272s ]
[ sql ] [ SQL ] SHOW COLUMNS FROM `men_series` [ RunTime:0.000586s ]
[ sql ] [ SQL ] SELECT * FROM `men_series` [ RunTime:0.000155s ]
[ sql ] [ SQL ] SHOW COLUMNS FROM `men_news` [ RunTime:0.000651s ]
[ sql ] [ SQL ] SELECT * FROM `men_news` [ RunTime:0.000162s ]
[ sql ] [ SQL ] SELECT * FROM `men_series` LIMIT 1 [ RunTime:0.000189s ]
[ sql ] [ SQL ] SHOW COLUMNS FROM `men_product` [ RunTime:0.000547s ]
[ sql ] [ SQL ] SELECT * FROM `men_product` WHERE  `recommend` = 1  AND `category` = '反凹凸系列' ORDER BY id desc LIMIT 4 [ RunTime:0.000327s ]
[ sql ] [ SQL ] SHOW COLUMNS FROM `men_quality` [ RunTime:0.000544s ]
[ sql ] [ SQL ] SELECT * FROM `men_quality` ORDER BY id desc [ RunTime:0.000204s ]
[ sql ] [ SQL ] SELECT * FROM `men_quality` WHERE  `id` = 12 LIMIT 1 [ RunTime:0.000180s ]
[ sql ] [ SQL ] SELECT * FROM `men_quality` WHERE  `id` = 11 LIMIT 1 [ RunTime:0.000223s ]
[ sql ] [ SQL ] SELECT * FROM `men_quality` WHERE  `id` = 10 LIMIT 1 [ RunTime:0.000188s ]
[ sql ] [ SQL ] SELECT * FROM `men_news` ORDER BY id desc LIMIT 8 [ RunTime:0.000222s ]
[ sql ] [ SQL ] SHOW COLUMNS FROM `men_link` [ RunTime:0.000658s ]
[ sql ] [ SQL ] SELECT * FROM `men_link` [ RunTime:0.000184s ]

---------------------------------------------------------------
[ 2018-01-27T11:57:05+08:00 ] 172.17.195.153 120.204.17.71 GET /
[ sql ] [ DB ] CONNECT:[ UseTime:0.000225s ] mysql:dbname=xinchu;host=localhost;port=3306;charset=utf8
[ sql ] [ SQL ] SHOW COLUMNS FROM `men_ads` [ RunTime:0.000670s ]
[ sql ] [ SQL ] SELECT * FROM `men_ads` [ RunTime:0.000169s ]
[ sql ] [ SQL ] SHOW COLUMNS FROM `men_series` [ RunTime:0.000442s ]
[ sql ] [ SQL ] SELECT * FROM `men_series` [ RunTime:0.000130s ]
[ sql ] [ SQL ] SHOW COLUMNS FROM `men_news` [ RunTime:0.000425s ]
[ sql ] [ SQL ] SELECT * FROM `men_news` [ RunTime:0.000224s ]
[ sql ] [ SQL ] SELECT * FROM `men_series` LIMIT 1 [ RunTime:0.000105s ]
[ sql ] [ SQL ] SHOW COLUMNS FROM `men_product` [ RunTime:0.000427s ]
[ sql ] [ SQL ] SELECT * FROM `men_product` WHERE  `recommend` = 1  AND `category` = '反凹凸系列' ORDER BY id desc LIMIT 4 [ RunTime:0.000243s ]
[ sql ] [ SQL ] SHOW COLUMNS FROM `men_quality` [ RunTime:0.000413s ]
[ sql ] [ SQL ] SELECT * FROM `men_quality` ORDER BY id desc [ RunTime:0.000124s ]
[ sql ] [ SQL ] SELECT * FROM `men_quality` WHERE  `id` = 12 LIMIT 1 [ RunTime:0.000154s ]
[ sql ] [ SQL ] SELECT * FROM `men_quality` WHERE  `id` = 11 LIMIT 1 [ RunTime:0.000121s ]
[ sql ] [ SQL ] SELECT * FROM `men_quality` WHERE  `id` = 10 LIMIT 1 [ RunTime:0.000125s ]
[ sql ] [ SQL ] SELECT * FROM `men_news` ORDER BY id desc LIMIT 8 [ RunTime:0.000116s ]
[ sql ] [ SQL ] SHOW COLUMNS FROM `men_link` [ RunTime:0.000421s ]
[ sql ] [ SQL ] SELECT * FROM `men_link` [ RunTime:0.000146s ]

---------------------------------------------------------------
[ 2018-01-27T12:02:06+08:00 ] 172.17.195.153 106.11.225.83 GET /
[ sql ] [ DB ] CONNECT:[ UseTime:0.000247s ] mysql:dbname=xinchu;host=localhost;port=3306;charset=utf8
[ sql ] [ SQL ] SHOW COLUMNS FROM `men_ads` [ RunTime:0.000683s ]
[ sql ] [ SQL ] SELECT * FROM `men_ads` [ RunTime:0.000185s ]
[ sql ] [ SQL ] SHOW COLUMNS FROM `men_series` [ RunTime:0.000437s ]
[ sql ] [ SQL ] SELECT * FROM `men_series` [ RunTime:0.000132s ]
[ sql ] [ SQL ] SHOW COLUMNS FROM `men_news` [ RunTime:0.000414s ]
[ sql ] [ SQL ] SELECT * FROM `men_news` [ RunTime:0.000159s ]
[ sql ] [ SQL ] SELECT * FROM `men_series` LIMIT 1 [ RunTime:0.000102s ]
[ sql ] [ SQL ] SHOW COLUMNS FROM `men_product` [ RunTime:0.000414s ]
[ sql ] [ SQL ] SELECT * FROM `men_product` WHERE  `recommend` = 1  AND `category` = '反凹凸系列' ORDER BY id desc LIMIT 4 [ RunTime:0.000240s ]
[ sql ] [ SQL ] SHOW COLUMNS FROM `men_quality` [ RunTime:0.000412s ]
[ sql ] [ SQL ] SELECT * FROM `men_quality` ORDER BY id desc [ RunTime:0.000154s ]
[ sql ] [ SQL ] SELECT * FROM `men_quality` WHERE  `id` = 12 LIMIT 1 [ RunTime:0.000138s ]
[ sql ] [ SQL ] SELECT * FROM `men_quality` WHERE  `id` = 11 LIMIT 1 [ RunTime:0.000141s ]
[ sql ] [ SQL ] SELECT * FROM `men_quality` WHERE  `id` = 10 LIMIT 1 [ RunTime:0.000118s ]
[ sql ] [ SQL ] SELECT * FROM `men_news` ORDER BY id desc LIMIT 8 [ RunTime:0.000146s ]
[ sql ] [ SQL ] SHOW COLUMNS FROM `men_link` [ RunTime:0.000419s ]
[ sql ] [ SQL ] SELECT * FROM `men_link` [ RunTime:0.000120s ]

---------------------------------------------------------------
[ 2018-01-27T13:21:41+08:00 ] 172.17.195.153 157.55.39.58 GET /
[ sql ] [ DB ] CONNECT:[ UseTime:0.000316s ] mysql:dbname=xinchu;host=localhost;port=3306;charset=utf8
[ sql ] [ SQL ] SHOW COLUMNS FROM `men_ads` [ RunTime:0.000970s ]
[ sql ] [ SQL ] SELECT * FROM `men_ads` [ RunTime:0.000248s ]
[ sql ] [ SQL ] SHOW COLUMNS FROM `men_series` [ RunTime:0.000593s ]
[ sql ] [ SQL ] SELECT * FROM `men_series` [ RunTime:0.000189s ]
[ sql ] [ SQL ] SHOW COLUMNS FROM `men_news` [ RunTime:0.000553s ]
[ sql ] [ SQL ] SELECT * FROM `men_news` [ RunTime:0.000193s ]
[ sql ] [ SQL ] SELECT * FROM `men_series` LIMIT 1 [ RunTime:0.000154s ]
[ sql ] [ SQL ] SHOW COLUMNS FROM `men_product` [ RunTime:0.000557s ]
[ sql ] [ SQL ] SELECT * FROM `men_product` WHERE  `recommend` = 1  AND `category` = '反凹凸系列' ORDER BY id desc LIMIT 4 [ RunTime:0.000298s ]
[ sql ] [ SQL ] SHOW COLUMNS FROM `men_quality` [ RunTime:0.000680s ]
[ sql ] [ SQL ] SELECT * FROM `men_quality` ORDER BY id desc [ RunTime:0.000152s ]
[ sql ] [ SQL ] SELECT * FROM `men_quality` WHERE  `id` = 12 LIMIT 1 [ RunTime:0.000220s ]
[ sql ] [ SQL ] SELECT * FROM `men_quality` WHERE  `id` = 11 LIMIT 1 [ RunTime:0.000218s ]
[ sql ] [ SQL ] SELECT * FROM `men_quality` WHERE  `id` = 10 LIMIT 1 [ RunTime:0.000151s ]
[ sql ] [ SQL ] SELECT * FROM `men_news` ORDER BY id desc LIMIT 8 [ RunTime:0.000188s ]
[ sql ] [ SQL ] SHOW COLUMNS FROM `men_link` [ RunTime:0.000545s ]
[ sql ] [ SQL ] SELECT * FROM `men_link` [ RunTime:0.000137s ]

---------------------------------------------------------------
[ 2018-01-27T13:22:57+08:00 ] 172.17.195.153 106.11.227.95 GET /
[ sql ] [ DB ] CONNECT:[ UseTime:0.001957s ] mysql:dbname=xinchu;host=localhost;port=3306;charset=utf8
[ sql ] [ SQL ] SHOW COLUMNS FROM `men_ads` [ RunTime:0.000896s ]
[ sql ] [ SQL ] SELECT * FROM `men_ads` [ RunTime:0.000249s ]
[ sql ] [ SQL ] SHOW COLUMNS FROM `men_series` [ RunTime:0.000613s ]
[ sql ] [ SQL ] SELECT * FROM `men_series` [ RunTime:0.000193s ]
[ sql ] [ SQL ] SHOW COLUMNS FROM `men_news` [ RunTime:0.000620s ]
[ sql ] [ SQL ] SELECT * FROM `men_news` [ RunTime:0.000184s ]
[ sql ] [ SQL ] SELECT * FROM `men_series` LIMIT 1 [ RunTime:0.000190s ]
[ sql ] [ SQL ] SHOW COLUMNS FROM `men_product` [ RunTime:0.000597s ]
[ sql ] [ SQL ] SELECT * FROM `men_product` WHERE  `recommend` = 1  AND `category` = '反凹凸系列' ORDER BY id desc LIMIT 4 [ RunTime:0.000347s ]
[ sql ] [ SQL ] SHOW COLUMNS FROM `men_quality` [ RunTime:0.000606s ]
[ sql ] [ SQL ] SELECT * FROM `men_quality` ORDER BY id desc [ RunTime:0.000160s ]
[ sql ] [ SQL ] SELECT * FROM `men_quality` WHERE  `id` = 12 LIMIT 1 [ RunTime:0.000174s ]
[ sql ] [ SQL ] SELECT * FROM `men_quality` WHERE  `id` = 11 LIMIT 1 [ RunTime:0.000216s ]
[ sql ] [ SQL ] SELECT * FROM `men_quality` WHERE  `id` = 10 LIMIT 1 [ RunTime:0.000275s ]
[ sql ] [ SQL ] SELECT * FROM `men_news` ORDER BY id desc LIMIT 8 [ RunTime:0.000229s ]
[ sql ] [ SQL ] SHOW COLUMNS FROM `men_link` [ RunTime:0.000556s ]
[ sql ] [ SQL ] SELECT * FROM `men_link` [ RunTime:0.000187s ]

---------------------------------------------------------------
[ 2018-01-27T15:16:08+08:00 ] 172.17.195.153 220.168.209.130 GET /
[ sql ] [ DB ] CONNECT:[ UseTime:0.000280s ] mysql:dbname=xinchu;host=localhost;port=3306;charset=utf8
[ sql ] [ SQL ] SHOW COLUMNS FROM `men_ads` [ RunTime:0.000635s ]
[ sql ] [ SQL ] SELECT * FROM `men_ads` [ RunTime:0.000193s ]
[ sql ] [ SQL ] SHOW COLUMNS FROM `men_series` [ RunTime:0.000406s ]
[ sql ] [ SQL ] SELECT * FROM `men_series` [ RunTime:0.000161s ]
[ sql ] [ SQL ] SHOW COLUMNS FROM `men_news` [ RunTime:0.000424s ]
[ sql ] [ SQL ] SELECT * FROM `men_news` [ RunTime:0.000128s ]
[ sql ] [ SQL ] SELECT * FROM `men_series` LIMIT 1 [ RunTime:0.000251s ]
[ sql ] [ SQL ] SHOW COLUMNS FROM `men_product` [ RunTime:0.000398s ]
[ sql ] [ SQL ] SELECT * FROM `men_product` WHERE  `recommend` = 1  AND `category` = '反凹凸系列' ORDER BY id desc LIMIT 4 [ RunTime:0.000278s ]
[ sql ] [ SQL ] SHOW COLUMNS FROM `men_quality` [ RunTime:0.000393s ]
[ sql ] [ SQL ] SELECT * FROM `men_quality` ORDER BY id desc [ RunTime:0.000129s ]
[ sql ] [ SQL ] SELECT * FROM `men_quality` WHERE  `id` = 12 LIMIT 1 [ RunTime:0.000162s ]
[ sql ] [ SQL ] SELECT * FROM `men_quality` WHERE  `id` = 11 LIMIT 1 [ RunTime:0.000123s ]
[ sql ] [ SQL ] SELECT * FROM `men_quality` WHERE  `id` = 10 LIMIT 1 [ RunTime:0.000117s ]
[ sql ] [ SQL ] SELECT * FROM `men_news` ORDER BY id desc LIMIT 8 [ RunTime:0.000116s ]
[ sql ] [ SQL ] SHOW COLUMNS FROM `men_link` [ RunTime:0.000436s ]
[ sql ] [ SQL ] SELECT * FROM `men_link` [ RunTime:0.000120s ]

---------------------------------------------------------------
[ 2018-01-27T15:16:51+08:00 ] 172.17.195.153 220.168.209.130 GET /
[ sql ] [ DB ] CONNECT:[ UseTime:0.000233s ] mysql:dbname=xinchu;host=localhost;port=3306;charset=utf8
[ sql ] [ SQL ] SHOW COLUMNS FROM `men_ads` [ RunTime:0.000692s ]
[ sql ] [ SQL ] SELECT * FROM `men_ads` [ RunTime:0.000193s ]
[ sql ] [ SQL ] SHOW COLUMNS FROM `men_series` [ RunTime:0.000410s ]
[ sql ] [ SQL ] SELECT * FROM `men_series` [ RunTime:0.000160s ]
[ sql ] [ SQL ] SHOW COLUMNS FROM `men_news` [ RunTime:0.000412s ]
[ sql ] [ SQL ] SELECT * FROM `men_news` [ RunTime:0.000130s ]
[ sql ] [ SQL ] SELECT * FROM `men_series` LIMIT 1 [ RunTime:0.000132s ]
[ sql ] [ SQL ] SHOW COLUMNS FROM `men_product` [ RunTime:0.000408s ]
[ sql ] [ SQL ] SELECT * FROM `men_product` WHERE  `recommend` = 1  AND `category` = '反凹凸系列' ORDER BY id desc LIMIT 4 [ RunTime:0.000259s ]
[ sql ] [ SQL ] SHOW COLUMNS FROM `men_quality` [ RunTime:0.000609s ]
[ sql ] [ SQL ] SELECT * FROM `men_quality` ORDER BY id desc [ RunTime:0.000196s ]
[ sql ] [ SQL ] SELECT * FROM `men_quality` WHERE  `id` = 12 LIMIT 1 [ RunTime:0.000189s ]
[ sql ] [ SQL ] SELECT * FROM `men_quality` WHERE  `id` = 11 LIMIT 1 [ RunTime:0.000159s ]
[ sql ] [ SQL ] SELECT * FROM `men_quality` WHERE  `id` = 10 LIMIT 1 [ RunTime:0.000188s ]
[ sql ] [ SQL ] SELECT * FROM `men_news` ORDER BY id desc LIMIT 8 [ RunTime:0.000185s ]
[ sql ] [ SQL ] SHOW COLUMNS FROM `men_link` [ RunTime:0.000615s ]
[ sql ] [ SQL ] SELECT * FROM `men_link` [ RunTime:0.000159s ]

---------------------------------------------------------------
[ 2018-01-27T15:16:56+08:00 ] 172.17.195.153 61.129.8.179 GET /
[ sql ] [ DB ] CONNECT:[ UseTime:0.000239s ] mysql:dbname=xinchu;host=localhost;port=3306;charset=utf8
[ sql ] [ SQL ] SHOW COLUMNS FROM `men_ads` [ RunTime:0.000662s ]
[ sql ] [ SQL ] SELECT * FROM `men_ads` [ RunTime:0.000187s ]
[ sql ] [ SQL ] SHOW COLUMNS FROM `men_series` [ RunTime:0.000449s ]
[ sql ] [ SQL ] SELECT * FROM `men_series` [ RunTime:0.000154s ]
[ sql ] [ SQL ] SHOW COLUMNS FROM `men_news` [ RunTime:0.000460s ]
[ sql ] [ SQL ] SELECT * FROM `men_news` [ RunTime:0.000130s ]
[ sql ] [ SQL ] SELECT * FROM `men_series` LIMIT 1 [ RunTime:0.000127s ]
[ sql ] [ SQL ] SHOW COLUMNS FROM `men_product` [ RunTime:0.000449s ]
[ sql ] [ SQL ] SELECT * FROM `men_product` WHERE  `recommend` = 1  AND `category` = '反凹凸系列' ORDER BY id desc LIMIT 4 [ RunTime:0.000258s ]
[ sql ] [ SQL ] SHOW COLUMNS FROM `men_quality` [ RunTime:0.000427s ]
[ sql ] [ SQL ] SELECT * FROM `men_quality` ORDER BY id desc [ RunTime:0.000131s ]
[ sql ] [ SQL ] SELECT * FROM `men_quality` WHERE  `id` = 12 LIMIT 1 [ RunTime:0.000167s ]
[ sql ] [ SQL ] SELECT * FROM `men_quality` WHERE  `id` = 11 LIMIT 1 [ RunTime:0.000130s ]
[ sql ] [ SQL ] SELECT * FROM `men_quality` WHERE  `id` = 10 LIMIT 1 [ RunTime:0.000149s ]
[ sql ] [ SQL ] SELECT * FROM `men_news` ORDER BY id desc LIMIT 8 [ RunTime:0.000120s ]
[ sql ] [ SQL ] SHOW COLUMNS FROM `men_link` [ RunTime:0.000439s ]
[ sql ] [ SQL ] SELECT * FROM `men_link` [ RunTime:0.000140s ]

---------------------------------------------------------------
[ 2018-01-27T15:18:38+08:00 ] 172.17.195.153 183.214.29.61 GET /
[ sql ] [ DB ] CONNECT:[ UseTime:0.000294s ] mysql:dbname=xinchu;host=localhost;port=3306;charset=utf8
[ sql ] [ SQL ] SHOW COLUMNS FROM `men_ads` [ RunTime:0.000685s ]
[ sql ] [ SQL ] SELECT * FROM `men_ads` [ RunTime:0.000164s ]
[ sql ] [ SQL ] SHOW COLUMNS FROM `men_series` [ RunTime:0.000484s ]
[ sql ] [ SQL ] SELECT * FROM `men_series` [ RunTime:0.000127s ]
[ sql ] [ SQL ] SHOW COLUMNS FROM `men_news` [ RunTime:0.000410s ]
[ sql ] [ SQL ] SELECT * FROM `men_news` [ RunTime:0.000147s ]
[ sql ] [ SQL ] SELECT * FROM `men_series` LIMIT 1 [ RunTime:0.000098s ]
[ sql ] [ SQL ] SHOW COLUMNS FROM `men_product` [ RunTime:0.000380s ]
[ sql ] [ SQL ] SELECT * FROM `men_product` WHERE  `recommend` = 1  AND `category` = '反凹凸系列' ORDER BY id desc LIMIT 4 [ RunTime:0.000245s ]
[ sql ] [ SQL ] SHOW COLUMNS FROM `men_quality` [ RunTime:0.000373s ]
[ sql ] [ SQL ] SELECT * FROM `men_quality` ORDER BY id desc [ RunTime:0.000150s ]
[ sql ] [ SQL ] SELECT * FROM `men_quality` WHERE  `id` = 12 LIMIT 1 [ RunTime:0.000139s ]
[ sql ] [ SQL ] SELECT * FROM `men_quality` WHERE  `id` = 11 LIMIT 1 [ RunTime:0.000117s ]
[ sql ] [ SQL ] SELECT * FROM `men_quality` WHERE  `id` = 10 LIMIT 1 [ RunTime:0.000115s ]
[ sql ] [ SQL ] SELECT * FROM `men_news` ORDER BY id desc LIMIT 8 [ RunTime:0.000121s ]
[ sql ] [ SQL ] SHOW COLUMNS FROM `men_link` [ RunTime:0.000393s ]
[ sql ] [ SQL ] SELECT * FROM `men_link` [ RunTime:0.000116s ]

---------------------------------------------------------------
[ 2018-01-27T15:18:53+08:00 ] 172.17.195.153 220.168.209.130 GET /
[ sql ] [ DB ] CONNECT:[ UseTime:0.000265s ] mysql:dbname=xinchu;host=localhost;port=3306;charset=utf8
[ sql ] [ SQL ] SHOW COLUMNS FROM `men_ads` [ RunTime:0.000632s ]
[ sql ] [ SQL ] SELECT * FROM `men_ads` [ RunTime:0.000165s ]
[ sql ] [ SQL ] SHOW COLUMNS FROM `men_series` [ RunTime:0.000404s ]
[ sql ] [ SQL ] SELECT * FROM `men_series` [ RunTime:0.000134s ]
[ sql ] [ SQL ] SHOW COLUMNS FROM `men_news` [ RunTime:0.000403s ]
[ sql ] [ SQL ] SELECT * FROM `men_news` [ RunTime:0.000123s ]
[ sql ] [ SQL ] SELECT * FROM `men_series` LIMIT 1 [ RunTime:0.000107s ]
[ sql ] [ SQL ] SHOW COLUMNS FROM `men_product` [ RunTime:0.000398s ]
[ sql ] [ SQL ] SELECT * FROM `men_product` WHERE  `recommend` = 1  AND `category` = '反凹凸系列' ORDER BY id desc LIMIT 4 [ RunTime:0.000245s ]
[ sql ] [ SQL ] SHOW COLUMNS FROM `men_quality` [ RunTime:0.000402s ]
[ sql ] [ SQL ] SELECT * FROM `men_quality` ORDER BY id desc [ RunTime:0.000121s ]
[ sql ] [ SQL ] SELECT * FROM `men_quality` WHERE  `id` = 12 LIMIT 1 [ RunTime:0.000162s ]
[ sql ] [ SQL ] SELECT * FROM `men_quality` WHERE  `id` = 11 LIMIT 1 [ RunTime:0.000128s ]
[ sql ] [ SQL ] SELECT * FROM `men_quality` WHERE  `id` = 10 LIMIT 1 [ RunTime:0.000120s ]
[ sql ] [ SQL ] SELECT * FROM `men_news` ORDER BY id desc LIMIT 8 [ RunTime:0.000114s ]
[ sql ] [ SQL ] SHOW COLUMNS FROM `men_link` [ RunTime:0.000444s ]
[ sql ] [ SQL ] SELECT * FROM `men_link` [ RunTime:0.000116s ]

---------------------------------------------------------------
[ 2018-01-27T15:20:36+08:00 ] 172.17.195.153 183.214.169.61 POST /index/index/xl.html
[ sql ] [ DB ] CONNECT:[ UseTime:0.000251s ] mysql:dbname=xinchu;host=localhost;port=3306;charset=utf8
[ sql ] [ SQL ] SHOW COLUMNS FROM `men_product` [ RunTime:0.000644s ]
[ sql ] [ SQL ] SELECT * FROM `men_product` WHERE  `recommend` = 1  AND `category` = '反凹凸系列' ORDER BY id desc LIMIT 4 [ RunTime:0.000309s ]

---------------------------------------------------------------
[ 2018-01-27T15:20:39+08:00 ] 172.17.195.153 183.214.169.61 POST /index/index/xl.html
[ sql ] [ DB ] CONNECT:[ UseTime:0.000316s ] mysql:dbname=xinchu;host=localhost;port=3306;charset=utf8
[ sql ] [ SQL ] SHOW COLUMNS FROM `men_product` [ RunTime:0.000690s ]
[ sql ] [ SQL ] SELECT * FROM `men_product` WHERE  `recommend` = 1  AND `category` = '全新隐反凸深拉伸系列' ORDER BY id desc LIMIT 4 [ RunTime:0.000302s ]

---------------------------------------------------------------
[ 2018-01-27T15:20:40+08:00 ] 172.17.195.153 220.168.209.130 POST /index/index/xl.html
[ sql ] [ DB ] CONNECT:[ UseTime:0.000334s ] mysql:dbname=xinchu;host=localhost;port=3306;charset=utf8
[ sql ] [ SQL ] SHOW COLUMNS FROM `men_product` [ RunTime:0.000680s ]
[ sql ] [ SQL ] SELECT * FROM `men_product` WHERE  `recommend` = 1  AND `category` = '反凹凸系列' ORDER BY id desc LIMIT 4 [ RunTime:0.000306s ]

---------------------------------------------------------------
[ 2018-01-27T15:20:42+08:00 ] 172.17.195.153 220.168.209.130 POST /index/index/xl.html
[ sql ] [ DB ] CONNECT:[ UseTime:0.000314s ] mysql:dbname=xinchu;host=localhost;port=3306;charset=utf8
[ sql ] [ SQL ] SHOW COLUMNS FROM `men_product` [ RunTime:0.000636s ]
[ sql ] [ SQL ] SELECT * FROM `men_product` WHERE  `recommend` = 1  AND `category` = '仿实木深拉伸系列' ORDER BY id desc LIMIT 4 [ RunTime:0.000299s ]

---------------------------------------------------------------
[ 2018-01-27T15:20:43+08:00 ] 172.17.195.153 183.214.169.61 POST /index/index/xl.html
[ sql ] [ DB ] CONNECT:[ UseTime:0.000293s ] mysql:dbname=xinchu;host=localhost;port=3306;charset=utf8
[ sql ] [ SQL ] SHOW COLUMNS FROM `men_product` [ RunTime:0.000741s ]
[ sql ] [ SQL ] SELECT * FROM `men_product` WHERE  `recommend` = 1  AND `category` = '时尚地中海风格大扣线系列' ORDER BY id desc LIMIT 4 [ RunTime:0.000352s ]

---------------------------------------------------------------
[ 2018-01-27T15:20:48+08:00 ] 172.17.195.153 220.168.209.130 POST /index/index/xl.html
[ sql ] [ DB ] CONNECT:[ UseTime:0.000333s ] mysql:dbname=xinchu;host=localhost;port=3306;charset=utf8
[ sql ] [ SQL ] SHOW COLUMNS FROM `men_product` [ RunTime:0.000626s ]
[ sql ] [ SQL ] SELECT * FROM `men_product` WHERE  `recommend` = 1  AND `category` = '轻奢漆质系列' ORDER BY id desc LIMIT 4 [ RunTime:0.000289s ]

---------------------------------------------------------------
[ 2018-01-27T15:20:56+08:00 ] 172.17.195.153 220.168.209.130 POST /index/index/xl.html
[ sql ] [ DB ] CONNECT:[ UseTime:0.000272s ] mysql:dbname=xinchu;host=localhost;port=3306;charset=utf8
[ sql ] [ SQL ] SHOW COLUMNS FROM `men_product` [ RunTime:0.000634s ]
[ sql ] [ SQL ] SELECT * FROM `men_product` WHERE  `recommend` = 1  AND `category` = '全新隐反凸深拉伸系列' ORDER BY id desc LIMIT 4 [ RunTime:0.000289s ]

---------------------------------------------------------------
[ 2018-01-27T15:21:21+08:00 ] 172.17.195.153 220.168.209.130 POST /index/index/xl.html
[ sql ] [ DB ] CONNECT:[ UseTime:0.000300s ] mysql:dbname=xinchu;host=localhost;port=3306;charset=utf8
[ sql ] [ SQL ] SHOW COLUMNS FROM `men_product` [ RunTime:0.000693s ]
[ sql ] [ SQL ] SELECT * FROM `men_product` WHERE  `recommend` = 1  AND `category` = '时尚地中海风格大扣线系列' ORDER BY id desc LIMIT 4 [ RunTime:0.000277s ]

---------------------------------------------------------------
[ 2018-01-27T15:21:59+08:00 ] 172.17.195.153 183.214.169.61 POST /index/index/xl.html
[ sql ] [ DB ] CONNECT:[ UseTime:0.000233s ] mysql:dbname=xinchu;host=localhost;port=3306;charset=utf8
[ sql ] [ SQL ] SHOW COLUMNS FROM `men_product` [ RunTime:0.000695s ]
[ sql ] [ SQL ] SELECT * FROM `men_product` WHERE  `recommend` = 1  AND `category` = '时尚地中海风格大扣线系列' ORDER BY id desc LIMIT 4 [ RunTime:0.000314s ]

---------------------------------------------------------------
[ 2018-01-27T15:22:01+08:00 ] 172.17.195.153 183.214.169.61 POST /index/index/xl.html
[ sql ] [ DB ] CONNECT:[ UseTime:0.000257s ] mysql:dbname=xinchu;host=localhost;port=3306;charset=utf8
[ sql ] [ SQL ] SHOW COLUMNS FROM `men_product` [ RunTime:0.000656s ]
[ sql ] [ SQL ] SELECT * FROM `men_product` WHERE  `recommend` = 1  AND `category` = '雨丝浮雕系列' ORDER BY id desc LIMIT 4 [ RunTime:0.000273s ]

---------------------------------------------------------------
[ 2018-01-27T15:22:11+08:00 ] 172.17.195.153 183.214.29.61 POST /index/index/xl.html
[ sql ] [ DB ] CONNECT:[ UseTime:0.000228s ] mysql:dbname=xinchu;host=localhost;port=3306;charset=utf8
[ sql ] [ SQL ] SHOW COLUMNS FROM `men_product` [ RunTime:0.000676s ]
[ sql ] [ SQL ] SELECT * FROM `men_product` WHERE  `recommend` = 1  AND `category` = '原木生活系列' ORDER BY id desc LIMIT 4 [ RunTime:0.000298s ]

---------------------------------------------------------------
[ 2018-01-27T15:22:13+08:00 ] 172.17.195.153 183.214.169.61 POST /index/index/xl.html
[ sql ] [ DB ] CONNECT:[ UseTime:0.000226s ] mysql:dbname=xinchu;host=localhost;port=3306;charset=utf8
[ sql ] [ SQL ] SHOW COLUMNS FROM `men_product` [ RunTime:0.000684s ]
[ sql ] [ SQL ] SELECT * FROM `men_product` WHERE  `recommend` = 1  AND `category` = '其他系列' ORDER BY id desc LIMIT 4 [ RunTime:0.000279s ]

---------------------------------------------------------------
[ 2018-01-27T15:22:16+08:00 ] 172.17.195.153 183.214.169.61 POST /index/index/xl.html
[ sql ] [ DB ] CONNECT:[ UseTime:0.000249s ] mysql:dbname=xinchu;host=localhost;port=3306;charset=utf8
[ sql ] [ SQL ] SHOW COLUMNS FROM `men_product` [ RunTime:0.000672s ]
[ sql ] [ SQL ] SELECT * FROM `men_product` WHERE  `recommend` = 1  AND `category` = '反凹凸系列' ORDER BY id desc LIMIT 4 [ RunTime:0.000285s ]

---------------------------------------------------------------
[ 2018-01-27T15:23:00+08:00 ] 172.17.195.153 220.168.209.130 GET /index/index/enjoy.html
[ sql ] [ DB ] CONNECT:[ UseTime:0.000313s ] mysql:dbname=xinchu;host=localhost;port=3306;charset=utf8
[ sql ] [ SQL ] SHOW COLUMNS FROM `men_ads` [ RunTime:0.000908s ]
[ sql ] [ SQL ] SELECT * FROM `men_ads` [ RunTime:0.000241s ]
[ sql ] [ SQL ] SHOW COLUMNS FROM `men_series` [ RunTime:0.000602s ]
[ sql ] [ SQL ] SELECT * FROM `men_series` [ RunTime:0.000198s ]
[ sql ] [ SQL ] SELECT * FROM `men_series` LIMIT 1 [ RunTime:0.000201s ]
[ sql ] [ SQL ] SHOW COLUMNS FROM `men_product` [ RunTime:0.000679s ]
[ sql ] [ SQL ] SELECT * FROM `men_product` WHERE  `category` = '反凹凸系列' [ RunTime:0.000291s ]
[ sql ] [ SQL ] SHOW COLUMNS FROM `men_link` [ RunTime:0.000668s ]
[ sql ] [ SQL ] SELECT * FROM `men_link` [ RunTime:0.000181s ]

---------------------------------------------------------------
[ 2018-01-27T15:23:24+08:00 ] 172.17.195.153 220.168.209.130 GET /index/index/enjoy.html?category=%E5%8F%8D%E5%87%B9%E5%87%B8%E7%B3%BB%E5%88%97
[ sql ] [ DB ] CONNECT:[ UseTime:0.000217s ] mysql:dbname=xinchu;host=localhost;port=3306;charset=utf8
[ sql ] [ SQL ] SHOW COLUMNS FROM `men_ads` [ RunTime:0.000662s ]
[ sql ] [ SQL ] SELECT * FROM `men_ads` [ RunTime:0.000165s ]
[ sql ] [ SQL ] SHOW COLUMNS FROM `men_series` [ RunTime:0.000501s ]
[ sql ] [ SQL ] SELECT * FROM `men_series` [ RunTime:0.000134s ]
[ sql ] [ SQL ] SELECT * FROM `men_series` LIMIT 1 [ RunTime:0.000120s ]
[ sql ] [ SQL ] SHOW COLUMNS FROM `men_product` [ RunTime:0.000469s ]
[ sql ] [ SQL ] SELECT * FROM `men_product` WHERE  `category` = '反凹凸系列' [ RunTime:0.000195s ]
[ sql ] [ SQL ] SHOW COLUMNS FROM `men_link` [ RunTime:0.000419s ]
[ sql ] [ SQL ] SELECT * FROM `men_link` [ RunTime:0.000129s ]

---------------------------------------------------------------
[ 2018-01-27T15:23:26+08:00 ] 172.17.195.153 220.168.209.130 GET /index/index/enjoy.html?category=%E4%BB%BF%E5%AE%9E%E6%9C%A8%E6%B7%B1%E6%8B%89%E4%BC%B8%E7%B3%BB%E5%88%97
[ sql ] [ DB ] CONNECT:[ UseTime:0.000236s ] mysql:dbname=xinchu;host=localhost;port=3306;charset=utf8
[ sql ] [ SQL ] SHOW COLUMNS FROM `men_ads` [ RunTime:0.000725s ]
[ sql ] [ SQL ] SELECT * FROM `men_ads` [ RunTime:0.000195s ]
[ sql ] [ SQL ] SHOW COLUMNS FROM `men_series` [ RunTime:0.000491s ]
[ sql ] [ SQL ] SELECT * FROM `men_series` [ RunTime:0.000158s ]
[ sql ] [ SQL ] SELECT * FROM `men_series` LIMIT 1 [ RunTime:0.000120s ]
[ sql ] [ SQL ] SHOW COLUMNS FROM `men_product` [ RunTime:0.000458s ]
[ sql ] [ SQL ] SELECT * FROM `men_product` WHERE  `category` = '仿实木深拉伸系列' [ RunTime:0.000228s ]
[ sql ] [ SQL ] SHOW COLUMNS FROM `men_link` [ RunTime:0.000426s ]
[ sql ] [ SQL ] SELECT * FROM `men_link` [ RunTime:0.000143s ]

---------------------------------------------------------------
[ 2018-01-27T15:23:37+08:00 ] 172.17.195.153 220.168.209.130 GET /index/index/enjoy.html?category=%E7%94%9F%E6%80%81%E7%83%A4%E6%BC%86%E6%9C%A8%E9%97%A8%E7%B3%BB%E5%88%97
[ sql ] [ DB ] CONNECT:[ UseTime:0.000243s ] mysql:dbname=xinchu;host=localhost;port=3306;charset=utf8
[ sql ] [ SQL ] SHOW COLUMNS FROM `men_ads` [ RunTime:0.001816s ]
[ sql ] [ SQL ] SELECT * FROM `men_ads` [ RunTime:0.000224s ]
[ sql ] [ SQL ] SHOW COLUMNS FROM `men_series` [ RunTime:0.000423s ]
[ sql ] [ SQL ] SELECT * FROM `men_series` [ RunTime:0.000139s ]
[ sql ] [ SQL ] SELECT * FROM `men_series` LIMIT 1 [ RunTime:0.000108s ]
[ sql ] [ SQL ] SHOW COLUMNS FROM `men_product` [ RunTime:0.000484s ]
[ sql ] [ SQL ] SELECT * FROM `men_product` WHERE  `category` = '生态烤漆木门系列' [ RunTime:0.000203s ]
[ sql ] [ SQL ] SHOW COLUMNS FROM `men_link` [ RunTime:0.000390s ]
[ sql ] [ SQL ] SELECT * FROM `men_link` [ RunTime:0.000127s ]

---------------------------------------------------------------
[ 2018-01-27T16:03:18+08:00 ] 172.17.195.153 183.214.29.61 POST /index/index/xl.html
[ sql ] [ DB ] CONNECT:[ UseTime:0.000334s ] mysql:dbname=xinchu;host=localhost;port=3306;charset=utf8
[ sql ] [ SQL ] SHOW COLUMNS FROM `men_product` [ RunTime:0.000923s ]
[ sql ] [ SQL ] SELECT * FROM `men_product` WHERE  `recommend` = 1  AND `category` = '时尚地中海风格大扣线系列' ORDER BY id desc LIMIT 4 [ RunTime:0.000401s ]

---------------------------------------------------------------
[ 2018-01-27T16:03:19+08:00 ] 172.17.195.153 183.214.29.61 POST /index/index/xl.html
[ sql ] [ DB ] CONNECT:[ UseTime:0.000334s ] mysql:dbname=xinchu;host=localhost;port=3306;charset=utf8
[ sql ] [ SQL ] SHOW COLUMNS FROM `men_product` [ RunTime:0.000693s ]
[ sql ] [ SQL ] SELECT * FROM `men_product` WHERE  `recommend` = 1  AND `category` = '时尚地中海风格大扣线系列' ORDER BY id desc LIMIT 4 [ RunTime:0.000288s ]

---------------------------------------------------------------
[ 2018-01-27T16:03:20+08:00 ] 172.17.195.153 183.214.29.61 POST /index/index/xl.html
[ sql ] [ DB ] CONNECT:[ UseTime:0.000248s ] mysql:dbname=xinchu;host=localhost;port=3306;charset=utf8
[ sql ] [ SQL ] SHOW COLUMNS FROM `men_product` [ RunTime:0.000639s ]
[ sql ] [ SQL ] SELECT * FROM `men_product` WHERE  `recommend` = 1  AND `category` = '象牙白系列' ORDER BY id desc LIMIT 4 [ RunTime:0.000299s ]

---------------------------------------------------------------
[ 2018-01-27T16:03:25+08:00 ] 172.17.195.153 183.214.29.61 POST /index/index/xl.html
[ sql ] [ DB ] CONNECT:[ UseTime:0.000272s ] mysql:dbname=xinchu;host=localhost;port=3306;charset=utf8
[ sql ] [ SQL ] SHOW COLUMNS FROM `men_product` [ RunTime:0.000705s ]
[ sql ] [ SQL ] SELECT * FROM `men_product` WHERE  `recommend` = 1  AND `category` = '象牙白系列' ORDER BY id desc LIMIT 4 [ RunTime:0.000289s ]

---------------------------------------------------------------
[ 2018-01-27T16:03:30+08:00 ] 172.17.195.153 183.214.29.61 POST /index/index/xl.html
[ sql ] [ DB ] CONNECT:[ UseTime:0.000230s ] mysql:dbname=xinchu;host=localhost;port=3306;charset=utf8
[ sql ] [ SQL ] SHOW COLUMNS FROM `men_product` [ RunTime:0.000663s ]
[ sql ] [ SQL ] SELECT * FROM `men_product` WHERE  `recommend` = 1  AND `category` = '象牙白系列' ORDER BY id desc LIMIT 4 [ RunTime:0.000294s ]

---------------------------------------------------------------
[ 2018-01-27T16:03:31+08:00 ] 172.17.195.153 183.214.29.61 POST /index/index/xl.html
[ sql ] [ DB ] CONNECT:[ UseTime:0.000248s ] mysql:dbname=xinchu;host=localhost;port=3306;charset=utf8
[ sql ] [ SQL ] SHOW COLUMNS FROM `men_product` [ RunTime:0.000676s ]
[ sql ] [ SQL ] SELECT * FROM `men_product` WHERE  `recommend` = 1  AND `category` = '雨丝浮雕系列' ORDER BY id desc LIMIT 4 [ RunTime:0.000281s ]

---------------------------------------------------------------
[ 2018-01-27T16:03:40+08:00 ] 172.17.195.153 183.214.29.61 POST /index/index/xl.html
[ sql ] [ DB ] CONNECT:[ UseTime:0.000272s ] mysql:dbname=xinchu;host=localhost;port=3306;charset=utf8
[ sql ] [ SQL ] SHOW COLUMNS FROM `men_product` [ RunTime:0.000681s ]
[ sql ] [ SQL ] SELECT * FROM `men_product` WHERE  `recommend` = 1  AND `category` = '原木生活系列' ORDER BY id desc LIMIT 4 [ RunTime:0.000291s ]

---------------------------------------------------------------
[ 2018-01-27T16:11:47+08:00 ] 172.17.195.153 220.168.209.130 GET /index/index/enjoy.html?category=%E7%94%9F%E6%80%81%E7%83%A4%E6%BC%86%E6%9C%A8%E9%97%A8%E7%B3%BB%E5%88%97
[ sql ] [ DB ] CONNECT:[ UseTime:0.000273s ] mysql:dbname=xinchu;host=localhost;port=3306;charset=utf8
[ sql ] [ SQL ] SHOW COLUMNS FROM `men_ads` [ RunTime:0.001042s ]
[ sql ] [ SQL ] SELECT * FROM `men_ads` [ RunTime:0.000263s ]
[ sql ] [ SQL ] SHOW COLUMNS FROM `men_series` [ RunTime:0.000649s ]
[ sql ] [ SQL ] SELECT * FROM `men_series` [ RunTime:0.000185s ]
[ sql ] [ SQL ] SELECT * FROM `men_series` LIMIT 1 [ RunTime:0.000192s ]
[ sql ] [ SQL ] SHOW COLUMNS FROM `men_product` [ RunTime:0.000707s ]
[ sql ] [ SQL ] SELECT * FROM `men_product` WHERE  `category` = '生态烤漆木门系列' [ RunTime:0.000276s ]
[ sql ] [ SQL ] SHOW COLUMNS FROM `men_link` [ RunTime:0.000593s ]
[ sql ] [ SQL ] SELECT * FROM `men_link` [ RunTime:0.000199s ]

---------------------------------------------------------------
[ 2018-01-27T16:11:50+08:00 ] 172.17.195.153 220.168.209.130 GET /index/index/enjoy.html?category=%E8%B1%A1%E7%89%99%E7%99%BD%E7%B3%BB%E5%88%97
[ sql ] [ DB ] CONNECT:[ UseTime:0.000310s ] mysql:dbname=xinchu;host=localhost;port=3306;charset=utf8
[ sql ] [ SQL ] SHOW COLUMNS FROM `men_ads` [ RunTime:0.000639s ]
[ sql ] [ SQL ] SELECT * FROM `men_ads` [ RunTime:0.000193s ]
[ sql ] [ SQL ] SHOW COLUMNS FROM `men_series` [ RunTime:0.000455s ]
[ sql ] [ SQL ] SELECT * FROM `men_series` [ RunTime:0.000142s ]
[ sql ] [ SQL ] SELECT * FROM `men_series` LIMIT 1 [ RunTime:0.000102s ]
[ sql ] [ SQL ] SHOW COLUMNS FROM `men_product` [ RunTime:0.000465s ]
[ sql ] [ SQL ] SELECT * FROM `men_product` WHERE  `category` = '象牙白系列' [ RunTime:0.000202s ]
[ sql ] [ SQL ] SHOW COLUMNS FROM `men_link` [ RunTime:0.000415s ]
[ sql ] [ SQL ] SELECT * FROM `men_link` [ RunTime:0.000152s ]

---------------------------------------------------------------
[ 2018-01-27T16:11:57+08:00 ] 172.17.195.153 220.168.209.130 GET /index/index/enjoy.html?category=%E8%BD%BB%E5%A5%A2%E6%BC%86%E8%B4%A8%E7%B3%BB%E5%88%97
[ sql ] [ DB ] CONNECT:[ UseTime:0.000224s ] mysql:dbname=xinchu;host=localhost;port=3306;charset=utf8
[ sql ] [ SQL ] SHOW COLUMNS FROM `men_ads` [ RunTime:0.000669s ]
[ sql ] [ SQL ] SELECT * FROM `men_ads` [ RunTime:0.000159s ]
[ sql ] [ SQL ] SHOW COLUMNS FROM `men_series` [ RunTime:0.000441s ]
[ sql ] [ SQL ] SELECT * FROM `men_series` [ RunTime:0.000129s ]
[ sql ] [ SQL ] SELECT * FROM `men_series` LIMIT 1 [ RunTime:0.000101s ]
[ sql ] [ SQL ] SHOW COLUMNS FROM `men_product` [ RunTime:0.000572s ]
[ sql ] [ SQL ] SELECT * FROM `men_product` WHERE  `category` = '轻奢漆质系列' [ RunTime:0.000251s ]
[ sql ] [ SQL ] SHOW COLUMNS FROM `men_link` [ RunTime:0.000421s ]
[ sql ] [ SQL ] SELECT * FROM `men_link` [ RunTime:0.000121s ]

---------------------------------------------------------------
[ 2018-01-27T16:12:01+08:00 ] 172.17.195.153 220.168.209.130 GET /index/index/news.html
[ sql ] [ DB ] CONNECT:[ UseTime:0.000331s ] mysql:dbname=xinchu;host=localhost;port=3306;charset=utf8
[ sql ] [ SQL ] SHOW COLUMNS FROM `men_ads` [ RunTime:0.000980s ]
[ sql ] [ SQL ] SELECT * FROM `men_ads` [ RunTime:0.000256s ]
[ sql ] [ SQL ] SHOW COLUMNS FROM `men_link` [ RunTime:0.000670s ]
[ sql ] [ SQL ] SELECT * FROM `men_link` [ RunTime:0.000217s ]
[ sql ] [ SQL ] SHOW COLUMNS FROM `men_news` [ RunTime:0.000657s ]
[ sql ] [ SQL ] SELECT COUNT(*) AS tp_count FROM `men_news` LIMIT 1 [ RunTime:0.000204s ]
[ sql ] [ SQL ] SELECT * FROM `men_news` ORDER BY id desc LIMIT 0,4 [ RunTime:0.000216s ]

---------------------------------------------------------------
[ 2018-01-27T16:12:13+08:00 ] 172.17.195.153 220.168.209.130 GET /index/index/contact.html
[ sql ] [ DB ] CONNECT:[ UseTime:0.000275s ] mysql:dbname=xinchu;host=localhost;port=3306;charset=utf8
[ sql ] [ SQL ] SHOW COLUMNS FROM `men_ads` [ RunTime:0.000874s ]
[ sql ] [ SQL ] SELECT * FROM `men_ads` [ RunTime:0.000201s ]
[ sql ] [ SQL ] SHOW COLUMNS FROM `men_link` [ RunTime:0.000729s ]
[ sql ] [ SQL ] SELECT * FROM `men_link` [ RunTime:0.000187s ]
[ sql ] [ SQL ] SHOW COLUMNS FROM `men_profile` [ RunTime:0.000669s ]
[ sql ] [ SQL ] SELECT * FROM `men_profile` LIMIT 1 [ RunTime:0.000162s ]

---------------------------------------------------------------
[ 2018-01-27T16:29:19+08:00 ] 172.17.195.153 183.214.29.61 POST /index/index/xl.html
[ sql ] [ DB ] CONNECT:[ UseTime:0.000310s ] mysql:dbname=xinchu;host=localhost;port=3306;charset=utf8
[ sql ] [ SQL ] SHOW COLUMNS FROM `men_product` [ RunTime:0.000957s ]
[ sql ] [ SQL ] SELECT * FROM `men_product` WHERE  `recommend` = 1  AND `category` = '仿实木深拉伸系列' ORDER BY id desc LIMIT 4 [ RunTime:0.000412s ]

---------------------------------------------------------------
[ 2018-01-27T16:29:30+08:00 ] 172.17.195.153 183.214.29.61 POST /index/index/xl.html
[ sql ] [ DB ] CONNECT:[ UseTime:0.000258s ] mysql:dbname=xinchu;host=localhost;port=3306;charset=utf8
[ sql ] [ SQL ] SHOW COLUMNS FROM `men_product` [ RunTime:0.001721s ]
[ sql ] [ SQL ] SELECT * FROM `men_product` WHERE  `recommend` = 1  AND `category` = '轻奢漆质系列' ORDER BY id desc LIMIT 4 [ RunTime:0.000295s ]

---------------------------------------------------------------
[ 2018-01-27T16:29:36+08:00 ] 172.17.195.153 183.214.169.61 POST /index/index/xl.html
[ sql ] [ DB ] CONNECT:[ UseTime:0.000377s ] mysql:dbname=xinchu;host=localhost;port=3306;charset=utf8
[ sql ] [ SQL ] SHOW COLUMNS FROM `men_product` [ RunTime:0.000667s ]
[ sql ] [ SQL ] SELECT * FROM `men_product` WHERE  `recommend` = 1  AND `category` = '反凹凸系列' ORDER BY id desc LIMIT 4 [ RunTime:0.000306s ]

---------------------------------------------------------------
[ 2018-01-27T16:29:38+08:00 ] 172.17.195.153 183.214.169.61 POST /index/index/xl.html
[ sql ] [ DB ] CONNECT:[ UseTime:0.000226s ] mysql:dbname=xinchu;host=localhost;port=3306;charset=utf8
[ sql ] [ SQL ] SHOW COLUMNS FROM `men_product` [ RunTime:0.000658s ]
[ sql ] [ SQL ] SELECT * FROM `men_product` WHERE  `recommend` = 1  AND `category` = '生态烤漆木门系列' ORDER BY id desc LIMIT 4 [ RunTime:0.000300s ]

---------------------------------------------------------------
[ 2018-01-27T16:29:51+08:00 ] 172.17.195.153 183.214.169.61 POST /index/index/xl.html
[ sql ] [ DB ] CONNECT:[ UseTime:0.000239s ] mysql:dbname=xinchu;host=localhost;port=3306;charset=utf8
[ sql ] [ SQL ] SHOW COLUMNS FROM `men_product` [ RunTime:0.000657s ]
[ sql ] [ SQL ] SELECT * FROM `men_product` WHERE  `recommend` = 1  AND `category` = '全新隐反凸深拉伸系列' ORDER BY id desc LIMIT 4 [ RunTime:0.000306s ]

---------------------------------------------------------------
[ 2018-01-27T16:30:01+08:00 ] 172.17.195.153 183.214.29.61 POST /index/index/xl.html
[ sql ] [ DB ] CONNECT:[ UseTime:0.000375s ] mysql:dbname=xinchu;host=localhost;port=3306;charset=utf8
[ sql ] [ SQL ] SHOW COLUMNS FROM `men_product` [ RunTime:0.001131s ]
[ sql ] [ SQL ] SELECT * FROM `men_product` WHERE  `recommend` = 1  AND `category` = '象牙白系列' ORDER BY id desc LIMIT 4 [ RunTime:0.000402s ]

---------------------------------------------------------------
[ 2018-01-27T16:30:02+08:00 ] 172.17.195.153 183.214.29.61 POST /index/index/xl.html
[ sql ] [ DB ] CONNECT:[ UseTime:0.000330s ] mysql:dbname=xinchu;host=localhost;port=3306;charset=utf8
[ sql ] [ SQL ] SHOW COLUMNS FROM `men_product` [ RunTime:0.001051s ]
[ sql ] [ SQL ] SELECT * FROM `men_product` WHERE  `recommend` = 1  AND `category` = '雨丝浮雕系列' ORDER BY id desc LIMIT 4 [ RunTime:0.000409s ]

---------------------------------------------------------------
[ 2018-01-27T16:30:02+08:00 ] 172.17.195.153 47.93.90.175 GET /
[ sql ] [ DB ] CONNECT:[ UseTime:0.000300s ] mysql:dbname=xinchu;host=localhost;port=3306;charset=utf8
[ sql ] [ SQL ] SHOW COLUMNS FROM `men_ads` [ RunTime:0.000881s ]
[ sql ] [ SQL ] SELECT * FROM `men_ads` [ RunTime:0.000247s ]
[ sql ] [ SQL ] SHOW COLUMNS FROM `men_series` [ RunTime:0.000683s ]
[ sql ] [ SQL ] SELECT * FROM `men_series` [ RunTime:0.000169s ]
[ sql ] [ SQL ] SHOW COLUMNS FROM `men_news` [ RunTime:0.000532s ]
[ sql ] [ SQL ] SELECT * FROM `men_news` [ RunTime:0.000176s ]
[ sql ] [ SQL ] SELECT * FROM `men_series` LIMIT 1 [ RunTime:0.000131s ]
[ sql ] [ SQL ] SHOW COLUMNS FROM `men_product` [ RunTime:0.000574s ]
[ sql ] [ SQL ] SELECT * FROM `men_product` WHERE  `recommend` = 1  AND `category` = '反凹凸系列' ORDER BY id desc LIMIT 4 [ RunTime:0.000289s ]
[ sql ] [ SQL ] SHOW COLUMNS FROM `men_quality` [ RunTime:0.000688s ]
[ sql ] [ SQL ] SELECT * FROM `men_quality` ORDER BY id desc [ RunTime:0.000148s ]
[ sql ] [ SQL ] SELECT * FROM `men_quality` WHERE  `id` = 12 LIMIT 1 [ RunTime:0.000208s ]
[ sql ] [ SQL ] SELECT * FROM `men_quality` WHERE  `id` = 11 LIMIT 1 [ RunTime:0.000158s ]
[ sql ] [ SQL ] SELECT * FROM `men_quality` WHERE  `id` = 10 LIMIT 1 [ RunTime:0.000214s ]
[ sql ] [ SQL ] SELECT * FROM `men_news` ORDER BY id desc LIMIT 8 [ RunTime:0.000229s ]
[ sql ] [ SQL ] SHOW COLUMNS FROM `men_link` [ RunTime:0.000638s ]
[ sql ] [ SQL ] SELECT * FROM `men_link` [ RunTime:0.000208s ]

---------------------------------------------------------------
[ 2018-01-27T16:30:04+08:00 ] 172.17.195.153 183.214.29.61 POST /index/index/xl.html
[ sql ] [ DB ] CONNECT:[ UseTime:0.000226s ] mysql:dbname=xinchu;host=localhost;port=3306;charset=utf8
[ sql ] [ SQL ] SHOW COLUMNS FROM `men_product` [ RunTime:0.000658s ]
[ sql ] [ SQL ] SELECT * FROM `men_product` WHERE  `recommend` = 1  AND `category` = '原木生活系列' ORDER BY id desc LIMIT 4 [ RunTime:0.000299s ]

---------------------------------------------------------------
[ 2018-01-27T16:30:06+08:00 ] 172.17.195.153 183.214.29.61 POST /index/index/xl.html
[ sql ] [ DB ] CONNECT:[ UseTime:0.000316s ] mysql:dbname=xinchu;host=localhost;port=3306;charset=utf8
[ sql ] [ SQL ] SHOW COLUMNS FROM `men_product` [ RunTime:0.000892s ]
[ sql ] [ SQL ] SELECT * FROM `men_product` WHERE  `recommend` = 1  AND `category` = '仿实木深拉伸系列' ORDER BY id desc LIMIT 4 [ RunTime:0.000389s ]

---------------------------------------------------------------
[ 2018-01-27T16:30:08+08:00 ] 172.17.195.153 183.214.29.61 POST /index/index/xl.html
[ sql ] [ DB ] CONNECT:[ UseTime:0.000261s ] mysql:dbname=xinchu;host=localhost;port=3306;charset=utf8
[ sql ] [ SQL ] SHOW COLUMNS FROM `men_product` [ RunTime:0.000699s ]
[ sql ] [ SQL ] SELECT * FROM `men_product` WHERE  `recommend` = 1  AND `category` = '反凹凸系列' ORDER BY id desc LIMIT 4 [ RunTime:0.000290s ]

---------------------------------------------------------------
[ 2018-01-27T16:30:09+08:00 ] 172.17.195.153 183.214.29.61 POST /index/index/xl.html
[ sql ] [ DB ] CONNECT:[ UseTime:0.000243s ] mysql:dbname=xinchu;host=localhost;port=3306;charset=utf8
[ sql ] [ SQL ] SHOW COLUMNS FROM `men_product` [ RunTime:0.000645s ]
[ sql ] [ SQL ] SELECT * FROM `men_product` WHERE  `recommend` = 1  AND `category` = '轻奢漆质系列' ORDER BY id desc LIMIT 4 [ RunTime:0.000272s ]

---------------------------------------------------------------
[ 2018-01-27T16:30:10+08:00 ] 172.17.195.153 183.214.29.61 POST /index/index/xl.html
[ sql ] [ DB ] CONNECT:[ UseTime:0.000228s ] mysql:dbname=xinchu;host=localhost;port=3306;charset=utf8
[ sql ] [ SQL ] SHOW COLUMNS FROM `men_product` [ RunTime:0.000679s ]
[ sql ] [ SQL ] SELECT * FROM `men_product` WHERE  `recommend` = 1  AND `category` = '全新隐反凸深拉伸系列' ORDER BY id desc LIMIT 4 [ RunTime:0.000290s ]

---------------------------------------------------------------
[ 2018-01-27T16:30:12+08:00 ] 172.17.195.153 183.214.29.61 POST /index/index/xl.html
[ sql ] [ DB ] CONNECT:[ UseTime:0.000305s ] mysql:dbname=xinchu;host=localhost;port=3306;charset=utf8
[ sql ] [ SQL ] SHOW COLUMNS FROM `men_product` [ RunTime:0.000902s ]
[ sql ] [ SQL ] SELECT * FROM `men_product` WHERE  `recommend` = 1  AND `category` = '生态烤漆木门系列' ORDER BY id desc LIMIT 4 [ RunTime:0.000401s ]

---------------------------------------------------------------
[ 2018-01-27T16:30:13+08:00 ] 172.17.195.153 183.214.29.61 POST /index/index/xl.html
[ sql ] [ DB ] CONNECT:[ UseTime:0.000260s ] mysql:dbname=xinchu;host=localhost;port=3306;charset=utf8
[ sql ] [ SQL ] SHOW COLUMNS FROM `men_product` [ RunTime:0.000650s ]
[ sql ] [ SQL ] SELECT * FROM `men_product` WHERE  `recommend` = 1  AND `category` = '时尚地中海风格大扣线系列' ORDER BY id desc LIMIT 4 [ RunTime:0.000285s ]

---------------------------------------------------------------
[ 2018-01-27T16:30:15+08:00 ] 172.17.195.153 183.214.29.61 POST /index/index/xl.html
[ sql ] [ DB ] CONNECT:[ UseTime:0.000279s ] mysql:dbname=xinchu;host=localhost;port=3306;charset=utf8
[ sql ] [ SQL ] SHOW COLUMNS FROM `men_product` [ RunTime:0.000887s ]
[ sql ] [ SQL ] SELECT * FROM `men_product` WHERE  `recommend` = 1  AND `category` = '象牙白系列' ORDER BY id desc LIMIT 4 [ RunTime:0.000350s ]

---------------------------------------------------------------
[ 2018-01-27T16:30:17+08:00 ] 172.17.195.153 183.214.29.61 POST /index/index/xl.html
[ sql ] [ DB ] CONNECT:[ UseTime:0.000226s ] mysql:dbname=xinchu;host=localhost;port=3306;charset=utf8
[ sql ] [ SQL ] SHOW COLUMNS FROM `men_product` [ RunTime:0.001756s ]
[ sql ] [ SQL ] SELECT * FROM `men_product` WHERE  `recommend` = 1  AND `category` = '雨丝浮雕系列' ORDER BY id desc LIMIT 4 [ RunTime:0.000309s ]

---------------------------------------------------------------
[ 2018-01-27T16:30:19+08:00 ] 172.17.195.153 183.214.29.61 POST /index/index/xl.html
[ sql ] [ DB ] CONNECT:[ UseTime:0.000242s ] mysql:dbname=xinchu;host=localhost;port=3306;charset=utf8
[ sql ] [ SQL ] SHOW COLUMNS FROM `men_product` [ RunTime:0.000678s ]
[ sql ] [ SQL ] SELECT * FROM `men_product` WHERE  `recommend` = 1  AND `category` = '原木生活系列' ORDER BY id desc LIMIT 4 [ RunTime:0.000296s ]

---------------------------------------------------------------
[ 2018-01-27T16:30:23+08:00 ] 172.17.195.153 183.214.29.61 POST /index/index/xl.html
[ sql ] [ DB ] CONNECT:[ UseTime:0.000266s ] mysql:dbname=xinchu;host=localhost;port=3306;charset=utf8
[ sql ] [ SQL ] SHOW COLUMNS FROM `men_product` [ RunTime:0.000676s ]
[ sql ] [ SQL ] SELECT * FROM `men_product` WHERE  `recommend` = 1  AND `category` = '其他系列' ORDER BY id desc LIMIT 4 [ RunTime:0.000278s ]

---------------------------------------------------------------
[ 2018-01-27T16:49:23+08:00 ] 172.17.195.153 123.125.71.92 GET /
[ sql ] [ DB ] CONNECT:[ UseTime:0.000321s ] mysql:dbname=xinchu;host=localhost;port=3306;charset=utf8
[ sql ] [ SQL ] SHOW COLUMNS FROM `men_ads` [ RunTime:0.000655s ]
[ sql ] [ SQL ] SELECT * FROM `men_ads` [ RunTime:0.000188s ]
[ sql ] [ SQL ] SHOW COLUMNS FROM `men_series` [ RunTime:0.000403s ]
[ sql ] [ SQL ] SELECT * FROM `men_series` [ RunTime:0.000150s ]
[ sql ] [ SQL ] SHOW COLUMNS FROM `men_news` [ RunTime:0.000428s ]
[ sql ] [ SQL ] SELECT * FROM `men_news` [ RunTime:0.000126s ]
[ sql ] [ SQL ] SELECT * FROM `men_series` LIMIT 1 [ RunTime:0.000103s ]
[ sql ] [ SQL ] SHOW COLUMNS FROM `men_product` [ RunTime:0.000427s ]
[ sql ] [ SQL ] SELECT * FROM `men_product` WHERE  `recommend` = 1  AND `category` = '反凹凸系列' ORDER BY id desc LIMIT 4 [ RunTime:0.000250s ]
[ sql ] [ SQL ] SHOW COLUMNS FROM `men_quality` [ RunTime:0.000423s ]
[ sql ] [ SQL ] SELECT * FROM `men_quality` ORDER BY id desc [ RunTime:0.000125s ]
[ sql ] [ SQL ] SELECT * FROM `men_quality` WHERE  `id` = 12 LIMIT 1 [ RunTime:0.000152s ]
[ sql ] [ SQL ] SELECT * FROM `men_quality` WHERE  `id` = 11 LIMIT 1 [ RunTime:0.000146s ]
[ sql ] [ SQL ] SELECT * FROM `men_quality` WHERE  `id` = 10 LIMIT 1 [ RunTime:0.000121s ]
[ sql ] [ SQL ] SELECT * FROM `men_news` ORDER BY id desc LIMIT 8 [ RunTime:0.000116s ]
[ sql ] [ SQL ] SHOW COLUMNS FROM `men_link` [ RunTime:0.000430s ]
[ sql ] [ SQL ] SELECT * FROM `men_link` [ RunTime:0.000123s ]

---------------------------------------------------------------
