[ 2017-11-04T19:25:20+08:00 ] ::1 ::1 GET /xiangmu/public/index
[ log ] localhost/xiangmu/public/index [运行时间：0.351020s][吞吐率：2.85req/s] [内存消耗：1,324.07kb] [文件加载：39]
[ info ] [ LANG ] G:\wamp\www\xiangmu\thinkphp\lang\zh-cn.php
[ info ] [ ROUTE ] array (
  'type' => 'module',
  'module' => 
  array (
    0 => 'index',
    1 => NULL,
    2 => NULL,
  ),
)
[ info ] [ HEADER ] array (
  'host' => 'localhost',
  'connection' => 'keep-alive',
  'user-agent' => 'Mozilla/5.0 (Windows NT 6.1; WOW64) AppleWebKit/537.36 (KHTML, like Gecko) Chrome/62.0.3202.75 Safari/537.36',
  'upgrade-insecure-requests' => '1',
  'accept' => 'text/html,application/xhtml+xml,application/xml;q=0.9,image/webp,image/apng,*/*;q=0.8',
  'accept-encoding' => 'gzip, deflate, br',
  'accept-language' => 'zh-CN,zh;q=0.9,ja;q=0.8',
  'cookie' => 'pgv_pvi=4656165888; Phpstorm-d94e29df=073d5d47-d625-471e-98d5-737a35e21801; Huiskin=default',
)
[ info ] [ PARAM ] array (
)
[ info ] [ RUN ] app\index\controller\Index->index[ G:\wamp\www\xiangmu\application\index\controller\Index.php ]
[ info ] [ LOG ] INIT File

---------------------------------------------------------------
[ 2017-11-04T19:25:41+08:00 ] ::1 ::1 GET /xiangmu/public/index.php/index
[ log ] localhost/xiangmu/public/index.php/index [运行时间：0.232014s][吞吐率：4.31req/s] [内存消耗：1,324.05kb] [文件加载：39]
[ info ] [ LANG ] G:\wamp\www\xiangmu\thinkphp\lang\zh-cn.php
[ info ] [ ROUTE ] array (
  'type' => 'module',
  'module' => 
  array (
    0 => 'index',
    1 => NULL,
    2 => NULL,
  ),
)
[ info ] [ HEADER ] array (
  'host' => 'localhost',
  'connection' => 'keep-alive',
  'user-agent' => 'Mozilla/5.0 (Windows NT 6.1; WOW64) AppleWebKit/537.36 (KHTML, like Gecko) Chrome/62.0.3202.75 Safari/537.36',
  'upgrade-insecure-requests' => '1',
  'accept' => 'text/html,application/xhtml+xml,application/xml;q=0.9,image/webp,image/apng,*/*;q=0.8',
  'accept-encoding' => 'gzip, deflate, br',
  'accept-language' => 'zh-CN,zh;q=0.9,ja;q=0.8',
  'cookie' => 'pgv_pvi=4656165888; Phpstorm-d94e29df=073d5d47-d625-471e-98d5-737a35e21801; Huiskin=default',
)
[ info ] [ PARAM ] array (
)
[ info ] [ RUN ] app\index\controller\Index->index[ G:\wamp\www\xiangmu\application\index\controller\Index.php ]
[ info ] [ LOG ] INIT File

---------------------------------------------------------------
[ 2017-11-04T19:36:22+08:00 ] ::1 ::1 GET /xiangmu/public/index.php/index
[ log ] localhost/xiangmu/public/index.php/index [运行时间：0.176010s][吞吐率：5.68req/s] [内存消耗：1,324.18kb] [文件加载：39]
[ info ] [ LANG ] G:\wamp\www\xiangmu\thinkphp\lang\zh-cn.php
[ info ] [ ROUTE ] array (
  'type' => 'module',
  'module' => 
  array (
    0 => 'index',
    1 => NULL,
    2 => NULL,
  ),
)
[ info ] [ HEADER ] array (
  'host' => 'localhost',
  'connection' => 'keep-alive',
  'cache-control' => 'max-age=0',
  'user-agent' => 'Mozilla/5.0 (Windows NT 6.1; WOW64) AppleWebKit/537.36 (KHTML, like Gecko) Chrome/62.0.3202.75 Safari/537.36',
  'upgrade-insecure-requests' => '1',
  'accept' => 'text/html,application/xhtml+xml,application/xml;q=0.9,image/webp,image/apng,*/*;q=0.8',
  'accept-encoding' => 'gzip, deflate, br',
  'accept-language' => 'zh-CN,zh;q=0.9,ja;q=0.8',
  'cookie' => 'pgv_pvi=4656165888; Phpstorm-d94e29df=073d5d47-d625-471e-98d5-737a35e21801; Huiskin=default',
)
[ info ] [ PARAM ] array (
)
[ info ] [ RUN ] app\index\controller\Index->index[ G:\wamp\www\xiangmu\application\index\controller\Index.php ]
[ info ] [ LOG ] INIT File

---------------------------------------------------------------
[ 2017-11-04T19:37:37+08:00 ] ::1 ::1 GET /xiangmu/public/index.php/index
[ log ] localhost/xiangmu/public/index.php/index [运行时间：0.600034s][吞吐率：1.67req/s] [内存消耗：1,781.89kb] [文件加载：44]
[ info ] [ LANG ] G:\wamp\www\xiangmu\thinkphp\lang\zh-cn.php
[ info ] [ ROUTE ] array (
  'type' => 'module',
  'module' => 
  array (
    0 => 'index',
    1 => NULL,
    2 => NULL,
  ),
)
[ info ] [ HEADER ] array (
  'host' => 'localhost',
  'connection' => 'keep-alive',
  'cache-control' => 'max-age=0',
  'user-agent' => 'Mozilla/5.0 (Windows NT 6.1; WOW64) AppleWebKit/537.36 (KHTML, like Gecko) Chrome/62.0.3202.75 Safari/537.36',
  'upgrade-insecure-requests' => '1',
  'accept' => 'text/html,application/xhtml+xml,application/xml;q=0.9,image/webp,image/apng,*/*;q=0.8',
  'accept-encoding' => 'gzip, deflate, br',
  'accept-language' => 'zh-CN,zh;q=0.9,ja;q=0.8',
  'cookie' => 'pgv_pvi=4656165888; Phpstorm-d94e29df=073d5d47-d625-471e-98d5-737a35e21801; Huiskin=default',
)
[ info ] [ PARAM ] array (
)
[ info ] [ RUN ] app\index\controller\Index->index[ G:\wamp\www\xiangmu\application\index\controller\Index.php ]
[ info ] [ VIEW ] G:\wamp\www\xiangmu\public/../application/index\view\index\index.html [ array (
) ]
[ info ] [ LOG ] INIT File

---------------------------------------------------------------
[ 2017-11-04T19:37:38+08:00 ] ::1 ::1 GET /xiangmu/public/index.php/images/men1.png
[ log ] localhost/xiangmu/public/index.php/images/men1.png [运行时间：0.328018s][吞吐率：3.05req/s] [内存消耗：1,307.85kb] [文件加载：37]
[ info ] [ LANG ] G:\wamp\www\xiangmu\thinkphp\lang\zh-cn.php
[ info ] [ ROUTE ] array (
  'type' => 'module',
  'module' => 
  array (
    0 => 'images',
    1 => 'men1.png',
    2 => NULL,
  ),
)
[ info ] [ HEADER ] array (
  'host' => 'localhost',
  'connection' => 'keep-alive',
  'user-agent' => 'Mozilla/5.0 (Windows NT 6.1; WOW64) AppleWebKit/537.36 (KHTML, like Gecko) Chrome/62.0.3202.75 Safari/537.36',
  'accept' => 'image/webp,image/apng,image/*,*/*;q=0.8',
  'referer' => 'http://localhost/xiangmu/public/index.php/index',
  'accept-encoding' => 'gzip, deflate, br',
  'accept-language' => 'zh-CN,zh;q=0.9,ja;q=0.8',
  'cookie' => 'pgv_pvi=4656165888; Phpstorm-d94e29df=073d5d47-d625-471e-98d5-737a35e21801; Huiskin=default',
)
[ info ] [ PARAM ] array (
)
[ info ] [ LOG ] INIT File

---------------------------------------------------------------
[ 2017-11-04T19:42:15+08:00 ] ::1 ::1 GET /xiangmu/public/index.php/index
[ log ] localhost/xiangmu/public/index.php/index [运行时间：0.297017s][吞吐率：3.37req/s] [内存消耗：1,850.87kb] [文件加载：45]
[ info ] [ LANG ] G:\wamp\www\xiangmu\thinkphp\lang\zh-cn.php
[ info ] [ ROUTE ] array (
  'type' => 'module',
  'module' => 
  array (
    0 => 'index',
    1 => NULL,
    2 => NULL,
  ),
)
[ info ] [ HEADER ] array (
  'host' => 'localhost',
  'connection' => 'keep-alive',
  'cache-control' => 'max-age=0',
  'upgrade-insecure-requests' => '1',
  'user-agent' => 'Mozilla/5.0 (Windows NT 6.1; WOW64) AppleWebKit/537.36 (KHTML, like Gecko) Chrome/62.0.3202.75 Safari/537.36',
  'accept' => 'text/html,application/xhtml+xml,application/xml;q=0.9,image/webp,image/apng,*/*;q=0.8',
  'accept-encoding' => 'gzip, deflate, br',
  'accept-language' => 'zh-CN,zh;q=0.9,ja;q=0.8',
  'cookie' => 'pgv_pvi=4656165888; Phpstorm-d94e29df=073d5d47-d625-471e-98d5-737a35e21801; Huiskin=default',
)
[ info ] [ PARAM ] array (
)
[ info ] [ RUN ] app\index\controller\Index->index[ G:\wamp\www\xiangmu\application\index\controller\Index.php ]
[ info ] [ VIEW ] G:\wamp\www\xiangmu\public/../application/index\view\index\index.html [ array (
) ]
[ info ] [ LOG ] INIT File

---------------------------------------------------------------
[ 2017-11-04T19:42:15+08:00 ] ::1 ::1 GET /xiangmu/public/index.php/images/men1.png
[ log ] localhost/xiangmu/public/index.php/images/men1.png [运行时间：0.141008s][吞吐率：7.09req/s] [内存消耗：1,307.85kb] [文件加载：37]
[ info ] [ LANG ] G:\wamp\www\xiangmu\thinkphp\lang\zh-cn.php
[ info ] [ ROUTE ] array (
  'type' => 'module',
  'module' => 
  array (
    0 => 'images',
    1 => 'men1.png',
    2 => NULL,
  ),
)
[ info ] [ HEADER ] array (
  'host' => 'localhost',
  'connection' => 'keep-alive',
  'user-agent' => 'Mozilla/5.0 (Windows NT 6.1; WOW64) AppleWebKit/537.36 (KHTML, like Gecko) Chrome/62.0.3202.75 Safari/537.36',
  'accept' => 'image/webp,image/apng,image/*,*/*;q=0.8',
  'referer' => 'http://localhost/xiangmu/public/index.php/index',
  'accept-encoding' => 'gzip, deflate, br',
  'accept-language' => 'zh-CN,zh;q=0.9,ja;q=0.8',
  'cookie' => 'pgv_pvi=4656165888; Phpstorm-d94e29df=073d5d47-d625-471e-98d5-737a35e21801; Huiskin=default',
)
[ info ] [ PARAM ] array (
)
[ info ] [ LOG ] INIT File

---------------------------------------------------------------
[ 2017-11-04T19:43:07+08:00 ] ::1 ::1 GET /xiangmu/public/index.php/index
[ log ] localhost/xiangmu/public/index.php/index [运行时间：0.147009s][吞吐率：6.80req/s] [内存消耗：1,850.88kb] [文件加载：45]
[ info ] [ LANG ] G:\wamp\www\xiangmu\thinkphp\lang\zh-cn.php
[ info ] [ ROUTE ] array (
  'type' => 'module',
  'module' => 
  array (
    0 => 'index',
    1 => NULL,
    2 => NULL,
  ),
)
[ info ] [ HEADER ] array (
  'host' => 'localhost',
  'connection' => 'keep-alive',
  'cache-control' => 'max-age=0',
  'upgrade-insecure-requests' => '1',
  'user-agent' => 'Mozilla/5.0 (Windows NT 6.1; WOW64) AppleWebKit/537.36 (KHTML, like Gecko) Chrome/62.0.3202.75 Safari/537.36',
  'accept' => 'text/html,application/xhtml+xml,application/xml;q=0.9,image/webp,image/apng,*/*;q=0.8',
  'accept-encoding' => 'gzip, deflate, br',
  'accept-language' => 'zh-CN,zh;q=0.9,ja;q=0.8',
  'cookie' => 'pgv_pvi=4656165888; Phpstorm-d94e29df=073d5d47-d625-471e-98d5-737a35e21801; Huiskin=default',
)
[ info ] [ PARAM ] array (
)
[ info ] [ RUN ] app\index\controller\Index->index[ G:\wamp\www\xiangmu\application\index\controller\Index.php ]
[ info ] [ VIEW ] G:\wamp\www\xiangmu\public/../application/index\view\index\index.html [ array (
) ]
[ info ] [ LOG ] INIT File

---------------------------------------------------------------
[ 2017-11-04T19:43:07+08:00 ] ::1 ::1 GET /xiangmu/public/index.php/images/men1.png
[ log ] localhost/xiangmu/public/index.php/images/men1.png [运行时间：0.118007s][吞吐率：8.47req/s] [内存消耗：1,307.85kb] [文件加载：37]
[ info ] [ LANG ] G:\wamp\www\xiangmu\thinkphp\lang\zh-cn.php
[ info ] [ ROUTE ] array (
  'type' => 'module',
  'module' => 
  array (
    0 => 'images',
    1 => 'men1.png',
    2 => NULL,
  ),
)
[ info ] [ HEADER ] array (
  'host' => 'localhost',
  'connection' => 'keep-alive',
  'user-agent' => 'Mozilla/5.0 (Windows NT 6.1; WOW64) AppleWebKit/537.36 (KHTML, like Gecko) Chrome/62.0.3202.75 Safari/537.36',
  'accept' => 'image/webp,image/apng,image/*,*/*;q=0.8',
  'referer' => 'http://localhost/xiangmu/public/index.php/index',
  'accept-encoding' => 'gzip, deflate, br',
  'accept-language' => 'zh-CN,zh;q=0.9,ja;q=0.8',
  'cookie' => 'pgv_pvi=4656165888; Phpstorm-d94e29df=073d5d47-d625-471e-98d5-737a35e21801; Huiskin=default',
)
[ info ] [ PARAM ] array (
)
[ info ] [ LOG ] INIT File

---------------------------------------------------------------
[ 2017-11-04T19:43:17+08:00 ] ::1 ::1 GET /xiangmu/public/index.php/index
[ log ] localhost/xiangmu/public/index.php/index [运行时间：0.222013s][吞吐率：4.50req/s] [内存消耗：1,850.98kb] [文件加载：45]
[ info ] [ LANG ] G:\wamp\www\xiangmu\thinkphp\lang\zh-cn.php
[ info ] [ ROUTE ] array (
  'type' => 'module',
  'module' => 
  array (
    0 => 'index',
    1 => NULL,
    2 => NULL,
  ),
)
[ info ] [ HEADER ] array (
  'host' => 'localhost',
  'connection' => 'keep-alive',
  'cache-control' => 'max-age=0',
  'upgrade-insecure-requests' => '1',
  'user-agent' => 'Mozilla/5.0 (Windows NT 6.1; WOW64) AppleWebKit/537.36 (KHTML, like Gecko) Chrome/62.0.3202.75 Safari/537.36',
  'accept' => 'text/html,application/xhtml+xml,application/xml;q=0.9,image/webp,image/apng,*/*;q=0.8',
  'accept-encoding' => 'gzip, deflate, br',
  'accept-language' => 'zh-CN,zh;q=0.9,ja;q=0.8',
  'cookie' => 'pgv_pvi=4656165888; Phpstorm-d94e29df=073d5d47-d625-471e-98d5-737a35e21801; Huiskin=default',
)
[ info ] [ PARAM ] array (
)
[ info ] [ RUN ] app\index\controller\Index->index[ G:\wamp\www\xiangmu\application\index\controller\Index.php ]
[ info ] [ VIEW ] G:\wamp\www\xiangmu\public/../application/index\view\index\index.html [ array (
) ]
[ info ] [ LOG ] INIT File

---------------------------------------------------------------
[ 2017-11-04T19:54:57+08:00 ] ::1 ::1 GET /xiangmu/public/index.php/index
[ log ] localhost/xiangmu/public/index.php/index [运行时间：0.291017s][吞吐率：3.44req/s] [内存消耗：1,661.00kb] [文件加载：43]
[ info ] [ LANG ] G:\wamp\www\xiangmu\thinkphp\lang\zh-cn.php
[ info ] [ ROUTE ] array (
  'type' => 'module',
  'module' => 
  array (
    0 => 'index',
    1 => NULL,
    2 => NULL,
  ),
)
[ info ] [ HEADER ] array (
  'host' => 'localhost',
  'connection' => 'keep-alive',
  'cache-control' => 'max-age=0',
  'user-agent' => 'Mozilla/5.0 (Windows NT 6.1; WOW64) AppleWebKit/537.36 (KHTML, like Gecko) Chrome/62.0.3202.75 Safari/537.36',
  'upgrade-insecure-requests' => '1',
  'accept' => 'text/html,application/xhtml+xml,application/xml;q=0.9,image/webp,image/apng,*/*;q=0.8',
  'accept-encoding' => 'gzip, deflate, br',
  'accept-language' => 'zh-CN,zh;q=0.9,ja;q=0.8',
  'cookie' => 'pgv_pvi=4656165888; Phpstorm-d94e29df=073d5d47-d625-471e-98d5-737a35e21801; Huiskin=default',
)
[ info ] [ PARAM ] array (
)
[ info ] [ RUN ] app\index\controller\Index->index[ G:\wamp\www\xiangmu\application\index\controller\Index.php ]
[ info ] [ VIEW ] G:\wamp\www\xiangmu\public/../application/index\view\index\index.html [ array (
) ]
[ info ] [ LOG ] INIT File

---------------------------------------------------------------
[ 2017-11-04T19:56:26+08:00 ] ::1 ::1 GET /xiangmu/public/index.php/index
[ log ] localhost/xiangmu/public/index.php/index [运行时间：0.335019s][吞吐率：2.98req/s] [内存消耗：1,661.00kb] [文件加载：43]
[ info ] [ LANG ] G:\wamp\www\xiangmu\thinkphp\lang\zh-cn.php
[ info ] [ ROUTE ] array (
  'type' => 'module',
  'module' => 
  array (
    0 => 'index',
    1 => NULL,
    2 => NULL,
  ),
)
[ info ] [ HEADER ] array (
  'host' => 'localhost',
  'connection' => 'keep-alive',
  'cache-control' => 'max-age=0',
  'upgrade-insecure-requests' => '1',
  'user-agent' => 'Mozilla/5.0 (Windows NT 6.1; WOW64) AppleWebKit/537.36 (KHTML, like Gecko) Chrome/62.0.3202.75 Safari/537.36',
  'accept' => 'text/html,application/xhtml+xml,application/xml;q=0.9,image/webp,image/apng,*/*;q=0.8',
  'accept-encoding' => 'gzip, deflate, br',
  'accept-language' => 'zh-CN,zh;q=0.9,ja;q=0.8',
  'cookie' => 'pgv_pvi=4656165888; Phpstorm-d94e29df=073d5d47-d625-471e-98d5-737a35e21801; Huiskin=default',
)
[ info ] [ PARAM ] array (
)
[ info ] [ RUN ] app\index\controller\Index->index[ G:\wamp\www\xiangmu\application\index\controller\Index.php ]
[ info ] [ VIEW ] G:\wamp\www\xiangmu\public/../application/index\view\index\index.html [ array (
) ]
[ info ] [ LOG ] INIT File

---------------------------------------------------------------
[ 2017-11-04T20:03:53+08:00 ] ::1 ::1 GET /xiangmu/public/index.php/index
[ log ] localhost/xiangmu/public/index.php/index [运行时间：0.384022s][吞吐率：2.60req/s] [内存消耗：1,661.00kb] [文件加载：43]
[ info ] [ LANG ] G:\wamp\www\xiangmu\thinkphp\lang\zh-cn.php
[ info ] [ ROUTE ] array (
  'type' => 'module',
  'module' => 
  array (
    0 => 'index',
    1 => NULL,
    2 => NULL,
  ),
)
[ info ] [ HEADER ] array (
  'host' => 'localhost',
  'connection' => 'keep-alive',
  'cache-control' => 'max-age=0',
  'upgrade-insecure-requests' => '1',
  'user-agent' => 'Mozilla/5.0 (Windows NT 6.1; WOW64) AppleWebKit/537.36 (KHTML, like Gecko) Chrome/62.0.3202.75 Safari/537.36',
  'accept' => 'text/html,application/xhtml+xml,application/xml;q=0.9,image/webp,image/apng,*/*;q=0.8',
  'accept-encoding' => 'gzip, deflate, br',
  'accept-language' => 'zh-CN,zh;q=0.9,ja;q=0.8',
  'cookie' => 'pgv_pvi=4656165888; Phpstorm-d94e29df=073d5d47-d625-471e-98d5-737a35e21801; Huiskin=default',
)
[ info ] [ PARAM ] array (
)
[ info ] [ RUN ] app\index\controller\Index->index[ G:\wamp\www\xiangmu\application\index\controller\Index.php ]
[ info ] [ VIEW ] G:\wamp\www\xiangmu\public/../application/index\view\index\index.html [ array (
) ]
[ info ] [ LOG ] INIT File

---------------------------------------------------------------
[ 2017-11-04T20:04:04+08:00 ] ::1 ::1 GET /xiangmu/public/index.php/index
[ log ] localhost/xiangmu/public/index.php/index [运行时间：0.227013s][吞吐率：4.41req/s] [内存消耗：1,661.00kb] [文件加载：43]
[ info ] [ LANG ] G:\wamp\www\xiangmu\thinkphp\lang\zh-cn.php
[ info ] [ ROUTE ] array (
  'type' => 'module',
  'module' => 
  array (
    0 => 'index',
    1 => NULL,
    2 => NULL,
  ),
)
[ info ] [ HEADER ] array (
  'host' => 'localhost',
  'connection' => 'keep-alive',
  'cache-control' => 'max-age=0',
  'upgrade-insecure-requests' => '1',
  'user-agent' => 'Mozilla/5.0 (Windows NT 6.1; WOW64) AppleWebKit/537.36 (KHTML, like Gecko) Chrome/62.0.3202.75 Safari/537.36',
  'accept' => 'text/html,application/xhtml+xml,application/xml;q=0.9,image/webp,image/apng,*/*;q=0.8',
  'accept-encoding' => 'gzip, deflate, br',
  'accept-language' => 'zh-CN,zh;q=0.9,ja;q=0.8',
  'cookie' => 'pgv_pvi=4656165888; Phpstorm-d94e29df=073d5d47-d625-471e-98d5-737a35e21801; Huiskin=default',
)
[ info ] [ PARAM ] array (
)
[ info ] [ RUN ] app\index\controller\Index->index[ G:\wamp\www\xiangmu\application\index\controller\Index.php ]
[ info ] [ VIEW ] G:\wamp\www\xiangmu\public/../application/index\view\index\index.html [ array (
) ]
[ info ] [ LOG ] INIT File

---------------------------------------------------------------
[ 2017-11-04T20:04:47+08:00 ] ::1 ::1 GET /xiangmu/public/index.php/index
[ log ] localhost/xiangmu/public/index.php/index [运行时间：0.197011s][吞吐率：5.08req/s] [内存消耗：1,661.20kb] [文件加载：43]
[ info ] [ LANG ] G:\wamp\www\xiangmu\thinkphp\lang\zh-cn.php
[ info ] [ ROUTE ] array (
  'type' => 'module',
  'module' => 
  array (
    0 => 'index',
    1 => NULL,
    2 => NULL,
  ),
)
[ info ] [ HEADER ] array (
  'host' => 'localhost',
  'connection' => 'keep-alive',
  'cache-control' => 'max-age=0',
  'upgrade-insecure-requests' => '1',
  'user-agent' => 'Mozilla/5.0 (Windows NT 6.1; WOW64) AppleWebKit/537.36 (KHTML, like Gecko) Chrome/62.0.3202.75 Safari/537.36',
  'accept' => 'text/html,application/xhtml+xml,application/xml;q=0.9,image/webp,image/apng,*/*;q=0.8',
  'accept-encoding' => 'gzip, deflate, br',
  'accept-language' => 'zh-CN,zh;q=0.9,ja;q=0.8',
  'cookie' => 'pgv_pvi=4656165888; Phpstorm-d94e29df=073d5d47-d625-471e-98d5-737a35e21801; Huiskin=default',
)
[ info ] [ PARAM ] array (
)
[ info ] [ RUN ] app\index\controller\Index->index[ G:\wamp\www\xiangmu\application\index\controller\Index.php ]
[ info ] [ VIEW ] G:\wamp\www\xiangmu\public/../application/index\view\index\index.html [ array (
) ]
[ info ] [ LOG ] INIT File

---------------------------------------------------------------
[ 2017-11-04T20:05:13+08:00 ] ::1 ::1 GET /xiangmu/public/index.php/index
[ log ] localhost/xiangmu/public/index.php/index [运行时间：0.218012s][吞吐率：4.59req/s] [内存消耗：1,661.00kb] [文件加载：43]
[ info ] [ LANG ] G:\wamp\www\xiangmu\thinkphp\lang\zh-cn.php
[ info ] [ ROUTE ] array (
  'type' => 'module',
  'module' => 
  array (
    0 => 'index',
    1 => NULL,
    2 => NULL,
  ),
)
[ info ] [ HEADER ] array (
  'host' => 'localhost',
  'connection' => 'keep-alive',
  'cache-control' => 'max-age=0',
  'upgrade-insecure-requests' => '1',
  'user-agent' => 'Mozilla/5.0 (Windows NT 6.1; WOW64) AppleWebKit/537.36 (KHTML, like Gecko) Chrome/62.0.3202.75 Safari/537.36',
  'accept' => 'text/html,application/xhtml+xml,application/xml;q=0.9,image/webp,image/apng,*/*;q=0.8',
  'accept-encoding' => 'gzip, deflate, br',
  'accept-language' => 'zh-CN,zh;q=0.9,ja;q=0.8',
  'cookie' => 'pgv_pvi=4656165888; Phpstorm-d94e29df=073d5d47-d625-471e-98d5-737a35e21801; Huiskin=default',
)
[ info ] [ PARAM ] array (
)
[ info ] [ RUN ] app\index\controller\Index->index[ G:\wamp\www\xiangmu\application\index\controller\Index.php ]
[ info ] [ VIEW ] G:\wamp\www\xiangmu\public/../application/index\view\index\index.html [ array (
) ]
[ info ] [ LOG ] INIT File

---------------------------------------------------------------
[ 2017-11-04T20:05:25+08:00 ] ::1 ::1 GET /xiangmu/public/index.php/index
[ log ] localhost/xiangmu/public/index.php/index [运行时间：0.126007s][吞吐率：7.94req/s] [内存消耗：1,661.00kb] [文件加载：43]
[ info ] [ LANG ] G:\wamp\www\xiangmu\thinkphp\lang\zh-cn.php
[ info ] [ ROUTE ] array (
  'type' => 'module',
  'module' => 
  array (
    0 => 'index',
    1 => NULL,
    2 => NULL,
  ),
)
[ info ] [ HEADER ] array (
  'host' => 'localhost',
  'connection' => 'keep-alive',
  'cache-control' => 'max-age=0',
  'upgrade-insecure-requests' => '1',
  'user-agent' => 'Mozilla/5.0 (Windows NT 6.1; WOW64) AppleWebKit/537.36 (KHTML, like Gecko) Chrome/62.0.3202.75 Safari/537.36',
  'accept' => 'text/html,application/xhtml+xml,application/xml;q=0.9,image/webp,image/apng,*/*;q=0.8',
  'accept-encoding' => 'gzip, deflate, br',
  'accept-language' => 'zh-CN,zh;q=0.9,ja;q=0.8',
  'cookie' => 'pgv_pvi=4656165888; Phpstorm-d94e29df=073d5d47-d625-471e-98d5-737a35e21801; Huiskin=default',
)
[ info ] [ PARAM ] array (
)
[ info ] [ RUN ] app\index\controller\Index->index[ G:\wamp\www\xiangmu\application\index\controller\Index.php ]
[ info ] [ VIEW ] G:\wamp\www\xiangmu\public/../application/index\view\index\index.html [ array (
) ]
[ info ] [ LOG ] INIT File

---------------------------------------------------------------
[ 2017-11-04T20:05:38+08:00 ] ::1 ::1 GET /xiangmu/public/index.php/index
[ log ] localhost/xiangmu/public/index.php/index [运行时间：0.186011s][吞吐率：5.38req/s] [内存消耗：1,661.27kb] [文件加载：43]
[ info ] [ LANG ] G:\wamp\www\xiangmu\thinkphp\lang\zh-cn.php
[ info ] [ ROUTE ] array (
  'type' => 'module',
  'module' => 
  array (
    0 => 'index',
    1 => NULL,
    2 => NULL,
  ),
)
[ info ] [ HEADER ] array (
  'host' => 'localhost',
  'connection' => 'keep-alive',
  'pragma' => 'no-cache',
  'cache-control' => 'no-cache',
  'upgrade-insecure-requests' => '1',
  'user-agent' => 'Mozilla/5.0 (Windows NT 6.1; WOW64) AppleWebKit/537.36 (KHTML, like Gecko) Chrome/62.0.3202.75 Safari/537.36',
  'accept' => 'text/html,application/xhtml+xml,application/xml;q=0.9,image/webp,image/apng,*/*;q=0.8',
  'accept-encoding' => 'gzip, deflate, br',
  'accept-language' => 'zh-CN,zh;q=0.9,ja;q=0.8',
  'cookie' => 'pgv_pvi=4656165888; Phpstorm-d94e29df=073d5d47-d625-471e-98d5-737a35e21801; Huiskin=default',
)
[ info ] [ PARAM ] array (
)
[ info ] [ RUN ] app\index\controller\Index->index[ G:\wamp\www\xiangmu\application\index\controller\Index.php ]
[ info ] [ VIEW ] G:\wamp\www\xiangmu\public/../application/index\view\index\index.html [ array (
) ]
[ info ] [ LOG ] INIT File

---------------------------------------------------------------
[ 2017-11-04T20:05:42+08:00 ] ::1 ::1 GET /xiangmu/public/index.php/index/index/enjoy.html
[ log ] localhost/xiangmu/public/index.php/index/index/enjoy.html [运行时间：0.120007s][吞吐率：8.33req/s] [内存消耗：1,740.42kb] [文件加载：44]
[ info ] [ LANG ] G:\wamp\www\xiangmu\thinkphp\lang\zh-cn.php
[ info ] [ ROUTE ] array (
  'type' => 'module',
  'module' => 
  array (
    0 => 'index',
    1 => 'index',
    2 => 'enjoy',
  ),
)
[ info ] [ HEADER ] array (
  'host' => 'localhost',
  'connection' => 'keep-alive',
  'upgrade-insecure-requests' => '1',
  'user-agent' => 'Mozilla/5.0 (Windows NT 6.1; WOW64) AppleWebKit/537.36 (KHTML, like Gecko) Chrome/62.0.3202.75 Safari/537.36',
  'accept' => 'text/html,application/xhtml+xml,application/xml;q=0.9,image/webp,image/apng,*/*;q=0.8',
  'referer' => 'http://localhost/xiangmu/public/index.php/index',
  'accept-encoding' => 'gzip, deflate, br',
  'accept-language' => 'zh-CN,zh;q=0.9,ja;q=0.8',
  'cookie' => 'pgv_pvi=4656165888; Phpstorm-d94e29df=073d5d47-d625-471e-98d5-737a35e21801; Huiskin=default',
)
[ info ] [ PARAM ] array (
)
[ info ] [ RUN ] app\index\controller\Index->enjoy[ G:\wamp\www\xiangmu\application\index\controller\Index.php ]
[ info ] [ VIEW ] G:\wamp\www\xiangmu\public/../application/index\view\index\enjoy.html [ array (
) ]
[ info ] [ LOG ] INIT File

---------------------------------------------------------------
[ 2017-11-04T20:05:43+08:00 ] ::1 ::1 GET /xiangmu/public/index.php/index/index/news.html
[ log ] localhost/xiangmu/public/index.php/index/index/news.html [运行时间：0.087005s][吞吐率：11.49req/s] [内存消耗：1,746.39kb] [文件加载：44]
[ info ] [ LANG ] G:\wamp\www\xiangmu\thinkphp\lang\zh-cn.php
[ info ] [ ROUTE ] array (
  'type' => 'module',
  'module' => 
  array (
    0 => 'index',
    1 => 'index',
    2 => 'news',
  ),
)
[ info ] [ HEADER ] array (
  'host' => 'localhost',
  'connection' => 'keep-alive',
  'upgrade-insecure-requests' => '1',
  'user-agent' => 'Mozilla/5.0 (Windows NT 6.1; WOW64) AppleWebKit/537.36 (KHTML, like Gecko) Chrome/62.0.3202.75 Safari/537.36',
  'accept' => 'text/html,application/xhtml+xml,application/xml;q=0.9,image/webp,image/apng,*/*;q=0.8',
  'referer' => 'http://localhost/xiangmu/public/index.php/index/index/enjoy.html',
  'accept-encoding' => 'gzip, deflate, br',
  'accept-language' => 'zh-CN,zh;q=0.9,ja;q=0.8',
  'cookie' => 'pgv_pvi=4656165888; Phpstorm-d94e29df=073d5d47-d625-471e-98d5-737a35e21801; Huiskin=default',
)
[ info ] [ PARAM ] array (
)
[ info ] [ RUN ] app\index\controller\Index->news[ G:\wamp\www\xiangmu\application\index\controller\Index.php ]
[ info ] [ VIEW ] G:\wamp\www\xiangmu\public/../application/index\view\index\news.html [ array (
) ]
[ info ] [ LOG ] INIT File

---------------------------------------------------------------
[ 2017-11-04T20:05:44+08:00 ] ::1 ::1 GET /xiangmu/public/index.php/index/index/contact.html
[ log ] localhost/xiangmu/public/index.php/index/index/contact.html [运行时间：0.275016s][吞吐率：3.64req/s] [内存消耗：1,809.05kb] [文件加载：45]
[ info ] [ LANG ] G:\wamp\www\xiangmu\thinkphp\lang\zh-cn.php
[ info ] [ ROUTE ] array (
  'type' => 'module',
  'module' => 
  array (
    0 => 'index',
    1 => 'index',
    2 => 'contact',
  ),
)
[ info ] [ HEADER ] array (
  'host' => 'localhost',
  'connection' => 'keep-alive',
  'upgrade-insecure-requests' => '1',
  'user-agent' => 'Mozilla/5.0 (Windows NT 6.1; WOW64) AppleWebKit/537.36 (KHTML, like Gecko) Chrome/62.0.3202.75 Safari/537.36',
  'accept' => 'text/html,application/xhtml+xml,application/xml;q=0.9,image/webp,image/apng,*/*;q=0.8',
  'referer' => 'http://localhost/xiangmu/public/index.php/index/index/news.html',
  'accept-encoding' => 'gzip, deflate, br',
  'accept-language' => 'zh-CN,zh;q=0.9,ja;q=0.8',
  'cookie' => 'pgv_pvi=4656165888; Phpstorm-d94e29df=073d5d47-d625-471e-98d5-737a35e21801; Huiskin=default',
)
[ info ] [ PARAM ] array (
)
[ info ] [ RUN ] app\index\controller\Index->contact[ G:\wamp\www\xiangmu\application\index\controller\Index.php ]
[ info ] [ VIEW ] G:\wamp\www\xiangmu\public/../application/index\view\index\contact.html [ array (
) ]
[ info ] [ LOG ] INIT File

---------------------------------------------------------------
[ 2017-11-04T20:05:51+08:00 ] ::1 ::1 GET /xiangmu/public/index.php/index/index/news.html
[ log ] localhost/xiangmu/public/index.php/index/index/news.html [运行时间：0.218013s][吞吐率：4.59req/s] [内存消耗：1,576.61kb] [文件加载：42]
[ info ] [ LANG ] G:\wamp\www\xiangmu\thinkphp\lang\zh-cn.php
[ info ] [ ROUTE ] array (
  'type' => 'module',
  'module' => 
  array (
    0 => 'index',
    1 => 'index',
    2 => 'news',
  ),
)
[ info ] [ HEADER ] array (
  'host' => 'localhost',
  'connection' => 'keep-alive',
  'upgrade-insecure-requests' => '1',
  'user-agent' => 'Mozilla/5.0 (Windows NT 6.1; WOW64) AppleWebKit/537.36 (KHTML, like Gecko) Chrome/62.0.3202.75 Safari/537.36',
  'accept' => 'text/html,application/xhtml+xml,application/xml;q=0.9,image/webp,image/apng,*/*;q=0.8',
  'referer' => 'http://localhost/xiangmu/public/index.php/index/index/contact.html',
  'accept-encoding' => 'gzip, deflate, br',
  'accept-language' => 'zh-CN,zh;q=0.9,ja;q=0.8',
  'cookie' => 'pgv_pvi=4656165888; Phpstorm-d94e29df=073d5d47-d625-471e-98d5-737a35e21801; Huiskin=default',
)
[ info ] [ PARAM ] array (
)
[ info ] [ RUN ] app\index\controller\Index->news[ G:\wamp\www\xiangmu\application\index\controller\Index.php ]
[ info ] [ VIEW ] G:\wamp\www\xiangmu\public/../application/index\view\index\news.html [ array (
) ]
[ info ] [ LOG ] INIT File

---------------------------------------------------------------
[ 2017-11-04T20:05:52+08:00 ] ::1 ::1 GET /xiangmu/public/index.php/index/index/enjoy.html
[ log ] localhost/xiangmu/public/index.php/index/index/enjoy.html [运行时间：0.113006s][吞吐率：8.85req/s] [内存消耗：1,576.53kb] [文件加载：42]
[ info ] [ LANG ] G:\wamp\www\xiangmu\thinkphp\lang\zh-cn.php
[ info ] [ ROUTE ] array (
  'type' => 'module',
  'module' => 
  array (
    0 => 'index',
    1 => 'index',
    2 => 'enjoy',
  ),
)
[ info ] [ HEADER ] array (
  'host' => 'localhost',
  'connection' => 'keep-alive',
  'upgrade-insecure-requests' => '1',
  'user-agent' => 'Mozilla/5.0 (Windows NT 6.1; WOW64) AppleWebKit/537.36 (KHTML, like Gecko) Chrome/62.0.3202.75 Safari/537.36',
  'accept' => 'text/html,application/xhtml+xml,application/xml;q=0.9,image/webp,image/apng,*/*;q=0.8',
  'referer' => 'http://localhost/xiangmu/public/index.php/index/index/news.html',
  'accept-encoding' => 'gzip, deflate, br',
  'accept-language' => 'zh-CN,zh;q=0.9,ja;q=0.8',
  'cookie' => 'pgv_pvi=4656165888; Phpstorm-d94e29df=073d5d47-d625-471e-98d5-737a35e21801; Huiskin=default',
)
[ info ] [ PARAM ] array (
)
[ info ] [ RUN ] app\index\controller\Index->enjoy[ G:\wamp\www\xiangmu\application\index\controller\Index.php ]
[ info ] [ VIEW ] G:\wamp\www\xiangmu\public/../application/index\view\index\enjoy.html [ array (
) ]
[ info ] [ LOG ] INIT File

---------------------------------------------------------------
[ 2017-11-04T20:05:53+08:00 ] ::1 ::1 GET /xiangmu/public/index.php/index/index/index.html
[ log ] localhost/xiangmu/public/index.php/index/index/index.html [运行时间：0.147008s][吞吐率：6.80req/s] [内存消耗：1,661.34kb] [文件加载：43]
[ info ] [ LANG ] G:\wamp\www\xiangmu\thinkphp\lang\zh-cn.php
[ info ] [ ROUTE ] array (
  'type' => 'module',
  'module' => 
  array (
    0 => 'index',
    1 => 'index',
    2 => 'index',
  ),
)
[ info ] [ HEADER ] array (
  'host' => 'localhost',
  'connection' => 'keep-alive',
  'upgrade-insecure-requests' => '1',
  'user-agent' => 'Mozilla/5.0 (Windows NT 6.1; WOW64) AppleWebKit/537.36 (KHTML, like Gecko) Chrome/62.0.3202.75 Safari/537.36',
  'accept' => 'text/html,application/xhtml+xml,application/xml;q=0.9,image/webp,image/apng,*/*;q=0.8',
  'referer' => 'http://localhost/xiangmu/public/index.php/index/index/enjoy.html',
  'accept-encoding' => 'gzip, deflate, br',
  'accept-language' => 'zh-CN,zh;q=0.9,ja;q=0.8',
  'cookie' => 'pgv_pvi=4656165888; Phpstorm-d94e29df=073d5d47-d625-471e-98d5-737a35e21801; Huiskin=default',
)
[ info ] [ PARAM ] array (
)
[ info ] [ RUN ] app\index\controller\Index->index[ G:\wamp\www\xiangmu\application\index\controller\Index.php ]
[ info ] [ VIEW ] G:\wamp\www\xiangmu\public/../application/index\view\index\index.html [ array (
) ]
[ info ] [ LOG ] INIT File

---------------------------------------------------------------
[ 2017-11-04T20:05:55+08:00 ] ::1 ::1 GET /xiangmu/public/index.php/index/index/enjoy.html
[ log ] localhost/xiangmu/public/index.php/index/index/enjoy.html [运行时间：0.210012s][吞吐率：4.76req/s] [内存消耗：1,576.63kb] [文件加载：42]
[ info ] [ LANG ] G:\wamp\www\xiangmu\thinkphp\lang\zh-cn.php
[ info ] [ ROUTE ] array (
  'type' => 'module',
  'module' => 
  array (
    0 => 'index',
    1 => 'index',
    2 => 'enjoy',
  ),
)
[ info ] [ HEADER ] array (
  'host' => 'localhost',
  'connection' => 'keep-alive',
  'upgrade-insecure-requests' => '1',
  'user-agent' => 'Mozilla/5.0 (Windows NT 6.1; WOW64) AppleWebKit/537.36 (KHTML, like Gecko) Chrome/62.0.3202.75 Safari/537.36',
  'accept' => 'text/html,application/xhtml+xml,application/xml;q=0.9,image/webp,image/apng,*/*;q=0.8',
  'referer' => 'http://localhost/xiangmu/public/index.php/index/index/index.html',
  'accept-encoding' => 'gzip, deflate, br',
  'accept-language' => 'zh-CN,zh;q=0.9,ja;q=0.8',
  'cookie' => 'pgv_pvi=4656165888; Phpstorm-d94e29df=073d5d47-d625-471e-98d5-737a35e21801; Huiskin=default',
)
[ info ] [ PARAM ] array (
)
[ info ] [ RUN ] app\index\controller\Index->enjoy[ G:\wamp\www\xiangmu\application\index\controller\Index.php ]
[ info ] [ VIEW ] G:\wamp\www\xiangmu\public/../application/index\view\index\enjoy.html [ array (
) ]
[ info ] [ LOG ] INIT File

---------------------------------------------------------------
[ 2017-11-04T20:05:56+08:00 ] ::1 ::1 GET /xiangmu/public/index.php/index/index/news.html
[ log ] localhost/xiangmu/public/index.php/index/index/news.html [运行时间：0.285016s][吞吐率：3.51req/s] [内存消耗：1,576.61kb] [文件加载：42]
[ info ] [ LANG ] G:\wamp\www\xiangmu\thinkphp\lang\zh-cn.php
[ info ] [ ROUTE ] array (
  'type' => 'module',
  'module' => 
  array (
    0 => 'index',
    1 => 'index',
    2 => 'news',
  ),
)
[ info ] [ HEADER ] array (
  'host' => 'localhost',
  'connection' => 'keep-alive',
  'upgrade-insecure-requests' => '1',
  'user-agent' => 'Mozilla/5.0 (Windows NT 6.1; WOW64) AppleWebKit/537.36 (KHTML, like Gecko) Chrome/62.0.3202.75 Safari/537.36',
  'accept' => 'text/html,application/xhtml+xml,application/xml;q=0.9,image/webp,image/apng,*/*;q=0.8',
  'referer' => 'http://localhost/xiangmu/public/index.php/index/index/enjoy.html',
  'accept-encoding' => 'gzip, deflate, br',
  'accept-language' => 'zh-CN,zh;q=0.9,ja;q=0.8',
  'cookie' => 'pgv_pvi=4656165888; Phpstorm-d94e29df=073d5d47-d625-471e-98d5-737a35e21801; Huiskin=default',
)
[ info ] [ PARAM ] array (
)
[ info ] [ RUN ] app\index\controller\Index->news[ G:\wamp\www\xiangmu\application\index\controller\Index.php ]
[ info ] [ VIEW ] G:\wamp\www\xiangmu\public/../application/index\view\index\news.html [ array (
) ]
[ info ] [ LOG ] INIT File

---------------------------------------------------------------
[ 2017-11-04T20:05:57+08:00 ] ::1 ::1 GET /xiangmu/public/index.php/index/index/contact.html
[ log ] localhost/xiangmu/public/index.php/index/index/contact.html [运行时间：0.181010s][吞吐率：5.52req/s] [内存消耗：1,645.34kb] [文件加载：43]
[ info ] [ LANG ] G:\wamp\www\xiangmu\thinkphp\lang\zh-cn.php
[ info ] [ ROUTE ] array (
  'type' => 'module',
  'module' => 
  array (
    0 => 'index',
    1 => 'index',
    2 => 'contact',
  ),
)
[ info ] [ HEADER ] array (
  'host' => 'localhost',
  'connection' => 'keep-alive',
  'upgrade-insecure-requests' => '1',
  'user-agent' => 'Mozilla/5.0 (Windows NT 6.1; WOW64) AppleWebKit/537.36 (KHTML, like Gecko) Chrome/62.0.3202.75 Safari/537.36',
  'accept' => 'text/html,application/xhtml+xml,application/xml;q=0.9,image/webp,image/apng,*/*;q=0.8',
  'referer' => 'http://localhost/xiangmu/public/index.php/index/index/news.html',
  'accept-encoding' => 'gzip, deflate, br',
  'accept-language' => 'zh-CN,zh;q=0.9,ja;q=0.8',
  'cookie' => 'pgv_pvi=4656165888; Phpstorm-d94e29df=073d5d47-d625-471e-98d5-737a35e21801; Huiskin=default',
)
[ info ] [ PARAM ] array (
)
[ info ] [ RUN ] app\index\controller\Index->contact[ G:\wamp\www\xiangmu\application\index\controller\Index.php ]
[ info ] [ VIEW ] G:\wamp\www\xiangmu\public/../application/index\view\index\contact.html [ array (
) ]
[ info ] [ LOG ] INIT File

---------------------------------------------------------------
[ 2017-11-04T20:06:02+08:00 ] ::1 ::1 GET /xiangmu/public/index.php/index/index/index.html
[ log ] localhost/xiangmu/public/index.php/index/index/index.html [运行时间：0.195011s][吞吐率：5.13req/s] [内存消耗：1,661.34kb] [文件加载：43]
[ info ] [ LANG ] G:\wamp\www\xiangmu\thinkphp\lang\zh-cn.php
[ info ] [ ROUTE ] array (
  'type' => 'module',
  'module' => 
  array (
    0 => 'index',
    1 => 'index',
    2 => 'index',
  ),
)
[ info ] [ HEADER ] array (
  'host' => 'localhost',
  'connection' => 'keep-alive',
  'upgrade-insecure-requests' => '1',
  'user-agent' => 'Mozilla/5.0 (Windows NT 6.1; WOW64) AppleWebKit/537.36 (KHTML, like Gecko) Chrome/62.0.3202.75 Safari/537.36',
  'accept' => 'text/html,application/xhtml+xml,application/xml;q=0.9,image/webp,image/apng,*/*;q=0.8',
  'referer' => 'http://localhost/xiangmu/public/index.php/index/index/contact.html',
  'accept-encoding' => 'gzip, deflate, br',
  'accept-language' => 'zh-CN,zh;q=0.9,ja;q=0.8',
  'cookie' => 'pgv_pvi=4656165888; Phpstorm-d94e29df=073d5d47-d625-471e-98d5-737a35e21801; Huiskin=default',
)
[ info ] [ PARAM ] array (
)
[ info ] [ RUN ] app\index\controller\Index->index[ G:\wamp\www\xiangmu\application\index\controller\Index.php ]
[ info ] [ VIEW ] G:\wamp\www\xiangmu\public/../application/index\view\index\index.html [ array (
) ]
[ info ] [ LOG ] INIT File

---------------------------------------------------------------
[ 2017-11-04T20:07:41+08:00 ] ::1 ::1 GET /xiangmu/public/index.php/index/index/enjoy.html
[ log ] localhost/xiangmu/public/index.php/index/index/enjoy.html [运行时间：0.150009s][吞吐率：6.67req/s] [内存消耗：1,576.63kb] [文件加载：42]
[ info ] [ LANG ] G:\wamp\www\xiangmu\thinkphp\lang\zh-cn.php
[ info ] [ ROUTE ] array (
  'type' => 'module',
  'module' => 
  array (
    0 => 'index',
    1 => 'index',
    2 => 'enjoy',
  ),
)
[ info ] [ HEADER ] array (
  'host' => 'localhost',
  'connection' => 'keep-alive',
  'upgrade-insecure-requests' => '1',
  'user-agent' => 'Mozilla/5.0 (Windows NT 6.1; WOW64) AppleWebKit/537.36 (KHTML, like Gecko) Chrome/62.0.3202.75 Safari/537.36',
  'accept' => 'text/html,application/xhtml+xml,application/xml;q=0.9,image/webp,image/apng,*/*;q=0.8',
  'referer' => 'http://localhost/xiangmu/public/index.php/index/index/index.html',
  'accept-encoding' => 'gzip, deflate, br',
  'accept-language' => 'zh-CN,zh;q=0.9,ja;q=0.8',
  'cookie' => 'pgv_pvi=4656165888; Phpstorm-d94e29df=073d5d47-d625-471e-98d5-737a35e21801; Huiskin=default',
)
[ info ] [ PARAM ] array (
)
[ info ] [ RUN ] app\index\controller\Index->enjoy[ G:\wamp\www\xiangmu\application\index\controller\Index.php ]
[ info ] [ VIEW ] G:\wamp\www\xiangmu\public/../application/index\view\index\enjoy.html [ array (
) ]
[ info ] [ LOG ] INIT File

---------------------------------------------------------------
[ 2017-11-04T20:08:12+08:00 ] ::1 ::1 GET /xiangmu/public/index.php/index/index/images/rightno.png
[ log ] localhost/xiangmu/public/index.php/index/index/images/rightno.png [运行时间：0.228013s][吞吐率：4.39req/s] [内存消耗：1,619.75kb] [文件加载：44]
[ info ] [ LANG ] G:\wamp\www\xiangmu\thinkphp\lang\zh-cn.php
[ info ] [ ROUTE ] array (
  'type' => 'module',
  'module' => 
  array (
    0 => 'index',
    1 => 'index',
    2 => 'images',
  ),
)
[ info ] [ HEADER ] array (
  'host' => 'localhost',
  'connection' => 'keep-alive',
  'user-agent' => 'Mozilla/5.0 (Windows NT 6.1; WOW64) AppleWebKit/537.36 (KHTML, like Gecko) Chrome/62.0.3202.75 Safari/537.36',
  'accept' => 'image/webp,image/apng,image/*,*/*;q=0.8',
  'referer' => 'http://localhost/xiangmu/public/index.php/index/index/enjoy.html',
  'accept-encoding' => 'gzip, deflate, br',
  'accept-language' => 'zh-CN,zh;q=0.9,ja;q=0.8',
  'cookie' => 'pgv_pvi=4656165888; Phpstorm-d94e29df=073d5d47-d625-471e-98d5-737a35e21801; Huiskin=default',
)
[ info ] [ PARAM ] array (
)
[ info ] [ LOG ] INIT File

---------------------------------------------------------------
[ 2017-11-04T20:08:24+08:00 ] ::1 ::1 GET /xiangmu/public/index.php/index/index/images/rightyes.png
[ log ] localhost/xiangmu/public/index.php/index/index/images/rightyes.png [运行时间：0.211012s][吞吐率：4.74req/s] [内存消耗：1,619.63kb] [文件加载：44]
[ info ] [ LANG ] G:\wamp\www\xiangmu\thinkphp\lang\zh-cn.php
[ info ] [ ROUTE ] array (
  'type' => 'module',
  'module' => 
  array (
    0 => 'index',
    1 => 'index',
    2 => 'images',
  ),
)
[ info ] [ HEADER ] array (
  'host' => 'localhost',
  'connection' => 'keep-alive',
  'user-agent' => 'Mozilla/5.0 (Windows NT 6.1; WOW64) AppleWebKit/537.36 (KHTML, like Gecko) Chrome/62.0.3202.75 Safari/537.36',
  'accept' => 'image/webp,image/apng,image/*,*/*;q=0.8',
  'referer' => 'http://localhost/xiangmu/public/index.php/index/index/enjoy.html',
  'accept-encoding' => 'gzip, deflate, br',
  'accept-language' => 'zh-CN,zh;q=0.9,ja;q=0.8',
  'cookie' => 'pgv_pvi=4656165888; Phpstorm-d94e29df=073d5d47-d625-471e-98d5-737a35e21801; Huiskin=default',
)
[ info ] [ PARAM ] array (
)
[ info ] [ LOG ] INIT File

---------------------------------------------------------------
[ 2017-11-04T20:08:24+08:00 ] ::1 ::1 GET /xiangmu/public/index.php/index/index/images/leftno.png
[ log ] localhost/xiangmu/public/index.php/index/index/images/leftno.png [运行时间：0.226013s][吞吐率：4.42req/s] [内存消耗：1,619.83kb] [文件加载：44]
[ info ] [ LANG ] G:\wamp\www\xiangmu\thinkphp\lang\zh-cn.php
[ info ] [ ROUTE ] array (
  'type' => 'module',
  'module' => 
  array (
    0 => 'index',
    1 => 'index',
    2 => 'images',
  ),
)
[ info ] [ HEADER ] array (
  'host' => 'localhost',
  'connection' => 'keep-alive',
  'user-agent' => 'Mozilla/5.0 (Windows NT 6.1; WOW64) AppleWebKit/537.36 (KHTML, like Gecko) Chrome/62.0.3202.75 Safari/537.36',
  'accept' => 'image/webp,image/apng,image/*,*/*;q=0.8',
  'referer' => 'http://localhost/xiangmu/public/index.php/index/index/enjoy.html',
  'accept-encoding' => 'gzip, deflate, br',
  'accept-language' => 'zh-CN,zh;q=0.9,ja;q=0.8',
  'cookie' => 'pgv_pvi=4656165888; Phpstorm-d94e29df=073d5d47-d625-471e-98d5-737a35e21801; Huiskin=default',
)
[ info ] [ PARAM ] array (
)
[ info ] [ LOG ] INIT File

---------------------------------------------------------------
[ 2017-11-04T20:08:24+08:00 ] ::1 ::1 GET /xiangmu/public/index.php/index/index/images/rightyes.png
[ log ] localhost/xiangmu/public/index.php/index/index/images/rightyes.png [运行时间：0.292017s][吞吐率：3.42req/s] [内存消耗：1,619.63kb] [文件加载：44]
[ info ] [ LANG ] G:\wamp\www\xiangmu\thinkphp\lang\zh-cn.php
[ info ] [ ROUTE ] array (
  'type' => 'module',
  'module' => 
  array (
    0 => 'index',
    1 => 'index',
    2 => 'images',
  ),
)
[ info ] [ HEADER ] array (
  'host' => 'localhost',
  'connection' => 'keep-alive',
  'user-agent' => 'Mozilla/5.0 (Windows NT 6.1; WOW64) AppleWebKit/537.36 (KHTML, like Gecko) Chrome/62.0.3202.75 Safari/537.36',
  'accept' => 'image/webp,image/apng,image/*,*/*;q=0.8',
  'referer' => 'http://localhost/xiangmu/public/index.php/index/index/enjoy.html',
  'accept-encoding' => 'gzip, deflate, br',
  'accept-language' => 'zh-CN,zh;q=0.9,ja;q=0.8',
  'cookie' => 'pgv_pvi=4656165888; Phpstorm-d94e29df=073d5d47-d625-471e-98d5-737a35e21801; Huiskin=default',
)
[ info ] [ PARAM ] array (
)
[ info ] [ LOG ] INIT File

---------------------------------------------------------------
[ 2017-11-04T20:08:25+08:00 ] ::1 ::1 GET /xiangmu/public/index.php/index/index/images/leftno.png
[ log ] localhost/xiangmu/public/index.php/index/index/images/leftno.png [运行时间：0.205011s][吞吐率：4.88req/s] [内存消耗：1,619.83kb] [文件加载：44]
[ info ] [ LANG ] G:\wamp\www\xiangmu\thinkphp\lang\zh-cn.php
[ info ] [ ROUTE ] array (
  'type' => 'module',
  'module' => 
  array (
    0 => 'index',
    1 => 'index',
    2 => 'images',
  ),
)
[ info ] [ HEADER ] array (
  'host' => 'localhost',
  'connection' => 'keep-alive',
  'user-agent' => 'Mozilla/5.0 (Windows NT 6.1; WOW64) AppleWebKit/537.36 (KHTML, like Gecko) Chrome/62.0.3202.75 Safari/537.36',
  'accept' => 'image/webp,image/apng,image/*,*/*;q=0.8',
  'referer' => 'http://localhost/xiangmu/public/index.php/index/index/enjoy.html',
  'accept-encoding' => 'gzip, deflate, br',
  'accept-language' => 'zh-CN,zh;q=0.9,ja;q=0.8',
  'cookie' => 'pgv_pvi=4656165888; Phpstorm-d94e29df=073d5d47-d625-471e-98d5-737a35e21801; Huiskin=default',
)
[ info ] [ PARAM ] array (
)
[ info ] [ LOG ] INIT File

---------------------------------------------------------------
[ 2017-11-04T20:08:25+08:00 ] ::1 ::1 GET /xiangmu/public/index.php/index/index/images/rightyes.png
[ log ] localhost/xiangmu/public/index.php/index/index/images/rightyes.png [运行时间：0.259015s][吞吐率：3.86req/s] [内存消耗：1,619.63kb] [文件加载：44]
[ info ] [ LANG ] G:\wamp\www\xiangmu\thinkphp\lang\zh-cn.php
[ info ] [ ROUTE ] array (
  'type' => 'module',
  'module' => 
  array (
    0 => 'index',
    1 => 'index',
    2 => 'images',
  ),
)
[ info ] [ HEADER ] array (
  'host' => 'localhost',
  'connection' => 'keep-alive',
  'user-agent' => 'Mozilla/5.0 (Windows NT 6.1; WOW64) AppleWebKit/537.36 (KHTML, like Gecko) Chrome/62.0.3202.75 Safari/537.36',
  'accept' => 'image/webp,image/apng,image/*,*/*;q=0.8',
  'referer' => 'http://localhost/xiangmu/public/index.php/index/index/enjoy.html',
  'accept-encoding' => 'gzip, deflate, br',
  'accept-language' => 'zh-CN,zh;q=0.9,ja;q=0.8',
  'cookie' => 'pgv_pvi=4656165888; Phpstorm-d94e29df=073d5d47-d625-471e-98d5-737a35e21801; Huiskin=default',
)
[ info ] [ PARAM ] array (
)
[ info ] [ LOG ] INIT File

---------------------------------------------------------------
[ 2017-11-04T20:08:31+08:00 ] ::1 ::1 GET /xiangmu/public/index.php/index/index/enjoy.html
[ log ] localhost/xiangmu/public/index.php/index/index/enjoy.html [运行时间：0.229013s][吞吐率：4.37req/s] [内存消耗：1,576.68kb] [文件加载：42]
[ info ] [ LANG ] G:\wamp\www\xiangmu\thinkphp\lang\zh-cn.php
[ info ] [ ROUTE ] array (
  'type' => 'module',
  'module' => 
  array (
    0 => 'index',
    1 => 'index',
    2 => 'enjoy',
  ),
)
[ info ] [ HEADER ] array (
  'host' => 'localhost',
  'connection' => 'keep-alive',
  'cache-control' => 'max-age=0',
  'user-agent' => 'Mozilla/5.0 (Windows NT 6.1; WOW64) AppleWebKit/537.36 (KHTML, like Gecko) Chrome/62.0.3202.75 Safari/537.36',
  'upgrade-insecure-requests' => '1',
  'accept' => 'text/html,application/xhtml+xml,application/xml;q=0.9,image/webp,image/apng,*/*;q=0.8',
  'referer' => 'http://localhost/xiangmu/public/index.php/index/index/index.html',
  'accept-encoding' => 'gzip, deflate, br',
  'accept-language' => 'zh-CN,zh;q=0.9,ja;q=0.8',
  'cookie' => 'pgv_pvi=4656165888; Phpstorm-d94e29df=073d5d47-d625-471e-98d5-737a35e21801; Huiskin=default',
)
[ info ] [ PARAM ] array (
)
[ info ] [ RUN ] app\index\controller\Index->enjoy[ G:\wamp\www\xiangmu\application\index\controller\Index.php ]
[ info ] [ VIEW ] G:\wamp\www\xiangmu\public/../application/index\view\index\enjoy.html [ array (
) ]
[ info ] [ LOG ] INIT File

---------------------------------------------------------------
[ 2017-11-04T20:08:34+08:00 ] ::1 ::1 GET /xiangmu/public/index.php/index/index/images/leftno.png
[ log ] localhost/xiangmu/public/index.php/index/index/images/leftno.png [运行时间：0.230013s][吞吐率：4.35req/s] [内存消耗：1,619.83kb] [文件加载：44]
[ info ] [ LANG ] G:\wamp\www\xiangmu\thinkphp\lang\zh-cn.php
[ info ] [ ROUTE ] array (
  'type' => 'module',
  'module' => 
  array (
    0 => 'index',
    1 => 'index',
    2 => 'images',
  ),
)
[ info ] [ HEADER ] array (
  'host' => 'localhost',
  'connection' => 'keep-alive',
  'user-agent' => 'Mozilla/5.0 (Windows NT 6.1; WOW64) AppleWebKit/537.36 (KHTML, like Gecko) Chrome/62.0.3202.75 Safari/537.36',
  'accept' => 'image/webp,image/apng,image/*,*/*;q=0.8',
  'referer' => 'http://localhost/xiangmu/public/index.php/index/index/enjoy.html',
  'accept-encoding' => 'gzip, deflate, br',
  'accept-language' => 'zh-CN,zh;q=0.9,ja;q=0.8',
  'cookie' => 'pgv_pvi=4656165888; Phpstorm-d94e29df=073d5d47-d625-471e-98d5-737a35e21801; Huiskin=default',
)
[ info ] [ PARAM ] array (
)
[ info ] [ LOG ] INIT File

---------------------------------------------------------------
[ 2017-11-04T20:08:34+08:00 ] ::1 ::1 GET /xiangmu/public/index.php/index/index/images/rightyes.png
[ log ] localhost/xiangmu/public/index.php/index/index/images/rightyes.png [运行时间：0.293017s][吞吐率：3.41req/s] [内存消耗：1,619.63kb] [文件加载：44]
[ info ] [ LANG ] G:\wamp\www\xiangmu\thinkphp\lang\zh-cn.php
[ info ] [ ROUTE ] array (
  'type' => 'module',
  'module' => 
  array (
    0 => 'index',
    1 => 'index',
    2 => 'images',
  ),
)
[ info ] [ HEADER ] array (
  'host' => 'localhost',
  'connection' => 'keep-alive',
  'user-agent' => 'Mozilla/5.0 (Windows NT 6.1; WOW64) AppleWebKit/537.36 (KHTML, like Gecko) Chrome/62.0.3202.75 Safari/537.36',
  'accept' => 'image/webp,image/apng,image/*,*/*;q=0.8',
  'referer' => 'http://localhost/xiangmu/public/index.php/index/index/enjoy.html',
  'accept-encoding' => 'gzip, deflate, br',
  'accept-language' => 'zh-CN,zh;q=0.9,ja;q=0.8',
  'cookie' => 'pgv_pvi=4656165888; Phpstorm-d94e29df=073d5d47-d625-471e-98d5-737a35e21801; Huiskin=default',
)
[ info ] [ PARAM ] array (
)
[ info ] [ LOG ] INIT File

---------------------------------------------------------------
[ 2017-11-04T20:08:34+08:00 ] ::1 ::1 GET /xiangmu/public/index.php/index/index/images/rightyes.png
[ log ] localhost/xiangmu/public/index.php/index/index/images/rightyes.png [运行时间：0.236013s][吞吐率：4.24req/s] [内存消耗：1,619.63kb] [文件加载：44]
[ info ] [ LANG ] G:\wamp\www\xiangmu\thinkphp\lang\zh-cn.php
[ info ] [ ROUTE ] array (
  'type' => 'module',
  'module' => 
  array (
    0 => 'index',
    1 => 'index',
    2 => 'images',
  ),
)
[ info ] [ HEADER ] array (
  'host' => 'localhost',
  'connection' => 'keep-alive',
  'user-agent' => 'Mozilla/5.0 (Windows NT 6.1; WOW64) AppleWebKit/537.36 (KHTML, like Gecko) Chrome/62.0.3202.75 Safari/537.36',
  'accept' => 'image/webp,image/apng,image/*,*/*;q=0.8',
  'referer' => 'http://localhost/xiangmu/public/index.php/index/index/enjoy.html',
  'accept-encoding' => 'gzip, deflate, br',
  'accept-language' => 'zh-CN,zh;q=0.9,ja;q=0.8',
  'cookie' => 'pgv_pvi=4656165888; Phpstorm-d94e29df=073d5d47-d625-471e-98d5-737a35e21801; Huiskin=default',
)
[ info ] [ PARAM ] array (
)
[ info ] [ LOG ] INIT File

---------------------------------------------------------------
[ 2017-11-04T20:08:35+08:00 ] ::1 ::1 GET /xiangmu/public/index.php/index/index/images/leftno.png
[ log ] localhost/xiangmu/public/index.php/index/index/images/leftno.png [运行时间：0.246014s][吞吐率：4.06req/s] [内存消耗：1,619.83kb] [文件加载：44]
[ info ] [ LANG ] G:\wamp\www\xiangmu\thinkphp\lang\zh-cn.php
[ info ] [ ROUTE ] array (
  'type' => 'module',
  'module' => 
  array (
    0 => 'index',
    1 => 'index',
    2 => 'images',
  ),
)
[ info ] [ HEADER ] array (
  'host' => 'localhost',
  'connection' => 'keep-alive',
  'user-agent' => 'Mozilla/5.0 (Windows NT 6.1; WOW64) AppleWebKit/537.36 (KHTML, like Gecko) Chrome/62.0.3202.75 Safari/537.36',
  'accept' => 'image/webp,image/apng,image/*,*/*;q=0.8',
  'referer' => 'http://localhost/xiangmu/public/index.php/index/index/enjoy.html',
  'accept-encoding' => 'gzip, deflate, br',
  'accept-language' => 'zh-CN,zh;q=0.9,ja;q=0.8',
  'cookie' => 'pgv_pvi=4656165888; Phpstorm-d94e29df=073d5d47-d625-471e-98d5-737a35e21801; Huiskin=default',
)
[ info ] [ PARAM ] array (
)
[ info ] [ LOG ] INIT File

---------------------------------------------------------------
[ 2017-11-04T20:10:18+08:00 ] ::1 ::1 GET /xiangmu/public/index.php/index/index/enjoy.html
[ log ] localhost/xiangmu/public/index.php/index/index/enjoy.html [运行时间：0.189011s][吞吐率：5.29req/s] [内存消耗：1,576.82kb] [文件加载：42]
[ info ] [ LANG ] G:\wamp\www\xiangmu\thinkphp\lang\zh-cn.php
[ info ] [ ROUTE ] array (
  'type' => 'module',
  'module' => 
  array (
    0 => 'index',
    1 => 'index',
    2 => 'enjoy',
  ),
)
[ info ] [ HEADER ] array (
  'host' => 'localhost',
  'connection' => 'keep-alive',
  'pragma' => 'no-cache',
  'cache-control' => 'no-cache',
  'user-agent' => 'Mozilla/5.0 (Windows NT 6.1; WOW64) AppleWebKit/537.36 (KHTML, like Gecko) Chrome/62.0.3202.75 Safari/537.36',
  'upgrade-insecure-requests' => '1',
  'accept' => 'text/html,application/xhtml+xml,application/xml;q=0.9,image/webp,image/apng,*/*;q=0.8',
  'referer' => 'http://localhost/xiangmu/public/index.php/index/index/index.html',
  'accept-encoding' => 'gzip, deflate, br',
  'accept-language' => 'zh-CN,zh;q=0.9,ja;q=0.8',
  'cookie' => 'pgv_pvi=4656165888; Phpstorm-d94e29df=073d5d47-d625-471e-98d5-737a35e21801; Huiskin=default',
)
[ info ] [ PARAM ] array (
)
[ info ] [ RUN ] app\index\controller\Index->enjoy[ G:\wamp\www\xiangmu\application\index\controller\Index.php ]
[ info ] [ VIEW ] G:\wamp\www\xiangmu\public/../application/index\view\index\enjoy.html [ array (
) ]
[ info ] [ LOG ] INIT File

---------------------------------------------------------------
[ 2017-11-04T20:10:24+08:00 ] ::1 ::1 GET /xiangmu/public/index.php/index/index/__STATIC__/index/images/leftno.png
[ log ] localhost/xiangmu/public/index.php/index/index/__STATIC__/index/images/leftno.png [运行时间：0.098006s][吞吐率：10.20req/s] [内存消耗：1,620.15kb] [文件加载：44]
[ info ] [ LANG ] G:\wamp\www\xiangmu\thinkphp\lang\zh-cn.php
[ info ] [ ROUTE ] array (
  'type' => 'module',
  'module' => 
  array (
    0 => 'index',
    1 => 'index',
    2 => '__STATIC__',
  ),
)
[ info ] [ HEADER ] array (
  'host' => 'localhost',
  'connection' => 'keep-alive',
  'user-agent' => 'Mozilla/5.0 (Windows NT 6.1; WOW64) AppleWebKit/537.36 (KHTML, like Gecko) Chrome/62.0.3202.75 Safari/537.36',
  'accept' => 'image/webp,image/apng,image/*,*/*;q=0.8',
  'referer' => 'http://localhost/xiangmu/public/index.php/index/index/enjoy.html',
  'accept-encoding' => 'gzip, deflate, br',
  'accept-language' => 'zh-CN,zh;q=0.9,ja;q=0.8',
  'cookie' => 'pgv_pvi=4656165888; Phpstorm-d94e29df=073d5d47-d625-471e-98d5-737a35e21801; Huiskin=default',
)
[ info ] [ PARAM ] array (
  'index' => 'images',
)
[ info ] [ LOG ] INIT File

---------------------------------------------------------------
[ 2017-11-04T20:10:24+08:00 ] ::1 ::1 GET /xiangmu/public/index.php/index/index/__STATIC__/index/images/rightyes.png
[ log ] localhost/xiangmu/public/index.php/index/index/__STATIC__/index/images/rightyes.png [运行时间：0.218012s][吞吐率：4.59req/s] [内存消耗：1,620.19kb] [文件加载：44]
[ info ] [ LANG ] G:\wamp\www\xiangmu\thinkphp\lang\zh-cn.php
[ info ] [ ROUTE ] array (
  'type' => 'module',
  'module' => 
  array (
    0 => 'index',
    1 => 'index',
    2 => '__STATIC__',
  ),
)
[ info ] [ HEADER ] array (
  'host' => 'localhost',
  'connection' => 'keep-alive',
  'user-agent' => 'Mozilla/5.0 (Windows NT 6.1; WOW64) AppleWebKit/537.36 (KHTML, like Gecko) Chrome/62.0.3202.75 Safari/537.36',
  'accept' => 'image/webp,image/apng,image/*,*/*;q=0.8',
  'referer' => 'http://localhost/xiangmu/public/index.php/index/index/enjoy.html',
  'accept-encoding' => 'gzip, deflate, br',
  'accept-language' => 'zh-CN,zh;q=0.9,ja;q=0.8',
  'cookie' => 'pgv_pvi=4656165888; Phpstorm-d94e29df=073d5d47-d625-471e-98d5-737a35e21801; Huiskin=default',
)
[ info ] [ PARAM ] array (
  'index' => 'images',
)
[ info ] [ LOG ] INIT File

---------------------------------------------------------------
[ 2017-11-04T20:10:24+08:00 ] ::1 ::1 GET /xiangmu/public/index.php/index/index/__STATIC__/index/images/rightyes.png
[ log ] localhost/xiangmu/public/index.php/index/index/__STATIC__/index/images/rightyes.png [运行时间：0.095006s][吞吐率：10.53req/s] [内存消耗：1,620.19kb] [文件加载：44]
[ info ] [ LANG ] G:\wamp\www\xiangmu\thinkphp\lang\zh-cn.php
[ info ] [ ROUTE ] array (
  'type' => 'module',
  'module' => 
  array (
    0 => 'index',
    1 => 'index',
    2 => '__STATIC__',
  ),
)
[ info ] [ HEADER ] array (
  'host' => 'localhost',
  'connection' => 'keep-alive',
  'user-agent' => 'Mozilla/5.0 (Windows NT 6.1; WOW64) AppleWebKit/537.36 (KHTML, like Gecko) Chrome/62.0.3202.75 Safari/537.36',
  'accept' => 'image/webp,image/apng,image/*,*/*;q=0.8',
  'referer' => 'http://localhost/xiangmu/public/index.php/index/index/enjoy.html',
  'accept-encoding' => 'gzip, deflate, br',
  'accept-language' => 'zh-CN,zh;q=0.9,ja;q=0.8',
  'cookie' => 'pgv_pvi=4656165888; Phpstorm-d94e29df=073d5d47-d625-471e-98d5-737a35e21801; Huiskin=default',
)
[ info ] [ PARAM ] array (
  'index' => 'images',
)
[ info ] [ LOG ] INIT File

---------------------------------------------------------------
[ 2017-11-04T20:10:24+08:00 ] ::1 ::1 GET /xiangmu/public/index.php/index/index/__STATIC__/index/images/leftno.png
[ log ] localhost/xiangmu/public/index.php/index/index/__STATIC__/index/images/leftno.png [运行时间：0.126007s][吞吐率：7.94req/s] [内存消耗：1,620.15kb] [文件加载：44]
[ info ] [ LANG ] G:\wamp\www\xiangmu\thinkphp\lang\zh-cn.php
[ info ] [ ROUTE ] array (
  'type' => 'module',
  'module' => 
  array (
    0 => 'index',
    1 => 'index',
    2 => '__STATIC__',
  ),
)
[ info ] [ HEADER ] array (
  'host' => 'localhost',
  'connection' => 'keep-alive',
  'user-agent' => 'Mozilla/5.0 (Windows NT 6.1; WOW64) AppleWebKit/537.36 (KHTML, like Gecko) Chrome/62.0.3202.75 Safari/537.36',
  'accept' => 'image/webp,image/apng,image/*,*/*;q=0.8',
  'referer' => 'http://localhost/xiangmu/public/index.php/index/index/enjoy.html',
  'accept-encoding' => 'gzip, deflate, br',
  'accept-language' => 'zh-CN,zh;q=0.9,ja;q=0.8',
  'cookie' => 'pgv_pvi=4656165888; Phpstorm-d94e29df=073d5d47-d625-471e-98d5-737a35e21801; Huiskin=default',
)
[ info ] [ PARAM ] array (
  'index' => 'images',
)
[ info ] [ LOG ] INIT File

---------------------------------------------------------------
[ 2017-11-04T20:12:29+08:00 ] ::1 ::1 GET /xiangmu/public/index.php/index/index/enjoy.html
[ log ] localhost/xiangmu/public/index.php/index/index/enjoy.html [运行时间：0.233014s][吞吐率：4.29req/s] [内存消耗：1,576.71kb] [文件加载：42]
[ info ] [ LANG ] G:\wamp\www\xiangmu\thinkphp\lang\zh-cn.php
[ info ] [ ROUTE ] array (
  'type' => 'module',
  'module' => 
  array (
    0 => 'index',
    1 => 'index',
    2 => 'enjoy',
  ),
)
[ info ] [ HEADER ] array (
  'host' => 'localhost',
  'connection' => 'keep-alive',
  'cache-control' => 'max-age=0',
  'upgrade-insecure-requests' => '1',
  'user-agent' => 'Mozilla/5.0 (Windows NT 6.1; WOW64) AppleWebKit/537.36 (KHTML, like Gecko) Chrome/62.0.3202.75 Safari/537.36',
  'accept' => 'text/html,application/xhtml+xml,application/xml;q=0.9,image/webp,image/apng,*/*;q=0.8',
  'referer' => 'http://localhost/xiangmu/public/index.php/index/index/index.html',
  'accept-encoding' => 'gzip, deflate, br',
  'accept-language' => 'zh-CN,zh;q=0.9,ja;q=0.8',
  'cookie' => 'pgv_pvi=4656165888; Phpstorm-d94e29df=073d5d47-d625-471e-98d5-737a35e21801; Huiskin=default',
)
[ info ] [ PARAM ] array (
)
[ info ] [ RUN ] app\index\controller\Index->enjoy[ G:\wamp\www\xiangmu\application\index\controller\Index.php ]
[ info ] [ VIEW ] G:\wamp\www\xiangmu\public/../application/index\view\index\enjoy.html [ array (
) ]
[ info ] [ LOG ] INIT File

---------------------------------------------------------------
[ 2017-11-04T20:13:25+08:00 ] ::1 ::1 GET /xiangmu/public/index.php/index/index/news.html
[ log ] localhost/xiangmu/public/index.php/index/index/news.html [运行时间：0.128007s][吞吐率：7.81req/s] [内存消耗：1,576.61kb] [文件加载：42]
[ info ] [ LANG ] G:\wamp\www\xiangmu\thinkphp\lang\zh-cn.php
[ info ] [ ROUTE ] array (
  'type' => 'module',
  'module' => 
  array (
    0 => 'index',
    1 => 'index',
    2 => 'news',
  ),
)
[ info ] [ HEADER ] array (
  'host' => 'localhost',
  'connection' => 'keep-alive',
  'upgrade-insecure-requests' => '1',
  'user-agent' => 'Mozilla/5.0 (Windows NT 6.1; WOW64) AppleWebKit/537.36 (KHTML, like Gecko) Chrome/62.0.3202.75 Safari/537.36',
  'accept' => 'text/html,application/xhtml+xml,application/xml;q=0.9,image/webp,image/apng,*/*;q=0.8',
  'referer' => 'http://localhost/xiangmu/public/index.php/index/index/enjoy.html',
  'accept-encoding' => 'gzip, deflate, br',
  'accept-language' => 'zh-CN,zh;q=0.9,ja;q=0.8',
  'cookie' => 'pgv_pvi=4656165888; Phpstorm-d94e29df=073d5d47-d625-471e-98d5-737a35e21801; Huiskin=default',
)
[ info ] [ PARAM ] array (
)
[ info ] [ RUN ] app\index\controller\Index->news[ G:\wamp\www\xiangmu\application\index\controller\Index.php ]
[ info ] [ VIEW ] G:\wamp\www\xiangmu\public/../application/index\view\index\news.html [ array (
) ]
[ info ] [ LOG ] INIT File

---------------------------------------------------------------
[ 2017-11-04T20:13:38+08:00 ] ::1 ::1 GET /xiangmu/public/index.php/index/index/contact.html
[ log ] localhost/xiangmu/public/index.php/index/index/contact.html [运行时间：0.158009s][吞吐率：6.33req/s] [内存消耗：1,645.34kb] [文件加载：43]
[ info ] [ LANG ] G:\wamp\www\xiangmu\thinkphp\lang\zh-cn.php
[ info ] [ ROUTE ] array (
  'type' => 'module',
  'module' => 
  array (
    0 => 'index',
    1 => 'index',
    2 => 'contact',
  ),
)
[ info ] [ HEADER ] array (
  'host' => 'localhost',
  'connection' => 'keep-alive',
  'upgrade-insecure-requests' => '1',
  'user-agent' => 'Mozilla/5.0 (Windows NT 6.1; WOW64) AppleWebKit/537.36 (KHTML, like Gecko) Chrome/62.0.3202.75 Safari/537.36',
  'accept' => 'text/html,application/xhtml+xml,application/xml;q=0.9,image/webp,image/apng,*/*;q=0.8',
  'referer' => 'http://localhost/xiangmu/public/index.php/index/index/news.html',
  'accept-encoding' => 'gzip, deflate, br',
  'accept-language' => 'zh-CN,zh;q=0.9,ja;q=0.8',
  'cookie' => 'pgv_pvi=4656165888; Phpstorm-d94e29df=073d5d47-d625-471e-98d5-737a35e21801; Huiskin=default',
)
[ info ] [ PARAM ] array (
)
[ info ] [ RUN ] app\index\controller\Index->contact[ G:\wamp\www\xiangmu\application\index\controller\Index.php ]
[ info ] [ VIEW ] G:\wamp\www\xiangmu\public/../application/index\view\index\contact.html [ array (
) ]
[ info ] [ LOG ] INIT File

---------------------------------------------------------------
[ 2017-11-04T20:13:57+08:00 ] ::1 ::1 GET /xiangmu/public/index.php/index/index/index.html
[ log ] localhost/xiangmu/public/index.php/index/index/index.html [运行时间：0.148008s][吞吐率：6.76req/s] [内存消耗：1,661.34kb] [文件加载：43]
[ info ] [ LANG ] G:\wamp\www\xiangmu\thinkphp\lang\zh-cn.php
[ info ] [ ROUTE ] array (
  'type' => 'module',
  'module' => 
  array (
    0 => 'index',
    1 => 'index',
    2 => 'index',
  ),
)
[ info ] [ HEADER ] array (
  'host' => 'localhost',
  'connection' => 'keep-alive',
  'upgrade-insecure-requests' => '1',
  'user-agent' => 'Mozilla/5.0 (Windows NT 6.1; WOW64) AppleWebKit/537.36 (KHTML, like Gecko) Chrome/62.0.3202.75 Safari/537.36',
  'accept' => 'text/html,application/xhtml+xml,application/xml;q=0.9,image/webp,image/apng,*/*;q=0.8',
  'referer' => 'http://localhost/xiangmu/public/index.php/index/index/contact.html',
  'accept-encoding' => 'gzip, deflate, br',
  'accept-language' => 'zh-CN,zh;q=0.9,ja;q=0.8',
  'cookie' => 'pgv_pvi=4656165888; Phpstorm-d94e29df=073d5d47-d625-471e-98d5-737a35e21801; Huiskin=default',
)
[ info ] [ PARAM ] array (
)
[ info ] [ RUN ] app\index\controller\Index->index[ G:\wamp\www\xiangmu\application\index\controller\Index.php ]
[ info ] [ VIEW ] G:\wamp\www\xiangmu\public/../application/index\view\index\index.html [ array (
) ]
[ info ] [ LOG ] INIT File

---------------------------------------------------------------
[ 2017-11-04T20:16:17+08:00 ] ::1 ::1 GET /xiangmu/public/admin
[ log ] localhost/xiangmu/public/admin [运行时间：0.372021s][吞吐率：2.69req/s] [内存消耗：1,685.85kb] [文件加载：47]
[ info ] [ LANG ] G:\wamp\www\xiangmu\thinkphp\lang\zh-cn.php
[ info ] [ ROUTE ] array (
  'type' => 'module',
  'module' => 
  array (
    0 => 'admin',
    1 => NULL,
    2 => NULL,
  ),
)
[ info ] [ HEADER ] array (
  'host' => 'localhost',
  'connection' => 'keep-alive',
  'user-agent' => 'Mozilla/5.0 (Windows NT 6.1; WOW64) AppleWebKit/537.36 (KHTML, like Gecko) Chrome/62.0.3202.75 Safari/537.36',
  'upgrade-insecure-requests' => '1',
  'accept' => 'text/html,application/xhtml+xml,application/xml;q=0.9,image/webp,image/apng,*/*;q=0.8',
  'accept-encoding' => 'gzip, deflate, br',
  'accept-language' => 'zh-CN,zh;q=0.9,ja;q=0.8',
  'cookie' => 'pgv_pvi=4656165888; Phpstorm-d94e29df=073d5d47-d625-471e-98d5-737a35e21801; Huiskin=default',
)
[ info ] [ PARAM ] array (
)
[ info ] [ SESSION ] INIT array (
  'id' => '',
  'var_session_id' => '',
  'prefix' => 'think',
  'type' => '',
  'auto_start' => true,
)
[ info ] [ LOG ] INIT File

---------------------------------------------------------------
[ 2017-11-04T20:16:17+08:00 ] ::1 ::1 GET /xiangmu/public/admin/login/index.html
[ log ] localhost/xiangmu/public/admin/login/index.html [运行时间：0.241013s][吞吐率：4.15req/s] [内存消耗：1,656.37kb] [文件加载：45]
[ info ] [ LANG ] G:\wamp\www\xiangmu\thinkphp\lang\zh-cn.php
[ info ] [ ROUTE ] array (
  'type' => 'module',
  'module' => 
  array (
    0 => 'admin',
    1 => 'login',
    2 => 'index',
  ),
)
[ info ] [ HEADER ] array (
  'host' => 'localhost',
  'connection' => 'keep-alive',
  'user-agent' => 'Mozilla/5.0 (Windows NT 6.1; WOW64) AppleWebKit/537.36 (KHTML, like Gecko) Chrome/62.0.3202.75 Safari/537.36',
  'upgrade-insecure-requests' => '1',
  'accept' => 'text/html,application/xhtml+xml,application/xml;q=0.9,image/webp,image/apng,*/*;q=0.8',
  'accept-encoding' => 'gzip, deflate, br',
  'accept-language' => 'zh-CN,zh;q=0.9,ja;q=0.8',
  'cookie' => 'pgv_pvi=4656165888; Phpstorm-d94e29df=073d5d47-d625-471e-98d5-737a35e21801; Huiskin=default; PHPSESSID=c2qmri247c0m6cnp0rkfaa8jv0',
)
[ info ] [ PARAM ] array (
)
[ info ] [ RUN ] app\admin\controller\Login->index[ G:\wamp\www\xiangmu\application\admin\controller\Login.php ]
[ info ] [ SESSION ] INIT array (
  'id' => '',
  'var_session_id' => '',
  'prefix' => 'think',
  'type' => '',
  'auto_start' => true,
)
[ info ] [ VIEW ] G:\wamp\www\xiangmu\public/../application/admin\view\login\index.html [ array (
) ]
[ info ] [ LOG ] INIT File

---------------------------------------------------------------
[ 2017-11-04T20:16:31+08:00 ] ::1 ::1 POST /xiangmu/public/admin/login/index.html
[ log ] localhost/xiangmu/public/admin/login/index.html [运行时间：0.760043s][吞吐率：1.32req/s] [内存消耗：2,633.30kb] [文件加载：55]
[ info ] [ LANG ] G:\wamp\www\xiangmu\thinkphp\lang\zh-cn.php
[ info ] [ ROUTE ] array (
  'type' => 'module',
  'module' => 
  array (
    0 => 'admin',
    1 => 'login',
    2 => 'index',
  ),
)
[ info ] [ HEADER ] array (
  'host' => 'localhost',
  'connection' => 'keep-alive',
  'content-length' => '44',
  'cache-control' => 'max-age=0',
  'origin' => 'http://localhost',
  'upgrade-insecure-requests' => '1',
  'content-type' => 'application/x-www-form-urlencoded',
  'user-agent' => 'Mozilla/5.0 (Windows NT 6.1; WOW64) AppleWebKit/537.36 (KHTML, like Gecko) Chrome/62.0.3202.75 Safari/537.36',
  'accept' => 'text/html,application/xhtml+xml,application/xml;q=0.9,image/webp,image/apng,*/*;q=0.8',
  'referer' => 'http://localhost/xiangmu/public/admin/login/index.html',
  'accept-encoding' => 'gzip, deflate, br',
  'accept-language' => 'zh-CN,zh;q=0.9,ja;q=0.8',
  'cookie' => 'pgv_pvi=4656165888; Phpstorm-d94e29df=073d5d47-d625-471e-98d5-737a35e21801; Huiskin=default; PHPSESSID=c2qmri247c0m6cnp0rkfaa8jv0',
)
[ info ] [ PARAM ] array (
  'username' => 'xinchumenye',
  'password' => 'xinchumenye123',
)
[ info ] [ RUN ] app\admin\controller\Login->index[ G:\wamp\www\xiangmu\application\admin\controller\Login.php ]
[ info ] [ DB ] INIT mysql
[ info ] [ SESSION ] INIT array (
  'id' => '',
  'var_session_id' => '',
  'prefix' => 'think',
  'type' => '',
  'auto_start' => true,
)
[ info ] [ VIEW ] G:\wamp\www\xiangmu\thinkphp\tpl\dispatch_jump.tpl [ array (
  0 => 'code',
  1 => 'msg',
  2 => 'data',
  3 => 'url',
  4 => 'wait',
) ]
[ info ] [ LOG ] INIT File

---------------------------------------------------------------
[ 2017-11-04T20:16:34+08:00 ] ::1 ::1 GET /xiangmu/public/admin/index/index.html
[ log ] localhost/xiangmu/public/admin/index/index.html [运行时间：0.290017s][吞吐率：3.45req/s] [内存消耗：1,908.56kb] [文件加载：48]
[ info ] [ LANG ] G:\wamp\www\xiangmu\thinkphp\lang\zh-cn.php
[ info ] [ ROUTE ] array (
  'type' => 'module',
  'module' => 
  array (
    0 => 'admin',
    1 => 'index',
    2 => 'index',
  ),
)
[ info ] [ HEADER ] array (
  'host' => 'localhost',
  'connection' => 'keep-alive',
  'upgrade-insecure-requests' => '1',
  'user-agent' => 'Mozilla/5.0 (Windows NT 6.1; WOW64) AppleWebKit/537.36 (KHTML, like Gecko) Chrome/62.0.3202.75 Safari/537.36',
  'accept' => 'text/html,application/xhtml+xml,application/xml;q=0.9,image/webp,image/apng,*/*;q=0.8',
  'referer' => 'http://localhost/xiangmu/public/admin/login/index.html',
  'accept-encoding' => 'gzip, deflate, br',
  'accept-language' => 'zh-CN,zh;q=0.9,ja;q=0.8',
  'cookie' => 'pgv_pvi=4656165888; Phpstorm-d94e29df=073d5d47-d625-471e-98d5-737a35e21801; Huiskin=default; PHPSESSID=c2qmri247c0m6cnp0rkfaa8jv0',
)
[ info ] [ PARAM ] array (
)
[ info ] [ SESSION ] INIT array (
  'id' => '',
  'var_session_id' => '',
  'prefix' => 'think',
  'type' => '',
  'auto_start' => true,
)
[ info ] [ RUN ] app\admin\controller\Index->index[ G:\wamp\www\xiangmu\application\admin\controller\Index.php ]
[ info ] [ VIEW ] G:\wamp\www\xiangmu\public/../application/admin\view\index\index.html [ array (
) ]
[ info ] [ LOG ] INIT File

---------------------------------------------------------------
[ 2017-11-04T20:16:35+08:00 ] ::1 ::1 GET /xiangmu/public/admin/index/welcome.html
[ log ] localhost/xiangmu/public/admin/index/welcome.html [运行时间：0.212012s][吞吐率：4.72req/s] [内存消耗：1,838.45kb] [文件加载：46]
[ info ] [ LANG ] G:\wamp\www\xiangmu\thinkphp\lang\zh-cn.php
[ info ] [ ROUTE ] array (
  'type' => 'module',
  'module' => 
  array (
    0 => 'admin',
    1 => 'index',
    2 => 'welcome',
  ),
)
[ info ] [ HEADER ] array (
  'host' => 'localhost',
  'connection' => 'keep-alive',
  'upgrade-insecure-requests' => '1',
  'user-agent' => 'Mozilla/5.0 (Windows NT 6.1; WOW64) AppleWebKit/537.36 (KHTML, like Gecko) Chrome/62.0.3202.75 Safari/537.36',
  'accept' => 'text/html,application/xhtml+xml,application/xml;q=0.9,image/webp,image/apng,*/*;q=0.8',
  'referer' => 'http://localhost/xiangmu/public/admin/index/index.html',
  'accept-encoding' => 'gzip, deflate, br',
  'accept-language' => 'zh-CN,zh;q=0.9,ja;q=0.8',
  'cookie' => 'pgv_pvi=4656165888; Phpstorm-d94e29df=073d5d47-d625-471e-98d5-737a35e21801; Huiskin=default; PHPSESSID=c2qmri247c0m6cnp0rkfaa8jv0',
)
[ info ] [ PARAM ] array (
)
[ info ] [ SESSION ] INIT array (
  'id' => '',
  'var_session_id' => '',
  'prefix' => 'think',
  'type' => '',
  'auto_start' => true,
)
[ info ] [ RUN ] app\admin\controller\Index->welcome[ G:\wamp\www\xiangmu\application\admin\controller\Index.php ]
[ info ] [ LOG ] INIT File

---------------------------------------------------------------
[ 2017-11-04T20:16:45+08:00 ] ::1 ::1 GET /xiangmu/public/admin/deal/apply.html
[ log ] localhost/xiangmu/public/admin/deal/apply.html [运行时间：0.263015s][吞吐率：3.80req/s] [内存消耗：1,946.44kb] [文件加载：49]
[ info ] [ LANG ] G:\wamp\www\xiangmu\thinkphp\lang\zh-cn.php
[ info ] [ ROUTE ] array (
  'type' => 'module',
  'module' => 
  array (
    0 => 'admin',
    1 => 'deal',
    2 => 'apply',
  ),
)
[ info ] [ HEADER ] array (
  'host' => 'localhost',
  'connection' => 'keep-alive',
  'upgrade-insecure-requests' => '1',
  'user-agent' => 'Mozilla/5.0 (Windows NT 6.1; WOW64) AppleWebKit/537.36 (KHTML, like Gecko) Chrome/62.0.3202.75 Safari/537.36',
  'accept' => 'text/html,application/xhtml+xml,application/xml;q=0.9,image/webp,image/apng,*/*;q=0.8',
  'referer' => 'http://localhost/xiangmu/public/admin/index/index.html',
  'accept-encoding' => 'gzip, deflate, br',
  'accept-language' => 'zh-CN,zh;q=0.9,ja;q=0.8',
  'cookie' => 'pgv_pvi=4656165888; Phpstorm-d94e29df=073d5d47-d625-471e-98d5-737a35e21801; Huiskin=default; PHPSESSID=c2qmri247c0m6cnp0rkfaa8jv0',
)
[ info ] [ PARAM ] array (
)
[ info ] [ RUN ] app\admin\controller\Deal->apply[ G:\wamp\www\xiangmu\application\admin\controller\Deal.php ]
[ info ] [ VIEW ] G:\wamp\www\xiangmu\public/../application/admin\view\deal\apply.html [ array (
) ]
[ info ] [ LOG ] INIT File

---------------------------------------------------------------
[ 2017-11-04T20:16:46+08:00 ] ::1 ::1 GET /xiangmu/public/admin/deal/index.html
[ log ] localhost/xiangmu/public/admin/deal/index.html [运行时间：0.347020s][吞吐率：2.88req/s] [内存消耗：2,605.76kb] [文件加载：55]
[ info ] [ LANG ] G:\wamp\www\xiangmu\thinkphp\lang\zh-cn.php
[ info ] [ ROUTE ] array (
  'type' => 'module',
  'module' => 
  array (
    0 => 'admin',
    1 => 'deal',
    2 => 'index',
  ),
)
[ info ] [ HEADER ] array (
  'host' => 'localhost',
  'connection' => 'keep-alive',
  'upgrade-insecure-requests' => '1',
  'user-agent' => 'Mozilla/5.0 (Windows NT 6.1; WOW64) AppleWebKit/537.36 (KHTML, like Gecko) Chrome/62.0.3202.75 Safari/537.36',
  'accept' => 'text/html,application/xhtml+xml,application/xml;q=0.9,image/webp,image/apng,*/*;q=0.8',
  'referer' => 'http://localhost/xiangmu/public/admin/index/index.html',
  'accept-encoding' => 'gzip, deflate, br',
  'accept-language' => 'zh-CN,zh;q=0.9,ja;q=0.8',
  'cookie' => 'pgv_pvi=4656165888; Phpstorm-d94e29df=073d5d47-d625-471e-98d5-737a35e21801; Huiskin=default; PHPSESSID=c2qmri247c0m6cnp0rkfaa8jv0',
)
[ info ] [ PARAM ] array (
)
[ info ] [ RUN ] app\admin\controller\Deal->index[ G:\wamp\www\xiangmu\application\admin\controller\Deal.php ]
[ info ] [ DB ] INIT mysql
[ info ] [ VIEW ] G:\wamp\www\xiangmu\public/../application/admin\view\deal\index.html [ array (
  0 => 'lunbo',
) ]
[ info ] [ LOG ] INIT File

---------------------------------------------------------------
[ 2017-11-04T20:16:49+08:00 ] ::1 ::1 GET /xiangmu/public/admin/deal/apply.html
[ log ] localhost/xiangmu/public/admin/deal/apply.html [运行时间：0.143008s][吞吐率：6.99req/s] [内存消耗：1,946.44kb] [文件加载：49]
[ info ] [ LANG ] G:\wamp\www\xiangmu\thinkphp\lang\zh-cn.php
[ info ] [ ROUTE ] array (
  'type' => 'module',
  'module' => 
  array (
    0 => 'admin',
    1 => 'deal',
    2 => 'apply',
  ),
)
[ info ] [ HEADER ] array (
  'host' => 'localhost',
  'connection' => 'keep-alive',
  'upgrade-insecure-requests' => '1',
  'user-agent' => 'Mozilla/5.0 (Windows NT 6.1; WOW64) AppleWebKit/537.36 (KHTML, like Gecko) Chrome/62.0.3202.75 Safari/537.36',
  'accept' => 'text/html,application/xhtml+xml,application/xml;q=0.9,image/webp,image/apng,*/*;q=0.8',
  'referer' => 'http://localhost/xiangmu/public/admin/index/index.html',
  'accept-encoding' => 'gzip, deflate, br',
  'accept-language' => 'zh-CN,zh;q=0.9,ja;q=0.8',
  'cookie' => 'pgv_pvi=4656165888; Phpstorm-d94e29df=073d5d47-d625-471e-98d5-737a35e21801; Huiskin=default; PHPSESSID=c2qmri247c0m6cnp0rkfaa8jv0',
)
[ info ] [ PARAM ] array (
)
[ info ] [ RUN ] app\admin\controller\Deal->apply[ G:\wamp\www\xiangmu\application\admin\controller\Deal.php ]
[ info ] [ VIEW ] G:\wamp\www\xiangmu\public/../application/admin\view\deal\apply.html [ array (
) ]
[ info ] [ LOG ] INIT File

---------------------------------------------------------------
[ 2017-11-04T20:17:08+08:00 ] ::1 ::1 POST /xiangmu/public/admin/deal/upload.html
[ log ] localhost/xiangmu/public/admin/deal/upload.html [运行时间：0.503028s][吞吐率：1.99req/s] [内存消耗：2,753.05kb] [文件加载：58]
[ info ] [ LANG ] G:\wamp\www\xiangmu\thinkphp\lang\zh-cn.php
[ info ] [ ROUTE ] array (
  'type' => 'module',
  'module' => 
  array (
    0 => 'admin',
    1 => 'deal',
    2 => 'upload',
  ),
)
[ info ] [ HEADER ] array (
  'host' => 'localhost',
  'connection' => 'keep-alive',
  'content-length' => '20163',
  'cache-control' => 'max-age=0',
  'origin' => 'http://localhost',
  'upgrade-insecure-requests' => '1',
  'content-type' => 'multipart/form-data; boundary=----WebKitFormBoundaryBfBOVtFkCM7sAefK',
  'user-agent' => 'Mozilla/5.0 (Windows NT 6.1; WOW64) AppleWebKit/537.36 (KHTML, like Gecko) Chrome/62.0.3202.75 Safari/537.36',
  'accept' => 'text/html,application/xhtml+xml,application/xml;q=0.9,image/webp,image/apng,*/*;q=0.8',
  'referer' => 'http://localhost/xiangmu/public/admin/deal/apply.html',
  'accept-encoding' => 'gzip, deflate, br',
  'accept-language' => 'zh-CN,zh;q=0.9,ja;q=0.8',
  'cookie' => 'pgv_pvi=4656165888; Phpstorm-d94e29df=073d5d47-d625-471e-98d5-737a35e21801; Huiskin=default; PHPSESSID=c2qmri247c0m6cnp0rkfaa8jv0',
)
[ info ] [ PARAM ] array (
  'filename' => '文当即',
)
[ info ] [ RUN ] app\admin\controller\Deal->upload[ G:\wamp\www\xiangmu\application\admin\controller\Deal.php ]
[ info ] [ DB ] INIT mysql
[ info ] [ VIEW ] G:\wamp\www\xiangmu\thinkphp\tpl\dispatch_jump.tpl [ array (
  0 => 'code',
  1 => 'msg',
  2 => 'data',
  3 => 'url',
  4 => 'wait',
) ]
[ info ] [ LOG ] INIT File

---------------------------------------------------------------
[ 2017-11-04T20:17:11+08:00 ] ::1 ::1 GET /xiangmu/public/admin/deal/apply.html
[ log ] localhost/xiangmu/public/admin/deal/apply.html [运行时间：0.136008s][吞吐率：7.35req/s] [内存消耗：1,946.44kb] [文件加载：49]
[ info ] [ LANG ] G:\wamp\www\xiangmu\thinkphp\lang\zh-cn.php
[ info ] [ ROUTE ] array (
  'type' => 'module',
  'module' => 
  array (
    0 => 'admin',
    1 => 'deal',
    2 => 'apply',
  ),
)
[ info ] [ HEADER ] array (
  'host' => 'localhost',
  'connection' => 'keep-alive',
  'upgrade-insecure-requests' => '1',
  'user-agent' => 'Mozilla/5.0 (Windows NT 6.1; WOW64) AppleWebKit/537.36 (KHTML, like Gecko) Chrome/62.0.3202.75 Safari/537.36',
  'accept' => 'text/html,application/xhtml+xml,application/xml;q=0.9,image/webp,image/apng,*/*;q=0.8',
  'referer' => 'http://localhost/xiangmu/public/admin/deal/upload.html',
  'accept-encoding' => 'gzip, deflate, br',
  'accept-language' => 'zh-CN,zh;q=0.9,ja;q=0.8',
  'cookie' => 'pgv_pvi=4656165888; Phpstorm-d94e29df=073d5d47-d625-471e-98d5-737a35e21801; Huiskin=default; PHPSESSID=c2qmri247c0m6cnp0rkfaa8jv0',
)
[ info ] [ PARAM ] array (
)
[ info ] [ RUN ] app\admin\controller\Deal->apply[ G:\wamp\www\xiangmu\application\admin\controller\Deal.php ]
[ info ] [ VIEW ] G:\wamp\www\xiangmu\public/../application/admin\view\deal\apply.html [ array (
) ]
[ info ] [ LOG ] INIT File

---------------------------------------------------------------
[ 2017-11-04T20:17:13+08:00 ] ::1 ::1 GET /xiangmu/public/admin/deal/index.html
[ log ] localhost/xiangmu/public/admin/deal/index.html [运行时间：0.250014s][吞吐率：4.00req/s] [内存消耗：2,675.63kb] [文件加载：56]
[ info ] [ LANG ] G:\wamp\www\xiangmu\thinkphp\lang\zh-cn.php
[ info ] [ ROUTE ] array (
  'type' => 'module',
  'module' => 
  array (
    0 => 'admin',
    1 => 'deal',
    2 => 'index',
  ),
)
[ info ] [ HEADER ] array (
  'host' => 'localhost',
  'connection' => 'keep-alive',
  'upgrade-insecure-requests' => '1',
  'user-agent' => 'Mozilla/5.0 (Windows NT 6.1; WOW64) AppleWebKit/537.36 (KHTML, like Gecko) Chrome/62.0.3202.75 Safari/537.36',
  'accept' => 'text/html,application/xhtml+xml,application/xml;q=0.9,image/webp,image/apng,*/*;q=0.8',
  'referer' => 'http://localhost/xiangmu/public/admin/index/index.html',
  'accept-encoding' => 'gzip, deflate, br',
  'accept-language' => 'zh-CN,zh;q=0.9,ja;q=0.8',
  'cookie' => 'pgv_pvi=4656165888; Phpstorm-d94e29df=073d5d47-d625-471e-98d5-737a35e21801; Huiskin=default; PHPSESSID=c2qmri247c0m6cnp0rkfaa8jv0',
)
[ info ] [ PARAM ] array (
)
[ info ] [ RUN ] app\admin\controller\Deal->index[ G:\wamp\www\xiangmu\application\admin\controller\Deal.php ]
[ info ] [ DB ] INIT mysql
[ info ] [ VIEW ] G:\wamp\www\xiangmu\public/../application/admin\view\deal\index.html [ array (
  0 => 'lunbo',
) ]
[ info ] [ LOG ] INIT File

---------------------------------------------------------------
[ 2017-11-04T20:17:17+08:00 ] ::1 ::1 GET /xiangmu/public/admin/deal/del.html?id=1
[ log ] localhost/xiangmu/public/admin/deal/del.html?id=1 [运行时间：0.384022s][吞吐率：2.60req/s] [内存消耗：2,610.25kb] [文件加载：56]
[ info ] [ LANG ] G:\wamp\www\xiangmu\thinkphp\lang\zh-cn.php
[ info ] [ ROUTE ] array (
  'type' => 'module',
  'module' => 
  array (
    0 => 'admin',
    1 => 'deal',
    2 => 'del',
  ),
)
[ info ] [ HEADER ] array (
  'host' => 'localhost',
  'connection' => 'keep-alive',
  'upgrade-insecure-requests' => '1',
  'user-agent' => 'Mozilla/5.0 (Windows NT 6.1; WOW64) AppleWebKit/537.36 (KHTML, like Gecko) Chrome/62.0.3202.75 Safari/537.36',
  'accept' => 'text/html,application/xhtml+xml,application/xml;q=0.9,image/webp,image/apng,*/*;q=0.8',
  'referer' => 'http://localhost/xiangmu/public/admin/deal/index.html',
  'accept-encoding' => 'gzip, deflate, br',
  'accept-language' => 'zh-CN,zh;q=0.9,ja;q=0.8',
  'cookie' => 'pgv_pvi=4656165888; Phpstorm-d94e29df=073d5d47-d625-471e-98d5-737a35e21801; Huiskin=default; PHPSESSID=c2qmri247c0m6cnp0rkfaa8jv0',
)
[ info ] [ PARAM ] array (
  'id' => '1',
)
[ info ] [ RUN ] app\admin\controller\Deal->del[ G:\wamp\www\xiangmu\application\admin\controller\Deal.php ]
[ info ] [ DB ] INIT mysql
[ info ] [ VIEW ] G:\wamp\www\xiangmu\thinkphp\tpl\dispatch_jump.tpl [ array (
  0 => 'code',
  1 => 'msg',
  2 => 'data',
  3 => 'url',
  4 => 'wait',
) ]
[ info ] [ LOG ] INIT File

---------------------------------------------------------------
[ 2017-11-04T20:17:20+08:00 ] ::1 ::1 GET /xiangmu/public/admin/deal/index.html
[ log ] localhost/xiangmu/public/admin/deal/index.html [运行时间：0.263015s][吞吐率：3.80req/s] [内存消耗：2,605.66kb] [文件加载：55]
[ info ] [ LANG ] G:\wamp\www\xiangmu\thinkphp\lang\zh-cn.php
[ info ] [ ROUTE ] array (
  'type' => 'module',
  'module' => 
  array (
    0 => 'admin',
    1 => 'deal',
    2 => 'index',
  ),
)
[ info ] [ HEADER ] array (
  'host' => 'localhost',
  'connection' => 'keep-alive',
  'upgrade-insecure-requests' => '1',
  'user-agent' => 'Mozilla/5.0 (Windows NT 6.1; WOW64) AppleWebKit/537.36 (KHTML, like Gecko) Chrome/62.0.3202.75 Safari/537.36',
  'accept' => 'text/html,application/xhtml+xml,application/xml;q=0.9,image/webp,image/apng,*/*;q=0.8',
  'referer' => 'http://localhost/xiangmu/public/admin/deal/del.html?id=1',
  'accept-encoding' => 'gzip, deflate, br',
  'accept-language' => 'zh-CN,zh;q=0.9,ja;q=0.8',
  'cookie' => 'pgv_pvi=4656165888; Phpstorm-d94e29df=073d5d47-d625-471e-98d5-737a35e21801; Huiskin=default; PHPSESSID=c2qmri247c0m6cnp0rkfaa8jv0',
)
[ info ] [ PARAM ] array (
)
[ info ] [ RUN ] app\admin\controller\Deal->index[ G:\wamp\www\xiangmu\application\admin\controller\Deal.php ]
[ info ] [ DB ] INIT mysql
[ info ] [ VIEW ] G:\wamp\www\xiangmu\public/../application/admin\view\deal\index.html [ array (
  0 => 'lunbo',
) ]
[ info ] [ LOG ] INIT File

---------------------------------------------------------------
[ 2017-11-04T20:17:24+08:00 ] ::1 ::1 GET /xiangmu/public/admin/deal/apply.html
[ log ] localhost/xiangmu/public/admin/deal/apply.html [运行时间：0.141008s][吞吐率：7.09req/s] [内存消耗：1,946.44kb] [文件加载：49]
[ info ] [ LANG ] G:\wamp\www\xiangmu\thinkphp\lang\zh-cn.php
[ info ] [ ROUTE ] array (
  'type' => 'module',
  'module' => 
  array (
    0 => 'admin',
    1 => 'deal',
    2 => 'apply',
  ),
)
[ info ] [ HEADER ] array (
  'host' => 'localhost',
  'connection' => 'keep-alive',
  'upgrade-insecure-requests' => '1',
  'user-agent' => 'Mozilla/5.0 (Windows NT 6.1; WOW64) AppleWebKit/537.36 (KHTML, like Gecko) Chrome/62.0.3202.75 Safari/537.36',
  'accept' => 'text/html,application/xhtml+xml,application/xml;q=0.9,image/webp,image/apng,*/*;q=0.8',
  'referer' => 'http://localhost/xiangmu/public/admin/index/index.html',
  'accept-encoding' => 'gzip, deflate, br',
  'accept-language' => 'zh-CN,zh;q=0.9,ja;q=0.8',
  'cookie' => 'pgv_pvi=4656165888; Phpstorm-d94e29df=073d5d47-d625-471e-98d5-737a35e21801; Huiskin=default; PHPSESSID=c2qmri247c0m6cnp0rkfaa8jv0',
)
[ info ] [ PARAM ] array (
)
[ info ] [ RUN ] app\admin\controller\Deal->apply[ G:\wamp\www\xiangmu\application\admin\controller\Deal.php ]
[ info ] [ VIEW ] G:\wamp\www\xiangmu\public/../application/admin\view\deal\apply.html [ array (
) ]
[ info ] [ LOG ] INIT File

---------------------------------------------------------------
[ 2017-11-04T20:17:39+08:00 ] ::1 ::1 GET /xiangmu/public/index.php/index/index/enjoy.html
[ log ] localhost/xiangmu/public/index.php/index/index/enjoy.html [运行时间：0.149008s][吞吐率：6.71req/s] [内存消耗：1,576.65kb] [文件加载：42]
[ info ] [ LANG ] G:\wamp\www\xiangmu\thinkphp\lang\zh-cn.php
[ info ] [ ROUTE ] array (
  'type' => 'module',
  'module' => 
  array (
    0 => 'index',
    1 => 'index',
    2 => 'enjoy',
  ),
)
[ info ] [ HEADER ] array (
  'host' => 'localhost',
  'connection' => 'keep-alive',
  'upgrade-insecure-requests' => '1',
  'user-agent' => 'Mozilla/5.0 (Windows NT 6.1; WOW64) AppleWebKit/537.36 (KHTML, like Gecko) Chrome/62.0.3202.75 Safari/537.36',
  'accept' => 'text/html,application/xhtml+xml,application/xml;q=0.9,image/webp,image/apng,*/*;q=0.8',
  'referer' => 'http://localhost/xiangmu/public/index.php/index/index/index.html',
  'accept-encoding' => 'gzip, deflate, br',
  'accept-language' => 'zh-CN,zh;q=0.9,ja;q=0.8',
  'cookie' => 'pgv_pvi=4656165888; Phpstorm-d94e29df=073d5d47-d625-471e-98d5-737a35e21801; Huiskin=default; PHPSESSID=c2qmri247c0m6cnp0rkfaa8jv0',
)
[ info ] [ PARAM ] array (
)
[ info ] [ RUN ] app\index\controller\Index->enjoy[ G:\wamp\www\xiangmu\application\index\controller\Index.php ]
[ info ] [ VIEW ] G:\wamp\www\xiangmu\public/../application/index\view\index\enjoy.html [ array (
) ]
[ info ] [ LOG ] INIT File

---------------------------------------------------------------
[ 2017-11-04T20:18:11+08:00 ] ::1 ::1 GET /xiangmu/public/index.php/index/index/news.html
[ log ] localhost/xiangmu/public/index.php/index/index/news.html [运行时间：0.221012s][吞吐率：4.52req/s] [内存消耗：1,576.65kb] [文件加载：42]
[ info ] [ LANG ] G:\wamp\www\xiangmu\thinkphp\lang\zh-cn.php
[ info ] [ ROUTE ] array (
  'type' => 'module',
  'module' => 
  array (
    0 => 'index',
    1 => 'index',
    2 => 'news',
  ),
)
[ info ] [ HEADER ] array (
  'host' => 'localhost',
  'connection' => 'keep-alive',
  'upgrade-insecure-requests' => '1',
  'user-agent' => 'Mozilla/5.0 (Windows NT 6.1; WOW64) AppleWebKit/537.36 (KHTML, like Gecko) Chrome/62.0.3202.75 Safari/537.36',
  'accept' => 'text/html,application/xhtml+xml,application/xml;q=0.9,image/webp,image/apng,*/*;q=0.8',
  'referer' => 'http://localhost/xiangmu/public/index.php/index/index/enjoy.html',
  'accept-encoding' => 'gzip, deflate, br',
  'accept-language' => 'zh-CN,zh;q=0.9,ja;q=0.8',
  'cookie' => 'pgv_pvi=4656165888; Phpstorm-d94e29df=073d5d47-d625-471e-98d5-737a35e21801; Huiskin=default; PHPSESSID=c2qmri247c0m6cnp0rkfaa8jv0',
)
[ info ] [ PARAM ] array (
)
[ info ] [ RUN ] app\index\controller\Index->news[ G:\wamp\www\xiangmu\application\index\controller\Index.php ]
[ info ] [ VIEW ] G:\wamp\www\xiangmu\public/../application/index\view\index\news.html [ array (
) ]
[ info ] [ LOG ] INIT File

---------------------------------------------------------------
