[ 2017-11-12T12:44:15+08:00 ] ::1 ::1 GET /xiangmu/public/
[ sql ] [ DB ] CONNECT:[ UseTime:0.017001s ] mysql:dbname=xinchu;host=localhost;port=3306;charset=utf8
[ sql ] [ SQL ] SHOW COLUMNS FROM `men_ads` [ RunTime:0.047003s ]
[ sql ] [ SQL ] SELECT * FROM `men_ads` [ RunTime:0.002000s ]
[ sql ] [ SQL ] SHOW COLUMNS FROM `men_series` [ RunTime:0.047003s ]
[ sql ] [ SQL ] SELECT * FROM `men_series` [ RunTime:0.003000s ]
[ sql ] [ SQL ] SHOW COLUMNS FROM `men_news` [ RunTime:0.059003s ]
[ sql ] [ SQL ] SELECT * FROM `men_news` [ RunTime:0.002000s ]
[ sql ] [ SQL ] SELECT * FROM `men_series` LIMIT 1 [ RunTime:0.002000s ]
[ sql ] [ SQL ] SHOW COLUMNS FROM `men_product` [ RunTime:0.044003s ]
[ sql ] [ SQL ] SELECT * FROM `men_product` WHERE  `recommend` = 1  AND `category` = '仙剑' ORDER BY id desc LIMIT 4 [ RunTime:0.003000s ]
[ sql ] [ SQL ] SHOW COLUMNS FROM `men_quality` [ RunTime:0.037002s ]
[ sql ] [ SQL ] SELECT * FROM `men_quality` WHERE  `weiyi` = 2 LIMIT 1 [ RunTime:0.002000s ]
[ sql ] [ SQL ] SELECT * FROM `men_quality` WHERE  `weiyi` = 1 LIMIT 1 [ RunTime:0.002000s ]
[ sql ] [ SQL ] SELECT * FROM `men_quality` WHERE  `weiyi` = 0 LIMIT 1 [ RunTime:0.002000s ]
[ sql ] [ SQL ] SELECT * FROM `men_news` ORDER BY id desc LIMIT 8 [ RunTime:0.002000s ]
[ sql ] [ SQL ] SHOW COLUMNS FROM `men_link` [ RunTime:0.045003s ]
[ sql ] [ SQL ] SELECT * FROM `men_link` [ RunTime:0.002000s ]

---------------------------------------------------------------
[ 2017-11-12T12:44:18+08:00 ] ::1 ::1 GET /xiangmu/public/index/index/enjoy.html
[ sql ] [ DB ] CONNECT:[ UseTime:0.007000s ] mysql:dbname=xinchu;host=localhost;port=3306;charset=utf8
[ sql ] [ SQL ] SHOW COLUMNS FROM `men_ads` [ RunTime:0.027002s ]
[ sql ] [ SQL ] SELECT * FROM `men_ads` [ RunTime:0.002000s ]
[ sql ] [ SQL ] SHOW COLUMNS FROM `men_series` [ RunTime:0.028002s ]
[ sql ] [ SQL ] SELECT * FROM `men_series` [ RunTime:0.002000s ]
[ sql ] [ SQL ] SELECT * FROM `men_series` LIMIT 1 [ RunTime:0.002000s ]
[ sql ] [ SQL ] SHOW COLUMNS FROM `men_product` [ RunTime:0.028002s ]
[ sql ] [ SQL ] SELECT * FROM `men_product` WHERE  `category` = '仙剑' [ RunTime:0.003000s ]
[ sql ] [ SQL ] SHOW COLUMNS FROM `men_link` [ RunTime:0.027002s ]
[ sql ] [ SQL ] SELECT * FROM `men_link` [ RunTime:0.002000s ]

---------------------------------------------------------------
[ 2017-11-12T12:44:20+08:00 ] ::1 ::1 GET /xiangmu/public/index/index/index.html
[ sql ] [ DB ] CONNECT:[ UseTime:0.015001s ] mysql:dbname=xinchu;host=localhost;port=3306;charset=utf8
[ sql ] [ SQL ] SHOW COLUMNS FROM `men_ads` [ RunTime:0.029002s ]
[ sql ] [ SQL ] SELECT * FROM `men_ads` [ RunTime:0.002000s ]
[ sql ] [ SQL ] SHOW COLUMNS FROM `men_series` [ RunTime:0.029002s ]
[ sql ] [ SQL ] SELECT * FROM `men_series` [ RunTime:0.002000s ]
[ sql ] [ SQL ] SHOW COLUMNS FROM `men_news` [ RunTime:0.029002s ]
[ sql ] [ SQL ] SELECT * FROM `men_news` [ RunTime:0.003000s ]
[ sql ] [ SQL ] SELECT * FROM `men_series` LIMIT 1 [ RunTime:0.001000s ]
[ sql ] [ SQL ] SHOW COLUMNS FROM `men_product` [ RunTime:0.029002s ]
[ sql ] [ SQL ] SELECT * FROM `men_product` WHERE  `recommend` = 1  AND `category` = '仙剑' ORDER BY id desc LIMIT 4 [ RunTime:0.002000s ]
[ sql ] [ SQL ] SHOW COLUMNS FROM `men_quality` [ RunTime:0.027002s ]
[ sql ] [ SQL ] SELECT * FROM `men_quality` WHERE  `weiyi` = 2 LIMIT 1 [ RunTime:0.003000s ]
[ sql ] [ SQL ] SELECT * FROM `men_quality` WHERE  `weiyi` = 1 LIMIT 1 [ RunTime:0.002000s ]
[ sql ] [ SQL ] SELECT * FROM `men_quality` WHERE  `weiyi` = 0 LIMIT 1 [ RunTime:0.002000s ]
[ sql ] [ SQL ] SELECT * FROM `men_news` ORDER BY id desc LIMIT 8 [ RunTime:0.002000s ]
[ sql ] [ SQL ] SHOW COLUMNS FROM `men_link` [ RunTime:0.028002s ]
[ sql ] [ SQL ] SELECT * FROM `men_link` [ RunTime:0.002000s ]

---------------------------------------------------------------
[ 2017-11-12T12:44:25+08:00 ] ::1 ::1 GET /xiangmu/public/
[ sql ] [ DB ] CONNECT:[ UseTime:0.007001s ] mysql:dbname=xinchu;host=localhost;port=3306;charset=utf8
[ sql ] [ SQL ] SHOW COLUMNS FROM `men_ads` [ RunTime:0.025001s ]
[ sql ] [ SQL ] SELECT * FROM `men_ads` [ RunTime:0.003000s ]
[ sql ] [ SQL ] SHOW COLUMNS FROM `men_series` [ RunTime:0.025001s ]
[ sql ] [ SQL ] SELECT * FROM `men_series` [ RunTime:0.002001s ]
[ sql ] [ SQL ] SHOW COLUMNS FROM `men_news` [ RunTime:0.022001s ]
[ sql ] [ SQL ] SELECT * FROM `men_news` [ RunTime:0.003000s ]
[ sql ] [ SQL ] SELECT * FROM `men_series` LIMIT 1 [ RunTime:0.001000s ]
[ sql ] [ SQL ] SHOW COLUMNS FROM `men_product` [ RunTime:0.021002s ]
[ sql ] [ SQL ] SELECT * FROM `men_product` WHERE  `recommend` = 1  AND `category` = '仙剑' ORDER BY id desc LIMIT 4 [ RunTime:0.002000s ]
[ sql ] [ SQL ] SHOW COLUMNS FROM `men_quality` [ RunTime:0.019001s ]
[ sql ] [ SQL ] SELECT * FROM `men_quality` WHERE  `weiyi` = 2 LIMIT 1 [ RunTime:0.002000s ]
[ sql ] [ SQL ] SELECT * FROM `men_quality` WHERE  `weiyi` = 1 LIMIT 1 [ RunTime:0.001000s ]
[ sql ] [ SQL ] SELECT * FROM `men_quality` WHERE  `weiyi` = 0 LIMIT 1 [ RunTime:0.002000s ]
[ sql ] [ SQL ] SELECT * FROM `men_news` ORDER BY id desc LIMIT 8 [ RunTime:0.002000s ]
[ sql ] [ SQL ] SHOW COLUMNS FROM `men_link` [ RunTime:0.025001s ]
[ sql ] [ SQL ] SELECT * FROM `men_link` [ RunTime:0.002001s ]

---------------------------------------------------------------
[ 2017-11-12T12:44:29+08:00 ] ::1 ::1 POST /xiangmu/public/index/index/xl.html
[ sql ] [ DB ] CONNECT:[ UseTime:0.000000s ] mysql:dbname=xinchu;host=localhost;port=3306;charset=utf8
[ sql ] [ SQL ] SHOW COLUMNS FROM `men_product` [ RunTime:0.022601s ]
[ sql ] [ SQL ] SELECT * FROM `men_product` WHERE  `recommend` = 1  AND `category` = '典雅' ORDER BY id desc LIMIT 4 [ RunTime:0.000000s ]

---------------------------------------------------------------
[ 2017-11-12T12:44:30+08:00 ] ::1 ::1 POST /xiangmu/public/index/index/xl.html
[ sql ] [ DB ] CONNECT:[ UseTime:0.008001s ] mysql:dbname=xinchu;host=localhost;port=3306;charset=utf8
[ sql ] [ SQL ] SHOW COLUMNS FROM `men_product` [ RunTime:0.037002s ]
[ sql ] [ SQL ] SELECT * FROM `men_product` WHERE  `recommend` = 1  AND `category` = '仙剑' ORDER BY id desc LIMIT 4 [ RunTime:0.004000s ]

---------------------------------------------------------------
[ 2017-11-12T12:44:32+08:00 ] ::1 ::1 POST /xiangmu/public/index/index/xl.html
[ sql ] [ DB ] CONNECT:[ UseTime:0.000000s ] mysql:dbname=xinchu;host=localhost;port=3306;charset=utf8
[ sql ] [ SQL ] SHOW COLUMNS FROM `men_product` [ RunTime:0.015600s ]
[ sql ] [ SQL ] SELECT * FROM `men_product` WHERE  `recommend` = 1  AND `category` = '爷们' ORDER BY id desc LIMIT 4 [ RunTime:0.004000s ]

---------------------------------------------------------------
[ 2017-11-12T12:44:32+08:00 ] ::1 ::1 POST /xiangmu/public/index/index/xl.html
[ sql ] [ DB ] CONNECT:[ UseTime:0.000000s ] mysql:dbname=xinchu;host=localhost;port=3306;charset=utf8
[ sql ] [ SQL ] SHOW COLUMNS FROM `men_product` [ RunTime:0.037201s ]
[ sql ] [ SQL ] SELECT * FROM `men_product` WHERE  `recommend` = 1  AND `category` = '仙剑' ORDER BY id desc LIMIT 4 [ RunTime:0.000000s ]

---------------------------------------------------------------
[ 2017-11-12T12:44:35+08:00 ] ::1 ::1 GET /xiangmu/public/index/index/enjoy.html
[ sql ] [ DB ] CONNECT:[ UseTime:0.004000s ] mysql:dbname=xinchu;host=localhost;port=3306;charset=utf8
[ sql ] [ SQL ] SHOW COLUMNS FROM `men_ads` [ RunTime:0.021001s ]
[ sql ] [ SQL ] SELECT * FROM `men_ads` [ RunTime:0.003000s ]
[ sql ] [ SQL ] SHOW COLUMNS FROM `men_series` [ RunTime:0.021001s ]
[ sql ] [ SQL ] SELECT * FROM `men_series` [ RunTime:0.001000s ]
[ sql ] [ SQL ] SELECT * FROM `men_series` LIMIT 1 [ RunTime:0.002000s ]
[ sql ] [ SQL ] SHOW COLUMNS FROM `men_product` [ RunTime:0.023002s ]
[ sql ] [ SQL ] SELECT * FROM `men_product` WHERE  `category` = '仙剑' [ RunTime:0.002000s ]
[ sql ] [ SQL ] SHOW COLUMNS FROM `men_link` [ RunTime:0.027002s ]
[ sql ] [ SQL ] SELECT * FROM `men_link` [ RunTime:0.001000s ]

---------------------------------------------------------------
[ 2017-11-12T12:52:48+08:00 ] ::1 ::1 GET /xiangmu/public/index/index/index.html
[ sql ] [ DB ] CONNECT:[ UseTime:0.007000s ] mysql:dbname=xinchu;host=localhost;port=3306;charset=utf8
[ sql ] [ SQL ] SHOW COLUMNS FROM `men_ads` [ RunTime:0.027002s ]
[ sql ] [ SQL ] SELECT * FROM `men_ads` [ RunTime:0.003000s ]
[ sql ] [ SQL ] SHOW COLUMNS FROM `men_series` [ RunTime:0.030002s ]
[ sql ] [ SQL ] SELECT * FROM `men_series` [ RunTime:0.002000s ]
[ sql ] [ SQL ] SHOW COLUMNS FROM `men_news` [ RunTime:0.026002s ]
[ sql ] [ SQL ] SELECT * FROM `men_news` [ RunTime:0.004000s ]
[ sql ] [ SQL ] SELECT * FROM `men_series` LIMIT 1 [ RunTime:0.002000s ]
[ sql ] [ SQL ] SHOW COLUMNS FROM `men_product` [ RunTime:0.031002s ]
[ sql ] [ SQL ] SELECT * FROM `men_product` WHERE  `recommend` = 1  AND `category` = '仙剑' ORDER BY id desc LIMIT 4 [ RunTime:0.003001s ]
[ sql ] [ SQL ] SHOW COLUMNS FROM `men_quality` [ RunTime:0.033002s ]
[ sql ] [ SQL ] SELECT * FROM `men_quality` WHERE  `weiyi` = 2 LIMIT 1 [ RunTime:0.003000s ]
[ sql ] [ SQL ] SELECT * FROM `men_quality` WHERE  `weiyi` = 1 LIMIT 1 [ RunTime:0.003000s ]
[ sql ] [ SQL ] SELECT * FROM `men_quality` WHERE  `weiyi` = 0 LIMIT 1 [ RunTime:0.002000s ]
[ sql ] [ SQL ] SELECT * FROM `men_news` ORDER BY id desc LIMIT 8 [ RunTime:0.003000s ]
[ sql ] [ SQL ] SHOW COLUMNS FROM `men_link` [ RunTime:0.036002s ]
[ sql ] [ SQL ] SELECT * FROM `men_link` [ RunTime:0.002001s ]

---------------------------------------------------------------
[ 2017-11-12T12:52:51+08:00 ] ::1 ::1 GET /xiangmu/public/index/index/news.html
[ sql ] [ DB ] CONNECT:[ UseTime:0.007000s ] mysql:dbname=xinchu;host=localhost;port=3306;charset=utf8
[ sql ] [ SQL ] SHOW COLUMNS FROM `men_ads` [ RunTime:0.035002s ]
[ sql ] [ SQL ] SELECT * FROM `men_ads` [ RunTime:0.003000s ]
[ sql ] [ SQL ] SHOW COLUMNS FROM `men_link` [ RunTime:0.031001s ]
[ sql ] [ SQL ] SELECT * FROM `men_link` [ RunTime:0.002000s ]
[ sql ] [ SQL ] SHOW COLUMNS FROM `men_news` [ RunTime:0.025002s ]
[ sql ] [ SQL ] SELECT COUNT(*) AS tp_count FROM `men_news` LIMIT 1 [ RunTime:0.002000s ]
[ sql ] [ SQL ] SELECT * FROM `men_news` ORDER BY id desc LIMIT 0,4 [ RunTime:0.003000s ]

---------------------------------------------------------------
[ 2017-11-12T13:10:55+08:00 ] ::1 ::1 GET /xiangmu/public/
[ sql ] [ DB ] CONNECT:[ UseTime:0.014001s ] mysql:dbname=xinchu;host=localhost;port=3306;charset=utf8
[ sql ] [ SQL ] SHOW COLUMNS FROM `men_ads` [ RunTime:0.019002s ]
[ sql ] [ SQL ] SELECT * FROM `men_ads` [ RunTime:0.001000s ]
[ sql ] [ SQL ] SHOW COLUMNS FROM `men_series` [ RunTime:0.020001s ]
[ sql ] [ SQL ] SELECT * FROM `men_series` [ RunTime:0.001000s ]
[ sql ] [ SQL ] SHOW COLUMNS FROM `men_news` [ RunTime:0.019001s ]
[ sql ] [ SQL ] SELECT * FROM `men_news` [ RunTime:0.001000s ]
[ sql ] [ SQL ] SELECT * FROM `men_series` LIMIT 1 [ RunTime:0.001000s ]
[ sql ] [ SQL ] SHOW COLUMNS FROM `men_product` [ RunTime:0.023001s ]
[ sql ] [ SQL ] SELECT * FROM `men_product` WHERE  `recommend` = 1  AND `category` = '仙剑' ORDER BY id desc LIMIT 4 [ RunTime:0.002000s ]
[ sql ] [ SQL ] SHOW COLUMNS FROM `men_quality` [ RunTime:0.020001s ]
[ sql ] [ SQL ] SELECT * FROM `men_quality` WHERE  `weiyi` = 2 LIMIT 1 [ RunTime:0.002001s ]
[ sql ] [ SQL ] SELECT * FROM `men_quality` WHERE  `weiyi` = 1 LIMIT 1 [ RunTime:0.002000s ]
[ sql ] [ SQL ] SELECT * FROM `men_quality` WHERE  `weiyi` = 0 LIMIT 1 [ RunTime:0.001000s ]
[ sql ] [ SQL ] SELECT * FROM `men_news` ORDER BY id desc LIMIT 8 [ RunTime:0.001000s ]
[ sql ] [ SQL ] SHOW COLUMNS FROM `men_link` [ RunTime:0.020001s ]
[ sql ] [ SQL ] SELECT * FROM `men_link` [ RunTime:0.001000s ]

---------------------------------------------------------------
[ 2017-11-12T13:10:58+08:00 ] ::1 ::1 GET /xiangmu/public/index/index/enjoy.html
[ sql ] [ DB ] CONNECT:[ UseTime:0.007001s ] mysql:dbname=xinchu;host=localhost;port=3306;charset=utf8
[ sql ] [ SQL ] SHOW COLUMNS FROM `men_ads` [ RunTime:0.034002s ]
[ sql ] [ SQL ] SELECT * FROM `men_ads` [ RunTime:0.003000s ]
[ sql ] [ SQL ] SHOW COLUMNS FROM `men_series` [ RunTime:0.039002s ]
[ sql ] [ SQL ] SELECT * FROM `men_series` [ RunTime:0.002000s ]
[ sql ] [ SQL ] SELECT * FROM `men_series` LIMIT 1 [ RunTime:0.002000s ]
[ sql ] [ SQL ] SHOW COLUMNS FROM `men_product` [ RunTime:0.038002s ]
[ sql ] [ SQL ] SELECT * FROM `men_product` WHERE  `category` = '仙剑' [ RunTime:0.002000s ]
[ sql ] [ SQL ] SHOW COLUMNS FROM `men_link` [ RunTime:0.037002s ]
[ sql ] [ SQL ] SELECT * FROM `men_link` [ RunTime:0.004000s ]

---------------------------------------------------------------
[ 2017-11-12T13:10:58+08:00 ] ::1 ::1 GET /xiangmu/public/index/index/enjoy.html
[ sql ] [ DB ] CONNECT:[ UseTime:0.012001s ] mysql:dbname=xinchu;host=localhost;port=3306;charset=utf8
[ sql ] [ SQL ] SHOW COLUMNS FROM `men_ads` [ RunTime:0.033002s ]
[ sql ] [ SQL ] SELECT * FROM `men_ads` [ RunTime:0.003000s ]
[ sql ] [ SQL ] SHOW COLUMNS FROM `men_series` [ RunTime:0.030002s ]
[ sql ] [ SQL ] SELECT * FROM `men_series` [ RunTime:0.002000s ]
[ sql ] [ SQL ] SELECT * FROM `men_series` LIMIT 1 [ RunTime:0.002000s ]
[ sql ] [ SQL ] SHOW COLUMNS FROM `men_product` [ RunTime:0.027002s ]
[ sql ] [ SQL ] SELECT * FROM `men_product` WHERE  `category` = '仙剑' [ RunTime:0.002000s ]
[ sql ] [ SQL ] SHOW COLUMNS FROM `men_link` [ RunTime:0.030002s ]
[ sql ] [ SQL ] SELECT * FROM `men_link` [ RunTime:0.002000s ]

---------------------------------------------------------------
[ 2017-11-12T13:11:04+08:00 ] ::1 ::1 GET /xiangmu/public/index/index/enjoy.html?id=1
[ sql ] [ DB ] CONNECT:[ UseTime:0.016001s ] mysql:dbname=xinchu;host=localhost;port=3306;charset=utf8
[ sql ] [ SQL ] SHOW COLUMNS FROM `men_ads` [ RunTime:0.026002s ]
[ sql ] [ SQL ] SELECT * FROM `men_ads` [ RunTime:0.003000s ]
[ sql ] [ SQL ] SHOW COLUMNS FROM `men_series` [ RunTime:0.028002s ]
[ sql ] [ SQL ] SELECT * FROM `men_series` [ RunTime:0.002000s ]
[ sql ] [ SQL ] SELECT * FROM `men_series` LIMIT 1 [ RunTime:0.002000s ]
[ sql ] [ SQL ] SHOW COLUMNS FROM `men_product` [ RunTime:0.033002s ]
[ sql ] [ SQL ] SELECT * FROM `men_product` WHERE  `category` = '仙剑' [ RunTime:0.002001s ]
[ sql ] [ SQL ] SHOW COLUMNS FROM `men_link` [ RunTime:0.029001s ]
[ sql ] [ SQL ] SELECT * FROM `men_link` [ RunTime:0.002001s ]

---------------------------------------------------------------
[ 2017-11-12T13:11:08+08:00 ] ::1 ::1 GET /xiangmu/public/index/index/enjoy.html?id=2
[ sql ] [ DB ] CONNECT:[ UseTime:0.015001s ] mysql:dbname=xinchu;host=localhost;port=3306;charset=utf8
[ sql ] [ SQL ] SHOW COLUMNS FROM `men_ads` [ RunTime:0.026002s ]
[ sql ] [ SQL ] SELECT * FROM `men_ads` [ RunTime:0.002000s ]
[ sql ] [ SQL ] SHOW COLUMNS FROM `men_series` [ RunTime:0.027002s ]
[ sql ] [ SQL ] SELECT * FROM `men_series` [ RunTime:0.002000s ]
[ sql ] [ SQL ] SELECT * FROM `men_series` LIMIT 1 [ RunTime:0.001000s ]
[ sql ] [ SQL ] SHOW COLUMNS FROM `men_product` [ RunTime:0.027002s ]
[ sql ] [ SQL ] SELECT * FROM `men_product` WHERE  `category` = '仙剑' [ RunTime:0.003000s ]
[ sql ] [ SQL ] SHOW COLUMNS FROM `men_link` [ RunTime:0.028002s ]
[ sql ] [ SQL ] SELECT * FROM `men_link` [ RunTime:0.003000s ]

---------------------------------------------------------------
[ 2017-11-12T13:12:16+08:00 ] ::1 ::1 GET /xiangmu/public/index/index/enjoy.html?id=1
[ sql ] [ DB ] CONNECT:[ UseTime:0.015001s ] mysql:dbname=xinchu;host=localhost;port=3306;charset=utf8
[ sql ] [ SQL ] SHOW COLUMNS FROM `men_ads` [ RunTime:0.028002s ]
[ sql ] [ SQL ] SELECT * FROM `men_ads` [ RunTime:0.004000s ]
[ sql ] [ SQL ] SHOW COLUMNS FROM `men_series` [ RunTime:0.031002s ]
[ sql ] [ SQL ] SELECT * FROM `men_series` [ RunTime:0.002000s ]
[ sql ] [ SQL ] SELECT * FROM `men_series` LIMIT 1 [ RunTime:0.008000s ]
[ sql ] [ SQL ] SHOW COLUMNS FROM `men_product` [ RunTime:0.029001s ]
[ sql ] [ SQL ] SELECT * FROM `men_product` WHERE  `category` = '仙剑' [ RunTime:0.002001s ]
[ sql ] [ SQL ] SHOW COLUMNS FROM `men_link` [ RunTime:0.030001s ]
[ sql ] [ SQL ] SELECT * FROM `men_link` [ RunTime:0.002000s ]

---------------------------------------------------------------
[ 2017-11-12T13:12:19+08:00 ] ::1 ::1 GET /xiangmu/public/index/index/enjoy.html?category=%E5%85%B8%E9%9B%85
[ sql ] [ DB ] CONNECT:[ UseTime:0.015001s ] mysql:dbname=xinchu;host=localhost;port=3306;charset=utf8
[ sql ] [ SQL ] SHOW COLUMNS FROM `men_ads` [ RunTime:0.027001s ]
[ sql ] [ SQL ] SELECT * FROM `men_ads` [ RunTime:0.003001s ]
[ sql ] [ SQL ] SHOW COLUMNS FROM `men_series` [ RunTime:0.028001s ]
[ sql ] [ SQL ] SELECT * FROM `men_series` [ RunTime:0.002000s ]
[ sql ] [ SQL ] SELECT * FROM `men_series` LIMIT 1 [ RunTime:0.002000s ]
[ sql ] [ SQL ] SHOW COLUMNS FROM `men_product` [ RunTime:0.030001s ]
[ sql ] [ SQL ] SELECT * FROM `men_product` WHERE  `category` = '仙剑' [ RunTime:0.002000s ]
[ sql ] [ SQL ] SHOW COLUMNS FROM `men_link` [ RunTime:0.031002s ]
[ sql ] [ SQL ] SELECT * FROM `men_link` [ RunTime:0.002000s ]

---------------------------------------------------------------
[ 2017-11-12T13:12:22+08:00 ] ::1 ::1 GET /xiangmu/public/index/index/enjoy.html?category=%E4%BB%99%E5%89%91
[ sql ] [ DB ] CONNECT:[ UseTime:0.015001s ] mysql:dbname=xinchu;host=localhost;port=3306;charset=utf8
[ sql ] [ SQL ] SHOW COLUMNS FROM `men_ads` [ RunTime:0.027002s ]
[ sql ] [ SQL ] SELECT * FROM `men_ads` [ RunTime:0.002000s ]
[ sql ] [ SQL ] SHOW COLUMNS FROM `men_series` [ RunTime:0.026002s ]
[ sql ] [ SQL ] SELECT * FROM `men_series` [ RunTime:0.001000s ]
[ sql ] [ SQL ] SELECT * FROM `men_series` LIMIT 1 [ RunTime:0.002000s ]
[ sql ] [ SQL ] SHOW COLUMNS FROM `men_product` [ RunTime:0.027002s ]
[ sql ] [ SQL ] SELECT * FROM `men_product` WHERE  `category` = '仙剑' [ RunTime:0.003000s ]
[ sql ] [ SQL ] SHOW COLUMNS FROM `men_link` [ RunTime:0.028002s ]
[ sql ] [ SQL ] SELECT * FROM `men_link` [ RunTime:0.003000s ]

---------------------------------------------------------------
[ 2017-11-12T13:12:25+08:00 ] ::1 ::1 GET /xiangmu/public/index/index/enjoy.html?category=%E7%88%B7%E4%BB%AC
[ sql ] [ DB ] CONNECT:[ UseTime:0.016001s ] mysql:dbname=xinchu;host=localhost;port=3306;charset=utf8
[ sql ] [ SQL ] SHOW COLUMNS FROM `men_ads` [ RunTime:0.030002s ]
[ sql ] [ SQL ] SELECT * FROM `men_ads` [ RunTime:0.003000s ]
[ sql ] [ SQL ] SHOW COLUMNS FROM `men_series` [ RunTime:0.027002s ]
[ sql ] [ SQL ] SELECT * FROM `men_series` [ RunTime:0.002000s ]
[ sql ] [ SQL ] SELECT * FROM `men_series` LIMIT 1 [ RunTime:0.002000s ]
[ sql ] [ SQL ] SHOW COLUMNS FROM `men_product` [ RunTime:0.029001s ]
[ sql ] [ SQL ] SELECT * FROM `men_product` WHERE  `category` = '仙剑' [ RunTime:0.002000s ]
[ sql ] [ SQL ] SHOW COLUMNS FROM `men_link` [ RunTime:0.028001s ]
[ sql ] [ SQL ] SELECT * FROM `men_link` [ RunTime:0.005001s ]

---------------------------------------------------------------
[ 2017-11-12T13:12:59+08:00 ] ::1 ::1 GET /xiangmu/public/index/index/enjoy.html?category=%E4%BB%99%E5%89%91
[ sql ] [ DB ] CONNECT:[ UseTime:0.016001s ] mysql:dbname=xinchu;host=localhost;port=3306;charset=utf8
[ sql ] [ SQL ] SHOW COLUMNS FROM `men_ads` [ RunTime:0.027001s ]
[ sql ] [ SQL ] SELECT * FROM `men_ads` [ RunTime:0.003001s ]
[ sql ] [ SQL ] SHOW COLUMNS FROM `men_series` [ RunTime:0.026001s ]
[ sql ] [ SQL ] SELECT * FROM `men_series` [ RunTime:0.002000s ]
[ sql ] [ SQL ] SELECT * FROM `men_series` LIMIT 1 [ RunTime:0.002000s ]
[ sql ] [ SQL ] SHOW COLUMNS FROM `men_product` [ RunTime:0.027001s ]
[ sql ] [ SQL ] SELECT * FROM `men_product` WHERE  `category` = '仙剑' [ RunTime:0.002001s ]
[ sql ] [ SQL ] SHOW COLUMNS FROM `men_link` [ RunTime:0.028001s ]
[ sql ] [ SQL ] SELECT * FROM `men_link` [ RunTime:0.002001s ]

---------------------------------------------------------------
[ 2017-11-12T13:13:04+08:00 ] ::1 ::1 GET /xiangmu/public/index/index/enjoy.html?category=%E5%85%B8%E9%9B%85
[ sql ] [ DB ] CONNECT:[ UseTime:0.016001s ] mysql:dbname=xinchu;host=localhost;port=3306;charset=utf8
[ sql ] [ SQL ] SHOW COLUMNS FROM `men_ads` [ RunTime:0.028002s ]
[ sql ] [ SQL ] SELECT * FROM `men_ads` [ RunTime:0.003000s ]
[ sql ] [ SQL ] SHOW COLUMNS FROM `men_series` [ RunTime:0.030002s ]
[ sql ] [ SQL ] SELECT * FROM `men_series` [ RunTime:0.002000s ]
[ sql ] [ SQL ] SELECT * FROM `men_series` LIMIT 1 [ RunTime:0.002000s ]
[ sql ] [ SQL ] SHOW COLUMNS FROM `men_product` [ RunTime:0.038002s ]
[ sql ] [ SQL ] SELECT * FROM `men_product` WHERE  `category` = '典雅' [ RunTime:0.003000s ]
[ sql ] [ SQL ] SHOW COLUMNS FROM `men_link` [ RunTime:0.040003s ]
[ sql ] [ SQL ] SELECT * FROM `men_link` [ RunTime:0.002000s ]

---------------------------------------------------------------
[ 2017-11-12T13:13:09+08:00 ] ::1 ::1 GET /xiangmu/public/index/index/enjoy.html?category=%E7%88%B7%E4%BB%AC
[ sql ] [ DB ] CONNECT:[ UseTime:0.015001s ] mysql:dbname=xinchu;host=localhost;port=3306;charset=utf8
[ sql ] [ SQL ] SHOW COLUMNS FROM `men_ads` [ RunTime:0.027002s ]
[ sql ] [ SQL ] SELECT * FROM `men_ads` [ RunTime:0.002000s ]
[ sql ] [ SQL ] SHOW COLUMNS FROM `men_series` [ RunTime:0.026002s ]
[ sql ] [ SQL ] SELECT * FROM `men_series` [ RunTime:0.002000s ]
[ sql ] [ SQL ] SELECT * FROM `men_series` LIMIT 1 [ RunTime:0.002000s ]
[ sql ] [ SQL ] SHOW COLUMNS FROM `men_product` [ RunTime:0.028002s ]
[ sql ] [ SQL ] SELECT * FROM `men_product` WHERE  `category` = '爷们' [ RunTime:0.003000s ]
[ sql ] [ SQL ] SHOW COLUMNS FROM `men_link` [ RunTime:0.028002s ]
[ sql ] [ SQL ] SELECT * FROM `men_link` [ RunTime:0.002000s ]

---------------------------------------------------------------
[ 2017-11-12T13:13:15+08:00 ] ::1 ::1 GET /xiangmu/public/index/index/enjoy.html?category=%E5%A5%BD%E6%B1%89
[ sql ] [ DB ] CONNECT:[ UseTime:0.015001s ] mysql:dbname=xinchu;host=localhost;port=3306;charset=utf8
[ sql ] [ SQL ] SHOW COLUMNS FROM `men_ads` [ RunTime:0.027001s ]
[ sql ] [ SQL ] SELECT * FROM `men_ads` [ RunTime:0.002000s ]
[ sql ] [ SQL ] SHOW COLUMNS FROM `men_series` [ RunTime:0.027001s ]
[ sql ] [ SQL ] SELECT * FROM `men_series` [ RunTime:0.002000s ]
[ sql ] [ SQL ] SELECT * FROM `men_series` LIMIT 1 [ RunTime:0.001000s ]
[ sql ] [ SQL ] SHOW COLUMNS FROM `men_product` [ RunTime:0.027001s ]
[ sql ] [ SQL ] SELECT * FROM `men_product` WHERE  `category` = '好汉' [ RunTime:0.003000s ]
[ sql ] [ SQL ] SHOW COLUMNS FROM `men_link` [ RunTime:0.027001s ]
[ sql ] [ SQL ] SELECT * FROM `men_link` [ RunTime:0.002001s ]

---------------------------------------------------------------
[ 2017-11-12T13:13:19+08:00 ] ::1 ::1 GET /xiangmu/public/index/index/enjoy.html?category=%E5%82%BB%E7%8F%8D
[ sql ] [ DB ] CONNECT:[ UseTime:0.015000s ] mysql:dbname=xinchu;host=localhost;port=3306;charset=utf8
[ sql ] [ SQL ] SHOW COLUMNS FROM `men_ads` [ RunTime:0.027001s ]
[ sql ] [ SQL ] SELECT * FROM `men_ads` [ RunTime:0.002000s ]
[ sql ] [ SQL ] SHOW COLUMNS FROM `men_series` [ RunTime:0.026002s ]
[ sql ] [ SQL ] SELECT * FROM `men_series` [ RunTime:0.002000s ]
[ sql ] [ SQL ] SELECT * FROM `men_series` LIMIT 1 [ RunTime:0.002000s ]
[ sql ] [ SQL ] SHOW COLUMNS FROM `men_product` [ RunTime:0.028001s ]
[ sql ] [ SQL ] SELECT * FROM `men_product` WHERE  `category` = '傻珍' [ RunTime:0.003000s ]
[ sql ] [ SQL ] SHOW COLUMNS FROM `men_link` [ RunTime:0.028001s ]
[ sql ] [ SQL ] SELECT * FROM `men_link` [ RunTime:0.001000s ]

---------------------------------------------------------------
[ 2017-11-12T13:13:25+08:00 ] ::1 ::1 GET /xiangmu/public/index/index/enjoy.html?category=%E4%BB%99%E5%89%91
[ sql ] [ DB ] CONNECT:[ UseTime:0.006000s ] mysql:dbname=xinchu;host=localhost;port=3306;charset=utf8
[ sql ] [ SQL ] SHOW COLUMNS FROM `men_ads` [ RunTime:0.028001s ]
[ sql ] [ SQL ] SELECT * FROM `men_ads` [ RunTime:0.002000s ]
[ sql ] [ SQL ] SHOW COLUMNS FROM `men_series` [ RunTime:0.028001s ]
[ sql ] [ SQL ] SELECT * FROM `men_series` [ RunTime:0.002000s ]
[ sql ] [ SQL ] SELECT * FROM `men_series` LIMIT 1 [ RunTime:0.002000s ]
[ sql ] [ SQL ] SHOW COLUMNS FROM `men_product` [ RunTime:0.027001s ]
[ sql ] [ SQL ] SELECT * FROM `men_product` WHERE  `category` = '仙剑' [ RunTime:0.002001s ]
[ sql ] [ SQL ] SHOW COLUMNS FROM `men_link` [ RunTime:0.029001s ]
[ sql ] [ SQL ] SELECT * FROM `men_link` [ RunTime:0.002001s ]

---------------------------------------------------------------
[ 2017-11-12T13:17:18+08:00 ] ::1 ::1 GET /xiangmu/public/index/index/index.html
[ sql ] [ DB ] CONNECT:[ UseTime:0.017001s ] mysql:dbname=xinchu;host=localhost;port=3306;charset=utf8
[ sql ] [ SQL ] SHOW COLUMNS FROM `men_ads` [ RunTime:0.035002s ]
[ sql ] [ SQL ] SELECT * FROM `men_ads` [ RunTime:0.004000s ]
[ sql ] [ SQL ] SHOW COLUMNS FROM `men_series` [ RunTime:0.039003s ]
[ sql ] [ SQL ] SELECT * FROM `men_series` [ RunTime:0.002000s ]
[ sql ] [ SQL ] SHOW COLUMNS FROM `men_news` [ RunTime:0.043002s ]
[ sql ] [ SQL ] SELECT * FROM `men_news` [ RunTime:0.003000s ]
[ sql ] [ SQL ] SELECT * FROM `men_series` LIMIT 1 [ RunTime:0.002000s ]
[ sql ] [ SQL ] SHOW COLUMNS FROM `men_product` [ RunTime:0.042003s ]
[ sql ] [ SQL ] SELECT * FROM `men_product` WHERE  `recommend` = 1  AND `category` = '仙剑' ORDER BY id desc LIMIT 4 [ RunTime:0.003000s ]
[ sql ] [ SQL ] SHOW COLUMNS FROM `men_quality` [ RunTime:0.043003s ]
[ sql ] [ SQL ] SELECT * FROM `men_quality` WHERE  `weiyi` = 2 LIMIT 1 [ RunTime:0.002000s ]
[ sql ] [ SQL ] SELECT * FROM `men_quality` WHERE  `weiyi` = 1 LIMIT 1 [ RunTime:0.002000s ]
[ sql ] [ SQL ] SELECT * FROM `men_quality` WHERE  `weiyi` = 0 LIMIT 1 [ RunTime:0.003000s ]
[ sql ] [ SQL ] SELECT * FROM `men_news` ORDER BY id desc LIMIT 8 [ RunTime:0.002000s ]
[ sql ] [ SQL ] SHOW COLUMNS FROM `men_link` [ RunTime:0.040002s ]
[ sql ] [ SQL ] SELECT * FROM `men_link` [ RunTime:0.002000s ]

---------------------------------------------------------------
