[ 2017-11-15T18:54:09+08:00 ] ::1 ::1 GET /xiangmu/public/admin/news/del.html?id=14
[ error ] [2]unlink(G:/wamp/www/xiangmu/public/static\index\images20171108\6a008668abc718fb3c82ea8da4dba6de.jpg): No such file or directory[G:\wamp\www\xiangmu\application\admin\controller\News.php:130]

---------------------------------------------------------------
[ 2017-11-15T19:41:04+08:00 ] ::1 ::1 GET /xiangmu/public/admin/link/change.html?id=1
[ error ] [8]未定义变量: guding[G:\wamp\www\xiangmu\application\admin\controller\Link.php:29]

---------------------------------------------------------------
[ 2017-11-15T19:41:13+08:00 ] ::1 ::1 GET /xiangmu/public/admin/link/change.html?id=1
[ error ] [8]未定义变量: guding[G:\wamp\www\xiangmu\application\admin\controller\Link.php:29]

---------------------------------------------------------------
[ 2017-11-15T20:29:04+08:00 ] ::1 ::1 GET /xiangmu/public/
[ error ] [10501]SQLSTATE[42S22]: Column not found: 1054 Champ '仙剑' inconnu dans field list[G:\wamp\www\xiangmu\thinkphp\library\think\db\Connection.php:362]

---------------------------------------------------------------
[ 2017-11-15T20:29:35+08:00 ] ::1 ::1 GET /xiangmu/public/
[ error ] [10501]SQLSTATE[42S22]: Column not found: 1054 Champ '仙剑' inconnu dans field list[G:\wamp\www\xiangmu\thinkphp\library\think\db\Connection.php:362]

---------------------------------------------------------------
[ 2017-11-15T20:30:12+08:00 ] ::1 ::1 GET /xiangmu/public/
[ error ] [1]Call to a member function find() on a non-object[G:\wamp\www\xiangmu\application\index\controller\Index.php:35]

---------------------------------------------------------------
[ 2017-11-15T20:32:56+08:00 ] ::1 ::1 GET /xiangmu/public/
[ error ] [8]未定义变量: data[G:\wamp\www\xiangmu\application\index\controller\Index.php:35]

---------------------------------------------------------------
[ 2017-11-15T20:33:03+08:00 ] ::1 ::1 GET /xiangmu/public/
[ error ] [4]语法错误: unexpected ')', expecting ']'[G:\wamp\www\xiangmu\application\index\controller\Index.php:35]

---------------------------------------------------------------
