[ 2017-11-15T18:37:36+08:00 ] ::1 ::1 POST /xiangmu/public/admin/login/index.html
[ sql ] [ DB ] CONNECT:[ UseTime:0.043002s ] mysql:dbname=xinchu;host=localhost;port=3306;charset=utf8
[ sql ] [ SQL ] SHOW COLUMNS FROM `men_admin` [ RunTime:0.076004s ]
[ sql ] [ SQL ] SELECT * FROM `men_admin` WHERE  `username` = 'xinchumenye' LIMIT 1 [ RunTime:0.003000s ]

---------------------------------------------------------------
[ 2017-11-15T18:38:17+08:00 ] ::1 ::1 GET /xiangmu/public/admin/category/add.html
[ sql ] [ DB ] CONNECT:[ UseTime:0.006000s ] mysql:dbname=xinchu;host=localhost;port=3306;charset=utf8
[ sql ] [ SQL ] SHOW COLUMNS FROM `men_series` [ RunTime:0.051003s ]
[ sql ] [ SQL ] SELECT * FROM `men_series` [ RunTime:0.002000s ]

---------------------------------------------------------------
[ 2017-11-15T18:38:19+08:00 ] ::1 ::1 GET /xiangmu/public/admin/category/series.html
[ sql ] [ DB ] CONNECT:[ UseTime:0.016001s ] mysql:dbname=xinchu;host=localhost;port=3306;charset=utf8
[ sql ] [ SQL ] SHOW COLUMNS FROM `men_series` [ RunTime:0.027001s ]
[ sql ] [ SQL ] SELECT * FROM `men_series` [ RunTime:0.002000s ]

---------------------------------------------------------------
[ 2017-11-15T18:38:21+08:00 ] ::1 ::1 GET /xiangmu/public/admin/category/index.html
[ sql ] [ DB ] CONNECT:[ UseTime:0.017001s ] mysql:dbname=xinchu;host=localhost;port=3306;charset=utf8
[ sql ] [ SQL ] SHOW COLUMNS FROM `men_product` [ RunTime:0.061003s ]
[ sql ] [ SQL ] SELECT * FROM `men_product` ORDER BY id desc [ RunTime:0.004001s ]

---------------------------------------------------------------
[ 2017-11-15T18:38:28+08:00 ] ::1 ::1 GET /xiangmu/public/admin/quality/index.html
[ sql ] [ DB ] CONNECT:[ UseTime:0.006000s ] mysql:dbname=xinchu;host=localhost;port=3306;charset=utf8
[ sql ] [ SQL ] SHOW COLUMNS FROM `men_quality` [ RunTime:0.045003s ]
[ sql ] [ SQL ] SELECT * FROM `men_quality` ORDER BY `id`  desc [ RunTime:0.003000s ]

---------------------------------------------------------------
[ 2017-11-15T18:38:33+08:00 ] ::1 ::1 GET /xiangmu/public/admin/link/index.html
[ sql ] [ DB ] CONNECT:[ UseTime:0.006000s ] mysql:dbname=xinchu;host=localhost;port=3306;charset=utf8
[ sql ] [ SQL ] SHOW COLUMNS FROM `men_link` [ RunTime:0.073004s ]
[ sql ] [ SQL ] SELECT * FROM `men_link` [ RunTime:0.003000s ]

---------------------------------------------------------------
[ 2017-11-15T18:38:35+08:00 ] ::1 ::1 GET /xiangmu/public/admin/category/add.html
[ sql ] [ DB ] CONNECT:[ UseTime:0.007000s ] mysql:dbname=xinchu;host=localhost;port=3306;charset=utf8
[ sql ] [ SQL ] SHOW COLUMNS FROM `men_series` [ RunTime:0.030002s ]
[ sql ] [ SQL ] SELECT * FROM `men_series` [ RunTime:0.002000s ]

---------------------------------------------------------------
[ 2017-11-15T18:38:35+08:00 ] ::1 ::1 GET /xiangmu/public/admin/category/series.html
[ sql ] [ DB ] CONNECT:[ UseTime:0.015001s ] mysql:dbname=xinchu;host=localhost;port=3306;charset=utf8
[ sql ] [ SQL ] SHOW COLUMNS FROM `men_series` [ RunTime:0.026002s ]
[ sql ] [ SQL ] SELECT * FROM `men_series` [ RunTime:0.002000s ]

---------------------------------------------------------------
[ 2017-11-15T18:39:38+08:00 ] ::1 ::1 GET /xiangmu/public/admin/category/add.html
[ sql ] [ DB ] CONNECT:[ UseTime:0.007001s ] mysql:dbname=xinchu;host=localhost;port=3306;charset=utf8
[ sql ] [ SQL ] SHOW COLUMNS FROM `men_series` [ RunTime:0.028001s ]
[ sql ] [ SQL ] SELECT * FROM `men_series` [ RunTime:0.002000s ]

---------------------------------------------------------------
[ 2017-11-15T18:39:39+08:00 ] ::1 ::1 GET /xiangmu/public/admin/category/series.html
[ sql ] [ DB ] CONNECT:[ UseTime:0.006000s ] mysql:dbname=xinchu;host=localhost;port=3306;charset=utf8
[ sql ] [ SQL ] SHOW COLUMNS FROM `men_series` [ RunTime:0.026001s ]
[ sql ] [ SQL ] SELECT * FROM `men_series` [ RunTime:0.002000s ]

---------------------------------------------------------------
[ 2017-11-15T18:39:40+08:00 ] ::1 ::1 GET /xiangmu/public/admin/category/index.html
[ sql ] [ DB ] CONNECT:[ UseTime:0.005000s ] mysql:dbname=xinchu;host=localhost;port=3306;charset=utf8
[ sql ] [ SQL ] SHOW COLUMNS FROM `men_product` [ RunTime:0.028001s ]
[ sql ] [ SQL ] SELECT * FROM `men_product` ORDER BY id desc [ RunTime:0.003000s ]

---------------------------------------------------------------
[ 2017-11-15T18:39:45+08:00 ] ::1 ::1 GET /xiangmu/public/admin/category/index.html
[ sql ] [ DB ] CONNECT:[ UseTime:0.006001s ] mysql:dbname=xinchu;host=localhost;port=3306;charset=utf8
[ sql ] [ SQL ] SHOW COLUMNS FROM `men_product` [ RunTime:0.029002s ]
[ sql ] [ SQL ] SELECT * FROM `men_product` ORDER BY id desc [ RunTime:0.003000s ]

---------------------------------------------------------------
[ 2017-11-15T18:39:50+08:00 ] ::1 ::1 GET /xiangmu/public/admin/quality/index.html
[ sql ] [ DB ] CONNECT:[ UseTime:0.006000s ] mysql:dbname=xinchu;host=localhost;port=3306;charset=utf8
[ sql ] [ SQL ] SHOW COLUMNS FROM `men_quality` [ RunTime:0.029002s ]
[ sql ] [ SQL ] SELECT * FROM `men_quality` ORDER BY `id`  desc [ RunTime:0.002000s ]

---------------------------------------------------------------
[ 2017-11-15T18:49:00+08:00 ] ::1 ::1 GET /xiangmu/public/admin/quality/index.html
[ sql ] [ DB ] CONNECT:[ UseTime:0.016001s ] mysql:dbname=xinchu;host=localhost;port=3306;charset=utf8
[ sql ] [ SQL ] SHOW COLUMNS FROM `men_quality` [ RunTime:0.032001s ]
[ sql ] [ SQL ] SELECT * FROM `men_quality` ORDER BY `id`  desc [ RunTime:0.003000s ]

---------------------------------------------------------------
[ 2017-11-15T18:49:02+08:00 ] ::1 ::1 GET /xiangmu/public/admin/link/index.html
[ sql ] [ DB ] CONNECT:[ UseTime:0.015000s ] mysql:dbname=xinchu;host=localhost;port=3306;charset=utf8
[ sql ] [ SQL ] SHOW COLUMNS FROM `men_link` [ RunTime:0.028001s ]
[ sql ] [ SQL ] SELECT * FROM `men_link` [ RunTime:0.002001s ]

---------------------------------------------------------------
[ 2017-11-15T18:49:06+08:00 ] ::1 ::1 GET /xiangmu/public/admin/quality/index.html
[ sql ] [ DB ] CONNECT:[ UseTime:0.006001s ] mysql:dbname=xinchu;host=localhost;port=3306;charset=utf8
[ sql ] [ SQL ] SHOW COLUMNS FROM `men_quality` [ RunTime:0.026001s ]
[ sql ] [ SQL ] SELECT * FROM `men_quality` ORDER BY `id`  desc [ RunTime:0.002001s ]

---------------------------------------------------------------
[ 2017-11-15T18:54:05+08:00 ] ::1 ::1 GET /xiangmu/public/admin/news/index.html
[ sql ] [ DB ] CONNECT:[ UseTime:0.016001s ] mysql:dbname=xinchu;host=localhost;port=3306;charset=utf8
[ sql ] [ SQL ] SHOW COLUMNS FROM `men_news` [ RunTime:0.027002s ]
[ sql ] [ SQL ] SELECT * FROM `men_news` ORDER BY id desc [ RunTime:0.003000s ]

---------------------------------------------------------------
[ 2017-11-15T18:54:09+08:00 ] ::1 ::1 GET /xiangmu/public/admin/news/del.html?id=14
[ sql ] [ DB ] CONNECT:[ UseTime:0.006001s ] mysql:dbname=xinchu;host=localhost;port=3306;charset=utf8
[ sql ] [ SQL ] SHOW COLUMNS FROM `men_news` [ RunTime:0.028002s ]
[ sql ] [ SQL ] SELECT * FROM `men_news` WHERE  `id` = 14 LIMIT 1 [ RunTime:0.002000s ]
[ sql ] [ SQL ] DELETE FROM `men_news`    WHERE  `id` = 14 [ RunTime:0.073004s ]

---------------------------------------------------------------
[ 2017-11-15T18:54:29+08:00 ] ::1 ::1 GET /xiangmu/public/admin/news/index.html
[ sql ] [ DB ] CONNECT:[ UseTime:0.008000s ] mysql:dbname=xinchu;host=localhost;port=3306;charset=utf8
[ sql ] [ SQL ] SHOW COLUMNS FROM `men_news` [ RunTime:0.028001s ]
[ sql ] [ SQL ] SELECT * FROM `men_news` ORDER BY id desc [ RunTime:0.002000s ]

---------------------------------------------------------------
[ 2017-11-15T18:54:33+08:00 ] ::1 ::1 GET /xiangmu/public/admin/news/del.html?id=13
[ sql ] [ DB ] CONNECT:[ UseTime:0.006000s ] mysql:dbname=xinchu;host=localhost;port=3306;charset=utf8
[ sql ] [ SQL ] SHOW COLUMNS FROM `men_news` [ RunTime:0.029002s ]
[ sql ] [ SQL ] SELECT * FROM `men_news` WHERE  `id` = 13 LIMIT 1 [ RunTime:0.002000s ]
[ sql ] [ SQL ] DELETE FROM `men_news`    WHERE  `id` = 13 [ RunTime:0.076005s ]

---------------------------------------------------------------
[ 2017-11-15T18:54:36+08:00 ] ::1 ::1 GET /xiangmu/public/admin/news/index.html
[ sql ] [ DB ] CONNECT:[ UseTime:0.006001s ] mysql:dbname=xinchu;host=localhost;port=3306;charset=utf8
[ sql ] [ SQL ] SHOW COLUMNS FROM `men_news` [ RunTime:0.028001s ]
[ sql ] [ SQL ] SELECT * FROM `men_news` ORDER BY id desc [ RunTime:0.002001s ]

---------------------------------------------------------------
[ 2017-11-15T18:54:46+08:00 ] ::1 ::1 GET /xiangmu/public/admin/news/del.html?id=2
[ sql ] [ DB ] CONNECT:[ UseTime:0.006000s ] mysql:dbname=xinchu;host=localhost;port=3306;charset=utf8
[ sql ] [ SQL ] SHOW COLUMNS FROM `men_news` [ RunTime:0.029001s ]
[ sql ] [ SQL ] SELECT * FROM `men_news` WHERE  `id` = 2 LIMIT 1 [ RunTime:0.003001s ]
[ sql ] [ SQL ] DELETE FROM `men_news`    WHERE  `id` = 2 [ RunTime:0.057003s ]

---------------------------------------------------------------
[ 2017-11-15T18:54:49+08:00 ] ::1 ::1 GET /xiangmu/public/admin/news/index.html
[ sql ] [ DB ] CONNECT:[ UseTime:0.006001s ] mysql:dbname=xinchu;host=localhost;port=3306;charset=utf8
[ sql ] [ SQL ] SHOW COLUMNS FROM `men_news` [ RunTime:0.028002s ]
[ sql ] [ SQL ] SELECT * FROM `men_news` ORDER BY id desc [ RunTime:0.003000s ]

---------------------------------------------------------------
[ 2017-11-15T18:54:50+08:00 ] ::1 ::1 GET /xiangmu/public/admin/news/add.html
[ sql ] [ DB ] CONNECT:[ UseTime:0.015001s ] mysql:dbname=xinchu;host=localhost;port=3306;charset=utf8
[ sql ] [ SQL ] SHOW COLUMNS FROM `men_series` [ RunTime:0.032002s ]
[ sql ] [ SQL ] SELECT * FROM `men_series` [ RunTime:0.002000s ]

---------------------------------------------------------------
[ 2017-11-15T18:55:38+08:00 ] ::1 ::1 GET /xiangmu/public/admin/deal/index.html
[ sql ] [ DB ] CONNECT:[ UseTime:0.015001s ] mysql:dbname=xinchu;host=localhost;port=3306;charset=utf8
[ sql ] [ SQL ] SHOW COLUMNS FROM `men_ads` [ RunTime:0.032002s ]
[ sql ] [ SQL ] SELECT * FROM `men_ads` ORDER BY `id`  desc [ RunTime:0.003000s ]

---------------------------------------------------------------
[ 2017-11-15T18:55:58+08:00 ] ::1 ::1 POST /xiangmu/public/admin/deal/upload.html
[ sql ] [ DB ] CONNECT:[ UseTime:0.015001s ] mysql:dbname=xinchu;host=localhost;port=3306;charset=utf8
[ sql ] [ SQL ] SHOW COLUMNS FROM `men_ads` [ RunTime:0.032002s ]
[ sql ] [ SQL ] INSERT INTO `men_ads` (`filename` , `savename`) VALUES ('好感和我日哦将' , '20171115\\fefa8609fa62042fab6c6c08b0d9b8ee.jpg') [ RunTime:0.072004s ]

---------------------------------------------------------------
[ 2017-11-15T18:56:04+08:00 ] ::1 ::1 GET /xiangmu/public/admin/deal/index.html
[ sql ] [ DB ] CONNECT:[ UseTime:0.006000s ] mysql:dbname=xinchu;host=localhost;port=3306;charset=utf8
[ sql ] [ SQL ] SHOW COLUMNS FROM `men_ads` [ RunTime:0.030002s ]
[ sql ] [ SQL ] SELECT * FROM `men_ads` ORDER BY `id`  desc [ RunTime:0.003000s ]

---------------------------------------------------------------
[ 2017-11-15T18:56:06+08:00 ] ::1 ::1 GET /xiangmu/public/admin/deal/del.html?id=10
[ sql ] [ DB ] CONNECT:[ UseTime:0.006000s ] mysql:dbname=xinchu;host=localhost;port=3306;charset=utf8
[ sql ] [ SQL ] SHOW COLUMNS FROM `men_ads` [ RunTime:0.029002s ]
[ sql ] [ SQL ] SELECT * FROM `men_ads` WHERE  `id` = 10 LIMIT 1 [ RunTime:0.003000s ]
[ sql ] [ SQL ] DELETE FROM `men_ads`    WHERE  `id` = 10 [ RunTime:0.076004s ]

---------------------------------------------------------------
[ 2017-11-15T18:56:08+08:00 ] ::1 ::1 GET /xiangmu/public/admin/category/add.html
[ sql ] [ DB ] CONNECT:[ UseTime:0.006000s ] mysql:dbname=xinchu;host=localhost;port=3306;charset=utf8
[ sql ] [ SQL ] SHOW COLUMNS FROM `men_series` [ RunTime:0.030002s ]
[ sql ] [ SQL ] SELECT * FROM `men_series` [ RunTime:0.002000s ]

---------------------------------------------------------------
[ 2017-11-15T18:56:09+08:00 ] ::1 ::1 GET /xiangmu/public/admin/category/series.html
[ sql ] [ DB ] CONNECT:[ UseTime:0.007000s ] mysql:dbname=xinchu;host=localhost;port=3306;charset=utf8
[ sql ] [ SQL ] SHOW COLUMNS FROM `men_series` [ RunTime:0.028002s ]
[ sql ] [ SQL ] SELECT * FROM `men_series` [ RunTime:0.002000s ]

---------------------------------------------------------------
[ 2017-11-15T18:56:09+08:00 ] ::1 ::1 GET /xiangmu/public/admin/deal/index.html
[ sql ] [ DB ] CONNECT:[ UseTime:0.045003s ] mysql:dbname=xinchu;host=localhost;port=3306;charset=utf8
[ sql ] [ SQL ] SHOW COLUMNS FROM `men_ads` [ RunTime:0.037002s ]
[ sql ] [ SQL ] SELECT * FROM `men_ads` ORDER BY `id`  desc [ RunTime:0.002000s ]

---------------------------------------------------------------
[ 2017-11-15T19:04:05+08:00 ] ::1 ::1 GET /xiangmu/public/admin/category/index.html
[ sql ] [ DB ] CONNECT:[ UseTime:0.018001s ] mysql:dbname=xinchu;host=localhost;port=3306;charset=utf8
[ sql ] [ SQL ] SHOW COLUMNS FROM `men_product` [ RunTime:0.028002s ]
[ sql ] [ SQL ] SELECT * FROM `men_product` ORDER BY id desc [ RunTime:0.003000s ]

---------------------------------------------------------------
[ 2017-11-15T19:04:10+08:00 ] ::1 ::1 GET /xiangmu/public/admin/category/dele.html?id=24&savename=20171114\c6b6233c8abc80e148ce1c37e0dba025.jpg
[ sql ] [ DB ] CONNECT:[ UseTime:0.022001s ] mysql:dbname=xinchu;host=localhost;port=3306;charset=utf8
[ sql ] [ SQL ] SHOW COLUMNS FROM `men_product` [ RunTime:0.034002s ]
[ sql ] [ SQL ] DELETE FROM `men_product`    WHERE  `id` = 24 [ RunTime:0.051003s ]

---------------------------------------------------------------
[ 2017-11-15T19:04:13+08:00 ] ::1 ::1 GET /xiangmu/public/admin/category/index.html
[ sql ] [ DB ] CONNECT:[ UseTime:0.015001s ] mysql:dbname=xinchu;host=localhost;port=3306;charset=utf8
[ sql ] [ SQL ] SHOW COLUMNS FROM `men_product` [ RunTime:0.028002s ]
[ sql ] [ SQL ] SELECT * FROM `men_product` ORDER BY id desc [ RunTime:0.003000s ]

---------------------------------------------------------------
[ 2017-11-15T19:04:16+08:00 ] ::1 ::1 GET /xiangmu/public/admin/category/series.html
[ sql ] [ DB ] CONNECT:[ UseTime:0.009001s ] mysql:dbname=xinchu;host=localhost;port=3306;charset=utf8
[ sql ] [ SQL ] SHOW COLUMNS FROM `men_series` [ RunTime:0.040003s ]
[ sql ] [ SQL ] SELECT * FROM `men_series` [ RunTime:0.003000s ]

---------------------------------------------------------------
[ 2017-11-15T19:09:38+08:00 ] ::1 ::1 GET /xiangmu/public/admin/category/add.html
[ sql ] [ DB ] CONNECT:[ UseTime:0.008001s ] mysql:dbname=xinchu;host=localhost;port=3306;charset=utf8
[ sql ] [ SQL ] SHOW COLUMNS FROM `men_series` [ RunTime:0.028002s ]
[ sql ] [ SQL ] SELECT * FROM `men_series` [ RunTime:0.002000s ]

---------------------------------------------------------------
[ 2017-11-15T19:09:39+08:00 ] ::1 ::1 GET /xiangmu/public/admin/category/index.html
[ sql ] [ DB ] CONNECT:[ UseTime:0.006000s ] mysql:dbname=xinchu;host=localhost;port=3306;charset=utf8
[ sql ] [ SQL ] SHOW COLUMNS FROM `men_product` [ RunTime:0.029002s ]
[ sql ] [ SQL ] SELECT * FROM `men_product` ORDER BY id desc [ RunTime:0.003000s ]

---------------------------------------------------------------
[ 2017-11-15T19:09:46+08:00 ] ::1 ::1 GET /xiangmu/public/admin/category/dele.html?id=26&savename=20171114\39a9a58e97ababd1bf757a440b1eae19.jpg
[ sql ] [ DB ] CONNECT:[ UseTime:0.006000s ] mysql:dbname=xinchu;host=localhost;port=3306;charset=utf8
[ sql ] [ SQL ] SHOW COLUMNS FROM `men_product` [ RunTime:0.034002s ]
[ sql ] [ SQL ] DELETE FROM `men_product`    WHERE  `id` = 26 [ RunTime:0.127008s ]

---------------------------------------------------------------
[ 2017-11-15T19:09:49+08:00 ] ::1 ::1 GET /xiangmu/public/admin/category/index.html
[ sql ] [ DB ] CONNECT:[ UseTime:0.007001s ] mysql:dbname=xinchu;host=localhost;port=3306;charset=utf8
[ sql ] [ SQL ] SHOW COLUMNS FROM `men_product` [ RunTime:0.027002s ]
[ sql ] [ SQL ] SELECT * FROM `men_product` ORDER BY id desc [ RunTime:0.003000s ]

---------------------------------------------------------------
[ 2017-11-15T19:09:52+08:00 ] ::1 ::1 GET /xiangmu/public/admin/category/add.html
[ sql ] [ DB ] CONNECT:[ UseTime:0.016001s ] mysql:dbname=xinchu;host=localhost;port=3306;charset=utf8
[ sql ] [ SQL ] SHOW COLUMNS FROM `men_series` [ RunTime:0.026002s ]
[ sql ] [ SQL ] SELECT * FROM `men_series` [ RunTime:0.002000s ]

---------------------------------------------------------------
[ 2017-11-15T19:10:04+08:00 ] ::1 ::1 POST /xiangmu/public/admin/category/upload.html
[ sql ] [ DB ] CONNECT:[ UseTime:0.006001s ] mysql:dbname=xinchu;host=localhost;port=3306;charset=utf8
[ sql ] [ SQL ] SHOW COLUMNS FROM `men_product` [ RunTime:0.031002s ]
[ sql ] [ SQL ] INSERT INTO `men_product` (`category` , `savename` , `pro_name` , `recommend`) VALUES ('爷们' , '20171115\\e6ab859ca6aa8279fa22df6f6b3086ff.jpg' , '地方住饭店' , 1) [ RunTime:0.081004s ]

---------------------------------------------------------------
[ 2017-11-15T19:10:07+08:00 ] ::1 ::1 GET /xiangmu/public/admin/category/add.html
[ sql ] [ DB ] CONNECT:[ UseTime:0.015001s ] mysql:dbname=xinchu;host=localhost;port=3306;charset=utf8
[ sql ] [ SQL ] SHOW COLUMNS FROM `men_series` [ RunTime:0.027002s ]
[ sql ] [ SQL ] SELECT * FROM `men_series` [ RunTime:0.002000s ]

---------------------------------------------------------------
[ 2017-11-15T19:10:39+08:00 ] ::1 ::1 GET /xiangmu/public/admin/category/index.html
[ sql ] [ DB ] CONNECT:[ UseTime:0.010001s ] mysql:dbname=xinchu;host=localhost;port=3306;charset=utf8
[ sql ] [ SQL ] SHOW COLUMNS FROM `men_product` [ RunTime:0.027001s ]
[ sql ] [ SQL ] SELECT * FROM `men_product` ORDER BY id desc [ RunTime:0.002001s ]

---------------------------------------------------------------
[ 2017-11-15T19:11:37+08:00 ] ::1 ::1 GET /xiangmu/public/admin/category/add.html
[ sql ] [ DB ] CONNECT:[ UseTime:0.016001s ] mysql:dbname=xinchu;host=localhost;port=3306;charset=utf8
[ sql ] [ SQL ] SHOW COLUMNS FROM `men_series` [ RunTime:0.026002s ]
[ sql ] [ SQL ] SELECT * FROM `men_series` [ RunTime:0.002000s ]

---------------------------------------------------------------
[ 2017-11-15T19:11:38+08:00 ] ::1 ::1 GET /xiangmu/public/admin/category/series.html
[ sql ] [ DB ] CONNECT:[ UseTime:0.006001s ] mysql:dbname=xinchu;host=localhost;port=3306;charset=utf8
[ sql ] [ SQL ] SHOW COLUMNS FROM `men_series` [ RunTime:0.027001s ]
[ sql ] [ SQL ] SELECT * FROM `men_series` [ RunTime:0.002000s ]

---------------------------------------------------------------
[ 2017-11-15T19:11:38+08:00 ] ::1 ::1 GET /xiangmu/public/admin/category/index.html
[ sql ] [ DB ] CONNECT:[ UseTime:0.005000s ] mysql:dbname=xinchu;host=localhost;port=3306;charset=utf8
[ sql ] [ SQL ] SHOW COLUMNS FROM `men_product` [ RunTime:0.020001s ]
[ sql ] [ SQL ] SELECT * FROM `men_product` ORDER BY id desc [ RunTime:0.002000s ]

---------------------------------------------------------------
[ 2017-11-15T19:11:40+08:00 ] ::1 ::1 GET /xiangmu/public/admin/category/add.html
[ sql ] [ DB ] CONNECT:[ UseTime:0.006001s ] mysql:dbname=xinchu;host=localhost;port=3306;charset=utf8
[ sql ] [ SQL ] SHOW COLUMNS FROM `men_series` [ RunTime:0.027001s ]
[ sql ] [ SQL ] SELECT * FROM `men_series` [ RunTime:0.002000s ]

---------------------------------------------------------------
[ 2017-11-15T19:11:41+08:00 ] ::1 ::1 GET /xiangmu/public/admin/category/series.html
[ sql ] [ DB ] CONNECT:[ UseTime:0.016001s ] mysql:dbname=xinchu;host=localhost;port=3306;charset=utf8
[ sql ] [ SQL ] SHOW COLUMNS FROM `men_series` [ RunTime:0.029002s ]
[ sql ] [ SQL ] SELECT * FROM `men_series` [ RunTime:0.002000s ]

---------------------------------------------------------------
[ 2017-11-15T19:11:41+08:00 ] ::1 ::1 GET /xiangmu/public/admin/category/add.html
[ sql ] [ DB ] CONNECT:[ UseTime:0.005000s ] mysql:dbname=xinchu;host=localhost;port=3306;charset=utf8
[ sql ] [ SQL ] SHOW COLUMNS FROM `men_series` [ RunTime:0.024002s ]
[ sql ] [ SQL ] SELECT * FROM `men_series` [ RunTime:0.001000s ]

---------------------------------------------------------------
[ 2017-11-15T19:11:44+08:00 ] ::1 ::1 GET /xiangmu/public/admin/deal/index.html
[ sql ] [ DB ] CONNECT:[ UseTime:0.015001s ] mysql:dbname=xinchu;host=localhost;port=3306;charset=utf8
[ sql ] [ SQL ] SHOW COLUMNS FROM `men_ads` [ RunTime:0.028001s ]
[ sql ] [ SQL ] SELECT * FROM `men_ads` ORDER BY `id`  desc [ RunTime:0.003001s ]

---------------------------------------------------------------
[ 2017-11-15T19:11:59+08:00 ] ::1 ::1 GET /xiangmu/public/admin/deal/index.html
[ sql ] [ DB ] CONNECT:[ UseTime:0.010001s ] mysql:dbname=xinchu;host=localhost;port=3306;charset=utf8
[ sql ] [ SQL ] SHOW COLUMNS FROM `men_ads` [ RunTime:0.035002s ]
[ sql ] [ SQL ] SELECT * FROM `men_ads` ORDER BY `id`  desc [ RunTime:0.003000s ]

---------------------------------------------------------------
[ 2017-11-15T19:12:05+08:00 ] ::1 ::1 GET /xiangmu/public/admin/deal/index.html
[ sql ] [ DB ] CONNECT:[ UseTime:0.015001s ] mysql:dbname=xinchu;host=localhost;port=3306;charset=utf8
[ sql ] [ SQL ] SHOW COLUMNS FROM `men_ads` [ RunTime:0.030002s ]
[ sql ] [ SQL ] SELECT * FROM `men_ads` ORDER BY `id`  desc [ RunTime:0.003000s ]

---------------------------------------------------------------
[ 2017-11-15T19:12:29+08:00 ] ::1 ::1 GET /xiangmu/public/admin/news/index.html
[ sql ] [ DB ] CONNECT:[ UseTime:0.006000s ] mysql:dbname=xinchu;host=localhost;port=3306;charset=utf8
[ sql ] [ SQL ] SHOW COLUMNS FROM `men_news` [ RunTime:0.030002s ]
[ sql ] [ SQL ] SELECT * FROM `men_news` ORDER BY id desc [ RunTime:0.002000s ]

---------------------------------------------------------------
[ 2017-11-15T19:12:30+08:00 ] ::1 ::1 GET /xiangmu/public/admin/news/add.html
[ sql ] [ DB ] CONNECT:[ UseTime:0.006001s ] mysql:dbname=xinchu;host=localhost;port=3306;charset=utf8
[ sql ] [ SQL ] SHOW COLUMNS FROM `men_series` [ RunTime:0.029001s ]
[ sql ] [ SQL ] SELECT * FROM `men_series` [ RunTime:0.002000s ]

---------------------------------------------------------------
[ 2017-11-15T19:14:37+08:00 ] ::1 ::1 GET /xiangmu/public/
[ sql ] [ DB ] CONNECT:[ UseTime:0.008000s ] mysql:dbname=xinchu;host=localhost;port=3306;charset=utf8
[ sql ] [ SQL ] SHOW COLUMNS FROM `men_ads` [ RunTime:0.037003s ]
[ sql ] [ SQL ] SELECT * FROM `men_ads` [ RunTime:0.003000s ]
[ sql ] [ SQL ] SHOW COLUMNS FROM `men_series` [ RunTime:0.034002s ]
[ sql ] [ SQL ] SELECT * FROM `men_series` [ RunTime:0.002000s ]
[ sql ] [ SQL ] SHOW COLUMNS FROM `men_news` [ RunTime:0.033002s ]
[ sql ] [ SQL ] SELECT * FROM `men_news` [ RunTime:0.007001s ]
[ sql ] [ SQL ] SELECT * FROM `men_series` LIMIT 1 [ RunTime:0.001000s ]
[ sql ] [ SQL ] SHOW COLUMNS FROM `men_product` [ RunTime:0.042003s ]
[ sql ] [ SQL ] SELECT * FROM `men_product` WHERE  `recommend` = 1  AND `category` = '仙剑' ORDER BY id desc LIMIT 4 [ RunTime:0.002000s ]
[ sql ] [ SQL ] SHOW COLUMNS FROM `men_quality` [ RunTime:0.034002s ]
[ sql ] [ SQL ] SELECT * FROM `men_quality` WHERE  `weiyi` = 2 LIMIT 1 [ RunTime:0.007000s ]
[ sql ] [ SQL ] SELECT * FROM `men_quality` WHERE  `weiyi` = 1 LIMIT 1 [ RunTime:0.002000s ]
[ sql ] [ SQL ] SELECT * FROM `men_quality` WHERE  `weiyi` = 0 LIMIT 1 [ RunTime:0.003000s ]
[ sql ] [ SQL ] SELECT * FROM `men_news` ORDER BY id desc LIMIT 8 [ RunTime:0.002001s ]
[ sql ] [ SQL ] SHOW COLUMNS FROM `men_link` [ RunTime:0.035002s ]
[ sql ] [ SQL ] SELECT * FROM `men_link` [ RunTime:0.002000s ]

---------------------------------------------------------------
[ 2017-11-15T19:14:42+08:00 ] ::1 ::1 POST /xiangmu/public/index/index/xl.html
[ sql ] [ DB ] CONNECT:[ UseTime:0.006001s ] mysql:dbname=xinchu;host=localhost;port=3306;charset=utf8
[ sql ] [ SQL ] SHOW COLUMNS FROM `men_product` [ RunTime:0.025001s ]
[ sql ] [ SQL ] SELECT * FROM `men_product` WHERE  `recommend` = 1  AND `category` = '典雅' ORDER BY id desc LIMIT 4 [ RunTime:0.002000s ]

---------------------------------------------------------------
[ 2017-11-15T19:14:43+08:00 ] ::1 ::1 POST /xiangmu/public/index/index/xl.html
[ sql ] [ DB ] CONNECT:[ UseTime:0.006000s ] mysql:dbname=xinchu;host=localhost;port=3306;charset=utf8
[ sql ] [ SQL ] SHOW COLUMNS FROM `men_product` [ RunTime:0.029002s ]
[ sql ] [ SQL ] SELECT * FROM `men_product` WHERE  `recommend` = 1  AND `category` = '爷们' ORDER BY id desc LIMIT 4 [ RunTime:0.003000s ]

---------------------------------------------------------------
[ 2017-11-15T19:14:44+08:00 ] ::1 ::1 POST /xiangmu/public/index/index/xl.html
[ sql ] [ DB ] CONNECT:[ UseTime:0.006001s ] mysql:dbname=xinchu;host=localhost;port=3306;charset=utf8
[ sql ] [ SQL ] SHOW COLUMNS FROM `men_product` [ RunTime:0.025600s ]
[ sql ] [ SQL ] SELECT * FROM `men_product` WHERE  `recommend` = 1  AND `category` = '好汉 ' ORDER BY id desc LIMIT 4 [ RunTime:0.000000s ]

---------------------------------------------------------------
[ 2017-11-15T19:14:45+08:00 ] ::1 ::1 POST /xiangmu/public/index/index/xl.html
[ sql ] [ DB ] CONNECT:[ UseTime:0.005001s ] mysql:dbname=xinchu;host=localhost;port=3306;charset=utf8
[ sql ] [ SQL ] SHOW COLUMNS FROM `men_product` [ RunTime:0.022001s ]
[ sql ] [ SQL ] SELECT * FROM `men_product` WHERE  `recommend` = 1  AND `category` = '傻珍' ORDER BY id desc LIMIT 4 [ RunTime:0.000000s ]

---------------------------------------------------------------
[ 2017-11-15T19:14:46+08:00 ] ::1 ::1 POST /xiangmu/public/index/index/xl.html
[ sql ] [ DB ] CONNECT:[ UseTime:0.012001s ] mysql:dbname=xinchu;host=localhost;port=3306;charset=utf8
[ sql ] [ SQL ] SHOW COLUMNS FROM `men_product` [ RunTime:0.042002s ]
[ sql ] [ SQL ] SELECT * FROM `men_product` WHERE  `recommend` = 1  AND `category` = '好汉 ' ORDER BY id desc LIMIT 4 [ RunTime:0.004000s ]

---------------------------------------------------------------
[ 2017-11-15T19:14:47+08:00 ] ::1 ::1 POST /xiangmu/public/index/index/xl.html
[ sql ] [ DB ] CONNECT:[ UseTime:0.008000s ] mysql:dbname=xinchu;host=localhost;port=3306;charset=utf8
[ sql ] [ SQL ] SHOW COLUMNS FROM `men_product` [ RunTime:0.039003s ]
[ sql ] [ SQL ] SELECT * FROM `men_product` WHERE  `recommend` = 1  AND `category` = '爷们' ORDER BY id desc LIMIT 4 [ RunTime:0.006000s ]

---------------------------------------------------------------
[ 2017-11-15T19:15:14+08:00 ] ::1 ::1 GET /xiangmu/public/admin/news/index.html
[ sql ] [ DB ] CONNECT:[ UseTime:0.004000s ] mysql:dbname=xinchu;host=localhost;port=3306;charset=utf8
[ sql ] [ SQL ] SHOW COLUMNS FROM `men_news` [ RunTime:0.022001s ]
[ sql ] [ SQL ] SELECT * FROM `men_news` ORDER BY id desc [ RunTime:0.002000s ]

---------------------------------------------------------------
[ 2017-11-15T19:15:19+08:00 ] ::1 ::1 GET /xiangmu/public/admin/news/add.html
[ sql ] [ DB ] CONNECT:[ UseTime:0.006000s ] mysql:dbname=xinchu;host=localhost;port=3306;charset=utf8
[ sql ] [ SQL ] SHOW COLUMNS FROM `men_series` [ RunTime:0.027001s ]
[ sql ] [ SQL ] SELECT * FROM `men_series` [ RunTime:0.002000s ]

---------------------------------------------------------------
[ 2017-11-15T19:15:21+08:00 ] ::1 ::1 GET /xiangmu/public/admin/deal/index.html
[ sql ] [ DB ] CONNECT:[ UseTime:0.015001s ] mysql:dbname=xinchu;host=localhost;port=3306;charset=utf8
[ sql ] [ SQL ] SHOW COLUMNS FROM `men_ads` [ RunTime:0.027001s ]
[ sql ] [ SQL ] SELECT * FROM `men_ads` ORDER BY `id`  desc [ RunTime:0.002000s ]

---------------------------------------------------------------
[ 2017-11-15T19:15:25+08:00 ] ::1 ::1 GET /xiangmu/public/admin/category/add.html
[ sql ] [ DB ] CONNECT:[ UseTime:0.006000s ] mysql:dbname=xinchu;host=localhost;port=3306;charset=utf8
[ sql ] [ SQL ] SHOW COLUMNS FROM `men_series` [ RunTime:0.026002s ]
[ sql ] [ SQL ] SELECT * FROM `men_series` [ RunTime:0.002000s ]

---------------------------------------------------------------
[ 2017-11-15T19:15:26+08:00 ] ::1 ::1 GET /xiangmu/public/admin/category/series.html
[ sql ] [ DB ] CONNECT:[ UseTime:0.011001s ] mysql:dbname=xinchu;host=localhost;port=3306;charset=utf8
[ sql ] [ SQL ] SHOW COLUMNS FROM `men_series` [ RunTime:0.027002s ]
[ sql ] [ SQL ] SELECT * FROM `men_series` [ RunTime:0.003000s ]

---------------------------------------------------------------
[ 2017-11-15T19:15:27+08:00 ] ::1 ::1 GET /xiangmu/public/admin/category/index.html
[ sql ] [ DB ] CONNECT:[ UseTime:0.015001s ] mysql:dbname=xinchu;host=localhost;port=3306;charset=utf8
[ sql ] [ SQL ] SHOW COLUMNS FROM `men_product` [ RunTime:0.026001s ]
[ sql ] [ SQL ] SELECT * FROM `men_product` ORDER BY id desc [ RunTime:0.003000s ]

---------------------------------------------------------------
[ 2017-11-15T19:15:29+08:00 ] ::1 ::1 GET /xiangmu/public/admin/category/series.html
[ sql ] [ DB ] CONNECT:[ UseTime:0.006000s ] mysql:dbname=xinchu;host=localhost;port=3306;charset=utf8
[ sql ] [ SQL ] SHOW COLUMNS FROM `men_series` [ RunTime:0.027002s ]
[ sql ] [ SQL ] SELECT * FROM `men_series` [ RunTime:0.002000s ]

---------------------------------------------------------------
[ 2017-11-15T19:15:30+08:00 ] ::1 ::1 GET /xiangmu/public/admin/category/add.html
[ sql ] [ DB ] CONNECT:[ UseTime:0.006001s ] mysql:dbname=xinchu;host=localhost;port=3306;charset=utf8
[ sql ] [ SQL ] SHOW COLUMNS FROM `men_series` [ RunTime:0.027001s ]
[ sql ] [ SQL ] SELECT * FROM `men_series` [ RunTime:0.002000s ]

---------------------------------------------------------------
[ 2017-11-15T19:15:31+08:00 ] ::1 ::1 GET /xiangmu/public/admin/category/series.html
[ sql ] [ DB ] CONNECT:[ UseTime:0.032002s ] mysql:dbname=xinchu;host=localhost;port=3306;charset=utf8
[ sql ] [ SQL ] SHOW COLUMNS FROM `men_series` [ RunTime:0.028002s ]
[ sql ] [ SQL ] SELECT * FROM `men_series` [ RunTime:0.002000s ]

---------------------------------------------------------------
[ 2017-11-15T19:15:32+08:00 ] ::1 ::1 GET /xiangmu/public/admin/category/index.html
[ sql ] [ DB ] CONNECT:[ UseTime:0.006000s ] mysql:dbname=xinchu;host=localhost;port=3306;charset=utf8
[ sql ] [ SQL ] SHOW COLUMNS FROM `men_product` [ RunTime:0.032002s ]
[ sql ] [ SQL ] SELECT * FROM `men_product` ORDER BY id desc [ RunTime:0.003000s ]

---------------------------------------------------------------
[ 2017-11-15T19:16:42+08:00 ] ::1 ::1 GET /xiangmu/public/admin/category/dele.html?id=31&savename=20171115\e6ab859ca6aa8279fa22df6f6b3086ff.jpg
[ sql ] [ DB ] CONNECT:[ UseTime:0.007000s ] mysql:dbname=xinchu;host=localhost;port=3306;charset=utf8
[ sql ] [ SQL ] SHOW COLUMNS FROM `men_product` [ RunTime:0.028002s ]
[ sql ] [ SQL ] DELETE FROM `men_product`    WHERE  `id` = 31 [ RunTime:0.053003s ]

---------------------------------------------------------------
[ 2017-11-15T19:16:46+08:00 ] ::1 ::1 GET /xiangmu/public/admin/category/index.html
[ sql ] [ DB ] CONNECT:[ UseTime:0.008001s ] mysql:dbname=xinchu;host=localhost;port=3306;charset=utf8
[ sql ] [ SQL ] SHOW COLUMNS FROM `men_product` [ RunTime:0.028002s ]
[ sql ] [ SQL ] SELECT * FROM `men_product` ORDER BY id desc [ RunTime:0.003000s ]

---------------------------------------------------------------
[ 2017-11-15T19:16:47+08:00 ] ::1 ::1 GET /xiangmu/public/admin/category/add.html
[ sql ] [ DB ] CONNECT:[ UseTime:0.015001s ] mysql:dbname=xinchu;host=localhost;port=3306;charset=utf8
[ sql ] [ SQL ] SHOW COLUMNS FROM `men_series` [ RunTime:0.032002s ]
[ sql ] [ SQL ] SELECT * FROM `men_series` [ RunTime:0.003000s ]

---------------------------------------------------------------
[ 2017-11-15T19:16:49+08:00 ] ::1 ::1 GET /xiangmu/public/admin/deal/index.html
[ sql ] [ DB ] CONNECT:[ UseTime:0.006000s ] mysql:dbname=xinchu;host=localhost;port=3306;charset=utf8
[ sql ] [ SQL ] SHOW COLUMNS FROM `men_ads` [ RunTime:0.027001s ]
[ sql ] [ SQL ] SELECT * FROM `men_ads` ORDER BY `id`  desc [ RunTime:0.002000s ]

---------------------------------------------------------------
[ 2017-11-15T19:23:06+08:00 ] ::1 ::1 GET /xiangmu/public/admin/category/add.html
[ sql ] [ DB ] CONNECT:[ UseTime:0.009001s ] mysql:dbname=xinchu;host=localhost;port=3306;charset=utf8
[ sql ] [ SQL ] SHOW COLUMNS FROM `men_series` [ RunTime:0.028001s ]
[ sql ] [ SQL ] SELECT * FROM `men_series` [ RunTime:0.003001s ]

---------------------------------------------------------------
[ 2017-11-15T19:23:06+08:00 ] ::1 ::1 GET /xiangmu/public/admin/category/series.html
[ sql ] [ DB ] CONNECT:[ UseTime:0.008000s ] mysql:dbname=xinchu;host=localhost;port=3306;charset=utf8
[ sql ] [ SQL ] SHOW COLUMNS FROM `men_series` [ RunTime:0.032002s ]
[ sql ] [ SQL ] SELECT * FROM `men_series` [ RunTime:0.002000s ]

---------------------------------------------------------------
[ 2017-11-15T19:23:08+08:00 ] ::1 ::1 GET /xiangmu/public/admin/category/index.html
[ sql ] [ DB ] CONNECT:[ UseTime:0.015001s ] mysql:dbname=xinchu;host=localhost;port=3306;charset=utf8
[ sql ] [ SQL ] SHOW COLUMNS FROM `men_product` [ RunTime:0.031002s ]
[ sql ] [ SQL ] SELECT * FROM `men_product` ORDER BY id desc [ RunTime:0.002000s ]

---------------------------------------------------------------
[ 2017-11-15T19:23:11+08:00 ] ::1 ::1 GET /xiangmu/public/admin/category/add.html
[ sql ] [ DB ] CONNECT:[ UseTime:0.017001s ] mysql:dbname=xinchu;host=localhost;port=3306;charset=utf8
[ sql ] [ SQL ] SHOW COLUMNS FROM `men_series` [ RunTime:0.034002s ]
[ sql ] [ SQL ] SELECT * FROM `men_series` [ RunTime:0.002000s ]

---------------------------------------------------------------
[ 2017-11-15T19:23:25+08:00 ] ::1 ::1 POST /xiangmu/public/admin/category/upload.html
[ sql ] [ DB ] CONNECT:[ UseTime:0.014001s ] mysql:dbname=xinchu;host=localhost;port=3306;charset=utf8
[ sql ] [ SQL ] SHOW COLUMNS FROM `men_product` [ RunTime:0.027002s ]
[ sql ] [ SQL ] INSERT INTO `men_product` (`category` , `savename` , `pro_name` , `recommend`) VALUES ('好汉 ' , '20171115\\4d9366429415271abe084222b0dca182.jpg' , 'gvsgvfdz ' , 1) [ RunTime:0.078004s ]

---------------------------------------------------------------
[ 2017-11-15T19:23:29+08:00 ] ::1 ::1 GET /xiangmu/public/admin/category/add.html
[ sql ] [ DB ] CONNECT:[ UseTime:0.015001s ] mysql:dbname=xinchu;host=localhost;port=3306;charset=utf8
[ sql ] [ SQL ] SHOW COLUMNS FROM `men_series` [ RunTime:0.026001s ]
[ sql ] [ SQL ] SELECT * FROM `men_series` [ RunTime:0.002000s ]

---------------------------------------------------------------
[ 2017-11-15T19:27:39+08:00 ] ::1 ::1 GET /xiangmu/public/admin/category/add.html
[ sql ] [ DB ] CONNECT:[ UseTime:0.016001s ] mysql:dbname=xinchu;host=localhost;port=3306;charset=utf8
[ sql ] [ SQL ] SHOW COLUMNS FROM `men_series` [ RunTime:0.031002s ]
[ sql ] [ SQL ] SELECT * FROM `men_series` [ RunTime:0.002000s ]

---------------------------------------------------------------
[ 2017-11-15T19:27:40+08:00 ] ::1 ::1 GET /xiangmu/public/admin/category/series.html
[ sql ] [ DB ] CONNECT:[ UseTime:0.007001s ] mysql:dbname=xinchu;host=localhost;port=3306;charset=utf8
[ sql ] [ SQL ] SHOW COLUMNS FROM `men_series` [ RunTime:0.029002s ]
[ sql ] [ SQL ] SELECT * FROM `men_series` [ RunTime:0.002000s ]

---------------------------------------------------------------
[ 2017-11-15T19:27:40+08:00 ] ::1 ::1 GET /xiangmu/public/admin/category/index.html
[ sql ] [ DB ] CONNECT:[ UseTime:0.005000s ] mysql:dbname=xinchu;host=localhost;port=3306;charset=utf8
[ sql ] [ SQL ] SHOW COLUMNS FROM `men_product` [ RunTime:0.020001s ]
[ sql ] [ SQL ] SELECT * FROM `men_product` ORDER BY id desc [ RunTime:0.002000s ]

---------------------------------------------------------------
[ 2017-11-15T19:28:03+08:00 ] ::1 ::1 GET /xiangmu/public/admin/category/dele.html?id=32&savename=20171115\4d9366429415271abe084222b0dca182.jpg
[ sql ] [ DB ] CONNECT:[ UseTime:0.015001s ] mysql:dbname=xinchu;host=localhost;port=3306;charset=utf8
[ sql ] [ SQL ] SHOW COLUMNS FROM `men_product` [ RunTime:0.028002s ]
[ sql ] [ SQL ] DELETE FROM `men_product`    WHERE  `id` = 32 [ RunTime:0.056003s ]

---------------------------------------------------------------
[ 2017-11-15T19:28:07+08:00 ] ::1 ::1 GET /xiangmu/public/admin/category/index.html
[ sql ] [ DB ] CONNECT:[ UseTime:0.006001s ] mysql:dbname=xinchu;host=localhost;port=3306;charset=utf8
[ sql ] [ SQL ] SHOW COLUMNS FROM `men_product` [ RunTime:0.027002s ]
[ sql ] [ SQL ] SELECT * FROM `men_product` ORDER BY id desc [ RunTime:0.003000s ]

---------------------------------------------------------------
[ 2017-11-15T19:28:07+08:00 ] ::1 ::1 GET /xiangmu/public/admin/quality/index.html
[ sql ] [ DB ] CONNECT:[ UseTime:0.006001s ] mysql:dbname=xinchu;host=localhost;port=3306;charset=utf8
[ sql ] [ SQL ] SHOW COLUMNS FROM `men_quality` [ RunTime:0.028001s ]
[ sql ] [ SQL ] SELECT * FROM `men_quality` ORDER BY `id`  desc [ RunTime:0.002001s ]

---------------------------------------------------------------
[ 2017-11-15T19:28:09+08:00 ] ::1 ::1 GET /xiangmu/public/admin/quality/index.html
[ sql ] [ DB ] CONNECT:[ UseTime:0.006000s ] mysql:dbname=xinchu;host=localhost;port=3306;charset=utf8
[ sql ] [ SQL ] SHOW COLUMNS FROM `men_quality` [ RunTime:0.031002s ]
[ sql ] [ SQL ] SELECT * FROM `men_quality` ORDER BY `id`  desc [ RunTime:0.002000s ]

---------------------------------------------------------------
[ 2017-11-15T19:28:18+08:00 ] ::1 ::1 GET /xiangmu/public/admin/link/index.html
[ sql ] [ DB ] CONNECT:[ UseTime:0.016001s ] mysql:dbname=xinchu;host=localhost;port=3306;charset=utf8
[ sql ] [ SQL ] SHOW COLUMNS FROM `men_link` [ RunTime:0.026001s ]
[ sql ] [ SQL ] SELECT * FROM `men_link` [ RunTime:0.002000s ]

---------------------------------------------------------------
[ 2017-11-15T19:41:02+08:00 ] ::1 ::1 GET /xiangmu/public/admin/link/index.html
[ sql ] [ DB ] CONNECT:[ UseTime:0.006001s ] mysql:dbname=xinchu;host=localhost;port=3306;charset=utf8
[ sql ] [ SQL ] SHOW COLUMNS FROM `men_link` [ RunTime:0.027001s ]
[ sql ] [ SQL ] SELECT * FROM `men_link` [ RunTime:0.002001s ]

---------------------------------------------------------------
[ 2017-11-15T19:41:04+08:00 ] ::1 ::1 GET /xiangmu/public/admin/link/change.html?id=1
[ sql ] [ DB ] CONNECT:[ UseTime:0.014000s ] mysql:dbname=xinchu;host=localhost;port=3306;charset=utf8
[ sql ] [ SQL ] SHOW COLUMNS FROM `men_link` [ RunTime:0.030002s ]
[ sql ] [ SQL ] SELECT * FROM `men_link` WHERE  `id` = 1 LIMIT 1 [ RunTime:0.002000s ]

---------------------------------------------------------------
[ 2017-11-15T19:41:12+08:00 ] ::1 ::1 GET /xiangmu/public/admin/link/index.html
[ sql ] [ DB ] CONNECT:[ UseTime:0.004000s ] mysql:dbname=xinchu;host=localhost;port=3306;charset=utf8
[ sql ] [ SQL ] SHOW COLUMNS FROM `men_link` [ RunTime:0.020001s ]
[ sql ] [ SQL ] SELECT * FROM `men_link` [ RunTime:0.003000s ]

---------------------------------------------------------------
[ 2017-11-15T19:41:13+08:00 ] ::1 ::1 GET /xiangmu/public/admin/link/change.html?id=1
[ sql ] [ DB ] CONNECT:[ UseTime:0.009000s ] mysql:dbname=xinchu;host=localhost;port=3306;charset=utf8
[ sql ] [ SQL ] SHOW COLUMNS FROM `men_link` [ RunTime:0.048002s ]
[ sql ] [ SQL ] SELECT * FROM `men_link` WHERE  `id` = 1 LIMIT 1 [ RunTime:0.004000s ]

---------------------------------------------------------------
[ 2017-11-15T19:41:30+08:00 ] ::1 ::1 GET /xiangmu/public/admin/link/index.html
[ sql ] [ DB ] CONNECT:[ UseTime:0.004000s ] mysql:dbname=xinchu;host=localhost;port=3306;charset=utf8
[ sql ] [ SQL ] SHOW COLUMNS FROM `men_link` [ RunTime:0.025002s ]
[ sql ] [ SQL ] SELECT * FROM `men_link` [ RunTime:0.002000s ]

---------------------------------------------------------------
[ 2017-11-15T19:41:31+08:00 ] ::1 ::1 GET /xiangmu/public/admin/link/change.html?id=1
[ sql ] [ DB ] CONNECT:[ UseTime:0.014000s ] mysql:dbname=xinchu;host=localhost;port=3306;charset=utf8
[ sql ] [ SQL ] SHOW COLUMNS FROM `men_link` [ RunTime:0.023002s ]
[ sql ] [ SQL ] SELECT * FROM `men_link` WHERE  `id` = 1 LIMIT 1 [ RunTime:0.002000s ]

---------------------------------------------------------------
[ 2017-11-15T19:41:49+08:00 ] ::1 ::1 POST /xiangmu/public/admin/link/update.html
[ sql ] [ DB ] CONNECT:[ UseTime:0.005000s ] mysql:dbname=xinchu;host=localhost;port=3306;charset=utf8
[ sql ] [ SQL ] SHOW COLUMNS FROM `men_link` [ RunTime:0.020001s ]
[ sql ] [ SQL ] UPDATE `men_link`  SET `link_name`='百度搜索',`link_addr`='www.baidu.com',`id`=1  WHERE  `id` = 1 [ RunTime:0.058004s ]

---------------------------------------------------------------
[ 2017-11-15T19:41:52+08:00 ] ::1 ::1 GET /xiangmu/public/admin/link/change.html?id=1
[ sql ] [ DB ] CONNECT:[ UseTime:0.015001s ] mysql:dbname=xinchu;host=localhost;port=3306;charset=utf8
[ sql ] [ SQL ] SHOW COLUMNS FROM `men_link` [ RunTime:0.026002s ]
[ sql ] [ SQL ] SELECT * FROM `men_link` WHERE  `id` = 1 LIMIT 1 [ RunTime:0.002000s ]

---------------------------------------------------------------
[ 2017-11-15T19:41:54+08:00 ] ::1 ::1 GET /xiangmu/public/admin/link/change.html?id=1
[ sql ] [ DB ] CONNECT:[ UseTime:0.008001s ] mysql:dbname=xinchu;host=localhost;port=3306;charset=utf8
[ sql ] [ SQL ] SHOW COLUMNS FROM `men_link` [ RunTime:0.029001s ]
[ sql ] [ SQL ] SELECT * FROM `men_link` WHERE  `id` = 1 LIMIT 1 [ RunTime:0.002000s ]

---------------------------------------------------------------
[ 2017-11-15T19:41:55+08:00 ] ::1 ::1 GET /xiangmu/public/admin/link/index.html
[ sql ] [ DB ] CONNECT:[ UseTime:0.006000s ] mysql:dbname=xinchu;host=localhost;port=3306;charset=utf8
[ sql ] [ SQL ] SHOW COLUMNS FROM `men_link` [ RunTime:0.031002s ]
[ sql ] [ SQL ] SELECT * FROM `men_link` [ RunTime:0.003000s ]

---------------------------------------------------------------
[ 2017-11-15T20:02:05+08:00 ] ::1 ::1 POST /xiangmu/public/index/index/xl.html
[ sql ] [ DB ] CONNECT:[ UseTime:0.031200s ] mysql:dbname=xinchu;host=localhost;port=3306;charset=utf8
[ sql ] [ SQL ] SHOW COLUMNS FROM `men_product` [ RunTime:0.031200s ]
[ sql ] [ SQL ] SELECT * FROM `men_product` WHERE  `recommend` = 1  AND `category` = '典雅' ORDER BY id desc LIMIT 4 [ RunTime:0.000000s ]

---------------------------------------------------------------
[ 2017-11-15T20:02:07+08:00 ] ::1 ::1 POST /xiangmu/public/index/index/xl.html
[ sql ] [ DB ] CONNECT:[ UseTime:0.006001s ] mysql:dbname=xinchu;host=localhost;port=3306;charset=utf8
[ sql ] [ SQL ] SHOW COLUMNS FROM `men_product` [ RunTime:0.029001s ]
[ sql ] [ SQL ] SELECT * FROM `men_product` WHERE  `recommend` = 1  AND `category` = '仙剑' ORDER BY id desc LIMIT 4 [ RunTime:0.002000s ]

---------------------------------------------------------------
[ 2017-11-15T20:02:07+08:00 ] ::1 ::1 POST /xiangmu/public/index/index/xl.html
[ sql ] [ DB ] CONNECT:[ UseTime:0.006000s ] mysql:dbname=xinchu;host=localhost;port=3306;charset=utf8
[ sql ] [ SQL ] SHOW COLUMNS FROM `men_product` [ RunTime:0.024002s ]
[ sql ] [ SQL ] SELECT * FROM `men_product` WHERE  `recommend` = 1  AND `category` = '好汉 ' ORDER BY id desc LIMIT 4 [ RunTime:0.002000s ]

---------------------------------------------------------------
[ 2017-11-15T20:02:08+08:00 ] ::1 ::1 POST /xiangmu/public/index/index/xl.html
[ sql ] [ DB ] CONNECT:[ UseTime:0.015600s ] mysql:dbname=xinchu;host=localhost;port=3306;charset=utf8
[ sql ] [ SQL ] SHOW COLUMNS FROM `men_product` [ RunTime:0.031200s ]
[ sql ] [ SQL ] SELECT * FROM `men_product` WHERE  `recommend` = 1  AND `category` = '傻珍' ORDER BY id desc LIMIT 4 [ RunTime:0.000000s ]

---------------------------------------------------------------
[ 2017-11-15T20:02:10+08:00 ] ::1 ::1 POST /xiangmu/public/index/index/xl.html
[ sql ] [ DB ] CONNECT:[ UseTime:0.000000s ] mysql:dbname=xinchu;host=localhost;port=3306;charset=utf8
[ sql ] [ SQL ] SHOW COLUMNS FROM `men_product` [ RunTime:0.036200s ]
[ sql ] [ SQL ] SELECT * FROM `men_product` WHERE  `recommend` = 1  AND `category` = '好汉 ' ORDER BY id desc LIMIT 4 [ RunTime:0.002000s ]

---------------------------------------------------------------
[ 2017-11-15T20:03:01+08:00 ] ::1 ::1 GET /xiangmu/public/admin/category/add.html
[ sql ] [ DB ] CONNECT:[ UseTime:0.008001s ] mysql:dbname=xinchu;host=localhost;port=3306;charset=utf8
[ sql ] [ SQL ] SHOW COLUMNS FROM `men_series` [ RunTime:0.027002s ]
[ sql ] [ SQL ] SELECT * FROM `men_series` [ RunTime:0.002000s ]

---------------------------------------------------------------
[ 2017-11-15T20:09:19+08:00 ] ::1 ::1 POST /xiangmu/public/admin/category/upload.html
[ sql ] [ DB ] CONNECT:[ UseTime:0.016001s ] mysql:dbname=xinchu;host=localhost;port=3306;charset=utf8
[ sql ] [ SQL ] SHOW COLUMNS FROM `men_product` [ RunTime:0.057003s ]
[ sql ] [ SQL ] INSERT INTO `men_product` (`category` , `savename` , `pro_name` , `recommend`) VALUES ('好汉 ' , '20171115\\ee575a24ba5561dde83f9dad9eb62109.jpg' , '满汉全席都是小菜一碟' , 1) [ RunTime:0.145009s ]

---------------------------------------------------------------
[ 2017-11-15T20:09:22+08:00 ] ::1 ::1 GET /xiangmu/public/admin/category/add.html
[ sql ] [ DB ] CONNECT:[ UseTime:0.006000s ] mysql:dbname=xinchu;host=localhost;port=3306;charset=utf8
[ sql ] [ SQL ] SHOW COLUMNS FROM `men_series` [ RunTime:0.057003s ]
[ sql ] [ SQL ] SELECT * FROM `men_series` [ RunTime:0.002000s ]

---------------------------------------------------------------
[ 2017-11-15T20:09:47+08:00 ] ::1 ::1 POST /xiangmu/public/index/index/xl.html
[ sql ] [ DB ] CONNECT:[ UseTime:0.009001s ] mysql:dbname=xinchu;host=localhost;port=3306;charset=utf8
[ sql ] [ SQL ] SHOW COLUMNS FROM `men_product` [ RunTime:0.068004s ]
[ sql ] [ SQL ] SELECT * FROM `men_product` WHERE  `recommend` = 1  AND `category` = '典雅' ORDER BY id desc LIMIT 4 [ RunTime:0.003001s ]

---------------------------------------------------------------
[ 2017-11-15T20:09:47+08:00 ] ::1 ::1 POST /xiangmu/public/index/index/xl.html
[ sql ] [ DB ] CONNECT:[ UseTime:0.004000s ] mysql:dbname=xinchu;host=localhost;port=3306;charset=utf8
[ sql ] [ SQL ] SHOW COLUMNS FROM `men_product` [ RunTime:0.062003s ]
[ sql ] [ SQL ] SELECT * FROM `men_product` WHERE  `recommend` = 1  AND `category` = '爷们' ORDER BY id desc LIMIT 4 [ RunTime:0.002000s ]

---------------------------------------------------------------
[ 2017-11-15T20:09:48+08:00 ] ::1 ::1 POST /xiangmu/public/index/index/xl.html
[ sql ] [ DB ] CONNECT:[ UseTime:0.004001s ] mysql:dbname=xinchu;host=localhost;port=3306;charset=utf8
[ sql ] [ SQL ] SHOW COLUMNS FROM `men_product` [ RunTime:0.052003s ]
[ sql ] [ SQL ] SELECT * FROM `men_product` WHERE  `recommend` = 1  AND `category` = '典雅' ORDER BY id desc LIMIT 4 [ RunTime:0.002000s ]

---------------------------------------------------------------
[ 2017-11-15T20:09:49+08:00 ] ::1 ::1 POST /xiangmu/public/index/index/xl.html
[ sql ] [ DB ] CONNECT:[ UseTime:0.008000s ] mysql:dbname=xinchu;host=localhost;port=3306;charset=utf8
[ sql ] [ SQL ] SHOW COLUMNS FROM `men_product` [ RunTime:0.070004s ]
[ sql ] [ SQL ] SELECT * FROM `men_product` WHERE  `recommend` = 1  AND `category` = '好汉 ' ORDER BY id desc LIMIT 4 [ RunTime:0.005000s ]

---------------------------------------------------------------
[ 2017-11-15T20:09:50+08:00 ] ::1 ::1 POST /xiangmu/public/index/index/xl.html
[ sql ] [ DB ] CONNECT:[ UseTime:0.015001s ] mysql:dbname=xinchu;host=localhost;port=3306;charset=utf8
[ sql ] [ SQL ] SHOW COLUMNS FROM `men_product` [ RunTime:0.040003s ]
[ sql ] [ SQL ] SELECT * FROM `men_product` WHERE  `recommend` = 1  AND `category` = '傻珍' ORDER BY id desc LIMIT 4 [ RunTime:0.001000s ]

---------------------------------------------------------------
[ 2017-11-15T20:09:55+08:00 ] ::1 ::1 GET /xiangmu/public/admin/category/series.html
[ sql ] [ DB ] CONNECT:[ UseTime:0.005000s ] mysql:dbname=xinchu;host=localhost;port=3306;charset=utf8
[ sql ] [ SQL ] SHOW COLUMNS FROM `men_series` [ RunTime:0.042002s ]
[ sql ] [ SQL ] SELECT * FROM `men_series` [ RunTime:0.001000s ]

---------------------------------------------------------------
[ 2017-11-15T20:09:57+08:00 ] ::1 ::1 GET /xiangmu/public/admin/category/index.html
[ sql ] [ DB ] CONNECT:[ UseTime:0.016001s ] mysql:dbname=xinchu;host=localhost;port=3306;charset=utf8
[ sql ] [ SQL ] SHOW COLUMNS FROM `men_product` [ RunTime:0.059003s ]
[ sql ] [ SQL ] SELECT * FROM `men_product` ORDER BY id desc [ RunTime:0.003001s ]

---------------------------------------------------------------
[ 2017-11-15T20:10:01+08:00 ] ::1 ::1 POST /xiangmu/public/index/index/xl.html
[ sql ] [ DB ] CONNECT:[ UseTime:0.015600s ] mysql:dbname=xinchu;host=localhost;port=3306;charset=utf8
[ sql ] [ SQL ] SHOW COLUMNS FROM `men_product` [ RunTime:0.050800s ]
[ sql ] [ SQL ] SELECT * FROM `men_product` WHERE  `recommend` = 1  AND `category` = '好汉 ' ORDER BY id desc LIMIT 4 [ RunTime:0.015600s ]

---------------------------------------------------------------
[ 2017-11-15T20:15:00+08:00 ] ::1 ::1 GET /xiangmu/public/admin/category/series.html
[ sql ] [ DB ] CONNECT:[ UseTime:0.005000s ] mysql:dbname=xinchu;host=localhost;port=3306;charset=utf8
[ sql ] [ SQL ] SHOW COLUMNS FROM `men_series` [ RunTime:0.046003s ]
[ sql ] [ SQL ] SELECT * FROM `men_series` [ RunTime:0.001000s ]

---------------------------------------------------------------
[ 2017-11-15T20:26:26+08:00 ] ::1 ::1 GET /xiangmu/public/
[ sql ] [ DB ] CONNECT:[ UseTime:0.008000s ] mysql:dbname=xinchu;host=localhost;port=3306;charset=utf8
[ sql ] [ SQL ] SHOW COLUMNS FROM `men_product` [ RunTime:0.077004s ]
[ sql ] [ SQL ] SELECT * FROM `men_product` WHERE  `id` = 22 LIMIT 1 [ RunTime:0.004000s ]
[ sql ] [ SQL ] SHOW COLUMNS FROM `men_ads` [ RunTime:0.086005s ]
[ sql ] [ SQL ] SELECT * FROM `men_ads` [ RunTime:0.003000s ]
[ sql ] [ SQL ] SHOW COLUMNS FROM `men_series` [ RunTime:0.086005s ]
[ sql ] [ SQL ] SELECT * FROM `men_series` [ RunTime:0.002000s ]
[ sql ] [ SQL ] SHOW COLUMNS FROM `men_news` [ RunTime:0.086005s ]
[ sql ] [ SQL ] SELECT * FROM `men_news` [ RunTime:0.004001s ]
[ sql ] [ SQL ] SELECT * FROM `men_series` LIMIT 1 [ RunTime:0.002000s ]
[ sql ] [ SQL ] SELECT * FROM `men_product` WHERE  `recommend` = 1  AND `category` = '仙剑' ORDER BY id desc LIMIT 4 [ RunTime:0.004001s ]
[ sql ] [ SQL ] SHOW COLUMNS FROM `men_quality` [ RunTime:0.088005s ]
[ sql ] [ SQL ] SELECT * FROM `men_quality` WHERE  `weiyi` = 2 LIMIT 1 [ RunTime:0.003000s ]
[ sql ] [ SQL ] SELECT * FROM `men_quality` WHERE  `weiyi` = 1 LIMIT 1 [ RunTime:0.004001s ]
[ sql ] [ SQL ] SELECT * FROM `men_quality` WHERE  `weiyi` = 0 LIMIT 1 [ RunTime:0.003000s ]
[ sql ] [ SQL ] SELECT * FROM `men_news` ORDER BY id desc LIMIT 8 [ RunTime:0.003000s ]
[ sql ] [ SQL ] SHOW COLUMNS FROM `men_link` [ RunTime:0.087005s ]
[ sql ] [ SQL ] SELECT * FROM `men_link` [ RunTime:0.002000s ]

---------------------------------------------------------------
[ 2017-11-15T20:29:04+08:00 ] ::1 ::1 GET /xiangmu/public/
[ sql ] [ DB ] CONNECT:[ UseTime:0.020001s ] mysql:dbname=xinchu;host=localhost;port=3306;charset=utf8
[ sql ] [ SQL ] SHOW COLUMNS FROM `men_product` [ RunTime:0.067004s ]

---------------------------------------------------------------
[ 2017-11-15T20:29:35+08:00 ] ::1 ::1 GET /xiangmu/public/
[ sql ] [ DB ] CONNECT:[ UseTime:0.014001s ] mysql:dbname=xinchu;host=localhost;port=3306;charset=utf8
[ sql ] [ SQL ] SHOW COLUMNS FROM `men_product` [ RunTime:0.100006s ]

---------------------------------------------------------------
[ 2017-11-15T20:29:49+08:00 ] ::1 ::1 GET /xiangmu/public/
[ sql ] [ DB ] CONNECT:[ UseTime:0.007001s ] mysql:dbname=xinchu;host=localhost;port=3306;charset=utf8
[ sql ] [ SQL ] SHOW COLUMNS FROM `men_product` [ RunTime:0.069004s ]
[ sql ] [ SQL ] SELECT `category` FROM `men_product` WHERE  `id` = 22 [ RunTime:0.002000s ]
[ sql ] [ SQL ] SHOW COLUMNS FROM `men_ads` [ RunTime:0.077005s ]
[ sql ] [ SQL ] SELECT * FROM `men_ads` [ RunTime:0.002000s ]
[ sql ] [ SQL ] SHOW COLUMNS FROM `men_series` [ RunTime:0.053003s ]
[ sql ] [ SQL ] SELECT * FROM `men_series` [ RunTime:0.001000s ]
[ sql ] [ SQL ] SHOW COLUMNS FROM `men_news` [ RunTime:0.058004s ]
[ sql ] [ SQL ] SELECT * FROM `men_news` [ RunTime:0.002000s ]
[ sql ] [ SQL ] SELECT * FROM `men_series` LIMIT 1 [ RunTime:0.002000s ]
[ sql ] [ SQL ] SELECT * FROM `men_product` WHERE  `recommend` = 1  AND `category` = '仙剑' ORDER BY id desc LIMIT 4 [ RunTime:0.002000s ]
[ sql ] [ SQL ] SHOW COLUMNS FROM `men_quality` [ RunTime:0.056004s ]
[ sql ] [ SQL ] SELECT * FROM `men_quality` WHERE  `weiyi` = 2 LIMIT 1 [ RunTime:0.002000s ]
[ sql ] [ SQL ] SELECT * FROM `men_quality` WHERE  `weiyi` = 1 LIMIT 1 [ RunTime:0.002000s ]
[ sql ] [ SQL ] SELECT * FROM `men_quality` WHERE  `weiyi` = 0 LIMIT 1 [ RunTime:0.002000s ]
[ sql ] [ SQL ] SELECT * FROM `men_news` ORDER BY id desc LIMIT 8 [ RunTime:0.001000s ]
[ sql ] [ SQL ] SHOW COLUMNS FROM `men_link` [ RunTime:0.052003s ]
[ sql ] [ SQL ] SELECT * FROM `men_link` [ RunTime:0.002000s ]

---------------------------------------------------------------
[ 2017-11-15T20:30:12+08:00 ] ::1 ::1 GET /xiangmu/public/
[ sql ] [ DB ] CONNECT:[ UseTime:0.006000s ] mysql:dbname=xinchu;host=localhost;port=3306;charset=utf8
[ sql ] [ SQL ] SHOW COLUMNS FROM `men_product` [ RunTime:0.063003s ]
[ sql ] [ SQL ] SELECT `category` FROM `men_product` WHERE  `id` = 22 [ RunTime:0.003000s ]

---------------------------------------------------------------
[ 2017-11-15T20:31:01+08:00 ] ::1 ::1 GET /xiangmu/public/
[ sql ] [ DB ] CONNECT:[ UseTime:0.010000s ] mysql:dbname=xinchu;host=localhost;port=3306;charset=utf8
[ sql ] [ SQL ] SHOW COLUMNS FROM `men_product` [ RunTime:0.068004s ]
[ sql ] [ SQL ] SELECT `id`,`category` FROM `men_product` WHERE  `id` = 22 [ RunTime:0.002000s ]
[ sql ] [ SQL ] SHOW COLUMNS FROM `men_ads` [ RunTime:0.066004s ]
[ sql ] [ SQL ] SELECT * FROM `men_ads` [ RunTime:0.002000s ]
[ sql ] [ SQL ] SHOW COLUMNS FROM `men_series` [ RunTime:0.064004s ]
[ sql ] [ SQL ] SELECT * FROM `men_series` [ RunTime:0.002000s ]
[ sql ] [ SQL ] SHOW COLUMNS FROM `men_news` [ RunTime:0.065004s ]
[ sql ] [ SQL ] SELECT * FROM `men_news` [ RunTime:0.005000s ]
[ sql ] [ SQL ] SELECT * FROM `men_series` LIMIT 1 [ RunTime:0.002000s ]
[ sql ] [ SQL ] SELECT * FROM `men_product` WHERE  `recommend` = 1  AND `category` = '仙剑' ORDER BY id desc LIMIT 4 [ RunTime:0.004000s ]
[ sql ] [ SQL ] SHOW COLUMNS FROM `men_quality` [ RunTime:0.067004s ]
[ sql ] [ SQL ] SELECT * FROM `men_quality` WHERE  `weiyi` = 2 LIMIT 1 [ RunTime:0.002001s ]
[ sql ] [ SQL ] SELECT * FROM `men_quality` WHERE  `weiyi` = 1 LIMIT 1 [ RunTime:0.002000s ]
[ sql ] [ SQL ] SELECT * FROM `men_quality` WHERE  `weiyi` = 0 LIMIT 1 [ RunTime:0.002000s ]
[ sql ] [ SQL ] SELECT * FROM `men_news` ORDER BY id desc LIMIT 8 [ RunTime:0.002000s ]
[ sql ] [ SQL ] SHOW COLUMNS FROM `men_link` [ RunTime:0.062004s ]
[ sql ] [ SQL ] SELECT * FROM `men_link` [ RunTime:0.002000s ]

---------------------------------------------------------------
[ 2017-11-15T20:33:15+08:00 ] ::1 ::1 GET /xiangmu/public/
[ sql ] [ DB ] CONNECT:[ UseTime:0.007000s ] mysql:dbname=xinchu;host=localhost;port=3306;charset=utf8
[ sql ] [ SQL ] SHOW COLUMNS FROM `men_series` [ RunTime:0.076004s ]
[ sql ] [ SQL ] SELECT * FROM `men_series` WHERE  `id` = 2 LIMIT 1 [ RunTime:0.002000s ]
[ sql ] [ SQL ] SHOW COLUMNS FROM `men_ads` [ RunTime:0.061003s ]
[ sql ] [ SQL ] SELECT * FROM `men_ads` [ RunTime:0.003001s ]
[ sql ] [ SQL ] SELECT * FROM `men_series` [ RunTime:0.001000s ]
[ sql ] [ SQL ] SHOW COLUMNS FROM `men_news` [ RunTime:0.080004s ]
[ sql ] [ SQL ] SELECT * FROM `men_news` [ RunTime:0.003000s ]
[ sql ] [ SQL ] SELECT * FROM `men_series` LIMIT 1 [ RunTime:0.002000s ]
[ sql ] [ SQL ] SHOW COLUMNS FROM `men_product` [ RunTime:0.059003s ]
[ sql ] [ SQL ] SELECT * FROM `men_product` WHERE  `recommend` = 1  AND `category` = '仙剑' ORDER BY id desc LIMIT 4 [ RunTime:0.002000s ]
[ sql ] [ SQL ] SHOW COLUMNS FROM `men_quality` [ RunTime:0.049003s ]
[ sql ] [ SQL ] SELECT * FROM `men_quality` WHERE  `weiyi` = 2 LIMIT 1 [ RunTime:0.002000s ]
[ sql ] [ SQL ] SELECT * FROM `men_quality` WHERE  `weiyi` = 1 LIMIT 1 [ RunTime:0.001000s ]
[ sql ] [ SQL ] SELECT * FROM `men_quality` WHERE  `weiyi` = 0 LIMIT 1 [ RunTime:0.002000s ]
[ sql ] [ SQL ] SELECT * FROM `men_news` ORDER BY id desc LIMIT 8 [ RunTime:0.002000s ]
[ sql ] [ SQL ] SHOW COLUMNS FROM `men_link` [ RunTime:0.052003s ]
[ sql ] [ SQL ] SELECT * FROM `men_link` [ RunTime:0.001000s ]

---------------------------------------------------------------
[ 2017-11-15T20:39:19+08:00 ] ::1 ::1 GET /xiangmu/public/
[ sql ] [ DB ] CONNECT:[ UseTime:0.009001s ] mysql:dbname=xinchu;host=localhost;port=3306;charset=utf8
[ sql ] [ SQL ] SHOW COLUMNS FROM `men_series` [ RunTime:0.062004s ]
[ sql ] [ SQL ] SELECT * FROM `men_series` WHERE  `id` = 2 LIMIT 1 [ RunTime:0.003000s ]
[ sql ] [ SQL ] SHOW COLUMNS FROM `men_ads` [ RunTime:0.075004s ]
[ sql ] [ SQL ] SELECT * FROM `men_ads` [ RunTime:0.002000s ]
[ sql ] [ SQL ] SELECT * FROM `men_series` [ RunTime:0.002000s ]
[ sql ] [ SQL ] SHOW COLUMNS FROM `men_news` [ RunTime:0.058003s ]
[ sql ] [ SQL ] SELECT * FROM `men_news` [ RunTime:0.003000s ]
[ sql ] [ SQL ] SELECT * FROM `men_series` LIMIT 1 [ RunTime:0.001000s ]
[ sql ] [ SQL ] SHOW COLUMNS FROM `men_product` [ RunTime:0.054003s ]
[ sql ] [ SQL ] SELECT * FROM `men_product` WHERE  `recommend` = 1  AND `category` = '仙剑' ORDER BY id desc LIMIT 4 [ RunTime:0.003000s ]
[ sql ] [ SQL ] SHOW COLUMNS FROM `men_quality` [ RunTime:0.053003s ]
[ sql ] [ SQL ] SELECT * FROM `men_quality` WHERE  `weiyi` = 2 LIMIT 1 [ RunTime:0.002001s ]
[ sql ] [ SQL ] SELECT * FROM `men_quality` WHERE  `weiyi` = 1 LIMIT 1 [ RunTime:0.002000s ]
[ sql ] [ SQL ] SELECT * FROM `men_quality` WHERE  `weiyi` = 0 LIMIT 1 [ RunTime:0.002000s ]
[ sql ] [ SQL ] SELECT * FROM `men_news` ORDER BY id desc LIMIT 8 [ RunTime:0.002000s ]
[ sql ] [ SQL ] SHOW COLUMNS FROM `men_link` [ RunTime:0.072004s ]
[ sql ] [ SQL ] SELECT * FROM `men_link` [ RunTime:0.003000s ]

---------------------------------------------------------------
[ 2017-11-15T20:39:29+08:00 ] ::1 ::1 GET /xiangmu/public/
[ sql ] [ DB ] CONNECT:[ UseTime:0.007000s ] mysql:dbname=xinchu;host=localhost;port=3306;charset=utf8
[ sql ] [ SQL ] SHOW COLUMNS FROM `men_series` [ RunTime:0.100006s ]
[ sql ] [ SQL ] SELECT * FROM `men_series` WHERE  `id` = 2 LIMIT 1 [ RunTime:0.002000s ]
[ sql ] [ SQL ] SHOW COLUMNS FROM `men_ads` [ RunTime:0.058004s ]
[ sql ] [ SQL ] SELECT * FROM `men_ads` [ RunTime:0.001000s ]
[ sql ] [ SQL ] SELECT * FROM `men_series` [ RunTime:0.002000s ]
[ sql ] [ SQL ] SHOW COLUMNS FROM `men_news` [ RunTime:0.056003s ]
[ sql ] [ SQL ] SELECT * FROM `men_news` [ RunTime:0.001001s ]
[ sql ] [ SQL ] SELECT * FROM `men_series` LIMIT 1 [ RunTime:0.001000s ]
[ sql ] [ SQL ] SHOW COLUMNS FROM `men_product` [ RunTime:0.051003s ]
[ sql ] [ SQL ] SELECT * FROM `men_product` WHERE  `recommend` = 1  AND `category` = '仙剑' ORDER BY id desc LIMIT 4 [ RunTime:0.002000s ]
[ sql ] [ SQL ] SHOW COLUMNS FROM `men_quality` [ RunTime:0.047003s ]
[ sql ] [ SQL ] SELECT * FROM `men_quality` WHERE  `weiyi` = 2 LIMIT 1 [ RunTime:0.002000s ]
[ sql ] [ SQL ] SELECT * FROM `men_quality` WHERE  `weiyi` = 1 LIMIT 1 [ RunTime:0.002000s ]
[ sql ] [ SQL ] SELECT * FROM `men_quality` WHERE  `weiyi` = 0 LIMIT 1 [ RunTime:0.002000s ]
[ sql ] [ SQL ] SELECT * FROM `men_news` ORDER BY id desc LIMIT 8 [ RunTime:0.001000s ]
[ sql ] [ SQL ] SHOW COLUMNS FROM `men_link` [ RunTime:0.049003s ]
[ sql ] [ SQL ] SELECT * FROM `men_link` [ RunTime:0.001000s ]

---------------------------------------------------------------
[ 2017-11-15T20:40:23+08:00 ] ::1 ::1 GET /xiangmu/public/
[ sql ] [ DB ] CONNECT:[ UseTime:0.009001s ] mysql:dbname=xinchu;host=localhost;port=3306;charset=utf8
[ sql ] [ SQL ] SHOW COLUMNS FROM `men_series` [ RunTime:0.084005s ]
[ sql ] [ SQL ] SELECT * FROM `men_series` WHERE  `id` = 2 LIMIT 1 [ RunTime:0.003000s ]
[ sql ] [ SQL ] SHOW COLUMNS FROM `men_product` [ RunTime:0.061003s ]
[ sql ] [ SQL ] SELECT * FROM `men_product` WHERE  `category` = '典雅' LIMIT 1 [ RunTime:0.003000s ]
[ sql ] [ SQL ] SHOW COLUMNS FROM `men_ads` [ RunTime:0.065004s ]
[ sql ] [ SQL ] SELECT * FROM `men_ads` [ RunTime:0.002000s ]
[ sql ] [ SQL ] SELECT * FROM `men_series` [ RunTime:0.002000s ]
[ sql ] [ SQL ] SHOW COLUMNS FROM `men_news` [ RunTime:0.060004s ]
[ sql ] [ SQL ] SELECT * FROM `men_news` [ RunTime:0.003000s ]
[ sql ] [ SQL ] SELECT * FROM `men_series` LIMIT 1 [ RunTime:0.002000s ]
[ sql ] [ SQL ] SELECT * FROM `men_product` WHERE  `recommend` = 1  AND `category` = '仙剑' ORDER BY id desc LIMIT 4 [ RunTime:0.003001s ]
[ sql ] [ SQL ] SHOW COLUMNS FROM `men_quality` [ RunTime:0.061003s ]
[ sql ] [ SQL ] SELECT * FROM `men_quality` WHERE  `weiyi` = 2 LIMIT 1 [ RunTime:0.003000s ]
[ sql ] [ SQL ] SELECT * FROM `men_quality` WHERE  `weiyi` = 1 LIMIT 1 [ RunTime:0.002000s ]
[ sql ] [ SQL ] SELECT * FROM `men_quality` WHERE  `weiyi` = 0 LIMIT 1 [ RunTime:0.002000s ]
[ sql ] [ SQL ] SELECT * FROM `men_news` ORDER BY id desc LIMIT 8 [ RunTime:0.002000s ]
[ sql ] [ SQL ] SHOW COLUMNS FROM `men_link` [ RunTime:0.063004s ]
[ sql ] [ SQL ] SELECT * FROM `men_link` [ RunTime:0.002000s ]

---------------------------------------------------------------
[ 2017-11-15T20:41:42+08:00 ] ::1 ::1 GET /xiangmu/public/
[ sql ] [ DB ] CONNECT:[ UseTime:0.007001s ] mysql:dbname=xinchu;host=localhost;port=3306;charset=utf8
[ sql ] [ SQL ] SHOW COLUMNS FROM `men_series` [ RunTime:0.067004s ]
[ sql ] [ SQL ] SELECT * FROM `men_series` WHERE  `id` = 2 LIMIT 1 [ RunTime:0.003000s ]
[ sql ] [ SQL ] SHOW COLUMNS FROM `men_product` [ RunTime:0.061004s ]
[ sql ] [ SQL ] SELECT * FROM `men_product` WHERE  `category` = '典雅' LIMIT 1 [ RunTime:0.002000s ]
[ sql ] [ SQL ] SHOW COLUMNS FROM `men_ads` [ RunTime:0.059003s ]
[ sql ] [ SQL ] SELECT * FROM `men_ads` [ RunTime:0.002000s ]
[ sql ] [ SQL ] SELECT * FROM `men_series` [ RunTime:0.002000s ]
[ sql ] [ SQL ] SHOW COLUMNS FROM `men_news` [ RunTime:0.061003s ]
[ sql ] [ SQL ] SELECT * FROM `men_news` [ RunTime:0.003001s ]
[ sql ] [ SQL ] SELECT * FROM `men_series` LIMIT 1 [ RunTime:0.002000s ]
[ sql ] [ SQL ] SELECT * FROM `men_product` WHERE  `recommend` = 1  AND `category` = '仙剑' ORDER BY id desc LIMIT 4 [ RunTime:0.002000s ]
[ sql ] [ SQL ] SHOW COLUMNS FROM `men_quality` [ RunTime:0.064004s ]
[ sql ] [ SQL ] SELECT * FROM `men_quality` WHERE  `weiyi` = 2 LIMIT 1 [ RunTime:0.003000s ]
[ sql ] [ SQL ] SELECT * FROM `men_quality` WHERE  `weiyi` = 1 LIMIT 1 [ RunTime:0.001001s ]
[ sql ] [ SQL ] SELECT * FROM `men_quality` WHERE  `weiyi` = 0 LIMIT 1 [ RunTime:0.002000s ]
[ sql ] [ SQL ] SELECT * FROM `men_news` ORDER BY id desc LIMIT 8 [ RunTime:0.002000s ]
[ sql ] [ SQL ] SHOW COLUMNS FROM `men_link` [ RunTime:0.055003s ]
[ sql ] [ SQL ] SELECT * FROM `men_link` [ RunTime:0.002001s ]

---------------------------------------------------------------
[ 2017-11-15T20:46:42+08:00 ] ::1 ::1 GET /xiangmu/public/
[ sql ] [ DB ] CONNECT:[ UseTime:0.005000s ] mysql:dbname=xinchu;host=localhost;port=3306;charset=utf8
[ sql ] [ SQL ] SHOW COLUMNS FROM `men_series` [ RunTime:0.064004s ]
[ sql ] [ SQL ] SELECT * FROM `men_series` WHERE  `id` = 2 LIMIT 1 [ RunTime:0.003000s ]
[ sql ] [ SQL ] SHOW COLUMNS FROM `men_product` [ RunTime:0.065003s ]
[ sql ] [ SQL ] SELECT * FROM `men_product` WHERE  `category` = '典雅' [ RunTime:0.003001s ]
[ sql ] [ SQL ] SHOW COLUMNS FROM `men_ads` [ RunTime:0.060003s ]
[ sql ] [ SQL ] SELECT * FROM `men_ads` [ RunTime:0.003001s ]
[ sql ] [ SQL ] SELECT * FROM `men_series` [ RunTime:0.001000s ]
[ sql ] [ SQL ] SHOW COLUMNS FROM `men_news` [ RunTime:0.067004s ]
[ sql ] [ SQL ] SELECT * FROM `men_news` [ RunTime:0.002000s ]
[ sql ] [ SQL ] SELECT * FROM `men_series` LIMIT 1 [ RunTime:0.002000s ]
[ sql ] [ SQL ] SELECT * FROM `men_product` WHERE  `recommend` = 1  AND `category` = '仙剑' ORDER BY id desc LIMIT 4 [ RunTime:0.004001s ]
[ sql ] [ SQL ] SHOW COLUMNS FROM `men_quality` [ RunTime:0.067004s ]
[ sql ] [ SQL ] SELECT * FROM `men_quality` WHERE  `weiyi` = 2 LIMIT 1 [ RunTime:0.002000s ]
[ sql ] [ SQL ] SELECT * FROM `men_quality` WHERE  `weiyi` = 1 LIMIT 1 [ RunTime:0.002000s ]
[ sql ] [ SQL ] SELECT * FROM `men_quality` WHERE  `weiyi` = 0 LIMIT 1 [ RunTime:0.002000s ]
[ sql ] [ SQL ] SELECT * FROM `men_news` ORDER BY id desc LIMIT 8 [ RunTime:0.002000s ]
[ sql ] [ SQL ] SHOW COLUMNS FROM `men_link` [ RunTime:0.058003s ]
[ sql ] [ SQL ] SELECT * FROM `men_link` [ RunTime:0.002000s ]

---------------------------------------------------------------
[ 2017-11-15T20:51:31+08:00 ] ::1 ::1 GET /xiangmu/public/
[ sql ] [ DB ] CONNECT:[ UseTime:0.014001s ] mysql:dbname=xinchu;host=localhost;port=3306;charset=utf8
[ sql ] [ SQL ] SHOW COLUMNS FROM `men_series` [ RunTime:0.070004s ]
[ sql ] [ SQL ] SELECT * FROM `men_series` WHERE  `id` = 2 LIMIT 1 [ RunTime:0.002000s ]
[ sql ] [ SQL ] SHOW COLUMNS FROM `men_product` [ RunTime:0.060004s ]
[ sql ] [ SQL ] SELECT * FROM `men_product` WHERE  `category` = '典雅' [ RunTime:0.003000s ]
[ sql ] [ SQL ] SHOW COLUMNS FROM `men_ads` [ RunTime:0.073004s ]
[ sql ] [ SQL ] SELECT * FROM `men_ads` [ RunTime:0.001001s ]
[ sql ] [ SQL ] SELECT * FROM `men_series` [ RunTime:0.002000s ]
[ sql ] [ SQL ] SHOW COLUMNS FROM `men_news` [ RunTime:0.050003s ]
[ sql ] [ SQL ] SELECT * FROM `men_news` [ RunTime:0.001000s ]
[ sql ] [ SQL ] SELECT * FROM `men_series` LIMIT 1 [ RunTime:0.001000s ]
[ sql ] [ SQL ] SELECT * FROM `men_product` WHERE  `recommend` = 1  AND `category` = '仙剑' ORDER BY id desc LIMIT 4 [ RunTime:0.002000s ]
[ sql ] [ SQL ] SHOW COLUMNS FROM `men_quality` [ RunTime:0.046003s ]
[ sql ] [ SQL ] SELECT * FROM `men_quality` WHERE  `weiyi` = 2 LIMIT 1 [ RunTime:0.001000s ]
[ sql ] [ SQL ] SELECT * FROM `men_quality` WHERE  `weiyi` = 1 LIMIT 1 [ RunTime:0.001000s ]
[ sql ] [ SQL ] SELECT * FROM `men_quality` WHERE  `weiyi` = 0 LIMIT 1 [ RunTime:0.001000s ]
[ sql ] [ SQL ] SELECT * FROM `men_news` ORDER BY id desc LIMIT 8 [ RunTime:0.001000s ]
[ sql ] [ SQL ] SHOW COLUMNS FROM `men_link` [ RunTime:0.041002s ]
[ sql ] [ SQL ] SELECT * FROM `men_link` [ RunTime:0.001000s ]

---------------------------------------------------------------
[ 2017-11-15T22:41:03+08:00 ] ::1 ::1 POST /xiangmu/public/index/index/xl.html
[ sql ] [ DB ] CONNECT:[ UseTime:0.018001s ] mysql:dbname=xinchu;host=localhost;port=3306;charset=utf8
[ sql ] [ SQL ] SHOW COLUMNS FROM `men_product` [ RunTime:0.068004s ]
[ sql ] [ SQL ] SELECT * FROM `men_product` WHERE  `recommend` = 1  AND `category` = '典雅' ORDER BY id desc LIMIT 4 [ RunTime:0.004000s ]

---------------------------------------------------------------
[ 2017-11-15T22:41:04+08:00 ] ::1 ::1 POST /xiangmu/public/index/index/xl.html
[ sql ] [ DB ] CONNECT:[ UseTime:0.006000s ] mysql:dbname=xinchu;host=localhost;port=3306;charset=utf8
[ sql ] [ SQL ] SHOW COLUMNS FROM `men_product` [ RunTime:0.054003s ]
[ sql ] [ SQL ] SELECT * FROM `men_product` WHERE  `recommend` = 1  AND `category` = '好汉 ' ORDER BY id desc LIMIT 4 [ RunTime:0.003001s ]

---------------------------------------------------------------
[ 2017-11-15T22:41:06+08:00 ] ::1 ::1 POST /xiangmu/public/index/index/xl.html
[ sql ] [ DB ] CONNECT:[ UseTime:0.007000s ] mysql:dbname=xinchu;host=localhost;port=3306;charset=utf8
[ sql ] [ SQL ] SHOW COLUMNS FROM `men_product` [ RunTime:0.066004s ]
[ sql ] [ SQL ] SELECT * FROM `men_product` WHERE  `recommend` = 1  AND `category` = '傻珍' ORDER BY id desc LIMIT 4 [ RunTime:0.003001s ]

---------------------------------------------------------------
[ 2017-11-15T22:41:09+08:00 ] ::1 ::1 GET /xiangmu/public/
[ sql ] [ DB ] CONNECT:[ UseTime:0.005000s ] mysql:dbname=xinchu;host=localhost;port=3306;charset=utf8
[ sql ] [ SQL ] SHOW COLUMNS FROM `men_series` [ RunTime:0.048003s ]
[ sql ] [ SQL ] SELECT * FROM `men_series` WHERE  `id` = 2 LIMIT 1 [ RunTime:0.002000s ]
[ sql ] [ SQL ] SHOW COLUMNS FROM `men_product` [ RunTime:0.048003s ]
[ sql ] [ SQL ] SELECT * FROM `men_product` WHERE  `category` = '典雅' [ RunTime:0.002000s ]
[ sql ] [ SQL ] SHOW COLUMNS FROM `men_ads` [ RunTime:0.049003s ]
[ sql ] [ SQL ] SELECT * FROM `men_ads` [ RunTime:0.001000s ]
[ sql ] [ SQL ] SELECT * FROM `men_series` [ RunTime:0.001000s ]
[ sql ] [ SQL ] SHOW COLUMNS FROM `men_news` [ RunTime:0.058003s ]
[ sql ] [ SQL ] SELECT * FROM `men_news` [ RunTime:0.003001s ]
[ sql ] [ SQL ] SELECT * FROM `men_series` LIMIT 1 [ RunTime:0.002000s ]
[ sql ] [ SQL ] SELECT * FROM `men_product` WHERE  `recommend` = 1  AND `category` = '仙剑' ORDER BY id desc LIMIT 4 [ RunTime:0.002000s ]
[ sql ] [ SQL ] SHOW COLUMNS FROM `men_quality` [ RunTime:0.063004s ]
[ sql ] [ SQL ] SELECT * FROM `men_quality` WHERE  `weiyi` = 2 LIMIT 1 [ RunTime:0.002000s ]
[ sql ] [ SQL ] SELECT * FROM `men_quality` WHERE  `weiyi` = 1 LIMIT 1 [ RunTime:0.002000s ]
[ sql ] [ SQL ] SELECT * FROM `men_quality` WHERE  `weiyi` = 0 LIMIT 1 [ RunTime:0.001000s ]
[ sql ] [ SQL ] SELECT * FROM `men_news` ORDER BY id desc LIMIT 8 [ RunTime:0.002000s ]
[ sql ] [ SQL ] SHOW COLUMNS FROM `men_link` [ RunTime:0.067004s ]
[ sql ] [ SQL ] SELECT * FROM `men_link` [ RunTime:0.001000s ]

---------------------------------------------------------------
