[ 2017-10-20T20:36:50+08:00 ] ::1 ::1 GET /xiangmu/public/index/test
[ log ] localhost/xiangmu/public/index/test [运行时间：0.169009s][吞吐率：5.92req/s] [内存消耗：1,366.13kb] [文件加载：40]
[ info ] [ LANG ] G:\wamp\www\xiangmu\thinkphp\lang\zh-cn.php
[ info ] [ ROUTE ] array (
  'type' => 'module',
  'module' => 
  array (
    0 => 'index',
    1 => 'test',
    2 => NULL,
  ),
)
[ info ] [ HEADER ] array (
  'host' => 'localhost',
  'connection' => 'keep-alive',
  'cache-control' => 'max-age=0',
  'user-agent' => 'Mozilla/5.0 (Windows NT 6.1; WOW64) AppleWebKit/537.36 (KHTML, like Gecko) Chrome/61.0.3163.100 Safari/537.36',
  'upgrade-insecure-requests' => '1',
  'accept' => 'text/html,application/xhtml+xml,application/xml;q=0.9,image/webp,image/apng,*/*;q=0.8',
  'accept-encoding' => 'gzip, deflate, br',
  'accept-language' => 'zh-CN,zh;q=0.8,ja;q=0.6',
  'cookie' => 'pgv_pvi=4656165888; Phpstorm-d94e29df=073d5d47-d625-471e-98d5-737a35e21801; Huiskin=default; PHPSESSID=9k1lm6h2933s9dcdn512jqdlh2',
)
[ info ] [ PARAM ] array (
)
[ info ] [ LOG ] INIT File

---------------------------------------------------------------
[ 2017-10-20T20:37:26+08:00 ] ::1 ::1 GET /xiangmu/public/index/test
[ log ] localhost/xiangmu/public/index/test [运行时间：0.095006s][吞吐率：10.53req/s] [内存消耗：1,572.52kb] [文件加载：41]
[ info ] [ LANG ] G:\wamp\www\xiangmu\thinkphp\lang\zh-cn.php
[ info ] [ ROUTE ] array (
  'type' => 'module',
  'module' => 
  array (
    0 => 'index',
    1 => 'test',
    2 => NULL,
  ),
)
[ info ] [ HEADER ] array (
  'host' => 'localhost',
  'connection' => 'keep-alive',
  'cache-control' => 'max-age=0',
  'user-agent' => 'Mozilla/5.0 (Windows NT 6.1; WOW64) AppleWebKit/537.36 (KHTML, like Gecko) Chrome/61.0.3163.100 Safari/537.36',
  'upgrade-insecure-requests' => '1',
  'accept' => 'text/html,application/xhtml+xml,application/xml;q=0.9,image/webp,image/apng,*/*;q=0.8',
  'accept-encoding' => 'gzip, deflate, br',
  'accept-language' => 'zh-CN,zh;q=0.8,ja;q=0.6',
  'cookie' => 'pgv_pvi=4656165888; Phpstorm-d94e29df=073d5d47-d625-471e-98d5-737a35e21801; Huiskin=default; PHPSESSID=9k1lm6h2933s9dcdn512jqdlh2',
)
[ info ] [ PARAM ] array (
)
[ info ] [ RUN ] app\index\controller\Test->index[ G:\wamp\www\xiangmu\application\index\controller\Test.php ]
[ info ] [ LOG ] INIT File

---------------------------------------------------------------
[ 2017-10-20T20:37:34+08:00 ] ::1 ::1 GET /xiangmu/public/index/test
[ log ] localhost/xiangmu/public/index/test [运行时间：0.218012s][吞吐率：4.59req/s] [内存消耗：2,140.00kb] [文件加载：49]
[ info ] [ LANG ] G:\wamp\www\xiangmu\thinkphp\lang\zh-cn.php
[ info ] [ ROUTE ] array (
  'type' => 'module',
  'module' => 
  array (
    0 => 'index',
    1 => 'test',
    2 => NULL,
  ),
)
[ info ] [ HEADER ] array (
  'host' => 'localhost',
  'connection' => 'keep-alive',
  'cache-control' => 'max-age=0',
  'user-agent' => 'Mozilla/5.0 (Windows NT 6.1; WOW64) AppleWebKit/537.36 (KHTML, like Gecko) Chrome/61.0.3163.100 Safari/537.36',
  'upgrade-insecure-requests' => '1',
  'accept' => 'text/html,application/xhtml+xml,application/xml;q=0.9,image/webp,image/apng,*/*;q=0.8',
  'accept-encoding' => 'gzip, deflate, br',
  'accept-language' => 'zh-CN,zh;q=0.8,ja;q=0.6',
  'cookie' => 'pgv_pvi=4656165888; Phpstorm-d94e29df=073d5d47-d625-471e-98d5-737a35e21801; Huiskin=default; PHPSESSID=9k1lm6h2933s9dcdn512jqdlh2',
)
[ info ] [ PARAM ] array (
)
[ info ] [ RUN ] app\index\controller\Test->index[ G:\wamp\www\xiangmu\application\index\controller\Test.php ]
[ info ] [ DB ] INIT mysql
[ info ] [ LOG ] INIT File

---------------------------------------------------------------
[ 2017-10-20T20:38:49+08:00 ] ::1 ::1 GET /xiangmu/public/index/test
[ log ] localhost/xiangmu/public/index/test [运行时间：0.265015s][吞吐率：3.77req/s] [内存消耗：2,528.74kb] [文件加载：52]
[ info ] [ LANG ] G:\wamp\www\xiangmu\thinkphp\lang\zh-cn.php
[ info ] [ ROUTE ] array (
  'type' => 'module',
  'module' => 
  array (
    0 => 'index',
    1 => 'test',
    2 => NULL,
  ),
)
[ info ] [ HEADER ] array (
  'host' => 'localhost',
  'connection' => 'keep-alive',
  'cache-control' => 'max-age=0',
  'user-agent' => 'Mozilla/5.0 (Windows NT 6.1; WOW64) AppleWebKit/537.36 (KHTML, like Gecko) Chrome/61.0.3163.100 Safari/537.36',
  'upgrade-insecure-requests' => '1',
  'accept' => 'text/html,application/xhtml+xml,application/xml;q=0.9,image/webp,image/apng,*/*;q=0.8',
  'accept-encoding' => 'gzip, deflate, br',
  'accept-language' => 'zh-CN,zh;q=0.8,ja;q=0.6',
  'cookie' => 'pgv_pvi=4656165888; Phpstorm-d94e29df=073d5d47-d625-471e-98d5-737a35e21801; Huiskin=default; PHPSESSID=9k1lm6h2933s9dcdn512jqdlh2',
)
[ info ] [ PARAM ] array (
)
[ info ] [ RUN ] app\index\controller\Test->index[ G:\wamp\www\xiangmu\application\index\controller\Test.php ]
[ info ] [ DB ] INIT mysql
[ info ] [ VIEW ] G:\wamp\www\xiangmu\public/../application/index\view\test\index.html [ array (
) ]
[ info ] [ LOG ] INIT File

---------------------------------------------------------------
[ 2017-10-20T20:38:56+08:00 ] ::1 ::1 POST /xiangmu/public/index/test/index.html
[ log ] localhost/xiangmu/public/index/test/index.html [运行时间：0.184011s][吞吐率：5.43req/s] [内存消耗：2,373.66kb] [文件加载：50]
[ info ] [ LANG ] G:\wamp\www\xiangmu\thinkphp\lang\zh-cn.php
[ info ] [ ROUTE ] array (
  'type' => 'module',
  'module' => 
  array (
    0 => 'index',
    1 => 'test',
    2 => 'index',
  ),
)
[ info ] [ HEADER ] array (
  'host' => 'localhost',
  'connection' => 'keep-alive',
  'content-length' => '29',
  'cache-control' => 'max-age=0',
  'origin' => 'http://localhost',
  'upgrade-insecure-requests' => '1',
  'content-type' => 'application/x-www-form-urlencoded',
  'user-agent' => 'Mozilla/5.0 (Windows NT 6.1; WOW64) AppleWebKit/537.36 (KHTML, like Gecko) Chrome/61.0.3163.100 Safari/537.36',
  'accept' => 'text/html,application/xhtml+xml,application/xml;q=0.9,image/webp,image/apng,*/*;q=0.8',
  'referer' => 'http://localhost/xiangmu/public/index/test',
  'accept-encoding' => 'gzip, deflate, br',
  'accept-language' => 'zh-CN,zh;q=0.8,ja;q=0.6',
  'cookie' => 'pgv_pvi=4656165888; Phpstorm-d94e29df=073d5d47-d625-471e-98d5-737a35e21801; Huiskin=default; PHPSESSID=9k1lm6h2933s9dcdn512jqdlh2',
)
[ info ] [ PARAM ] array (
  'username' => 'admin',
  'password' => 'admin',
)
[ info ] [ RUN ] app\index\controller\Test->index[ G:\wamp\www\xiangmu\application\index\controller\Test.php ]
[ info ] [ DB ] INIT mysql
[ info ] [ VIEW ] G:\wamp\www\xiangmu\public/../application/index\view\test\index.html [ array (
) ]
[ info ] [ LOG ] INIT File

---------------------------------------------------------------
[ 2017-10-20T20:39:06+08:00 ] ::1 ::1 POST /xiangmu/public/index/test/index.html
[ log ] localhost/xiangmu/public/index/test/index.html [运行时间：0.167009s][吞吐率：5.99req/s] [内存消耗：2,373.72kb] [文件加载：50]
[ info ] [ LANG ] G:\wamp\www\xiangmu\thinkphp\lang\zh-cn.php
[ info ] [ ROUTE ] array (
  'type' => 'module',
  'module' => 
  array (
    0 => 'index',
    1 => 'test',
    2 => 'index',
  ),
)
[ info ] [ HEADER ] array (
  'host' => 'localhost',
  'connection' => 'keep-alive',
  'content-length' => '29',
  'cache-control' => 'max-age=0',
  'origin' => 'http://localhost',
  'upgrade-insecure-requests' => '1',
  'content-type' => 'application/x-www-form-urlencoded',
  'user-agent' => 'Mozilla/5.0 (Windows NT 6.1; WOW64) AppleWebKit/537.36 (KHTML, like Gecko) Chrome/61.0.3163.100 Safari/537.36',
  'accept' => 'text/html,application/xhtml+xml,application/xml;q=0.9,image/webp,image/apng,*/*;q=0.8',
  'referer' => 'http://localhost/xiangmu/public/index/test/index.html',
  'accept-encoding' => 'gzip, deflate, br',
  'accept-language' => 'zh-CN,zh;q=0.8,ja;q=0.6',
  'cookie' => 'pgv_pvi=4656165888; Phpstorm-d94e29df=073d5d47-d625-471e-98d5-737a35e21801; Huiskin=default; PHPSESSID=9k1lm6h2933s9dcdn512jqdlh2',
)
[ info ] [ PARAM ] array (
  'username' => 'admin',
  'password' => 'admin',
)
[ info ] [ RUN ] app\index\controller\Test->index[ G:\wamp\www\xiangmu\application\index\controller\Test.php ]
[ info ] [ DB ] INIT mysql
[ info ] [ VIEW ] G:\wamp\www\xiangmu\public/../application/index\view\test\index.html [ array (
) ]
[ info ] [ LOG ] INIT File

---------------------------------------------------------------
[ 2017-10-20T20:39:17+08:00 ] ::1 ::1 POST /xiangmu/public/index/test/index.html
[ log ] localhost/xiangmu/public/index/test/index.html [运行时间：0.241013s][吞吐率：4.15req/s] [内存消耗：2,303.07kb] [文件加载：48]
[ info ] [ LANG ] G:\wamp\www\xiangmu\thinkphp\lang\zh-cn.php
[ info ] [ ROUTE ] array (
  'type' => 'module',
  'module' => 
  array (
    0 => 'index',
    1 => 'test',
    2 => 'index',
  ),
)
[ info ] [ HEADER ] array (
  'host' => 'localhost',
  'connection' => 'keep-alive',
  'content-length' => '29',
  'cache-control' => 'max-age=0',
  'user-agent' => 'Mozilla/5.0 (Windows NT 6.1; WOW64) AppleWebKit/537.36 (KHTML, like Gecko) Chrome/61.0.3163.100 Safari/537.36',
  'upgrade-insecure-requests' => '1',
  'origin' => 'http://localhost',
  'content-type' => 'application/x-www-form-urlencoded',
  'accept' => 'text/html,application/xhtml+xml,application/xml;q=0.9,image/webp,image/apng,*/*;q=0.8',
  'referer' => 'http://localhost/xiangmu/public/index/test/index.html',
  'accept-encoding' => 'gzip, deflate, br',
  'accept-language' => 'zh-CN,zh;q=0.8,ja;q=0.6',
  'cookie' => 'pgv_pvi=4656165888; Phpstorm-d94e29df=073d5d47-d625-471e-98d5-737a35e21801; Huiskin=default; PHPSESSID=9k1lm6h2933s9dcdn512jqdlh2',
)
[ info ] [ PARAM ] array (
  'username' => 'admin',
  'password' => 'admin',
)
[ info ] [ RUN ] app\index\controller\Test->index[ G:\wamp\www\xiangmu\application\index\controller\Test.php ]
[ info ] [ DB ] INIT mysql
[ info ] [ LOG ] INIT File

---------------------------------------------------------------
[ 2017-10-20T20:41:19+08:00 ] ::1 ::1 POST /xiangmu/public/index/test/index.html
[ log ] localhost/xiangmu/public/index/test/index.html [运行时间：0.246014s][吞吐率：4.06req/s] [内存消耗：2,374.34kb] [文件加载：50]
[ info ] [ LANG ] G:\wamp\www\xiangmu\thinkphp\lang\zh-cn.php
[ info ] [ ROUTE ] array (
  'type' => 'module',
  'module' => 
  array (
    0 => 'index',
    1 => 'test',
    2 => 'index',
  ),
)
[ info ] [ HEADER ] array (
  'host' => 'localhost',
  'connection' => 'keep-alive',
  'content-length' => '29',
  'cache-control' => 'max-age=0',
  'user-agent' => 'Mozilla/5.0 (Windows NT 6.1; WOW64) AppleWebKit/537.36 (KHTML, like Gecko) Chrome/61.0.3163.100 Safari/537.36',
  'upgrade-insecure-requests' => '1',
  'origin' => 'http://localhost',
  'content-type' => 'application/x-www-form-urlencoded',
  'accept' => 'text/html,application/xhtml+xml,application/xml;q=0.9,image/webp,image/apng,*/*;q=0.8',
  'referer' => 'http://localhost/xiangmu/public/index/test/index.html',
  'accept-encoding' => 'gzip, deflate, br',
  'accept-language' => 'zh-CN,zh;q=0.8,ja;q=0.6',
  'cookie' => 'pgv_pvi=4656165888; Phpstorm-d94e29df=073d5d47-d625-471e-98d5-737a35e21801; Huiskin=default; PHPSESSID=9k1lm6h2933s9dcdn512jqdlh2',
)
[ info ] [ PARAM ] array (
  'username' => 'admin',
  'password' => 'admin',
)
[ info ] [ RUN ] app\index\controller\Test->index[ G:\wamp\www\xiangmu\application\index\controller\Test.php ]
[ info ] [ DB ] INIT mysql
[ info ] [ VIEW ] G:\wamp\www\xiangmu\public/../application/index\view\test\index.html [ array (
) ]
[ info ] [ LOG ] INIT File

---------------------------------------------------------------
[ 2017-10-20T20:41:25+08:00 ] ::1 ::1 POST /xiangmu/public/index/test/index.html
[ log ] localhost/xiangmu/public/index/test/index.html [运行时间：0.185011s][吞吐率：5.41req/s] [内存消耗：2,374.31kb] [文件加载：50]
[ info ] [ LANG ] G:\wamp\www\xiangmu\thinkphp\lang\zh-cn.php
[ info ] [ ROUTE ] array (
  'type' => 'module',
  'module' => 
  array (
    0 => 'index',
    1 => 'test',
    2 => 'index',
  ),
)
[ info ] [ HEADER ] array (
  'host' => 'localhost',
  'connection' => 'keep-alive',
  'content-length' => '29',
  'cache-control' => 'max-age=0',
  'origin' => 'http://localhost',
  'upgrade-insecure-requests' => '1',
  'content-type' => 'application/x-www-form-urlencoded',
  'user-agent' => 'Mozilla/5.0 (Windows NT 6.1; WOW64) AppleWebKit/537.36 (KHTML, like Gecko) Chrome/61.0.3163.100 Safari/537.36',
  'accept' => 'text/html,application/xhtml+xml,application/xml;q=0.9,image/webp,image/apng,*/*;q=0.8',
  'referer' => 'http://localhost/xiangmu/public/index/test/index.html',
  'accept-encoding' => 'gzip, deflate, br',
  'accept-language' => 'zh-CN,zh;q=0.8,ja;q=0.6',
  'cookie' => 'pgv_pvi=4656165888; Phpstorm-d94e29df=073d5d47-d625-471e-98d5-737a35e21801; Huiskin=default; PHPSESSID=9k1lm6h2933s9dcdn512jqdlh2',
)
[ info ] [ PARAM ] array (
  'username' => 'admin',
  'password' => 'admin',
)
[ info ] [ RUN ] app\index\controller\Test->index[ G:\wamp\www\xiangmu\application\index\controller\Test.php ]
[ info ] [ DB ] INIT mysql
[ info ] [ VIEW ] G:\wamp\www\xiangmu\public/../application/index\view\test\index.html [ array (
) ]
[ info ] [ LOG ] INIT File

---------------------------------------------------------------
[ 2017-10-20T20:41:38+08:00 ] ::1 ::1 POST /xiangmu/public/index/test/index.html
[ log ] localhost/xiangmu/public/index/test/index.html [运行时间：0.153008s][吞吐率：6.54req/s] [内存消耗：2,375.00kb] [文件加载：50]
[ info ] [ LANG ] G:\wamp\www\xiangmu\thinkphp\lang\zh-cn.php
[ info ] [ ROUTE ] array (
  'type' => 'module',
  'module' => 
  array (
    0 => 'index',
    1 => 'test',
    2 => 'index',
  ),
)
[ info ] [ HEADER ] array (
  'host' => 'localhost',
  'connection' => 'keep-alive',
  'content-length' => '29',
  'cache-control' => 'max-age=0',
  'user-agent' => 'Mozilla/5.0 (Windows NT 6.1; WOW64) AppleWebKit/537.36 (KHTML, like Gecko) Chrome/61.0.3163.100 Safari/537.36',
  'upgrade-insecure-requests' => '1',
  'origin' => 'http://localhost',
  'content-type' => 'application/x-www-form-urlencoded',
  'accept' => 'text/html,application/xhtml+xml,application/xml;q=0.9,image/webp,image/apng,*/*;q=0.8',
  'referer' => 'http://localhost/xiangmu/public/index/test/index.html',
  'accept-encoding' => 'gzip, deflate, br',
  'accept-language' => 'zh-CN,zh;q=0.8,ja;q=0.6',
  'cookie' => 'pgv_pvi=4656165888; Phpstorm-d94e29df=073d5d47-d625-471e-98d5-737a35e21801; Huiskin=default; PHPSESSID=9k1lm6h2933s9dcdn512jqdlh2',
)
[ info ] [ PARAM ] array (
  'username' => 'admin',
  'password' => 'admin',
)
[ info ] [ RUN ] app\index\controller\Test->index[ G:\wamp\www\xiangmu\application\index\controller\Test.php ]
[ info ] [ DB ] INIT mysql
[ info ] [ VIEW ] G:\wamp\www\xiangmu\public/../application/index\view\test\index.html [ array (
) ]
[ info ] [ LOG ] INIT File

---------------------------------------------------------------
[ 2017-10-20T20:42:10+08:00 ] ::1 ::1 POST /xiangmu/public/index/test/index.html
[ log ] localhost/xiangmu/public/index/test/index.html [运行时间：0.206012s][吞吐率：4.85req/s] [内存消耗：2,375.27kb] [文件加载：50]
[ info ] [ LANG ] G:\wamp\www\xiangmu\thinkphp\lang\zh-cn.php
[ info ] [ ROUTE ] array (
  'type' => 'module',
  'module' => 
  array (
    0 => 'index',
    1 => 'test',
    2 => 'index',
  ),
)
[ info ] [ HEADER ] array (
  'host' => 'localhost',
  'connection' => 'keep-alive',
  'content-length' => '41',
  'cache-control' => 'max-age=0',
  'origin' => 'http://localhost',
  'upgrade-insecure-requests' => '1',
  'content-type' => 'application/x-www-form-urlencoded',
  'user-agent' => 'Mozilla/5.0 (Windows NT 6.1; WOW64) AppleWebKit/537.36 (KHTML, like Gecko) Chrome/61.0.3163.100 Safari/537.36',
  'accept' => 'text/html,application/xhtml+xml,application/xml;q=0.9,image/webp,image/apng,*/*;q=0.8',
  'referer' => 'http://localhost/xiangmu/public/index/test/index.html',
  'accept-encoding' => 'gzip, deflate, br',
  'accept-language' => 'zh-CN,zh;q=0.8,ja;q=0.6',
  'cookie' => 'pgv_pvi=4656165888; Phpstorm-d94e29df=073d5d47-d625-471e-98d5-737a35e21801; Huiskin=default; PHPSESSID=9k1lm6h2933s9dcdn512jqdlh2',
)
[ info ] [ PARAM ] array (
  'username' => 'xinchumenye',
  'password' => 'xinchumenye',
)
[ info ] [ RUN ] app\index\controller\Test->index[ G:\wamp\www\xiangmu\application\index\controller\Test.php ]
[ info ] [ DB ] INIT mysql
[ info ] [ VIEW ] G:\wamp\www\xiangmu\public/../application/index\view\test\index.html [ array (
) ]
[ info ] [ LOG ] INIT File

---------------------------------------------------------------
[ 2017-10-20T20:43:29+08:00 ] ::1 ::1 POST /xiangmu/public/index/test/index.html
[ log ] localhost/xiangmu/public/index/test/index.html [运行时间：0.333019s][吞吐率：3.00req/s] [内存消耗：2,613.51kb] [文件加载：52]
[ info ] [ LANG ] G:\wamp\www\xiangmu\thinkphp\lang\zh-cn.php
[ info ] [ ROUTE ] array (
  'type' => 'module',
  'module' => 
  array (
    0 => 'index',
    1 => 'test',
    2 => 'index',
  ),
)
[ info ] [ HEADER ] array (
  'host' => 'localhost',
  'connection' => 'keep-alive',
  'content-length' => '29',
  'cache-control' => 'max-age=0',
  'origin' => 'http://localhost',
  'upgrade-insecure-requests' => '1',
  'content-type' => 'application/x-www-form-urlencoded',
  'user-agent' => 'Mozilla/5.0 (Windows NT 6.1; WOW64) AppleWebKit/537.36 (KHTML, like Gecko) Chrome/61.0.3163.100 Safari/537.36',
  'accept' => 'text/html,application/xhtml+xml,application/xml;q=0.9,image/webp,image/apng,*/*;q=0.8',
  'referer' => 'http://localhost/xiangmu/public/index/test/index.html',
  'accept-encoding' => 'gzip, deflate, br',
  'accept-language' => 'zh-CN,zh;q=0.8,ja;q=0.6',
  'cookie' => 'pgv_pvi=4656165888; Phpstorm-d94e29df=073d5d47-d625-471e-98d5-737a35e21801; Huiskin=default; PHPSESSID=9k1lm6h2933s9dcdn512jqdlh2',
)
[ info ] [ PARAM ] array (
  'username' => 'admin',
  'password' => 'admin',
)
[ info ] [ RUN ] app\index\controller\Test->index[ G:\wamp\www\xiangmu\application\index\controller\Test.php ]
[ info ] [ DB ] INIT mysql
[ info ] [ VIEW ] G:\wamp\www\xiangmu\public/../application/index\view\test\index.html [ array (
) ]
[ info ] [ LOG ] INIT File

---------------------------------------------------------------
[ 2017-10-20T20:43:43+08:00 ] ::1 ::1 POST /xiangmu/public/index/test/index.html
[ log ] localhost/xiangmu/public/index/test/index.html [运行时间：0.218013s][吞吐率：4.59req/s] [内存消耗：2,613.76kb] [文件加载：52]
[ info ] [ LANG ] G:\wamp\www\xiangmu\thinkphp\lang\zh-cn.php
[ info ] [ ROUTE ] array (
  'type' => 'module',
  'module' => 
  array (
    0 => 'index',
    1 => 'test',
    2 => 'index',
  ),
)
[ info ] [ HEADER ] array (
  'host' => 'localhost',
  'connection' => 'keep-alive',
  'content-length' => '41',
  'cache-control' => 'max-age=0',
  'origin' => 'http://localhost',
  'upgrade-insecure-requests' => '1',
  'content-type' => 'application/x-www-form-urlencoded',
  'user-agent' => 'Mozilla/5.0 (Windows NT 6.1; WOW64) AppleWebKit/537.36 (KHTML, like Gecko) Chrome/61.0.3163.100 Safari/537.36',
  'accept' => 'text/html,application/xhtml+xml,application/xml;q=0.9,image/webp,image/apng,*/*;q=0.8',
  'referer' => 'http://localhost/xiangmu/public/index/test/index.html',
  'accept-encoding' => 'gzip, deflate, br',
  'accept-language' => 'zh-CN,zh;q=0.8,ja;q=0.6',
  'cookie' => 'pgv_pvi=4656165888; Phpstorm-d94e29df=073d5d47-d625-471e-98d5-737a35e21801; Huiskin=default; PHPSESSID=9k1lm6h2933s9dcdn512jqdlh2',
)
[ info ] [ PARAM ] array (
  'username' => 'xinchumenye',
  'password' => 'xinchumenye',
)
[ info ] [ RUN ] app\index\controller\Test->index[ G:\wamp\www\xiangmu\application\index\controller\Test.php ]
[ info ] [ DB ] INIT mysql
[ info ] [ VIEW ] G:\wamp\www\xiangmu\public/../application/index\view\test\index.html [ array (
) ]
[ info ] [ LOG ] INIT File

---------------------------------------------------------------
[ 2017-10-20T20:44:38+08:00 ] ::1 ::1 POST /xiangmu/public/index/test/index.html
[ log ] localhost/xiangmu/public/index/test/index.html [运行时间：0.155009s][吞吐率：6.45req/s] [内存消耗：2,613.76kb] [文件加载：52]
[ info ] [ LANG ] G:\wamp\www\xiangmu\thinkphp\lang\zh-cn.php
[ info ] [ ROUTE ] array (
  'type' => 'module',
  'module' => 
  array (
    0 => 'index',
    1 => 'test',
    2 => 'index',
  ),
)
[ info ] [ HEADER ] array (
  'host' => 'localhost',
  'connection' => 'keep-alive',
  'content-length' => '41',
  'cache-control' => 'max-age=0',
  'user-agent' => 'Mozilla/5.0 (Windows NT 6.1; WOW64) AppleWebKit/537.36 (KHTML, like Gecko) Chrome/61.0.3163.100 Safari/537.36',
  'upgrade-insecure-requests' => '1',
  'origin' => 'http://localhost',
  'content-type' => 'application/x-www-form-urlencoded',
  'accept' => 'text/html,application/xhtml+xml,application/xml;q=0.9,image/webp,image/apng,*/*;q=0.8',
  'referer' => 'http://localhost/xiangmu/public/index/test/index.html',
  'accept-encoding' => 'gzip, deflate, br',
  'accept-language' => 'zh-CN,zh;q=0.8,ja;q=0.6',
  'cookie' => 'pgv_pvi=4656165888; Phpstorm-d94e29df=073d5d47-d625-471e-98d5-737a35e21801; Huiskin=default; PHPSESSID=9k1lm6h2933s9dcdn512jqdlh2',
)
[ info ] [ PARAM ] array (
  'username' => 'xinchumenye',
  'password' => 'xinchumenye',
)
[ info ] [ RUN ] app\index\controller\Test->index[ G:\wamp\www\xiangmu\application\index\controller\Test.php ]
[ info ] [ DB ] INIT mysql
[ info ] [ VIEW ] G:\wamp\www\xiangmu\public/../application/index\view\test\index.html [ array (
) ]
[ info ] [ LOG ] INIT File

---------------------------------------------------------------
[ 2017-10-20T20:48:49+08:00 ] ::1 ::1 POST /xiangmu/public/index/test/index.html
[ log ] localhost/xiangmu/public/index/test/index.html [运行时间：0.260015s][吞吐率：3.85req/s] [内存消耗：2,617.93kb] [文件加载：52]
[ info ] [ LANG ] G:\wamp\www\xiangmu\thinkphp\lang\zh-cn.php
[ info ] [ ROUTE ] array (
  'type' => 'module',
  'module' => 
  array (
    0 => 'index',
    1 => 'test',
    2 => 'index',
  ),
)
[ info ] [ HEADER ] array (
  'host' => 'localhost',
  'connection' => 'keep-alive',
  'content-length' => '41',
  'cache-control' => 'max-age=0',
  'user-agent' => 'Mozilla/5.0 (Windows NT 6.1; WOW64) AppleWebKit/537.36 (KHTML, like Gecko) Chrome/61.0.3163.100 Safari/537.36',
  'upgrade-insecure-requests' => '1',
  'origin' => 'http://localhost',
  'content-type' => 'application/x-www-form-urlencoded',
  'accept' => 'text/html,application/xhtml+xml,application/xml;q=0.9,image/webp,image/apng,*/*;q=0.8',
  'referer' => 'http://localhost/xiangmu/public/index/test/index.html',
  'accept-encoding' => 'gzip, deflate, br',
  'accept-language' => 'zh-CN,zh;q=0.8,ja;q=0.6',
  'cookie' => 'pgv_pvi=4656165888; Phpstorm-d94e29df=073d5d47-d625-471e-98d5-737a35e21801; Huiskin=default; PHPSESSID=9k1lm6h2933s9dcdn512jqdlh2',
)
[ info ] [ PARAM ] array (
  'username' => 'xinchumenye',
  'password' => 'xinchumenye',
)
[ info ] [ RUN ] app\index\controller\Test->index[ G:\wamp\www\xiangmu\application\index\controller\Test.php ]
[ info ] [ DB ] INIT mysql
[ info ] [ SESSION ] INIT array (
  'id' => '',
  'var_session_id' => '',
  'prefix' => 'think',
  'type' => '',
  'auto_start' => true,
)
[ info ] [ VIEW ] G:\wamp\www\xiangmu\public/../application/index\view\test\index.html [ array (
) ]
[ info ] [ LOG ] INIT File

---------------------------------------------------------------
[ 2017-10-20T20:49:03+08:00 ] ::1 ::1 POST /xiangmu/public/index/test/index.html
[ log ] localhost/xiangmu/public/index/test/index.html [运行时间：0.166010s][吞吐率：6.02req/s] [内存消耗：2,618.00kb] [文件加载：52]
[ info ] [ LANG ] G:\wamp\www\xiangmu\thinkphp\lang\zh-cn.php
[ info ] [ ROUTE ] array (
  'type' => 'module',
  'module' => 
  array (
    0 => 'index',
    1 => 'test',
    2 => 'index',
  ),
)
[ info ] [ HEADER ] array (
  'host' => 'localhost',
  'connection' => 'keep-alive',
  'content-length' => '41',
  'cache-control' => 'max-age=0',
  'origin' => 'http://localhost',
  'upgrade-insecure-requests' => '1',
  'content-type' => 'application/x-www-form-urlencoded',
  'user-agent' => 'Mozilla/5.0 (Windows NT 6.1; WOW64) AppleWebKit/537.36 (KHTML, like Gecko) Chrome/61.0.3163.100 Safari/537.36',
  'accept' => 'text/html,application/xhtml+xml,application/xml;q=0.9,image/webp,image/apng,*/*;q=0.8',
  'referer' => 'http://localhost/xiangmu/public/index/test/index.html',
  'accept-encoding' => 'gzip, deflate, br',
  'accept-language' => 'zh-CN,zh;q=0.8,ja;q=0.6',
  'cookie' => 'pgv_pvi=4656165888; Phpstorm-d94e29df=073d5d47-d625-471e-98d5-737a35e21801; Huiskin=default; PHPSESSID=9k1lm6h2933s9dcdn512jqdlh2',
)
[ info ] [ PARAM ] array (
  'username' => 'xinchumenye',
  'password' => 'xinchumenye',
)
[ info ] [ RUN ] app\index\controller\Test->index[ G:\wamp\www\xiangmu\application\index\controller\Test.php ]
[ info ] [ DB ] INIT mysql
[ info ] [ SESSION ] INIT array (
  'id' => '',
  'var_session_id' => '',
  'prefix' => 'think',
  'type' => '',
  'auto_start' => true,
)
[ info ] [ VIEW ] G:\wamp\www\xiangmu\public/../application/index\view\test\index.html [ array (
) ]
[ info ] [ LOG ] INIT File

---------------------------------------------------------------
[ 2017-10-20T20:49:39+08:00 ] ::1 ::1 POST /xiangmu/public/index/test/index.html
[ log ] localhost/xiangmu/public/index/test/index.html [运行时间：0.290016s][吞吐率：3.45req/s] [内存消耗：2,624.30kb] [文件加载：52]
[ info ] [ LANG ] G:\wamp\www\xiangmu\thinkphp\lang\zh-cn.php
[ info ] [ ROUTE ] array (
  'type' => 'module',
  'module' => 
  array (
    0 => 'index',
    1 => 'test',
    2 => 'index',
  ),
)
[ info ] [ HEADER ] array (
  'host' => 'localhost',
  'connection' => 'keep-alive',
  'content-length' => '41',
  'cache-control' => 'max-age=0',
  'origin' => 'http://localhost',
  'upgrade-insecure-requests' => '1',
  'content-type' => 'application/x-www-form-urlencoded',
  'user-agent' => 'Mozilla/5.0 (Windows NT 6.1; WOW64) AppleWebKit/537.36 (KHTML, like Gecko) Chrome/61.0.3163.100 Safari/537.36',
  'accept' => 'text/html,application/xhtml+xml,application/xml;q=0.9,image/webp,image/apng,*/*;q=0.8',
  'referer' => 'http://localhost/xiangmu/public/index/test/index.html',
  'accept-encoding' => 'gzip, deflate, br',
  'accept-language' => 'zh-CN,zh;q=0.8,ja;q=0.6',
  'cookie' => 'pgv_pvi=4656165888; Phpstorm-d94e29df=073d5d47-d625-471e-98d5-737a35e21801; Huiskin=default; PHPSESSID=9k1lm6h2933s9dcdn512jqdlh2',
)
[ info ] [ PARAM ] array (
  'username' => 'xinchumenye',
  'password' => 'xinchumenye',
)
[ info ] [ RUN ] app\index\controller\Test->index[ G:\wamp\www\xiangmu\application\index\controller\Test.php ]
[ info ] [ DB ] INIT mysql
[ info ] [ SESSION ] INIT array (
  'id' => '',
  'var_session_id' => '',
  'prefix' => 'think',
  'type' => '',
  'auto_start' => true,
)
[ info ] [ VIEW ] G:\wamp\www\xiangmu\public/../application/index\view\test\index.html [ array (
) ]
[ info ] [ LOG ] INIT File

---------------------------------------------------------------
[ 2017-10-20T20:53:46+08:00 ] ::1 ::1 POST /xiangmu/public/index/test/index.html
[ log ] localhost/xiangmu/public/index/test/index.html [运行时间：0.159009s][吞吐率：6.29req/s] [内存消耗：2,624.49kb] [文件加载：52]
[ info ] [ LANG ] G:\wamp\www\xiangmu\thinkphp\lang\zh-cn.php
[ info ] [ ROUTE ] array (
  'type' => 'module',
  'module' => 
  array (
    0 => 'index',
    1 => 'test',
    2 => 'index',
  ),
)
[ info ] [ HEADER ] array (
  'host' => 'localhost',
  'connection' => 'keep-alive',
  'content-length' => '41',
  'cache-control' => 'max-age=0',
  'user-agent' => 'Mozilla/5.0 (Windows NT 6.1; WOW64) AppleWebKit/537.36 (KHTML, like Gecko) Chrome/61.0.3163.100 Safari/537.36',
  'upgrade-insecure-requests' => '1',
  'origin' => 'http://localhost',
  'content-type' => 'application/x-www-form-urlencoded',
  'accept' => 'text/html,application/xhtml+xml,application/xml;q=0.9,image/webp,image/apng,*/*;q=0.8',
  'referer' => 'http://localhost/xiangmu/public/index/test/index.html',
  'accept-encoding' => 'gzip, deflate, br',
  'accept-language' => 'zh-CN,zh;q=0.8,ja;q=0.6',
  'cookie' => 'pgv_pvi=4656165888; Phpstorm-d94e29df=073d5d47-d625-471e-98d5-737a35e21801; Huiskin=default; PHPSESSID=9k1lm6h2933s9dcdn512jqdlh2',
)
[ info ] [ PARAM ] array (
  'username' => 'xinchumenye',
  'password' => 'xinchumenye',
)
[ info ] [ RUN ] app\index\controller\Test->index[ G:\wamp\www\xiangmu\application\index\controller\Test.php ]
[ info ] [ DB ] INIT mysql
[ info ] [ SESSION ] INIT array (
  'id' => '',
  'var_session_id' => '',
  'prefix' => 'think',
  'type' => '',
  'auto_start' => true,
)
[ info ] [ VIEW ] G:\wamp\www\xiangmu\public/../application/index\view\test\index.html [ array (
) ]
[ info ] [ LOG ] INIT File

---------------------------------------------------------------
[ 2017-10-20T20:55:20+08:00 ] ::1 ::1 POST /xiangmu/public/index/test/index.html
[ log ] localhost/xiangmu/public/index/test/index.html [运行时间：0.233013s][吞吐率：4.29req/s] [内存消耗：2,624.45kb] [文件加载：52]
[ info ] [ LANG ] G:\wamp\www\xiangmu\thinkphp\lang\zh-cn.php
[ info ] [ ROUTE ] array (
  'type' => 'module',
  'module' => 
  array (
    0 => 'index',
    1 => 'test',
    2 => 'index',
  ),
)
[ info ] [ HEADER ] array (
  'host' => 'localhost',
  'connection' => 'keep-alive',
  'content-length' => '41',
  'cache-control' => 'max-age=0',
  'user-agent' => 'Mozilla/5.0 (Windows NT 6.1; WOW64) AppleWebKit/537.36 (KHTML, like Gecko) Chrome/61.0.3163.100 Safari/537.36',
  'upgrade-insecure-requests' => '1',
  'origin' => 'http://localhost',
  'content-type' => 'application/x-www-form-urlencoded',
  'accept' => 'text/html,application/xhtml+xml,application/xml;q=0.9,image/webp,image/apng,*/*;q=0.8',
  'referer' => 'http://localhost/xiangmu/public/index/test/index.html',
  'accept-encoding' => 'gzip, deflate, br',
  'accept-language' => 'zh-CN,zh;q=0.8,ja;q=0.6',
  'cookie' => 'pgv_pvi=4656165888; Phpstorm-d94e29df=073d5d47-d625-471e-98d5-737a35e21801; Huiskin=default; PHPSESSID=9k1lm6h2933s9dcdn512jqdlh2',
)
[ info ] [ PARAM ] array (
  'username' => 'xinchumenye',
  'password' => 'xinchumenye',
)
[ info ] [ RUN ] app\index\controller\Test->index[ G:\wamp\www\xiangmu\application\index\controller\Test.php ]
[ info ] [ DB ] INIT mysql
[ info ] [ SESSION ] INIT array (
  'id' => '',
  'var_session_id' => '',
  'prefix' => 'think',
  'type' => '',
  'auto_start' => true,
)
[ info ] [ VIEW ] G:\wamp\www\xiangmu\public/../application/index\view\test\index.html [ array (
) ]
[ info ] [ LOG ] INIT File

---------------------------------------------------------------
[ 2017-10-20T20:56:15+08:00 ] ::1 ::1 POST /xiangmu/public/index/test/index.html
[ log ] localhost/xiangmu/public/index/test/index.html [运行时间：0.233013s][吞吐率：4.29req/s] [内存消耗：2,624.51kb] [文件加载：52]
[ info ] [ LANG ] G:\wamp\www\xiangmu\thinkphp\lang\zh-cn.php
[ info ] [ ROUTE ] array (
  'type' => 'module',
  'module' => 
  array (
    0 => 'index',
    1 => 'test',
    2 => 'index',
  ),
)
[ info ] [ HEADER ] array (
  'host' => 'localhost',
  'connection' => 'keep-alive',
  'content-length' => '41',
  'cache-control' => 'max-age=0',
  'user-agent' => 'Mozilla/5.0 (Windows NT 6.1; WOW64) AppleWebKit/537.36 (KHTML, like Gecko) Chrome/61.0.3163.100 Safari/537.36',
  'upgrade-insecure-requests' => '1',
  'origin' => 'http://localhost',
  'content-type' => 'application/x-www-form-urlencoded',
  'accept' => 'text/html,application/xhtml+xml,application/xml;q=0.9,image/webp,image/apng,*/*;q=0.8',
  'referer' => 'http://localhost/xiangmu/public/index/test/index.html',
  'accept-encoding' => 'gzip, deflate, br',
  'accept-language' => 'zh-CN,zh;q=0.8,ja;q=0.6',
  'cookie' => 'pgv_pvi=4656165888; Phpstorm-d94e29df=073d5d47-d625-471e-98d5-737a35e21801; Huiskin=default; PHPSESSID=9k1lm6h2933s9dcdn512jqdlh2',
)
[ info ] [ PARAM ] array (
  'username' => 'xinchumenye',
  'password' => 'xinchumenye',
)
[ info ] [ RUN ] app\index\controller\Test->index[ G:\wamp\www\xiangmu\application\index\controller\Test.php ]
[ info ] [ DB ] INIT mysql
[ info ] [ SESSION ] INIT array (
  'id' => '',
  'var_session_id' => '',
  'prefix' => 'think',
  'type' => '',
  'auto_start' => true,
)
[ info ] [ VIEW ] G:\wamp\www\xiangmu\public/../application/index\view\test\index.html [ array (
) ]
[ info ] [ LOG ] INIT File

---------------------------------------------------------------
[ 2017-10-20T20:59:14+08:00 ] ::1 ::1 GET /xiangmu/public/index/test/index.html
[ log ] localhost/xiangmu/public/index/test/index.html [运行时间：0.184011s][吞吐率：5.43req/s] [内存消耗：1,646.73kb] [文件加载：43]
[ info ] [ LANG ] G:\wamp\www\xiangmu\thinkphp\lang\zh-cn.php
[ info ] [ ROUTE ] array (
  'type' => 'module',
  'module' => 
  array (
    0 => 'index',
    1 => 'test',
    2 => 'index',
  ),
)
[ info ] [ HEADER ] array (
  'host' => 'localhost',
  'connection' => 'keep-alive',
  'cache-control' => 'max-age=0',
  'user-agent' => 'Mozilla/5.0 (Windows NT 6.1; WOW64) AppleWebKit/537.36 (KHTML, like Gecko) Chrome/61.0.3163.100 Safari/537.36',
  'upgrade-insecure-requests' => '1',
  'accept' => 'text/html,application/xhtml+xml,application/xml;q=0.9,image/webp,image/apng,*/*;q=0.8',
  'accept-encoding' => 'gzip, deflate, br',
  'accept-language' => 'zh-CN,zh;q=0.8,ja;q=0.6',
  'cookie' => 'pgv_pvi=4656165888; Phpstorm-d94e29df=073d5d47-d625-471e-98d5-737a35e21801; Huiskin=default; PHPSESSID=9k1lm6h2933s9dcdn512jqdlh2',
)
[ info ] [ PARAM ] array (
)
[ info ] [ RUN ] app\index\controller\Test->index[ G:\wamp\www\xiangmu\application\index\controller\Test.php ]
[ info ] [ VIEW ] G:\wamp\www\xiangmu\public/../application/index\view\test\index.html [ array (
) ]
[ info ] [ LOG ] INIT File

---------------------------------------------------------------
[ 2017-10-20T20:59:41+08:00 ] ::1 ::1 POST /xiangmu/public/index/test/index.html
[ log ] localhost/xiangmu/public/index/test/index.html [运行时间：0.288016s][吞吐率：3.47req/s] [内存消耗：2,628.50kb] [文件加载：52]
[ info ] [ LANG ] G:\wamp\www\xiangmu\thinkphp\lang\zh-cn.php
[ info ] [ ROUTE ] array (
  'type' => 'module',
  'module' => 
  array (
    0 => 'index',
    1 => 'test',
    2 => 'index',
  ),
)
[ info ] [ HEADER ] array (
  'host' => 'localhost',
  'connection' => 'keep-alive',
  'content-length' => '44',
  'cache-control' => 'max-age=0',
  'origin' => 'http://localhost',
  'upgrade-insecure-requests' => '1',
  'content-type' => 'application/x-www-form-urlencoded',
  'user-agent' => 'Mozilla/5.0 (Windows NT 6.1; WOW64) AppleWebKit/537.36 (KHTML, like Gecko) Chrome/61.0.3163.100 Safari/537.36',
  'accept' => 'text/html,application/xhtml+xml,application/xml;q=0.9,image/webp,image/apng,*/*;q=0.8',
  'referer' => 'http://localhost/xiangmu/public/index/test/index.html',
  'accept-encoding' => 'gzip, deflate, br',
  'accept-language' => 'zh-CN,zh;q=0.8,ja;q=0.6',
  'cookie' => 'pgv_pvi=4656165888; Phpstorm-d94e29df=073d5d47-d625-471e-98d5-737a35e21801; Huiskin=default; PHPSESSID=9k1lm6h2933s9dcdn512jqdlh2',
)
[ info ] [ PARAM ] array (
  'username' => 'xinchumenye',
  'password' => 'xinchumenye123',
)
[ info ] [ RUN ] app\index\controller\Test->index[ G:\wamp\www\xiangmu\application\index\controller\Test.php ]
[ info ] [ DB ] INIT mysql
[ info ] [ SESSION ] INIT array (
  'id' => '',
  'var_session_id' => '',
  'prefix' => 'think',
  'type' => '',
  'auto_start' => true,
)
[ info ] [ VIEW ] G:\wamp\www\xiangmu\public/../application/index\view\test\index.html [ array (
) ]
[ info ] [ LOG ] INIT File

---------------------------------------------------------------
[ 2017-10-20T21:02:42+08:00 ] ::1 ::1 GET /xiangmu/public/admin
[ log ] localhost/xiangmu/public/admin [运行时间：0.235014s][吞吐率：4.26req/s] [内存消耗：2,083.76kb] [文件加载：50]
[ info ] [ LANG ] G:\wamp\www\xiangmu\thinkphp\lang\zh-cn.php
[ info ] [ ROUTE ] array (
  'type' => 'module',
  'module' => 
  array (
    0 => 'admin',
    1 => NULL,
    2 => NULL,
  ),
)
[ info ] [ HEADER ] array (
  'host' => 'localhost',
  'connection' => 'keep-alive',
  'user-agent' => 'Mozilla/5.0 (Windows NT 6.1; WOW64) AppleWebKit/537.36 (KHTML, like Gecko) Chrome/61.0.3163.100 Safari/537.36',
  'upgrade-insecure-requests' => '1',
  'accept' => 'text/html,application/xhtml+xml,application/xml;q=0.9,image/webp,image/apng,*/*;q=0.8',
  'accept-encoding' => 'gzip, deflate, br',
  'accept-language' => 'zh-CN,zh;q=0.8,ja;q=0.6',
  'cookie' => 'pgv_pvi=4656165888; Phpstorm-d94e29df=073d5d47-d625-471e-98d5-737a35e21801; Huiskin=default; PHPSESSID=9k1lm6h2933s9dcdn512jqdlh2',
)
[ info ] [ PARAM ] array (
)
[ info ] [ SESSION ] INIT array (
  'id' => '',
  'var_session_id' => '',
  'prefix' => 'think',
  'type' => '',
  'auto_start' => true,
)
[ info ] [ RUN ] app\admin\controller\Index->index[ G:\wamp\www\xiangmu\application\admin\controller\Index.php ]
[ info ] [ VIEW ] G:\wamp\www\xiangmu\public/../application/admin\view\index\index.html [ array (
) ]
[ info ] [ LOG ] INIT File

---------------------------------------------------------------
[ 2017-10-20T21:02:42+08:00 ] ::1 ::1 GET /xiangmu/public/admin/index/welcome.html
[ log ] localhost/xiangmu/public/admin/index/welcome.html [运行时间：0.222012s][吞吐率：4.50req/s] [内存消耗：1,846.77kb] [文件加载：46]
[ info ] [ LANG ] G:\wamp\www\xiangmu\thinkphp\lang\zh-cn.php
[ info ] [ ROUTE ] array (
  'type' => 'module',
  'module' => 
  array (
    0 => 'admin',
    1 => 'index',
    2 => 'welcome',
  ),
)
[ info ] [ HEADER ] array (
  'host' => 'localhost',
  'connection' => 'keep-alive',
  'upgrade-insecure-requests' => '1',
  'user-agent' => 'Mozilla/5.0 (Windows NT 6.1; WOW64) AppleWebKit/537.36 (KHTML, like Gecko) Chrome/61.0.3163.100 Safari/537.36',
  'accept' => 'text/html,application/xhtml+xml,application/xml;q=0.9,image/webp,image/apng,*/*;q=0.8',
  'referer' => 'http://localhost/xiangmu/public/admin',
  'accept-encoding' => 'gzip, deflate, br',
  'accept-language' => 'zh-CN,zh;q=0.8,ja;q=0.6',
  'cookie' => 'pgv_pvi=4656165888; Phpstorm-d94e29df=073d5d47-d625-471e-98d5-737a35e21801; Huiskin=default; PHPSESSID=9k1lm6h2933s9dcdn512jqdlh2',
)
[ info ] [ PARAM ] array (
)
[ info ] [ SESSION ] INIT array (
  'id' => '',
  'var_session_id' => '',
  'prefix' => 'think',
  'type' => '',
  'auto_start' => true,
)
[ info ] [ RUN ] app\admin\controller\Index->welcome[ G:\wamp\www\xiangmu\application\admin\controller\Index.php ]
[ info ] [ LOG ] INIT File

---------------------------------------------------------------
[ 2017-10-20T21:10:51+08:00 ] ::1 ::1 GET /xiangmu//public/index.php/index/test/index
[ log ] localhost/xiangmu//public/index.php/index/test/index [运行时间：0.147009s][吞吐率：6.80req/s] [内存消耗：1,646.50kb] [文件加载：43]
[ info ] [ LANG ] G:\wamp\www\xiangmu\thinkphp\lang\zh-cn.php
[ info ] [ ROUTE ] array (
  'type' => 'module',
  'module' => 
  array (
    0 => 'index',
    1 => 'test',
    2 => 'index',
  ),
)
[ info ] [ HEADER ] array (
  'host' => 'localhost',
  'connection' => 'keep-alive',
  'user-agent' => 'Mozilla/5.0 (Windows NT 6.1; WOW64) AppleWebKit/537.36 (KHTML, like Gecko) Chrome/61.0.3163.100 Safari/537.36',
  'upgrade-insecure-requests' => '1',
  'accept' => 'text/html,application/xhtml+xml,application/xml;q=0.9,image/webp,image/apng,*/*;q=0.8',
  'accept-encoding' => 'gzip, deflate, br',
  'accept-language' => 'zh-CN,zh;q=0.8,ja;q=0.6',
  'cookie' => 'pgv_pvi=4656165888; Phpstorm-d94e29df=073d5d47-d625-471e-98d5-737a35e21801; Huiskin=default; PHPSESSID=9k1lm6h2933s9dcdn512jqdlh2',
)
[ info ] [ PARAM ] array (
)
[ info ] [ RUN ] app\index\controller\Test->index[ G:\wamp\www\xiangmu\application\index\controller\Test.php ]
[ info ] [ VIEW ] G:\wamp\www\xiangmu\public/../application/index\view\test\index.html [ array (
) ]
[ info ] [ LOG ] INIT File

---------------------------------------------------------------
[ 2017-10-20T21:10:56+08:00 ] ::1 ::1 GET /xiangmu/public/index.php/index/test/index
[ log ] localhost/xiangmu/public/index.php/index/test/index [运行时间：0.142009s][吞吐率：7.04req/s] [内存消耗：1,646.50kb] [文件加载：43]
[ info ] [ LANG ] G:\wamp\www\xiangmu\thinkphp\lang\zh-cn.php
[ info ] [ ROUTE ] array (
  'type' => 'module',
  'module' => 
  array (
    0 => 'index',
    1 => 'test',
    2 => 'index',
  ),
)
[ info ] [ HEADER ] array (
  'host' => 'localhost',
  'connection' => 'keep-alive',
  'user-agent' => 'Mozilla/5.0 (Windows NT 6.1; WOW64) AppleWebKit/537.36 (KHTML, like Gecko) Chrome/61.0.3163.100 Safari/537.36',
  'upgrade-insecure-requests' => '1',
  'accept' => 'text/html,application/xhtml+xml,application/xml;q=0.9,image/webp,image/apng,*/*;q=0.8',
  'accept-encoding' => 'gzip, deflate, br',
  'accept-language' => 'zh-CN,zh;q=0.8,ja;q=0.6',
  'cookie' => 'pgv_pvi=4656165888; Phpstorm-d94e29df=073d5d47-d625-471e-98d5-737a35e21801; Huiskin=default; PHPSESSID=9k1lm6h2933s9dcdn512jqdlh2',
)
[ info ] [ PARAM ] array (
)
[ info ] [ RUN ] app\index\controller\Test->index[ G:\wamp\www\xiangmu\application\index\controller\Test.php ]
[ info ] [ VIEW ] G:\wamp\www\xiangmu\public/../application/index\view\test\index.html [ array (
) ]
[ info ] [ LOG ] INIT File

---------------------------------------------------------------
[ 2017-10-20T21:11:08+08:00 ] ::1 ::1 POST /xiangmu/public/index.php/index/test/index.html
[ log ] localhost/xiangmu/public/index.php/index/test/index.html [运行时间：0.202011s][吞吐率：4.95req/s] [内存消耗：2,624.70kb] [文件加载：52]
[ info ] [ LANG ] G:\wamp\www\xiangmu\thinkphp\lang\zh-cn.php
[ info ] [ ROUTE ] array (
  'type' => 'module',
  'module' => 
  array (
    0 => 'index',
    1 => 'test',
    2 => 'index',
  ),
)
[ info ] [ HEADER ] array (
  'host' => 'localhost',
  'connection' => 'keep-alive',
  'content-length' => '44',
  'cache-control' => 'max-age=0',
  'origin' => 'http://localhost',
  'upgrade-insecure-requests' => '1',
  'content-type' => 'application/x-www-form-urlencoded',
  'user-agent' => 'Mozilla/5.0 (Windows NT 6.1; WOW64) AppleWebKit/537.36 (KHTML, like Gecko) Chrome/61.0.3163.100 Safari/537.36',
  'accept' => 'text/html,application/xhtml+xml,application/xml;q=0.9,image/webp,image/apng,*/*;q=0.8',
  'referer' => 'http://localhost/xiangmu/public/index.php/index/test/index',
  'accept-encoding' => 'gzip, deflate, br',
  'accept-language' => 'zh-CN,zh;q=0.8,ja;q=0.6',
  'cookie' => 'pgv_pvi=4656165888; Phpstorm-d94e29df=073d5d47-d625-471e-98d5-737a35e21801; Huiskin=default; PHPSESSID=9k1lm6h2933s9dcdn512jqdlh2',
)
[ info ] [ PARAM ] array (
  'username' => 'xinchumenye',
  'password' => 'xinchumenye123',
)
[ info ] [ RUN ] app\index\controller\Test->index[ G:\wamp\www\xiangmu\application\index\controller\Test.php ]
[ info ] [ DB ] INIT mysql
[ info ] [ SESSION ] INIT array (
  'id' => '',
  'var_session_id' => '',
  'prefix' => 'think',
  'type' => '',
  'auto_start' => true,
)
[ info ] [ VIEW ] G:\wamp\www\xiangmu\public/../application/index\view\test\index.html [ array (
) ]
[ info ] [ LOG ] INIT File

---------------------------------------------------------------
[ 2017-10-20T21:12:00+08:00 ] ::1 ::1 POST /xiangmu/public/index.php/index/test/index.html
[ log ] localhost/xiangmu/public/index.php/index/test/index.html [运行时间：0.151009s][吞吐率：6.62req/s] [内存消耗：2,628.93kb] [文件加载：52]
[ info ] [ LANG ] G:\wamp\www\xiangmu\thinkphp\lang\zh-cn.php
[ info ] [ ROUTE ] array (
  'type' => 'module',
  'module' => 
  array (
    0 => 'index',
    1 => 'test',
    2 => 'index',
  ),
)
[ info ] [ HEADER ] array (
  'host' => 'localhost',
  'connection' => 'keep-alive',
  'content-length' => '44',
  'cache-control' => 'max-age=0',
  'user-agent' => 'Mozilla/5.0 (Windows NT 6.1; WOW64) AppleWebKit/537.36 (KHTML, like Gecko) Chrome/61.0.3163.100 Safari/537.36',
  'upgrade-insecure-requests' => '1',
  'origin' => 'http://localhost',
  'content-type' => 'application/x-www-form-urlencoded',
  'accept' => 'text/html,application/xhtml+xml,application/xml;q=0.9,image/webp,image/apng,*/*;q=0.8',
  'referer' => 'http://localhost/xiangmu/public/index.php/index/test/index',
  'accept-encoding' => 'gzip, deflate, br',
  'accept-language' => 'zh-CN,zh;q=0.8,ja;q=0.6',
  'cookie' => 'pgv_pvi=4656165888; Phpstorm-d94e29df=073d5d47-d625-471e-98d5-737a35e21801; Huiskin=default; PHPSESSID=9k1lm6h2933s9dcdn512jqdlh2',
)
[ info ] [ PARAM ] array (
  'username' => 'xinchumenye',
  'password' => 'xinchumenye123',
)
[ info ] [ RUN ] app\index\controller\Test->index[ G:\wamp\www\xiangmu\application\index\controller\Test.php ]
[ info ] [ DB ] INIT mysql
[ info ] [ SESSION ] INIT array (
  'id' => '',
  'var_session_id' => '',
  'prefix' => 'think',
  'type' => '',
  'auto_start' => true,
)
[ info ] [ VIEW ] G:\wamp\www\xiangmu\public/../application/index\view\test\index.html [ array (
) ]
[ info ] [ LOG ] INIT File

---------------------------------------------------------------
