[ 2017-10-22T17:51:57+08:00 ] ::1 ::1 GET /xiangmu/public/admin
[ log ] localhost/xiangmu/public/admin [运行时间：0.336019s][吞吐率：2.98req/s] [内存消耗：1,685.89kb] [文件加载：47]
[ info ] [ LANG ] G:\wamp\www\xiangmu\thinkphp\lang\zh-cn.php
[ info ] [ ROUTE ] array (
  'type' => 'module',
  'module' => 
  array (
    0 => 'admin',
    1 => NULL,
    2 => NULL,
  ),
)
[ info ] [ HEADER ] array (
  'host' => 'localhost',
  'connection' => 'keep-alive',
  'user-agent' => 'Mozilla/5.0 (Windows NT 6.1; WOW64) AppleWebKit/537.36 (KHTML, like Gecko) Chrome/61.0.3163.100 Safari/537.36',
  'upgrade-insecure-requests' => '1',
  'accept' => 'text/html,application/xhtml+xml,application/xml;q=0.9,image/webp,image/apng,*/*;q=0.8',
  'accept-encoding' => 'gzip, deflate, br',
  'accept-language' => 'zh-CN,zh;q=0.8,ja;q=0.6',
  'cookie' => 'pgv_pvi=4656165888; Phpstorm-d94e29df=073d5d47-d625-471e-98d5-737a35e21801; Huiskin=default',
)
[ info ] [ PARAM ] array (
)
[ info ] [ SESSION ] INIT array (
  'id' => '',
  'var_session_id' => '',
  'prefix' => 'think',
  'type' => '',
  'auto_start' => true,
)
[ info ] [ LOG ] INIT File

---------------------------------------------------------------
[ 2017-10-22T17:51:58+08:00 ] ::1 ::1 GET /xiangmu/public/admin/login/index.html
[ log ] localhost/xiangmu/public/admin/login/index.html [运行时间：0.133007s][吞吐率：7.52req/s] [内存消耗：1,655.54kb] [文件加载：45]
[ info ] [ LANG ] G:\wamp\www\xiangmu\thinkphp\lang\zh-cn.php
[ info ] [ ROUTE ] array (
  'type' => 'module',
  'module' => 
  array (
    0 => 'admin',
    1 => 'login',
    2 => 'index',
  ),
)
[ info ] [ HEADER ] array (
  'host' => 'localhost',
  'connection' => 'keep-alive',
  'user-agent' => 'Mozilla/5.0 (Windows NT 6.1; WOW64) AppleWebKit/537.36 (KHTML, like Gecko) Chrome/61.0.3163.100 Safari/537.36',
  'upgrade-insecure-requests' => '1',
  'accept' => 'text/html,application/xhtml+xml,application/xml;q=0.9,image/webp,image/apng,*/*;q=0.8',
  'accept-encoding' => 'gzip, deflate, br',
  'accept-language' => 'zh-CN,zh;q=0.8,ja;q=0.6',
  'cookie' => 'pgv_pvi=4656165888; Phpstorm-d94e29df=073d5d47-d625-471e-98d5-737a35e21801; Huiskin=default; PHPSESSID=n9pk54fp9l3egvkdptjckpt9a3',
)
[ info ] [ PARAM ] array (
)
[ info ] [ RUN ] app\admin\controller\Login->index[ G:\wamp\www\xiangmu\application\admin\controller\Login.php ]
[ info ] [ SESSION ] INIT array (
  'id' => '',
  'var_session_id' => '',
  'prefix' => 'think',
  'type' => '',
  'auto_start' => true,
)
[ info ] [ VIEW ] G:\wamp\www\xiangmu\public/../application/admin\view\login\index.html [ array (
) ]
[ info ] [ LOG ] INIT File

---------------------------------------------------------------
[ 2017-10-22T17:57:11+08:00 ] ::1 ::1 POST /xiangmu/public/admin/login/index.html
[ log ] localhost/xiangmu/public/admin/login/index.html [运行时间：0.406024s][吞吐率：2.46req/s] [内存消耗：2,557.95kb] [文件加载：52]
[ info ] [ LANG ] G:\wamp\www\xiangmu\thinkphp\lang\zh-cn.php
[ info ] [ ROUTE ] array (
  'type' => 'module',
  'module' => 
  array (
    0 => 'admin',
    1 => 'login',
    2 => 'index',
  ),
)
[ info ] [ HEADER ] array (
  'host' => 'localhost',
  'connection' => 'keep-alive',
  'content-length' => '44',
  'cache-control' => 'max-age=0',
  'origin' => 'http://localhost',
  'upgrade-insecure-requests' => '1',
  'content-type' => 'application/x-www-form-urlencoded',
  'user-agent' => 'Mozilla/5.0 (Windows NT 6.1; WOW64) AppleWebKit/537.36 (KHTML, like Gecko) Chrome/61.0.3163.100 Safari/537.36',
  'accept' => 'text/html,application/xhtml+xml,application/xml;q=0.9,image/webp,image/apng,*/*;q=0.8',
  'referer' => 'http://localhost/xiangmu/public/admin/login/index.html',
  'accept-encoding' => 'gzip, deflate, br',
  'accept-language' => 'zh-CN,zh;q=0.8,ja;q=0.6',
  'cookie' => 'pgv_pvi=4656165888; Phpstorm-d94e29df=073d5d47-d625-471e-98d5-737a35e21801; Huiskin=default; PHPSESSID=n9pk54fp9l3egvkdptjckpt9a3',
)
[ info ] [ PARAM ] array (
  'username' => 'xinchumenye',
  'password' => 'xinchumenye123',
)
[ info ] [ RUN ] app\admin\controller\Login->index[ G:\wamp\www\xiangmu\application\admin\controller\Login.php ]
[ info ] [ DB ] INIT mysql
[ info ] [ SESSION ] INIT array (
  'id' => '',
  'var_session_id' => '',
  'prefix' => 'think',
  'type' => '',
  'auto_start' => true,
)
[ info ] [ LOG ] INIT File

---------------------------------------------------------------
[ 2017-10-22T18:02:35+08:00 ] ::1 ::1 GET /xiangmu/public/admin/login/index.html
[ log ] localhost/xiangmu/public/admin/login/index.html [运行时间：0.226013s][吞吐率：4.42req/s] [内存消耗：1,920.02kb] [文件加载：48]
[ info ] [ LANG ] G:\wamp\www\xiangmu\thinkphp\lang\zh-cn.php
[ info ] [ ROUTE ] array (
  'type' => 'module',
  'module' => 
  array (
    0 => 'admin',
    1 => 'login',
    2 => 'index',
  ),
)
[ info ] [ HEADER ] array (
  'host' => 'localhost',
  'connection' => 'keep-alive',
  'user-agent' => 'Mozilla/5.0 (Windows NT 6.1; WOW64) AppleWebKit/537.36 (KHTML, like Gecko) Chrome/61.0.3163.100 Safari/537.36',
  'upgrade-insecure-requests' => '1',
  'accept' => 'text/html,application/xhtml+xml,application/xml;q=0.9,image/webp,image/apng,*/*;q=0.8',
  'accept-encoding' => 'gzip, deflate, br',
  'accept-language' => 'zh-CN,zh;q=0.8,ja;q=0.6',
  'cookie' => 'pgv_pvi=4656165888; Phpstorm-d94e29df=073d5d47-d625-471e-98d5-737a35e21801; Huiskin=default; PHPSESSID=n9pk54fp9l3egvkdptjckpt9a3',
)
[ info ] [ PARAM ] array (
)
[ info ] [ RUN ] app\admin\controller\Login->index[ G:\wamp\www\xiangmu\application\admin\controller\Login.php ]
[ info ] [ SESSION ] INIT array (
  'id' => '',
  'var_session_id' => '',
  'prefix' => 'think',
  'type' => '',
  'auto_start' => true,
)
[ info ] [ LOG ] INIT File

---------------------------------------------------------------
[ 2017-10-22T18:02:35+08:00 ] ::1 ::1 GET /xiangmu/public/admin/index/index.html
[ log ] localhost/xiangmu/public/admin/index/index.html [运行时间：0.195011s][吞吐率：5.13req/s] [内存消耗：1,908.34kb] [文件加载：48]
[ info ] [ LANG ] G:\wamp\www\xiangmu\thinkphp\lang\zh-cn.php
[ info ] [ ROUTE ] array (
  'type' => 'module',
  'module' => 
  array (
    0 => 'admin',
    1 => 'index',
    2 => 'index',
  ),
)
[ info ] [ HEADER ] array (
  'host' => 'localhost',
  'connection' => 'keep-alive',
  'user-agent' => 'Mozilla/5.0 (Windows NT 6.1; WOW64) AppleWebKit/537.36 (KHTML, like Gecko) Chrome/61.0.3163.100 Safari/537.36',
  'upgrade-insecure-requests' => '1',
  'accept' => 'text/html,application/xhtml+xml,application/xml;q=0.9,image/webp,image/apng,*/*;q=0.8',
  'accept-encoding' => 'gzip, deflate, br',
  'accept-language' => 'zh-CN,zh;q=0.8,ja;q=0.6',
  'cookie' => 'pgv_pvi=4656165888; Phpstorm-d94e29df=073d5d47-d625-471e-98d5-737a35e21801; Huiskin=default; PHPSESSID=n9pk54fp9l3egvkdptjckpt9a3',
)
[ info ] [ PARAM ] array (
)
[ info ] [ SESSION ] INIT array (
  'id' => '',
  'var_session_id' => '',
  'prefix' => 'think',
  'type' => '',
  'auto_start' => true,
)
[ info ] [ RUN ] app\admin\controller\Index->index[ G:\wamp\www\xiangmu\application\admin\controller\Index.php ]
[ info ] [ VIEW ] G:\wamp\www\xiangmu\public/../application/admin\view\index\index.html [ array (
) ]
[ info ] [ LOG ] INIT File

---------------------------------------------------------------
[ 2017-10-22T18:02:36+08:00 ] ::1 ::1 GET /xiangmu/public/admin/index/welcome.html
[ log ] localhost/xiangmu/public/admin/index/welcome.html [运行时间：0.147008s][吞吐率：6.80req/s] [内存消耗：1,838.39kb] [文件加载：46]
[ info ] [ LANG ] G:\wamp\www\xiangmu\thinkphp\lang\zh-cn.php
[ info ] [ ROUTE ] array (
  'type' => 'module',
  'module' => 
  array (
    0 => 'admin',
    1 => 'index',
    2 => 'welcome',
  ),
)
[ info ] [ HEADER ] array (
  'host' => 'localhost',
  'connection' => 'keep-alive',
  'upgrade-insecure-requests' => '1',
  'user-agent' => 'Mozilla/5.0 (Windows NT 6.1; WOW64) AppleWebKit/537.36 (KHTML, like Gecko) Chrome/61.0.3163.100 Safari/537.36',
  'accept' => 'text/html,application/xhtml+xml,application/xml;q=0.9,image/webp,image/apng,*/*;q=0.8',
  'referer' => 'http://localhost/xiangmu/public/admin/index/index.html',
  'accept-encoding' => 'gzip, deflate, br',
  'accept-language' => 'zh-CN,zh;q=0.8,ja;q=0.6',
  'cookie' => 'pgv_pvi=4656165888; Phpstorm-d94e29df=073d5d47-d625-471e-98d5-737a35e21801; Huiskin=default; PHPSESSID=n9pk54fp9l3egvkdptjckpt9a3',
)
[ info ] [ PARAM ] array (
)
[ info ] [ SESSION ] INIT array (
  'id' => '',
  'var_session_id' => '',
  'prefix' => 'think',
  'type' => '',
  'auto_start' => true,
)
[ info ] [ RUN ] app\admin\controller\Index->welcome[ G:\wamp\www\xiangmu\application\admin\controller\Index.php ]
[ info ] [ LOG ] INIT File

---------------------------------------------------------------
[ 2017-10-22T18:02:39+08:00 ] ::1 ::1 GET /xiangmu/public/admin/login/tuichu.html
[ log ] localhost/xiangmu/public/admin/login/tuichu.html [运行时间：0.155009s][吞吐率：6.45req/s] [内存消耗：1,915.53kb] [文件加载：48]
[ info ] [ LANG ] G:\wamp\www\xiangmu\thinkphp\lang\zh-cn.php
[ info ] [ ROUTE ] array (
  'type' => 'module',
  'module' => 
  array (
    0 => 'admin',
    1 => 'login',
    2 => 'tuichu',
  ),
)
[ info ] [ HEADER ] array (
  'host' => 'localhost',
  'connection' => 'keep-alive',
  'upgrade-insecure-requests' => '1',
  'user-agent' => 'Mozilla/5.0 (Windows NT 6.1; WOW64) AppleWebKit/537.36 (KHTML, like Gecko) Chrome/61.0.3163.100 Safari/537.36',
  'accept' => 'text/html,application/xhtml+xml,application/xml;q=0.9,image/webp,image/apng,*/*;q=0.8',
  'referer' => 'http://localhost/xiangmu/public/admin/index/index.html',
  'accept-encoding' => 'gzip, deflate, br',
  'accept-language' => 'zh-CN,zh;q=0.8,ja;q=0.6',
  'cookie' => 'pgv_pvi=4656165888; Phpstorm-d94e29df=073d5d47-d625-471e-98d5-737a35e21801; Huiskin=default; PHPSESSID=n9pk54fp9l3egvkdptjckpt9a3',
)
[ info ] [ PARAM ] array (
)
[ info ] [ RUN ] app\admin\controller\Login->tuichu[ G:\wamp\www\xiangmu\application\admin\controller\Login.php ]
[ info ] [ SESSION ] INIT array (
  'id' => '',
  'var_session_id' => '',
  'prefix' => 'think',
  'type' => '',
  'auto_start' => true,
)
[ info ] [ LOG ] INIT File

---------------------------------------------------------------
[ 2017-10-22T18:02:39+08:00 ] ::1 ::1 GET /xiangmu/public/admin/login/index.html
[ log ] localhost/xiangmu/public/admin/login/index.html [运行时间：0.143008s][吞吐率：6.99req/s] [内存消耗：1,657.62kb] [文件加载：45]
[ info ] [ LANG ] G:\wamp\www\xiangmu\thinkphp\lang\zh-cn.php
[ info ] [ ROUTE ] array (
  'type' => 'module',
  'module' => 
  array (
    0 => 'admin',
    1 => 'login',
    2 => 'index',
  ),
)
[ info ] [ HEADER ] array (
  'host' => 'localhost',
  'connection' => 'keep-alive',
  'upgrade-insecure-requests' => '1',
  'user-agent' => 'Mozilla/5.0 (Windows NT 6.1; WOW64) AppleWebKit/537.36 (KHTML, like Gecko) Chrome/61.0.3163.100 Safari/537.36',
  'accept' => 'text/html,application/xhtml+xml,application/xml;q=0.9,image/webp,image/apng,*/*;q=0.8',
  'referer' => 'http://localhost/xiangmu/public/admin/index/index.html',
  'accept-encoding' => 'gzip, deflate, br',
  'accept-language' => 'zh-CN,zh;q=0.8,ja;q=0.6',
  'cookie' => 'pgv_pvi=4656165888; Phpstorm-d94e29df=073d5d47-d625-471e-98d5-737a35e21801; Huiskin=default; PHPSESSID=n9pk54fp9l3egvkdptjckpt9a3',
)
[ info ] [ PARAM ] array (
)
[ info ] [ RUN ] app\admin\controller\Login->index[ G:\wamp\www\xiangmu\application\admin\controller\Login.php ]
[ info ] [ SESSION ] INIT array (
  'id' => '',
  'var_session_id' => '',
  'prefix' => 'think',
  'type' => '',
  'auto_start' => true,
)
[ info ] [ VIEW ] G:\wamp\www\xiangmu\public/../application/admin\view\login\index.html [ array (
) ]
[ info ] [ LOG ] INIT File

---------------------------------------------------------------
[ 2017-10-22T18:02:45+08:00 ] ::1 ::1 POST /xiangmu/public/admin/login/index.html
[ log ] localhost/xiangmu/public/admin/login/index.html [运行时间：0.293017s][吞吐率：3.41req/s] [内存消耗：2,720.29kb] [文件加载：56]
[ info ] [ LANG ] G:\wamp\www\xiangmu\thinkphp\lang\zh-cn.php
[ info ] [ ROUTE ] array (
  'type' => 'module',
  'module' => 
  array (
    0 => 'admin',
    1 => 'login',
    2 => 'index',
  ),
)
[ info ] [ HEADER ] array (
  'host' => 'localhost',
  'connection' => 'keep-alive',
  'content-length' => '24',
  'cache-control' => 'max-age=0',
  'origin' => 'http://localhost',
  'upgrade-insecure-requests' => '1',
  'content-type' => 'application/x-www-form-urlencoded',
  'user-agent' => 'Mozilla/5.0 (Windows NT 6.1; WOW64) AppleWebKit/537.36 (KHTML, like Gecko) Chrome/61.0.3163.100 Safari/537.36',
  'accept' => 'text/html,application/xhtml+xml,application/xml;q=0.9,image/webp,image/apng,*/*;q=0.8',
  'referer' => 'http://localhost/xiangmu/public/admin/login/index.html',
  'accept-encoding' => 'gzip, deflate, br',
  'accept-language' => 'zh-CN,zh;q=0.8,ja;q=0.6',
  'cookie' => 'pgv_pvi=4656165888; Phpstorm-d94e29df=073d5d47-d625-471e-98d5-737a35e21801; Huiskin=default; PHPSESSID=n9pk54fp9l3egvkdptjckpt9a3',
)
[ info ] [ PARAM ] array (
  'username' => 'admin',
  'password' => '',
)
[ info ] [ RUN ] app\admin\controller\Login->index[ G:\wamp\www\xiangmu\application\admin\controller\Login.php ]
[ info ] [ DB ] INIT mysql
[ info ] [ VIEW ] G:\wamp\www\xiangmu\thinkphp\tpl\dispatch_jump.tpl [ array (
  0 => 'code',
  1 => 'msg',
  2 => 'data',
  3 => 'url',
  4 => 'wait',
) ]
[ info ] [ LOG ] INIT File

---------------------------------------------------------------
[ 2017-10-22T18:02:48+08:00 ] ::1 ::1 GET /xiangmu/public/admin/login/index.html
[ log ] localhost/xiangmu/public/admin/login/index.html [运行时间：0.272015s][吞吐率：3.68req/s] [内存消耗：1,657.62kb] [文件加载：45]
[ info ] [ LANG ] G:\wamp\www\xiangmu\thinkphp\lang\zh-cn.php
[ info ] [ ROUTE ] array (
  'type' => 'module',
  'module' => 
  array (
    0 => 'admin',
    1 => 'login',
    2 => 'index',
  ),
)
[ info ] [ HEADER ] array (
  'host' => 'localhost',
  'connection' => 'keep-alive',
  'user-agent' => 'Mozilla/5.0 (Windows NT 6.1; WOW64) AppleWebKit/537.36 (KHTML, like Gecko) Chrome/61.0.3163.100 Safari/537.36',
  'upgrade-insecure-requests' => '1',
  'accept' => 'text/html,application/xhtml+xml,application/xml;q=0.9,image/webp,image/apng,*/*;q=0.8',
  'referer' => 'http://localhost/xiangmu/public/admin/index/index.html',
  'accept-encoding' => 'gzip, deflate, br',
  'accept-language' => 'zh-CN,zh;q=0.8,ja;q=0.6',
  'cookie' => 'pgv_pvi=4656165888; Phpstorm-d94e29df=073d5d47-d625-471e-98d5-737a35e21801; Huiskin=default; PHPSESSID=n9pk54fp9l3egvkdptjckpt9a3',
)
[ info ] [ PARAM ] array (
)
[ info ] [ RUN ] app\admin\controller\Login->index[ G:\wamp\www\xiangmu\application\admin\controller\Login.php ]
[ info ] [ SESSION ] INIT array (
  'id' => '',
  'var_session_id' => '',
  'prefix' => 'think',
  'type' => '',
  'auto_start' => true,
)
[ info ] [ VIEW ] G:\wamp\www\xiangmu\public/../application/admin\view\login\index.html [ array (
) ]
[ info ] [ LOG ] INIT File

---------------------------------------------------------------
[ 2017-10-22T18:02:53+08:00 ] ::1 ::1 POST /xiangmu/public/admin/login/index.html
[ log ] localhost/xiangmu/public/admin/login/index.html [运行时间：0.228013s][吞吐率：4.39req/s] [内存消耗：2,561.70kb] [文件加载：54]
[ info ] [ LANG ] G:\wamp\www\xiangmu\thinkphp\lang\zh-cn.php
[ info ] [ ROUTE ] array (
  'type' => 'module',
  'module' => 
  array (
    0 => 'admin',
    1 => 'login',
    2 => 'index',
  ),
)
[ info ] [ HEADER ] array (
  'host' => 'localhost',
  'connection' => 'keep-alive',
  'content-length' => '30',
  'cache-control' => 'max-age=0',
  'origin' => 'http://localhost',
  'upgrade-insecure-requests' => '1',
  'content-type' => 'application/x-www-form-urlencoded',
  'user-agent' => 'Mozilla/5.0 (Windows NT 6.1; WOW64) AppleWebKit/537.36 (KHTML, like Gecko) Chrome/61.0.3163.100 Safari/537.36',
  'accept' => 'text/html,application/xhtml+xml,application/xml;q=0.9,image/webp,image/apng,*/*;q=0.8',
  'referer' => 'http://localhost/xiangmu/public/admin/login/index.html',
  'accept-encoding' => 'gzip, deflate, br',
  'accept-language' => 'zh-CN,zh;q=0.8,ja;q=0.6',
  'cookie' => 'pgv_pvi=4656165888; Phpstorm-d94e29df=073d5d47-d625-471e-98d5-737a35e21801; Huiskin=default; PHPSESSID=n9pk54fp9l3egvkdptjckpt9a3',
)
[ info ] [ PARAM ] array (
  'username' => 'xinchumenye',
  'password' => '',
)
[ info ] [ RUN ] app\admin\controller\Login->index[ G:\wamp\www\xiangmu\application\admin\controller\Login.php ]
[ info ] [ DB ] INIT mysql
[ info ] [ VIEW ] G:\wamp\www\xiangmu\thinkphp\tpl\dispatch_jump.tpl [ array (
  0 => 'code',
  1 => 'msg',
  2 => 'data',
  3 => 'url',
  4 => 'wait',
) ]
[ info ] [ LOG ] INIT File

---------------------------------------------------------------
[ 2017-10-22T18:02:56+08:00 ] ::1 ::1 GET /xiangmu/public/admin/login/index.html
[ log ] localhost/xiangmu/public/admin/login/index.html [运行时间：0.166010s][吞吐率：6.02req/s] [内存消耗：1,657.62kb] [文件加载：45]
[ info ] [ LANG ] G:\wamp\www\xiangmu\thinkphp\lang\zh-cn.php
[ info ] [ ROUTE ] array (
  'type' => 'module',
  'module' => 
  array (
    0 => 'admin',
    1 => 'login',
    2 => 'index',
  ),
)
[ info ] [ HEADER ] array (
  'host' => 'localhost',
  'connection' => 'keep-alive',
  'user-agent' => 'Mozilla/5.0 (Windows NT 6.1; WOW64) AppleWebKit/537.36 (KHTML, like Gecko) Chrome/61.0.3163.100 Safari/537.36',
  'upgrade-insecure-requests' => '1',
  'accept' => 'text/html,application/xhtml+xml,application/xml;q=0.9,image/webp,image/apng,*/*;q=0.8',
  'referer' => 'http://localhost/xiangmu/public/admin/index/index.html',
  'accept-encoding' => 'gzip, deflate, br',
  'accept-language' => 'zh-CN,zh;q=0.8,ja;q=0.6',
  'cookie' => 'pgv_pvi=4656165888; Phpstorm-d94e29df=073d5d47-d625-471e-98d5-737a35e21801; Huiskin=default; PHPSESSID=n9pk54fp9l3egvkdptjckpt9a3',
)
[ info ] [ PARAM ] array (
)
[ info ] [ RUN ] app\admin\controller\Login->index[ G:\wamp\www\xiangmu\application\admin\controller\Login.php ]
[ info ] [ SESSION ] INIT array (
  'id' => '',
  'var_session_id' => '',
  'prefix' => 'think',
  'type' => '',
  'auto_start' => true,
)
[ info ] [ VIEW ] G:\wamp\www\xiangmu\public/../application/admin\view\login\index.html [ array (
) ]
[ info ] [ LOG ] INIT File

---------------------------------------------------------------
[ 2017-10-22T18:03:00+08:00 ] ::1 ::1 POST /xiangmu/public/admin/login/index.html
[ log ] localhost/xiangmu/public/admin/login/index.html [运行时间：0.282016s][吞吐率：3.55req/s] [内存消耗：2,561.73kb] [文件加载：54]
[ info ] [ LANG ] G:\wamp\www\xiangmu\thinkphp\lang\zh-cn.php
[ info ] [ ROUTE ] array (
  'type' => 'module',
  'module' => 
  array (
    0 => 'admin',
    1 => 'login',
    2 => 'index',
  ),
)
[ info ] [ HEADER ] array (
  'host' => 'localhost',
  'connection' => 'keep-alive',
  'content-length' => '33',
  'cache-control' => 'max-age=0',
  'origin' => 'http://localhost',
  'upgrade-insecure-requests' => '1',
  'content-type' => 'application/x-www-form-urlencoded',
  'user-agent' => 'Mozilla/5.0 (Windows NT 6.1; WOW64) AppleWebKit/537.36 (KHTML, like Gecko) Chrome/61.0.3163.100 Safari/537.36',
  'accept' => 'text/html,application/xhtml+xml,application/xml;q=0.9,image/webp,image/apng,*/*;q=0.8',
  'referer' => 'http://localhost/xiangmu/public/admin/login/index.html',
  'accept-encoding' => 'gzip, deflate, br',
  'accept-language' => 'zh-CN,zh;q=0.8,ja;q=0.6',
  'cookie' => 'pgv_pvi=4656165888; Phpstorm-d94e29df=073d5d47-d625-471e-98d5-737a35e21801; Huiskin=default; PHPSESSID=n9pk54fp9l3egvkdptjckpt9a3',
)
[ info ] [ PARAM ] array (
  'username' => 'xinchumenye',
  'password' => '123',
)
[ info ] [ RUN ] app\admin\controller\Login->index[ G:\wamp\www\xiangmu\application\admin\controller\Login.php ]
[ info ] [ DB ] INIT mysql
[ info ] [ VIEW ] G:\wamp\www\xiangmu\thinkphp\tpl\dispatch_jump.tpl [ array (
  0 => 'code',
  1 => 'msg',
  2 => 'data',
  3 => 'url',
  4 => 'wait',
) ]
[ info ] [ LOG ] INIT File

---------------------------------------------------------------
[ 2017-10-22T18:03:03+08:00 ] ::1 ::1 GET /xiangmu/public/admin/login/index.html
[ log ] localhost/xiangmu/public/admin/login/index.html [运行时间：0.109006s][吞吐率：9.17req/s] [内存消耗：1,657.62kb] [文件加载：45]
[ info ] [ LANG ] G:\wamp\www\xiangmu\thinkphp\lang\zh-cn.php
[ info ] [ ROUTE ] array (
  'type' => 'module',
  'module' => 
  array (
    0 => 'admin',
    1 => 'login',
    2 => 'index',
  ),
)
[ info ] [ HEADER ] array (
  'host' => 'localhost',
  'connection' => 'keep-alive',
  'user-agent' => 'Mozilla/5.0 (Windows NT 6.1; WOW64) AppleWebKit/537.36 (KHTML, like Gecko) Chrome/61.0.3163.100 Safari/537.36',
  'upgrade-insecure-requests' => '1',
  'accept' => 'text/html,application/xhtml+xml,application/xml;q=0.9,image/webp,image/apng,*/*;q=0.8',
  'referer' => 'http://localhost/xiangmu/public/admin/index/index.html',
  'accept-encoding' => 'gzip, deflate, br',
  'accept-language' => 'zh-CN,zh;q=0.8,ja;q=0.6',
  'cookie' => 'pgv_pvi=4656165888; Phpstorm-d94e29df=073d5d47-d625-471e-98d5-737a35e21801; Huiskin=default; PHPSESSID=n9pk54fp9l3egvkdptjckpt9a3',
)
[ info ] [ PARAM ] array (
)
[ info ] [ RUN ] app\admin\controller\Login->index[ G:\wamp\www\xiangmu\application\admin\controller\Login.php ]
[ info ] [ SESSION ] INIT array (
  'id' => '',
  'var_session_id' => '',
  'prefix' => 'think',
  'type' => '',
  'auto_start' => true,
)
[ info ] [ VIEW ] G:\wamp\www\xiangmu\public/../application/admin\view\login\index.html [ array (
) ]
[ info ] [ LOG ] INIT File

---------------------------------------------------------------
[ 2017-10-22T18:03:11+08:00 ] ::1 ::1 POST /xiangmu/public/admin/login/index.html
[ log ] localhost/xiangmu/public/admin/login/index.html [运行时间：0.248014s][吞吐率：4.03req/s] [内存消耗：2,636.18kb] [文件加载：55]
[ info ] [ LANG ] G:\wamp\www\xiangmu\thinkphp\lang\zh-cn.php
[ info ] [ ROUTE ] array (
  'type' => 'module',
  'module' => 
  array (
    0 => 'admin',
    1 => 'login',
    2 => 'index',
  ),
)
[ info ] [ HEADER ] array (
  'host' => 'localhost',
  'connection' => 'keep-alive',
  'content-length' => '44',
  'cache-control' => 'max-age=0',
  'origin' => 'http://localhost',
  'upgrade-insecure-requests' => '1',
  'content-type' => 'application/x-www-form-urlencoded',
  'user-agent' => 'Mozilla/5.0 (Windows NT 6.1; WOW64) AppleWebKit/537.36 (KHTML, like Gecko) Chrome/61.0.3163.100 Safari/537.36',
  'accept' => 'text/html,application/xhtml+xml,application/xml;q=0.9,image/webp,image/apng,*/*;q=0.8',
  'referer' => 'http://localhost/xiangmu/public/admin/login/index.html',
  'accept-encoding' => 'gzip, deflate, br',
  'accept-language' => 'zh-CN,zh;q=0.8,ja;q=0.6',
  'cookie' => 'pgv_pvi=4656165888; Phpstorm-d94e29df=073d5d47-d625-471e-98d5-737a35e21801; Huiskin=default; PHPSESSID=n9pk54fp9l3egvkdptjckpt9a3',
)
[ info ] [ PARAM ] array (
  'username' => 'xinchumenye',
  'password' => 'xinchumenye123',
)
[ info ] [ RUN ] app\admin\controller\Login->index[ G:\wamp\www\xiangmu\application\admin\controller\Login.php ]
[ info ] [ DB ] INIT mysql
[ info ] [ SESSION ] INIT array (
  'id' => '',
  'var_session_id' => '',
  'prefix' => 'think',
  'type' => '',
  'auto_start' => true,
)
[ info ] [ VIEW ] G:\wamp\www\xiangmu\thinkphp\tpl\dispatch_jump.tpl [ array (
  0 => 'code',
  1 => 'msg',
  2 => 'data',
  3 => 'url',
  4 => 'wait',
) ]
[ info ] [ LOG ] INIT File

---------------------------------------------------------------
[ 2017-10-22T18:03:14+08:00 ] ::1 ::1 GET /xiangmu/public/admin/index/index.html
[ log ] localhost/xiangmu/public/admin/index/index.html [运行时间：0.153008s][吞吐率：6.54req/s] [内存消耗：1,908.55kb] [文件加载：48]
[ info ] [ LANG ] G:\wamp\www\xiangmu\thinkphp\lang\zh-cn.php
[ info ] [ ROUTE ] array (
  'type' => 'module',
  'module' => 
  array (
    0 => 'admin',
    1 => 'index',
    2 => 'index',
  ),
)
[ info ] [ HEADER ] array (
  'host' => 'localhost',
  'connection' => 'keep-alive',
  'upgrade-insecure-requests' => '1',
  'user-agent' => 'Mozilla/5.0 (Windows NT 6.1; WOW64) AppleWebKit/537.36 (KHTML, like Gecko) Chrome/61.0.3163.100 Safari/537.36',
  'accept' => 'text/html,application/xhtml+xml,application/xml;q=0.9,image/webp,image/apng,*/*;q=0.8',
  'referer' => 'http://localhost/xiangmu/public/admin/login/index.html',
  'accept-encoding' => 'gzip, deflate, br',
  'accept-language' => 'zh-CN,zh;q=0.8,ja;q=0.6',
  'cookie' => 'pgv_pvi=4656165888; Phpstorm-d94e29df=073d5d47-d625-471e-98d5-737a35e21801; Huiskin=default; PHPSESSID=n9pk54fp9l3egvkdptjckpt9a3',
)
[ info ] [ PARAM ] array (
)
[ info ] [ SESSION ] INIT array (
  'id' => '',
  'var_session_id' => '',
  'prefix' => 'think',
  'type' => '',
  'auto_start' => true,
)
[ info ] [ RUN ] app\admin\controller\Index->index[ G:\wamp\www\xiangmu\application\admin\controller\Index.php ]
[ info ] [ VIEW ] G:\wamp\www\xiangmu\public/../application/admin\view\index\index.html [ array (
) ]
[ info ] [ LOG ] INIT File

---------------------------------------------------------------
[ 2017-10-22T18:03:15+08:00 ] ::1 ::1 GET /xiangmu/public/admin/index/welcome.html
[ log ] localhost/xiangmu/public/admin/index/welcome.html [运行时间：0.133007s][吞吐率：7.52req/s] [内存消耗：1,838.39kb] [文件加载：46]
[ info ] [ LANG ] G:\wamp\www\xiangmu\thinkphp\lang\zh-cn.php
[ info ] [ ROUTE ] array (
  'type' => 'module',
  'module' => 
  array (
    0 => 'admin',
    1 => 'index',
    2 => 'welcome',
  ),
)
[ info ] [ HEADER ] array (
  'host' => 'localhost',
  'connection' => 'keep-alive',
  'upgrade-insecure-requests' => '1',
  'user-agent' => 'Mozilla/5.0 (Windows NT 6.1; WOW64) AppleWebKit/537.36 (KHTML, like Gecko) Chrome/61.0.3163.100 Safari/537.36',
  'accept' => 'text/html,application/xhtml+xml,application/xml;q=0.9,image/webp,image/apng,*/*;q=0.8',
  'referer' => 'http://localhost/xiangmu/public/admin/index/index.html',
  'accept-encoding' => 'gzip, deflate, br',
  'accept-language' => 'zh-CN,zh;q=0.8,ja;q=0.6',
  'cookie' => 'pgv_pvi=4656165888; Phpstorm-d94e29df=073d5d47-d625-471e-98d5-737a35e21801; Huiskin=default; PHPSESSID=n9pk54fp9l3egvkdptjckpt9a3',
)
[ info ] [ PARAM ] array (
)
[ info ] [ SESSION ] INIT array (
  'id' => '',
  'var_session_id' => '',
  'prefix' => 'think',
  'type' => '',
  'auto_start' => true,
)
[ info ] [ RUN ] app\admin\controller\Index->welcome[ G:\wamp\www\xiangmu\application\admin\controller\Index.php ]
[ info ] [ LOG ] INIT File

---------------------------------------------------------------
[ 2017-10-22T18:03:57+08:00 ] ::1 ::1 GET /xiangmu/public/admin/category/index.html
[ log ] localhost/xiangmu/public/admin/category/index.html [运行时间：0.314018s][吞吐率：3.18req/s] [内存消耗：2,670.13kb] [文件加载：57]
[ info ] [ LANG ] G:\wamp\www\xiangmu\thinkphp\lang\zh-cn.php
[ info ] [ ROUTE ] array (
  'type' => 'module',
  'module' => 
  array (
    0 => 'admin',
    1 => 'category',
    2 => 'index',
  ),
)
[ info ] [ HEADER ] array (
  'host' => 'localhost',
  'connection' => 'keep-alive',
  'upgrade-insecure-requests' => '1',
  'user-agent' => 'Mozilla/5.0 (Windows NT 6.1; WOW64) AppleWebKit/537.36 (KHTML, like Gecko) Chrome/61.0.3163.100 Safari/537.36',
  'accept' => 'text/html,application/xhtml+xml,application/xml;q=0.9,image/webp,image/apng,*/*;q=0.8',
  'referer' => 'http://localhost/xiangmu/public/admin/index/index.html',
  'accept-encoding' => 'gzip, deflate, br',
  'accept-language' => 'zh-CN,zh;q=0.8,ja;q=0.6',
  'cookie' => 'pgv_pvi=4656165888; Phpstorm-d94e29df=073d5d47-d625-471e-98d5-737a35e21801; Huiskin=default; PHPSESSID=n9pk54fp9l3egvkdptjckpt9a3',
)
[ info ] [ PARAM ] array (
)
[ info ] [ RUN ] app\admin\controller\Category->index[ G:\wamp\www\xiangmu\application\admin\controller\Category.php ]
[ info ] [ DB ] INIT mysql
[ info ] [ LOG ] INIT File

---------------------------------------------------------------
[ 2017-10-22T18:07:14+08:00 ] ::1 ::1 GET /xiangmu/public/admin/index/index.html
[ log ] localhost/xiangmu/public/admin/index/index.html [运行时间：0.204011s][吞吐率：4.90req/s] [内存消耗：2,074.67kb] [文件加载：50]
[ info ] [ LANG ] G:\wamp\www\xiangmu\thinkphp\lang\zh-cn.php
[ info ] [ ROUTE ] array (
  'type' => 'module',
  'module' => 
  array (
    0 => 'admin',
    1 => 'index',
    2 => 'index',
  ),
)
[ info ] [ HEADER ] array (
  'host' => 'localhost',
  'connection' => 'keep-alive',
  'cache-control' => 'max-age=0',
  'user-agent' => 'Mozilla/5.0 (Windows NT 6.1; WOW64) AppleWebKit/537.36 (KHTML, like Gecko) Chrome/61.0.3163.100 Safari/537.36',
  'upgrade-insecure-requests' => '1',
  'accept' => 'text/html,application/xhtml+xml,application/xml;q=0.9,image/webp,image/apng,*/*;q=0.8',
  'referer' => 'http://localhost/xiangmu/public/admin/login/index.html',
  'accept-encoding' => 'gzip, deflate, br',
  'accept-language' => 'zh-CN,zh;q=0.8,ja;q=0.6',
  'cookie' => 'pgv_pvi=4656165888; Phpstorm-d94e29df=073d5d47-d625-471e-98d5-737a35e21801; Huiskin=default; PHPSESSID=n9pk54fp9l3egvkdptjckpt9a3',
)
[ info ] [ PARAM ] array (
)
[ info ] [ SESSION ] INIT array (
  'id' => '',
  'var_session_id' => '',
  'prefix' => 'think',
  'type' => '',
  'auto_start' => true,
)
[ info ] [ RUN ] app\admin\controller\Index->index[ G:\wamp\www\xiangmu\application\admin\controller\Index.php ]
[ info ] [ VIEW ] G:\wamp\www\xiangmu\public/../application/admin\view\index\index.html [ array (
) ]
[ info ] [ LOG ] INIT File

---------------------------------------------------------------
[ 2017-10-22T18:07:14+08:00 ] ::1 ::1 GET /xiangmu/public/admin/index/welcome.html
[ log ] localhost/xiangmu/public/admin/index/welcome.html [运行时间：0.148009s][吞吐率：6.76req/s] [内存消耗：1,838.39kb] [文件加载：46]
[ info ] [ LANG ] G:\wamp\www\xiangmu\thinkphp\lang\zh-cn.php
[ info ] [ ROUTE ] array (
  'type' => 'module',
  'module' => 
  array (
    0 => 'admin',
    1 => 'index',
    2 => 'welcome',
  ),
)
[ info ] [ HEADER ] array (
  'host' => 'localhost',
  'connection' => 'keep-alive',
  'upgrade-insecure-requests' => '1',
  'user-agent' => 'Mozilla/5.0 (Windows NT 6.1; WOW64) AppleWebKit/537.36 (KHTML, like Gecko) Chrome/61.0.3163.100 Safari/537.36',
  'accept' => 'text/html,application/xhtml+xml,application/xml;q=0.9,image/webp,image/apng,*/*;q=0.8',
  'referer' => 'http://localhost/xiangmu/public/admin/index/index.html',
  'accept-encoding' => 'gzip, deflate, br',
  'accept-language' => 'zh-CN,zh;q=0.8,ja;q=0.6',
  'cookie' => 'pgv_pvi=4656165888; Phpstorm-d94e29df=073d5d47-d625-471e-98d5-737a35e21801; Huiskin=default; PHPSESSID=n9pk54fp9l3egvkdptjckpt9a3',
)
[ info ] [ PARAM ] array (
)
[ info ] [ SESSION ] INIT array (
  'id' => '',
  'var_session_id' => '',
  'prefix' => 'think',
  'type' => '',
  'auto_start' => true,
)
[ info ] [ RUN ] app\admin\controller\Index->welcome[ G:\wamp\www\xiangmu\application\admin\controller\Index.php ]
[ info ] [ LOG ] INIT File

---------------------------------------------------------------
[ 2017-10-22T18:07:38+08:00 ] ::1 ::1 GET /xiangmu/public/admin/deal/apply.html
[ log ] localhost/xiangmu/public/admin/deal/apply.html [运行时间：0.252014s][吞吐率：3.97req/s] [内存消耗：1,313.80kb] [文件加载：39]
[ info ] [ LANG ] G:\wamp\www\xiangmu\thinkphp\lang\zh-cn.php
[ info ] [ ROUTE ] array (
  'type' => 'module',
  'module' => 
  array (
    0 => 'admin',
    1 => 'deal',
    2 => 'apply',
  ),
)
[ info ] [ HEADER ] array (
  'host' => 'localhost',
  'connection' => 'keep-alive',
  'upgrade-insecure-requests' => '1',
  'user-agent' => 'Mozilla/5.0 (Windows NT 6.1; WOW64) AppleWebKit/537.36 (KHTML, like Gecko) Chrome/61.0.3163.100 Safari/537.36',
  'accept' => 'text/html,application/xhtml+xml,application/xml;q=0.9,image/webp,image/apng,*/*;q=0.8',
  'referer' => 'http://localhost/xiangmu/public/admin/index/index.html',
  'accept-encoding' => 'gzip, deflate, br',
  'accept-language' => 'zh-CN,zh;q=0.8,ja;q=0.6',
  'cookie' => 'pgv_pvi=4656165888; Phpstorm-d94e29df=073d5d47-d625-471e-98d5-737a35e21801; Huiskin=default; PHPSESSID=n9pk54fp9l3egvkdptjckpt9a3',
)
[ info ] [ PARAM ] array (
)
[ info ] [ LOG ] INIT File

---------------------------------------------------------------
[ 2017-10-22T18:07:38+08:00 ] ::1 ::1 GET /xiangmu/public/admin/deal/index.html
[ log ] localhost/xiangmu/public/admin/deal/index.html [运行时间：0.126007s][吞吐率：7.94req/s] [内存消耗：1,313.80kb] [文件加载：39]
[ info ] [ LANG ] G:\wamp\www\xiangmu\thinkphp\lang\zh-cn.php
[ info ] [ ROUTE ] array (
  'type' => 'module',
  'module' => 
  array (
    0 => 'admin',
    1 => 'deal',
    2 => 'index',
  ),
)
[ info ] [ HEADER ] array (
  'host' => 'localhost',
  'connection' => 'keep-alive',
  'upgrade-insecure-requests' => '1',
  'user-agent' => 'Mozilla/5.0 (Windows NT 6.1; WOW64) AppleWebKit/537.36 (KHTML, like Gecko) Chrome/61.0.3163.100 Safari/537.36',
  'accept' => 'text/html,application/xhtml+xml,application/xml;q=0.9,image/webp,image/apng,*/*;q=0.8',
  'referer' => 'http://localhost/xiangmu/public/admin/index/index.html',
  'accept-encoding' => 'gzip, deflate, br',
  'accept-language' => 'zh-CN,zh;q=0.8,ja;q=0.6',
  'cookie' => 'pgv_pvi=4656165888; Phpstorm-d94e29df=073d5d47-d625-471e-98d5-737a35e21801; Huiskin=default; PHPSESSID=n9pk54fp9l3egvkdptjckpt9a3',
)
[ info ] [ PARAM ] array (
)
[ info ] [ LOG ] INIT File

---------------------------------------------------------------
[ 2017-10-22T18:07:39+08:00 ] ::1 ::1 GET /xiangmu/public/admin/deal/apply.html
[ log ] localhost/xiangmu/public/admin/deal/apply.html [运行时间：0.117007s][吞吐率：8.55req/s] [内存消耗：1,313.80kb] [文件加载：39]
[ info ] [ LANG ] G:\wamp\www\xiangmu\thinkphp\lang\zh-cn.php
[ info ] [ ROUTE ] array (
  'type' => 'module',
  'module' => 
  array (
    0 => 'admin',
    1 => 'deal',
    2 => 'apply',
  ),
)
[ info ] [ HEADER ] array (
  'host' => 'localhost',
  'connection' => 'keep-alive',
  'upgrade-insecure-requests' => '1',
  'user-agent' => 'Mozilla/5.0 (Windows NT 6.1; WOW64) AppleWebKit/537.36 (KHTML, like Gecko) Chrome/61.0.3163.100 Safari/537.36',
  'accept' => 'text/html,application/xhtml+xml,application/xml;q=0.9,image/webp,image/apng,*/*;q=0.8',
  'referer' => 'http://localhost/xiangmu/public/admin/index/index.html',
  'accept-encoding' => 'gzip, deflate, br',
  'accept-language' => 'zh-CN,zh;q=0.8,ja;q=0.6',
  'cookie' => 'pgv_pvi=4656165888; Phpstorm-d94e29df=073d5d47-d625-471e-98d5-737a35e21801; Huiskin=default; PHPSESSID=n9pk54fp9l3egvkdptjckpt9a3',
)
[ info ] [ PARAM ] array (
)
[ info ] [ LOG ] INIT File

---------------------------------------------------------------
[ 2017-10-22T18:07:40+08:00 ] ::1 ::1 GET /xiangmu/public/admin/deal/index.html
[ log ] localhost/xiangmu/public/admin/deal/index.html [运行时间：0.128008s][吞吐率：7.81req/s] [内存消耗：1,313.80kb] [文件加载：39]
[ info ] [ LANG ] G:\wamp\www\xiangmu\thinkphp\lang\zh-cn.php
[ info ] [ ROUTE ] array (
  'type' => 'module',
  'module' => 
  array (
    0 => 'admin',
    1 => 'deal',
    2 => 'index',
  ),
)
[ info ] [ HEADER ] array (
  'host' => 'localhost',
  'connection' => 'keep-alive',
  'upgrade-insecure-requests' => '1',
  'user-agent' => 'Mozilla/5.0 (Windows NT 6.1; WOW64) AppleWebKit/537.36 (KHTML, like Gecko) Chrome/61.0.3163.100 Safari/537.36',
  'accept' => 'text/html,application/xhtml+xml,application/xml;q=0.9,image/webp,image/apng,*/*;q=0.8',
  'referer' => 'http://localhost/xiangmu/public/admin/index/index.html',
  'accept-encoding' => 'gzip, deflate, br',
  'accept-language' => 'zh-CN,zh;q=0.8,ja;q=0.6',
  'cookie' => 'pgv_pvi=4656165888; Phpstorm-d94e29df=073d5d47-d625-471e-98d5-737a35e21801; Huiskin=default; PHPSESSID=n9pk54fp9l3egvkdptjckpt9a3',
)
[ info ] [ PARAM ] array (
)
[ info ] [ LOG ] INIT File

---------------------------------------------------------------
[ 2017-10-22T18:07:41+08:00 ] ::1 ::1 GET /xiangmu/public/admin/featured/add.html
[ log ] localhost/xiangmu/public/admin/featured/add.html [运行时间：0.173010s][吞吐率：5.78req/s] [内存消耗：1,313.80kb] [文件加载：39]
[ info ] [ LANG ] G:\wamp\www\xiangmu\thinkphp\lang\zh-cn.php
[ info ] [ ROUTE ] array (
  'type' => 'module',
  'module' => 
  array (
    0 => 'admin',
    1 => 'featured',
    2 => 'add',
  ),
)
[ info ] [ HEADER ] array (
  'host' => 'localhost',
  'connection' => 'keep-alive',
  'upgrade-insecure-requests' => '1',
  'user-agent' => 'Mozilla/5.0 (Windows NT 6.1; WOW64) AppleWebKit/537.36 (KHTML, like Gecko) Chrome/61.0.3163.100 Safari/537.36',
  'accept' => 'text/html,application/xhtml+xml,application/xml;q=0.9,image/webp,image/apng,*/*;q=0.8',
  'referer' => 'http://localhost/xiangmu/public/admin/index/index.html',
  'accept-encoding' => 'gzip, deflate, br',
  'accept-language' => 'zh-CN,zh;q=0.8,ja;q=0.6',
  'cookie' => 'pgv_pvi=4656165888; Phpstorm-d94e29df=073d5d47-d625-471e-98d5-737a35e21801; Huiskin=default; PHPSESSID=n9pk54fp9l3egvkdptjckpt9a3',
)
[ info ] [ PARAM ] array (
)
[ info ] [ LOG ] INIT File

---------------------------------------------------------------
[ 2017-10-22T18:07:42+08:00 ] ::1 ::1 GET /xiangmu/public/admin/featured/index.html
[ log ] localhost/xiangmu/public/admin/featured/index.html [运行时间：0.110006s][吞吐率：9.09req/s] [内存消耗：1,313.84kb] [文件加载：39]
[ info ] [ LANG ] G:\wamp\www\xiangmu\thinkphp\lang\zh-cn.php
[ info ] [ ROUTE ] array (
  'type' => 'module',
  'module' => 
  array (
    0 => 'admin',
    1 => 'featured',
    2 => 'index',
  ),
)
[ info ] [ HEADER ] array (
  'host' => 'localhost',
  'connection' => 'keep-alive',
  'upgrade-insecure-requests' => '1',
  'user-agent' => 'Mozilla/5.0 (Windows NT 6.1; WOW64) AppleWebKit/537.36 (KHTML, like Gecko) Chrome/61.0.3163.100 Safari/537.36',
  'accept' => 'text/html,application/xhtml+xml,application/xml;q=0.9,image/webp,image/apng,*/*;q=0.8',
  'referer' => 'http://localhost/xiangmu/public/admin/index/index.html',
  'accept-encoding' => 'gzip, deflate, br',
  'accept-language' => 'zh-CN,zh;q=0.8,ja;q=0.6',
  'cookie' => 'pgv_pvi=4656165888; Phpstorm-d94e29df=073d5d47-d625-471e-98d5-737a35e21801; Huiskin=default; PHPSESSID=n9pk54fp9l3egvkdptjckpt9a3',
)
[ info ] [ PARAM ] array (
)
[ info ] [ LOG ] INIT File

---------------------------------------------------------------
[ 2017-10-22T18:08:05+08:00 ] ::1 ::1 GET /xiangmu/public/admin/deal/apply.html
[ log ] localhost/xiangmu/public/admin/deal/apply.html [运行时间：0.144008s][吞吐率：6.94req/s] [内存消耗：1,313.80kb] [文件加载：39]
[ info ] [ LANG ] G:\wamp\www\xiangmu\thinkphp\lang\zh-cn.php
[ info ] [ ROUTE ] array (
  'type' => 'module',
  'module' => 
  array (
    0 => 'admin',
    1 => 'deal',
    2 => 'apply',
  ),
)
[ info ] [ HEADER ] array (
  'host' => 'localhost',
  'connection' => 'keep-alive',
  'upgrade-insecure-requests' => '1',
  'user-agent' => 'Mozilla/5.0 (Windows NT 6.1; WOW64) AppleWebKit/537.36 (KHTML, like Gecko) Chrome/61.0.3163.100 Safari/537.36',
  'accept' => 'text/html,application/xhtml+xml,application/xml;q=0.9,image/webp,image/apng,*/*;q=0.8',
  'referer' => 'http://localhost/xiangmu/public/admin/index/index.html',
  'accept-encoding' => 'gzip, deflate, br',
  'accept-language' => 'zh-CN,zh;q=0.8,ja;q=0.6',
  'cookie' => 'pgv_pvi=4656165888; Phpstorm-d94e29df=073d5d47-d625-471e-98d5-737a35e21801; Huiskin=default; PHPSESSID=n9pk54fp9l3egvkdptjckpt9a3',
)
[ info ] [ PARAM ] array (
)
[ info ] [ LOG ] INIT File

---------------------------------------------------------------
[ 2017-10-22T18:23:22+08:00 ] ::1 ::1 GET /xiangmu/public/admin/index/index.html
[ log ] localhost/xiangmu/public/admin/index/index.html [运行时间：0.227013s][吞吐率：4.41req/s] [内存消耗：2,074.47kb] [文件加载：50]
[ info ] [ LANG ] G:\wamp\www\xiangmu\thinkphp\lang\zh-cn.php
[ info ] [ ROUTE ] array (
  'type' => 'module',
  'module' => 
  array (
    0 => 'admin',
    1 => 'index',
    2 => 'index',
  ),
)
[ info ] [ HEADER ] array (
  'host' => 'localhost',
  'connection' => 'keep-alive',
  'cache-control' => 'max-age=0',
  'user-agent' => 'Mozilla/5.0 (Windows NT 6.1; WOW64) AppleWebKit/537.36 (KHTML, like Gecko) Chrome/61.0.3163.100 Safari/537.36',
  'upgrade-insecure-requests' => '1',
  'accept' => 'text/html,application/xhtml+xml,application/xml;q=0.9,image/webp,image/apng,*/*;q=0.8',
  'referer' => 'http://localhost/xiangmu/public/admin/login/index.html',
  'accept-encoding' => 'gzip, deflate, br',
  'accept-language' => 'zh-CN,zh;q=0.8,ja;q=0.6',
  'cookie' => 'pgv_pvi=4656165888; Phpstorm-d94e29df=073d5d47-d625-471e-98d5-737a35e21801; Huiskin=default; PHPSESSID=n9pk54fp9l3egvkdptjckpt9a3',
)
[ info ] [ PARAM ] array (
)
[ info ] [ SESSION ] INIT array (
  'id' => '',
  'var_session_id' => '',
  'prefix' => 'think',
  'type' => '',
  'auto_start' => true,
)
[ info ] [ RUN ] app\admin\controller\Index->index[ G:\wamp\www\xiangmu\application\admin\controller\Index.php ]
[ info ] [ VIEW ] G:\wamp\www\xiangmu\public/../application/admin\view\index\index.html [ array (
) ]
[ info ] [ LOG ] INIT File

---------------------------------------------------------------
[ 2017-10-22T18:23:22+08:00 ] ::1 ::1 GET /xiangmu/public/admin/index/welcome.html
[ log ] localhost/xiangmu/public/admin/index/welcome.html [运行时间：0.133008s][吞吐率：7.52req/s] [内存消耗：1,838.39kb] [文件加载：46]
[ info ] [ LANG ] G:\wamp\www\xiangmu\thinkphp\lang\zh-cn.php
[ info ] [ ROUTE ] array (
  'type' => 'module',
  'module' => 
  array (
    0 => 'admin',
    1 => 'index',
    2 => 'welcome',
  ),
)
[ info ] [ HEADER ] array (
  'host' => 'localhost',
  'connection' => 'keep-alive',
  'upgrade-insecure-requests' => '1',
  'user-agent' => 'Mozilla/5.0 (Windows NT 6.1; WOW64) AppleWebKit/537.36 (KHTML, like Gecko) Chrome/61.0.3163.100 Safari/537.36',
  'accept' => 'text/html,application/xhtml+xml,application/xml;q=0.9,image/webp,image/apng,*/*;q=0.8',
  'referer' => 'http://localhost/xiangmu/public/admin/index/index.html',
  'accept-encoding' => 'gzip, deflate, br',
  'accept-language' => 'zh-CN,zh;q=0.8,ja;q=0.6',
  'cookie' => 'pgv_pvi=4656165888; Phpstorm-d94e29df=073d5d47-d625-471e-98d5-737a35e21801; Huiskin=default; PHPSESSID=n9pk54fp9l3egvkdptjckpt9a3',
)
[ info ] [ PARAM ] array (
)
[ info ] [ SESSION ] INIT array (
  'id' => '',
  'var_session_id' => '',
  'prefix' => 'think',
  'type' => '',
  'auto_start' => true,
)
[ info ] [ RUN ] app\admin\controller\Index->welcome[ G:\wamp\www\xiangmu\application\admin\controller\Index.php ]
[ info ] [ LOG ] INIT File

---------------------------------------------------------------
