[ 2017-10-24T18:41:16+08:00 ] ::1 ::1 POST /xiangmu/public/admin/login/index.html
[ sql ] [ DB ] CONNECT:[ UseTime:0.030002s ] mysql:dbname=xinchu;host=localhost;port=3306;charset=utf8
[ sql ] [ SQL ] SHOW COLUMNS FROM `men_admin` [ RunTime:0.061003s ]
[ sql ] [ SQL ] SELECT * FROM `men_admin` WHERE  `username` = 'xinchumenye' LIMIT 1 [ RunTime:0.085005s ]

---------------------------------------------------------------
[ 2017-10-24T18:42:19+08:00 ] ::1 ::1 GET /xiangmu/public/admin/deal/index.html
[ sql ] [ DB ] CONNECT:[ UseTime:0.015001s ] mysql:dbname=xinchu;host=localhost;port=3306;charset=utf8
[ sql ] [ SQL ] SHOW COLUMNS FROM `men_ads` [ RunTime:0.033002s ]
[ sql ] [ SQL ] SELECT * FROM `men_ads` ORDER BY `id`  desc LIMIT 3 [ RunTime:0.002000s ]

---------------------------------------------------------------
[ 2017-10-24T18:42:29+08:00 ] ::1 ::1 GET /xiangmu/public/admin/category/index.html
[ sql ] [ DB ] CONNECT:[ UseTime:0.018001s ] mysql:dbname=xinchu;host=localhost;port=3306;charset=utf8
[ sql ] [ SQL ] SHOW COLUMNS FROM `men_product` [ RunTime:0.057003s ]
[ sql ] [ SQL ] SELECT * FROM `men_product` ORDER BY id desc [ RunTime:0.001000s ]

---------------------------------------------------------------
[ 2017-10-24T18:56:16+08:00 ] ::1 ::1 GET /xiangmu/public/admin/category/index.html
[ sql ] [ DB ] CONNECT:[ UseTime:0.015001s ] mysql:dbname=xinchu;host=localhost;port=3306;charset=utf8
[ sql ] [ SQL ] SHOW COLUMNS FROM `men_product` [ RunTime:0.027002s ]
[ sql ] [ SQL ] SELECT * FROM `men_product` ORDER BY id desc [ RunTime:0.002000s ]

---------------------------------------------------------------
[ 2017-10-24T19:04:33+08:00 ] ::1 ::1 GET /xiangmu/public/admin/deal/index.html
[ sql ] [ DB ] CONNECT:[ UseTime:0.032002s ] mysql:dbname=xinchu;host=localhost;port=3306;charset=utf8
[ sql ] [ SQL ] SHOW COLUMNS FROM `men_ads` [ RunTime:0.030002s ]
[ sql ] [ SQL ] SELECT * FROM `men_ads` ORDER BY `id`  desc LIMIT 3 [ RunTime:0.002000s ]

---------------------------------------------------------------
[ 2017-10-24T19:04:34+08:00 ] ::1 ::1 GET /xiangmu/public/admin/deal/index.html
[ sql ] [ DB ] CONNECT:[ UseTime:0.015001s ] mysql:dbname=xinchu;host=localhost;port=3306;charset=utf8
[ sql ] [ SQL ] SHOW COLUMNS FROM `men_ads` [ RunTime:0.029002s ]
[ sql ] [ SQL ] SELECT * FROM `men_ads` ORDER BY `id`  desc LIMIT 3 [ RunTime:0.003000s ]

---------------------------------------------------------------
[ 2017-10-24T19:49:19+08:00 ] ::1 ::1 GET /xiangmu/public/admin/deal/index.html
[ sql ] [ DB ] CONNECT:[ UseTime:0.006000s ] mysql:dbname=xinchu;host=localhost;port=3306;charset=utf8
[ sql ] [ SQL ] SHOW COLUMNS FROM `men_ads` [ RunTime:0.039002s ]
[ sql ] [ SQL ] SELECT * FROM `men_ads` ORDER BY `id`  desc LIMIT 3 [ RunTime:0.002000s ]

---------------------------------------------------------------
[ 2017-10-24T20:30:10+08:00 ] ::1 ::1 POST /xiangmu/public/admin/deal/upload.html
[ sql ] [ DB ] CONNECT:[ UseTime:0.016001s ] mysql:dbname=xinchu;host=localhost;port=3306;charset=utf8
[ sql ] [ SQL ] SHOW COLUMNS FROM `men_ads` [ RunTime:0.059003s ]
[ sql ] [ SQL ] INSERT INTO `men_ads` (`pic_path` , `filename`) VALUES ('G:\\wamp\\www\\xiangmu\\public\\lunbo\\20171024\\a9e68e4ad572d3b19efa95154e086a3f.jpg' , 'fewgafw') [ RunTime:0.080004s ]

---------------------------------------------------------------
[ 2017-10-24T20:30:33+08:00 ] ::1 ::1 GET /xiangmu/public/admin/deal/index.html
[ sql ] [ DB ] CONNECT:[ UseTime:0.006000s ] mysql:dbname=xinchu;host=localhost;port=3306;charset=utf8
[ sql ] [ SQL ] SHOW COLUMNS FROM `men_ads` [ RunTime:0.055003s ]
[ sql ] [ SQL ] SELECT * FROM `men_ads` ORDER BY `id`  desc LIMIT 3 [ RunTime:0.002000s ]

---------------------------------------------------------------
[ 2017-10-24T20:37:58+08:00 ] ::1 ::1 GET /xiangmu/public/admin/deal/index.html
[ sql ] [ DB ] CONNECT:[ UseTime:0.007001s ] mysql:dbname=xinchu;host=localhost;port=3306;charset=utf8
[ sql ] [ SQL ] SHOW COLUMNS FROM `men_ads` [ RunTime:0.057003s ]
[ sql ] [ SQL ] SELECT * FROM `men_ads` ORDER BY `id`  desc LIMIT 3 [ RunTime:0.003000s ]

---------------------------------------------------------------
[ 2017-10-24T20:38:00+08:00 ] ::1 ::1 GET /xiangmu/public/admin/deal/index.html
[ sql ] [ DB ] CONNECT:[ UseTime:0.006000s ] mysql:dbname=xinchu;host=localhost;port=3306;charset=utf8
[ sql ] [ SQL ] SHOW COLUMNS FROM `men_ads` [ RunTime:0.060004s ]
[ sql ] [ SQL ] SELECT * FROM `men_ads` ORDER BY `id`  desc LIMIT 3 [ RunTime:0.003000s ]

---------------------------------------------------------------
[ 2017-10-24T20:38:02+08:00 ] ::1 ::1 GET /xiangmu/public/admin/deal/index.html
[ sql ] [ DB ] CONNECT:[ UseTime:0.015001s ] mysql:dbname=xinchu;host=localhost;port=3306;charset=utf8
[ sql ] [ SQL ] SHOW COLUMNS FROM `men_ads` [ RunTime:0.052003s ]
[ sql ] [ SQL ] SELECT * FROM `men_ads` ORDER BY `id`  desc LIMIT 3 [ RunTime:0.003000s ]

---------------------------------------------------------------
[ 2017-10-24T20:42:08+08:00 ] ::1 ::1 GET /xiangmu/public/admin/deal/index.html
[ sql ] [ DB ] CONNECT:[ UseTime:0.006000s ] mysql:dbname=xinchu;host=localhost;port=3306;charset=utf8
[ sql ] [ SQL ] SHOW COLUMNS FROM `men_ads` [ RunTime:0.052003s ]
[ sql ] [ SQL ] SELECT * FROM `men_ads` ORDER BY `id`  desc LIMIT 3 [ RunTime:0.002000s ]

---------------------------------------------------------------
[ 2017-10-24T20:42:09+08:00 ] ::1 ::1 GET /xiangmu/public/admin/deal/index.html
[ sql ] [ DB ] CONNECT:[ UseTime:0.016001s ] mysql:dbname=xinchu;host=localhost;port=3306;charset=utf8
[ sql ] [ SQL ] SHOW COLUMNS FROM `men_ads` [ RunTime:0.052003s ]
[ sql ] [ SQL ] SELECT * FROM `men_ads` ORDER BY `id`  desc LIMIT 3 [ RunTime:0.003000s ]

---------------------------------------------------------------
[ 2017-10-24T20:42:56+08:00 ] ::1 ::1 GET /xiangmu/public/admin/deal/index.html
[ sql ] [ DB ] CONNECT:[ UseTime:0.017001s ] mysql:dbname=xinchu;host=localhost;port=3306;charset=utf8
[ sql ] [ SQL ] SHOW COLUMNS FROM `men_ads` [ RunTime:0.052003s ]
[ sql ] [ SQL ] SELECT * FROM `men_ads` ORDER BY `id`  desc LIMIT 3 [ RunTime:0.003000s ]

---------------------------------------------------------------
[ 2017-10-24T20:43:51+08:00 ] ::1 ::1 GET /xiangmu/public/admin/deal/index.html
[ sql ] [ DB ] CONNECT:[ UseTime:0.016001s ] mysql:dbname=xinchu;host=localhost;port=3306;charset=utf8
[ sql ] [ SQL ] SHOW COLUMNS FROM `men_ads` [ RunTime:0.055003s ]
[ sql ] [ SQL ] SELECT * FROM `men_ads` ORDER BY `id`  desc LIMIT 3 [ RunTime:0.002000s ]

---------------------------------------------------------------
[ 2017-10-24T20:44:16+08:00 ] ::1 ::1 GET /xiangmu/public/admin/deal/index.html
[ sql ] [ DB ] CONNECT:[ UseTime:0.016001s ] mysql:dbname=xinchu;host=localhost;port=3306;charset=utf8
[ sql ] [ SQL ] SHOW COLUMNS FROM `men_ads` [ RunTime:0.079005s ]
[ sql ] [ SQL ] SELECT * FROM `men_ads` ORDER BY `id`  desc LIMIT 3 [ RunTime:0.002000s ]

---------------------------------------------------------------
[ 2017-10-24T21:00:33+08:00 ] ::1 ::1 GET /xiangmu/public/admin/deal/index.html
[ sql ] [ DB ] CONNECT:[ UseTime:0.006001s ] mysql:dbname=xinchu;host=localhost;port=3306;charset=utf8
[ sql ] [ SQL ] SHOW COLUMNS FROM `men_ads` [ RunTime:0.102006s ]
[ sql ] [ SQL ] SELECT * FROM `men_ads` ORDER BY `id`  desc LIMIT 3 [ RunTime:0.002000s ]

---------------------------------------------------------------
[ 2017-10-24T21:01:51+08:00 ] ::1 ::1 GET /xiangmu/public/admin/deal/index.html
[ sql ] [ DB ] CONNECT:[ UseTime:0.006000s ] mysql:dbname=xinchu;host=localhost;port=3306;charset=utf8
[ sql ] [ SQL ] SHOW COLUMNS FROM `men_ads` [ RunTime:0.053003s ]
[ sql ] [ SQL ] SELECT * FROM `men_ads` ORDER BY `id`  desc LIMIT 3 [ RunTime:0.002001s ]

---------------------------------------------------------------
[ 2017-10-24T21:04:07+08:00 ] ::1 ::1 GET /xiangmu/public/admin/deal/index.html
[ sql ] [ DB ] CONNECT:[ UseTime:0.008001s ] mysql:dbname=xinchu;host=localhost;port=3306;charset=utf8
[ sql ] [ SQL ] SHOW COLUMNS FROM `men_ads` [ RunTime:0.062004s ]
[ sql ] [ SQL ] SELECT * FROM `men_ads` ORDER BY `id`  desc LIMIT 3 [ RunTime:0.002000s ]

---------------------------------------------------------------
[ 2017-10-24T21:04:07+08:00 ] ::1 ::1 GET /xiangmu/public/admin/deal/index.html
[ sql ] [ DB ] CONNECT:[ UseTime:0.006000s ] mysql:dbname=xinchu;host=localhost;port=3306;charset=utf8
[ sql ] [ SQL ] SHOW COLUMNS FROM `men_ads` [ RunTime:0.042003s ]
[ sql ] [ SQL ] SELECT * FROM `men_ads` ORDER BY `id`  desc LIMIT 3 [ RunTime:0.001000s ]

---------------------------------------------------------------
[ 2017-10-24T21:04:08+08:00 ] ::1 ::1 GET /xiangmu/public/admin/deal/index.html
[ sql ] [ DB ] CONNECT:[ UseTime:0.008001s ] mysql:dbname=xinchu;host=localhost;port=3306;charset=utf8
[ sql ] [ SQL ] SHOW COLUMNS FROM `men_ads` [ RunTime:0.079004s ]
[ sql ] [ SQL ] SELECT * FROM `men_ads` ORDER BY `id`  desc LIMIT 3 [ RunTime:0.002001s ]

---------------------------------------------------------------
[ 2017-10-24T21:04:11+08:00 ] ::1 ::1 GET /xiangmu/public/admin/deal/index.html
[ sql ] [ DB ] CONNECT:[ UseTime:0.006001s ] mysql:dbname=xinchu;host=localhost;port=3306;charset=utf8
[ sql ] [ SQL ] SHOW COLUMNS FROM `men_ads` [ RunTime:0.044002s ]
[ sql ] [ SQL ] SELECT * FROM `men_ads` ORDER BY `id`  desc LIMIT 3 [ RunTime:0.001000s ]

---------------------------------------------------------------
[ 2017-10-24T21:07:59+08:00 ] ::1 ::1 GET /xiangmu/public/admin/deal/index.html
[ sql ] [ DB ] CONNECT:[ UseTime:0.007000s ] mysql:dbname=xinchu;host=localhost;port=3306;charset=utf8
[ sql ] [ SQL ] SHOW COLUMNS FROM `men_ads` [ RunTime:0.049003s ]
[ sql ] [ SQL ] SELECT * FROM `men_ads` ORDER BY `id`  desc LIMIT 3 [ RunTime:0.002000s ]

---------------------------------------------------------------
[ 2017-10-24T21:08:03+08:00 ] ::1 ::1 GET /xiangmu/public/admin/deal/index.html
[ sql ] [ DB ] CONNECT:[ UseTime:0.006000s ] mysql:dbname=xinchu;host=localhost;port=3306;charset=utf8
[ sql ] [ SQL ] SHOW COLUMNS FROM `men_ads` [ RunTime:0.055003s ]
[ sql ] [ SQL ] SELECT * FROM `men_ads` ORDER BY `id`  desc LIMIT 3 [ RunTime:0.002000s ]

---------------------------------------------------------------
[ 2017-10-24T21:12:59+08:00 ] ::1 ::1 GET /xiangmu/public/admin/deal/index.html
[ sql ] [ DB ] CONNECT:[ UseTime:0.014001s ] mysql:dbname=xinchu;host=localhost;port=3306;charset=utf8
[ sql ] [ SQL ] SHOW COLUMNS FROM `men_ads` [ RunTime:0.069004s ]
[ sql ] [ SQL ] SELECT * FROM `men_ads` ORDER BY `id`  desc LIMIT 3 [ RunTime:0.002001s ]

---------------------------------------------------------------
[ 2017-10-24T21:16:51+08:00 ] ::1 ::1 GET /xiangmu/public/admin/category/index.html
[ sql ] [ DB ] CONNECT:[ UseTime:0.032002s ] mysql:dbname=xinchu;host=localhost;port=3306;charset=utf8
[ sql ] [ SQL ] SHOW COLUMNS FROM `men_product` [ RunTime:0.051003s ]
[ sql ] [ SQL ] SELECT * FROM `men_product` ORDER BY id desc [ RunTime:0.003000s ]

---------------------------------------------------------------
[ 2017-10-24T21:16:54+08:00 ] ::1 ::1 GET /xiangmu/public/admin/deal/index.html
[ sql ] [ DB ] CONNECT:[ UseTime:0.015001s ] mysql:dbname=xinchu;host=localhost;port=3306;charset=utf8
[ sql ] [ SQL ] SHOW COLUMNS FROM `men_ads` [ RunTime:0.047003s ]
[ sql ] [ SQL ] SELECT * FROM `men_ads` ORDER BY `id`  desc LIMIT 3 [ RunTime:0.002000s ]

---------------------------------------------------------------
[ 2017-10-24T21:19:48+08:00 ] ::1 ::1 GET /xiangmu/public/admin/deal/index.html
[ sql ] [ DB ] CONNECT:[ UseTime:0.018002s ] mysql:dbname=xinchu;host=localhost;port=3306;charset=utf8
[ sql ] [ SQL ] SHOW COLUMNS FROM `men_ads` [ RunTime:0.063003s ]
[ sql ] [ SQL ] SELECT * FROM `men_ads` ORDER BY `id`  desc LIMIT 3 [ RunTime:0.002001s ]

---------------------------------------------------------------
[ 2017-10-24T21:19:49+08:00 ] ::1 ::1 GET /xiangmu/public/admin/deal/index.html
[ sql ] [ DB ] CONNECT:[ UseTime:0.008001s ] mysql:dbname=xinchu;host=localhost;port=3306;charset=utf8
[ sql ] [ SQL ] SHOW COLUMNS FROM `men_ads` [ RunTime:0.058003s ]
[ sql ] [ SQL ] SELECT * FROM `men_ads` ORDER BY `id`  desc LIMIT 3 [ RunTime:0.002000s ]

---------------------------------------------------------------
[ 2017-10-24T21:20:30+08:00 ] ::1 ::1 GET /xiangmu/public/admin/deal/index.html
[ sql ] [ DB ] CONNECT:[ UseTime:0.004000s ] mysql:dbname=xinchu;host=localhost;port=3306;charset=utf8
[ sql ] [ SQL ] SHOW COLUMNS FROM `men_ads` [ RunTime:0.038002s ]
[ sql ] [ SQL ] SELECT * FROM `men_ads` ORDER BY `id`  desc LIMIT 3 [ RunTime:0.002000s ]

---------------------------------------------------------------
[ 2017-10-24T21:23:18+08:00 ] ::1 ::1 GET /xiangmu/public/admin/deal/index.html
[ sql ] [ DB ] CONNECT:[ UseTime:0.007001s ] mysql:dbname=xinchu;host=localhost;port=3306;charset=utf8
[ sql ] [ SQL ] SHOW COLUMNS FROM `men_ads` [ RunTime:0.057003s ]
[ sql ] [ SQL ] SELECT * FROM `men_ads` ORDER BY `id`  desc LIMIT 3 [ RunTime:0.002001s ]

---------------------------------------------------------------
[ 2017-10-24T21:23:36+08:00 ] ::1 ::1 GET /xiangmu/public/admin/deal/index.html
[ sql ] [ DB ] CONNECT:[ UseTime:0.008000s ] mysql:dbname=xinchu;host=localhost;port=3306;charset=utf8
[ sql ] [ SQL ] SHOW COLUMNS FROM `men_ads` [ RunTime:0.052003s ]
[ sql ] [ SQL ] SELECT * FROM `men_ads` ORDER BY `id`  desc LIMIT 3 [ RunTime:0.002000s ]

---------------------------------------------------------------
[ 2017-10-24T21:23:38+08:00 ] ::1 ::1 GET /xiangmu/public/admin/deal/del.html?id=1
[ sql ] [ DB ] CONNECT:[ UseTime:0.007000s ] mysql:dbname=xinchu;host=localhost;port=3306;charset=utf8
[ sql ] [ SQL ] SHOW COLUMNS FROM `men_ads` [ RunTime:0.054003s ]
[ sql ] [ SQL ] DELETE FROM `men_ads`    WHERE  `id` = 1 [ RunTime:0.103006s ]

---------------------------------------------------------------
[ 2017-10-24T21:23:41+08:00 ] ::1 ::1 GET /xiangmu/public/admin/deal/index.html
[ sql ] [ DB ] CONNECT:[ UseTime:0.005000s ] mysql:dbname=xinchu;host=localhost;port=3306;charset=utf8
[ sql ] [ SQL ] SHOW COLUMNS FROM `men_ads` [ RunTime:0.048003s ]
[ sql ] [ SQL ] SELECT * FROM `men_ads` ORDER BY `id`  desc LIMIT 3 [ RunTime:0.002000s ]

---------------------------------------------------------------
[ 2017-10-24T21:25:01+08:00 ] ::1 ::1 POST /xiangmu/public/admin/deal/upload.html
[ sql ] [ DB ] CONNECT:[ UseTime:0.006000s ] mysql:dbname=xinchu;host=localhost;port=3306;charset=utf8
[ sql ] [ SQL ] SHOW COLUMNS FROM `men_ads` [ RunTime:0.053003s ]
[ sql ] [ SQL ] INSERT INTO `men_ads` (`pic_path` , `filename`) VALUES ('G:\\wamp\\www\\xiangmu\\public\\lunbo\\20171024\\83e8ddcce78f9657b4b7fefd84f7b69f.png' , 'eshsr') [ RunTime:0.088005s ]

---------------------------------------------------------------
[ 2017-10-24T21:33:03+08:00 ] ::1 ::1 GET /xiangmu/public/admin/deal/index.html
[ sql ] [ DB ] CONNECT:[ UseTime:0.016001s ] mysql:dbname=xinchu;host=localhost;port=3306;charset=utf8
[ sql ] [ SQL ] SHOW COLUMNS FROM `men_ads` [ RunTime:0.050003s ]
[ sql ] [ SQL ] SELECT * FROM `men_ads` ORDER BY `id`  desc LIMIT 3 [ RunTime:0.002000s ]

---------------------------------------------------------------
[ 2017-10-24T21:33:32+08:00 ] ::1 ::1 POST /xiangmu/public/admin/deal/upload.html
[ sql ] [ DB ] CONNECT:[ UseTime:0.006001s ] mysql:dbname=xinchu;host=localhost;port=3306;charset=utf8
[ sql ] [ SQL ] SHOW COLUMNS FROM `men_ads` [ RunTime:0.047002s ]
[ sql ] [ SQL ] INSERT INTO `men_ads` (`pic_path` , `filename`) VALUES ('G:\\wamp\\www\\xiangmu\\public\\lunbo\\20171024\\10a950f7b771e66f49f1f3040d0699de.jpg' , 'htrhrt') [ RunTime:0.062003s ]

---------------------------------------------------------------
[ 2017-10-24T21:33:34+08:00 ] ::1 ::1 GET /xiangmu/public/admin/deal/index.html
[ sql ] [ DB ] CONNECT:[ UseTime:0.006001s ] mysql:dbname=xinchu;host=localhost;port=3306;charset=utf8
[ sql ] [ SQL ] SHOW COLUMNS FROM `men_ads` [ RunTime:0.049003s ]
[ sql ] [ SQL ] SELECT * FROM `men_ads` ORDER BY `id`  desc LIMIT 3 [ RunTime:0.002000s ]

---------------------------------------------------------------
[ 2017-10-24T21:33:40+08:00 ] ::1 ::1 GET /xiangmu/public/admin/deal/index.html
[ sql ] [ DB ] CONNECT:[ UseTime:0.017001s ] mysql:dbname=xinchu;host=localhost;port=3306;charset=utf8
[ sql ] [ SQL ] SHOW COLUMNS FROM `men_ads` [ RunTime:0.049003s ]
[ sql ] [ SQL ] SELECT * FROM `men_ads` ORDER BY `id`  desc LIMIT 3 [ RunTime:0.003000s ]

---------------------------------------------------------------
[ 2017-10-24T21:33:45+08:00 ] ::1 ::1 GET /xiangmu/public/admin/deal/del.html?id=2
[ sql ] [ DB ] CONNECT:[ UseTime:0.006000s ] mysql:dbname=xinchu;host=localhost;port=3306;charset=utf8
[ sql ] [ SQL ] SHOW COLUMNS FROM `men_ads` [ RunTime:0.051003s ]
[ sql ] [ SQL ] SELECT * FROM `men_ads` WHERE  `id` = 2 LIMIT 1 [ RunTime:0.003001s ]
[ sql ] [ SQL ] DELETE FROM `men_ads`    WHERE  `id` = 2 [ RunTime:0.072004s ]

---------------------------------------------------------------
[ 2017-10-24T21:34:38+08:00 ] ::1 ::1 GET /xiangmu/public/admin/deal/index.html
[ sql ] [ DB ] CONNECT:[ UseTime:0.007000s ] mysql:dbname=xinchu;host=localhost;port=3306;charset=utf8
[ sql ] [ SQL ] SHOW COLUMNS FROM `men_ads` [ RunTime:0.050003s ]
[ sql ] [ SQL ] SELECT * FROM `men_ads` ORDER BY `id`  desc LIMIT 3 [ RunTime:0.002000s ]

---------------------------------------------------------------
