[ 2017-10-25T18:38:31+08:00 ] ::1 ::1 GET /xiangmu/public/admin/category/add.html
[ error ] [8]未定义变量: categorys[G:\wamp\www\xiangmu\application\admin\controller\Category.php:35]

---------------------------------------------------------------
[ 2017-10-25T18:38:33+08:00 ] ::1 ::1 GET /xiangmu/public/admin/category/index.html
[ error ] [42S02]SQLSTATE[42S02]: Base table or view not found: 1146 La table 'xinchu.men_dingdan' n'existe pas[G:\wamp\www\xiangmu\thinkphp\library\think\db\connector\Mysql.php:60]

---------------------------------------------------------------
[ 2017-10-25T18:40:07+08:00 ] ::1 ::1 GET /xiangmu/public/admin/deal/del.html?id=3
[ error ] [2]unlink(G:\wamp\www\xiangmu\public\lunbo\20171024\10a950f7): No such file or directory[G:\wamp\www\xiangmu\application\admin\controller\Deal.php:38]

---------------------------------------------------------------
[ 2017-10-25T18:53:30+08:00 ] ::1 ::1 POST /xiangmu/public/admin/deal/upload.html
[ error ] [8]未定义变量: getInfo[G:\wamp\www\xiangmu\application\admin\controller\Deal.php:61]

---------------------------------------------------------------
[ 2017-10-25T19:04:34+08:00 ] ::1 ::1 GET /xiangmu/public/admin/deal/index.html
[ error ] [4]语法错误: unexpected 'savename' (T_STRING), expecting ',' or ';'[G:\wamp\www\xiangmu\runtime\temp\a68d733598e1137a0789bc475c5bbac7.php:50]

---------------------------------------------------------------
[ 2017-10-25T19:05:11+08:00 ] ::1 ::1 GET /xiangmu/public/admin/deal/index.html
[ error ] [4]语法错误: unexpected 'savename' (T_STRING), expecting ',' or ';'[G:\wamp\www\xiangmu\runtime\temp\a68d733598e1137a0789bc475c5bbac7.php:50]

---------------------------------------------------------------
[ 2017-10-25T19:06:46+08:00 ] ::1 ::1 GET /xiangmu/public/admin/deal/index.html
[ error ] [4]语法错误: unexpected 'savename' (T_STRING), expecting ',' or ';'[G:\wamp\www\xiangmu\runtime\temp\a68d733598e1137a0789bc475c5bbac7.php:50]

---------------------------------------------------------------
[ 2017-10-25T19:19:43+08:00 ] ::1 ::1 GET /xiangmu/public/admin/category/add.html
[ error ] [8]未定义变量: categorys[G:\wamp\www\xiangmu\application\admin\controller\Category.php:35]

---------------------------------------------------------------
[ 2017-10-25T19:19:44+08:00 ] ::1 ::1 GET /xiangmu/public/admin/category/index.html
[ error ] [42S02]SQLSTATE[42S02]: Base table or view not found: 1146 La table 'xinchu.men_dingdan' n'existe pas[G:\wamp\www\xiangmu\thinkphp\library\think\db\connector\Mysql.php:60]

---------------------------------------------------------------
[ 2017-10-25T19:19:45+08:00 ] ::1 ::1 GET /xiangmu/public/admin/category/add.html
[ error ] [8]未定义变量: categorys[G:\wamp\www\xiangmu\application\admin\controller\Category.php:35]

---------------------------------------------------------------
[ 2017-10-25T19:32:19+08:00 ] ::1 ::1 GET /xiangmu/public/admin/category/index.html
[ error ] [42S02]SQLSTATE[42S02]: Base table or view not found: 1146 La table 'xinchu.men_dingdan' n'existe pas[G:\wamp\www\xiangmu\thinkphp\library\think\db\connector\Mysql.php:60]

---------------------------------------------------------------
[ 2017-10-25T19:32:19+08:00 ] ::1 ::1 GET /xiangmu/public/admin/category/add.html
[ error ] [8]未定义变量: categorys[G:\wamp\www\xiangmu\application\admin\controller\Category.php:35]

---------------------------------------------------------------
[ 2017-10-25T19:32:30+08:00 ] ::1 ::1 GET /xiangmu/public/admin/category/add.html
[ error ] [8]未定义变量: categorys[G:\wamp\www\xiangmu\application\admin\controller\Category.php:35]

---------------------------------------------------------------
[ 2017-10-25T19:32:31+08:00 ] ::1 ::1 GET /xiangmu/public/admin/category/index.html
[ error ] [42S02]SQLSTATE[42S02]: Base table or view not found: 1146 La table 'xinchu.men_dingdan' n'existe pas[G:\wamp\www\xiangmu\thinkphp\library\think\db\connector\Mysql.php:60]

---------------------------------------------------------------
[ 2017-10-25T19:32:31+08:00 ] ::1 ::1 GET /xiangmu/public/admin/category/add.html
[ error ] [8]未定义变量: categorys[G:\wamp\www\xiangmu\application\admin\controller\Category.php:35]

---------------------------------------------------------------
[ 2017-10-25T19:52:37+08:00 ] ::1 ::1 GET /xiangmu/public/admin/category/add.html
[ error ] [8]未定义数组索引: item[G:\wamp\www\xiangmu\thinkphp\library\think\template\taglib\Cx.php:146]

---------------------------------------------------------------
[ 2017-10-25T19:54:14+08:00 ] ::1 ::1 GET /xiangmu/public/admin/category/add.html
[ error ] [8]未定义数组索引: item[G:\wamp\www\xiangmu\thinkphp\library\think\template\taglib\Cx.php:146]

---------------------------------------------------------------
[ 2017-10-25T19:54:15+08:00 ] ::1 ::1 GET /xiangmu/public/admin/category/index.html
[ error ] [42S02]SQLSTATE[42S02]: Base table or view not found: 1146 La table 'xinchu.men_dingdan' n'existe pas[G:\wamp\www\xiangmu\thinkphp\library\think\db\connector\Mysql.php:60]

---------------------------------------------------------------
[ 2017-10-25T19:54:16+08:00 ] ::1 ::1 GET /xiangmu/public/admin/category/add.html
[ error ] [8]未定义数组索引: item[G:\wamp\www\xiangmu\thinkphp\library\think\template\taglib\Cx.php:146]

---------------------------------------------------------------
[ 2017-10-25T19:54:20+08:00 ] ::1 ::1 GET /xiangmu/public/admin/category/add.html
[ error ] [8]未定义变量: categorys[G:\wamp\www\xiangmu\runtime\temp\2dd4b2c75060e79fe24c51586a1c2262.php:48]

---------------------------------------------------------------
[ 2017-10-25T21:21:44+08:00 ] ::1 ::1 GET /xiangmu/public/admin/category/index.html
[ error ] [42S02]SQLSTATE[42S02]: Base table or view not found: 1146 La table 'xinchu.men_dingdan' n'existe pas[G:\wamp\www\xiangmu\thinkphp\library\think\db\connector\Mysql.php:60]

---------------------------------------------------------------
