[ 2017-12-02T00:25:46+08:00 ] 172.17.195.153 114.215.45.101 GET /
[ sql ] [ DB ] CONNECT:[ UseTime:0.000239s ] mysql:dbname=xinchu;host=localhost;port=3306;charset=utf8
[ sql ] [ SQL ] SHOW COLUMNS FROM `men_ads` [ RunTime:0.000711s ]
[ sql ] [ SQL ] SELECT * FROM `men_ads` [ RunTime:0.000166s ]
[ sql ] [ SQL ] SHOW COLUMNS FROM `men_series` [ RunTime:0.000448s ]
[ sql ] [ SQL ] SELECT * FROM `men_series` [ RunTime:0.000136s ]
[ sql ] [ SQL ] SHOW COLUMNS FROM `men_news` [ RunTime:0.000421s ]
[ sql ] [ SQL ] SELECT * FROM `men_news` [ RunTime:0.000136s ]
[ sql ] [ SQL ] SELECT * FROM `men_series` LIMIT 1 [ RunTime:0.000101s ]
[ sql ] [ SQL ] SHOW COLUMNS FROM `men_product` [ RunTime:0.000415s ]
[ sql ] [ SQL ] SELECT * FROM `men_product` WHERE  `recommend` = 1  AND `category` = '反凹凸系列' ORDER BY id desc LIMIT 4 [ RunTime:0.000234s ]
[ sql ] [ SQL ] SHOW COLUMNS FROM `men_quality` [ RunTime:0.000410s ]
[ sql ] [ SQL ] SELECT * FROM `men_quality` ORDER BY id desc [ RunTime:0.000157s ]
[ sql ] [ SQL ] SELECT * FROM `men_quality` WHERE  `id` = 9 LIMIT 1 [ RunTime:0.000140s ]
[ sql ] [ SQL ] SELECT * FROM `men_quality` WHERE  `id` = 8 LIMIT 1 [ RunTime:0.000121s ]
[ sql ] [ SQL ] SELECT * FROM `men_quality` WHERE  `id` = 7 LIMIT 1 [ RunTime:0.000117s ]
[ sql ] [ SQL ] SELECT * FROM `men_news` ORDER BY id desc LIMIT 8 [ RunTime:0.000122s ]
[ sql ] [ SQL ] SHOW COLUMNS FROM `men_link` [ RunTime:0.000410s ]
[ sql ] [ SQL ] SELECT * FROM `men_link` [ RunTime:0.000120s ]

---------------------------------------------------------------
[ 2017-12-02T00:34:13+08:00 ] 172.17.195.153 139.162.114.70 GET /
[ sql ] [ DB ] CONNECT:[ UseTime:0.000284s ] mysql:dbname=xinchu;host=localhost;port=3306;charset=utf8
[ sql ] [ SQL ] SHOW COLUMNS FROM `men_ads` [ RunTime:0.000631s ]
[ sql ] [ SQL ] SELECT * FROM `men_ads` [ RunTime:0.000183s ]
[ sql ] [ SQL ] SHOW COLUMNS FROM `men_series` [ RunTime:0.000403s ]
[ sql ] [ SQL ] SELECT * FROM `men_series` [ RunTime:0.000128s ]
[ sql ] [ SQL ] SHOW COLUMNS FROM `men_news` [ RunTime:0.000437s ]
[ sql ] [ SQL ] SELECT * FROM `men_news` [ RunTime:0.000125s ]
[ sql ] [ SQL ] SELECT * FROM `men_series` LIMIT 1 [ RunTime:0.000101s ]
[ sql ] [ SQL ] SHOW COLUMNS FROM `men_product` [ RunTime:0.000425s ]
[ sql ] [ SQL ] SELECT * FROM `men_product` WHERE  `recommend` = 1  AND `category` = '反凹凸系列' ORDER BY id desc LIMIT 4 [ RunTime:0.000221s ]
[ sql ] [ SQL ] SHOW COLUMNS FROM `men_quality` [ RunTime:0.000404s ]
[ sql ] [ SQL ] SELECT * FROM `men_quality` ORDER BY id desc [ RunTime:0.000122s ]
[ sql ] [ SQL ] SELECT * FROM `men_quality` WHERE  `id` = 9 LIMIT 1 [ RunTime:0.000130s ]
[ sql ] [ SQL ] SELECT * FROM `men_quality` WHERE  `id` = 8 LIMIT 1 [ RunTime:0.000116s ]
[ sql ] [ SQL ] SELECT * FROM `men_quality` WHERE  `id` = 7 LIMIT 1 [ RunTime:0.000137s ]
[ sql ] [ SQL ] SELECT * FROM `men_news` ORDER BY id desc LIMIT 8 [ RunTime:0.000111s ]
[ sql ] [ SQL ] SHOW COLUMNS FROM `men_link` [ RunTime:0.000371s ]
[ sql ] [ SQL ] SELECT * FROM `men_link` [ RunTime:0.000116s ]

---------------------------------------------------------------
[ 2017-12-02T04:46:52+08:00 ] 172.17.195.153 183.128.220.33 GET /
[ sql ] [ DB ] CONNECT:[ UseTime:0.000214s ] mysql:dbname=xinchu;host=localhost;port=3306;charset=utf8
[ sql ] [ SQL ] SHOW COLUMNS FROM `men_ads` [ RunTime:0.000617s ]
[ sql ] [ SQL ] SELECT * FROM `men_ads` [ RunTime:0.000154s ]
[ sql ] [ SQL ] SHOW COLUMNS FROM `men_series` [ RunTime:0.000397s ]
[ sql ] [ SQL ] SELECT * FROM `men_series` [ RunTime:0.000122s ]
[ sql ] [ SQL ] SHOW COLUMNS FROM `men_news` [ RunTime:0.000366s ]
[ sql ] [ SQL ] SELECT * FROM `men_news` [ RunTime:0.000130s ]
[ sql ] [ SQL ] SELECT * FROM `men_series` LIMIT 1 [ RunTime:0.000100s ]
[ sql ] [ SQL ] SHOW COLUMNS FROM `men_product` [ RunTime:0.000364s ]
[ sql ] [ SQL ] SELECT * FROM `men_product` WHERE  `recommend` = 1  AND `category` = '反凹凸系列' ORDER BY id desc LIMIT 4 [ RunTime:0.000219s ]
[ sql ] [ SQL ] SHOW COLUMNS FROM `men_quality` [ RunTime:0.000363s ]
[ sql ] [ SQL ] SELECT * FROM `men_quality` ORDER BY id desc [ RunTime:0.000117s ]
[ sql ] [ SQL ] SELECT * FROM `men_quality` WHERE  `id` = 9 LIMIT 1 [ RunTime:0.000139s ]
[ sql ] [ SQL ] SELECT * FROM `men_quality` WHERE  `id` = 8 LIMIT 1 [ RunTime:0.000120s ]
[ sql ] [ SQL ] SELECT * FROM `men_quality` WHERE  `id` = 7 LIMIT 1 [ RunTime:0.000111s ]
[ sql ] [ SQL ] SELECT * FROM `men_news` ORDER BY id desc LIMIT 8 [ RunTime:0.000104s ]
[ sql ] [ SQL ] SHOW COLUMNS FROM `men_link` [ RunTime:0.000385s ]
[ sql ] [ SQL ] SELECT * FROM `men_link` [ RunTime:0.000115s ]

---------------------------------------------------------------
[ 2017-12-02T04:47:19+08:00 ] 172.17.195.153 221.11.20.174 GET /
[ sql ] [ DB ] CONNECT:[ UseTime:0.000223s ] mysql:dbname=xinchu;host=localhost;port=3306;charset=utf8
[ sql ] [ SQL ] SHOW COLUMNS FROM `men_ads` [ RunTime:0.000618s ]
[ sql ] [ SQL ] SELECT * FROM `men_ads` [ RunTime:0.000157s ]
[ sql ] [ SQL ] SHOW COLUMNS FROM `men_series` [ RunTime:0.000371s ]
[ sql ] [ SQL ] SELECT * FROM `men_series` [ RunTime:0.000130s ]
[ sql ] [ SQL ] SHOW COLUMNS FROM `men_news` [ RunTime:0.000393s ]
[ sql ] [ SQL ] SELECT * FROM `men_news` [ RunTime:0.000118s ]
[ sql ] [ SQL ] SELECT * FROM `men_series` LIMIT 1 [ RunTime:0.000094s ]
[ sql ] [ SQL ] SHOW COLUMNS FROM `men_product` [ RunTime:0.000386s ]
[ sql ] [ SQL ] SELECT * FROM `men_product` WHERE  `recommend` = 1  AND `category` = '反凹凸系列' ORDER BY id desc LIMIT 4 [ RunTime:0.000202s ]
[ sql ] [ SQL ] SHOW COLUMNS FROM `men_quality` [ RunTime:0.000403s ]
[ sql ] [ SQL ] SELECT * FROM `men_quality` ORDER BY id desc [ RunTime:0.000120s ]
[ sql ] [ SQL ] SELECT * FROM `men_quality` WHERE  `id` = 9 LIMIT 1 [ RunTime:0.000136s ]
[ sql ] [ SQL ] SELECT * FROM `men_quality` WHERE  `id` = 8 LIMIT 1 [ RunTime:0.000123s ]
[ sql ] [ SQL ] SELECT * FROM `men_quality` WHERE  `id` = 7 LIMIT 1 [ RunTime:0.000114s ]
[ sql ] [ SQL ] SELECT * FROM `men_news` ORDER BY id desc LIMIT 8 [ RunTime:0.000111s ]
[ sql ] [ SQL ] SHOW COLUMNS FROM `men_link` [ RunTime:0.000365s ]
[ sql ] [ SQL ] SELECT * FROM `men_link` [ RunTime:0.000121s ]

---------------------------------------------------------------
[ 2017-12-02T05:58:18+08:00 ] 172.17.195.153 140.205.201.37 GET /
[ sql ] [ DB ] CONNECT:[ UseTime:0.000227s ] mysql:dbname=xinchu;host=localhost;port=3306;charset=utf8
[ sql ] [ SQL ] SHOW COLUMNS FROM `men_ads` [ RunTime:0.000631s ]
[ sql ] [ SQL ] SELECT * FROM `men_ads` [ RunTime:0.000152s ]
[ sql ] [ SQL ] SHOW COLUMNS FROM `men_series` [ RunTime:0.000389s ]
[ sql ] [ SQL ] SELECT * FROM `men_series` [ RunTime:0.000124s ]
[ sql ] [ SQL ] SHOW COLUMNS FROM `men_news` [ RunTime:0.000372s ]
[ sql ] [ SQL ] SELECT * FROM `men_news` [ RunTime:0.000124s ]
[ sql ] [ SQL ] SELECT * FROM `men_series` LIMIT 1 [ RunTime:0.000104s ]
[ sql ] [ SQL ] SHOW COLUMNS FROM `men_product` [ RunTime:0.000365s ]
[ sql ] [ SQL ] SELECT * FROM `men_product` WHERE  `recommend` = 1  AND `category` = '反凹凸系列' ORDER BY id desc LIMIT 4 [ RunTime:0.000221s ]
[ sql ] [ SQL ] SHOW COLUMNS FROM `men_quality` [ RunTime:0.000370s ]
[ sql ] [ SQL ] SELECT * FROM `men_quality` ORDER BY id desc [ RunTime:0.000117s ]
[ sql ] [ SQL ] SELECT * FROM `men_quality` WHERE  `id` = 9 LIMIT 1 [ RunTime:0.000146s ]
[ sql ] [ SQL ] SELECT * FROM `men_quality` WHERE  `id` = 8 LIMIT 1 [ RunTime:0.000127s ]
[ sql ] [ SQL ] SELECT * FROM `men_quality` WHERE  `id` = 7 LIMIT 1 [ RunTime:0.000111s ]
[ sql ] [ SQL ] SELECT * FROM `men_news` ORDER BY id desc LIMIT 8 [ RunTime:0.000104s ]
[ sql ] [ SQL ] SHOW COLUMNS FROM `men_link` [ RunTime:0.000380s ]
[ sql ] [ SQL ] SELECT * FROM `men_link` [ RunTime:0.000113s ]

---------------------------------------------------------------
[ 2017-12-02T05:58:22+08:00 ] 172.17.195.153 140.205.201.37 GET /index.php
[ sql ] [ DB ] CONNECT:[ UseTime:0.000226s ] mysql:dbname=xinchu;host=localhost;port=3306;charset=utf8
[ sql ] [ SQL ] SHOW COLUMNS FROM `men_ads` [ RunTime:0.000649s ]
[ sql ] [ SQL ] SELECT * FROM `men_ads` [ RunTime:0.000160s ]
[ sql ] [ SQL ] SHOW COLUMNS FROM `men_series` [ RunTime:0.000425s ]
[ sql ] [ SQL ] SELECT * FROM `men_series` [ RunTime:0.000131s ]
[ sql ] [ SQL ] SHOW COLUMNS FROM `men_news` [ RunTime:0.000405s ]
[ sql ] [ SQL ] SELECT * FROM `men_news` [ RunTime:0.000137s ]
[ sql ] [ SQL ] SELECT * FROM `men_series` LIMIT 1 [ RunTime:0.000100s ]
[ sql ] [ SQL ] SHOW COLUMNS FROM `men_product` [ RunTime:0.000382s ]
[ sql ] [ SQL ] SELECT * FROM `men_product` WHERE  `recommend` = 1  AND `category` = '反凹凸系列' ORDER BY id desc LIMIT 4 [ RunTime:0.000228s ]
[ sql ] [ SQL ] SHOW COLUMNS FROM `men_quality` [ RunTime:0.000381s ]
[ sql ] [ SQL ] SELECT * FROM `men_quality` ORDER BY id desc [ RunTime:0.000139s ]
[ sql ] [ SQL ] SELECT * FROM `men_quality` WHERE  `id` = 9 LIMIT 1 [ RunTime:0.000144s ]
[ sql ] [ SQL ] SELECT * FROM `men_quality` WHERE  `id` = 8 LIMIT 1 [ RunTime:0.000116s ]
[ sql ] [ SQL ] SELECT * FROM `men_quality` WHERE  `id` = 7 LIMIT 1 [ RunTime:0.000110s ]
[ sql ] [ SQL ] SELECT * FROM `men_news` ORDER BY id desc LIMIT 8 [ RunTime:0.000107s ]
[ sql ] [ SQL ] SHOW COLUMNS FROM `men_link` [ RunTime:0.000380s ]
[ sql ] [ SQL ] SELECT * FROM `men_link` [ RunTime:0.000111s ]

---------------------------------------------------------------
[ 2017-12-02T05:58:31+08:00 ] 172.17.195.153 140.205.201.37 GET /
[ sql ] [ DB ] CONNECT:[ UseTime:0.006116s ] mysql:dbname=xinchu;host=localhost;port=3306;charset=utf8
[ sql ] [ SQL ] SHOW COLUMNS FROM `men_ads` [ RunTime:0.000621s ]
[ sql ] [ SQL ] SELECT * FROM `men_ads` [ RunTime:0.000173s ]
[ sql ] [ SQL ] SHOW COLUMNS FROM `men_series` [ RunTime:0.000383s ]
[ sql ] [ SQL ] SELECT * FROM `men_series` [ RunTime:0.000123s ]
[ sql ] [ SQL ] SHOW COLUMNS FROM `men_news` [ RunTime:0.000404s ]
[ sql ] [ SQL ] SELECT * FROM `men_news` [ RunTime:0.000119s ]
[ sql ] [ SQL ] SELECT * FROM `men_series` LIMIT 1 [ RunTime:0.000094s ]
[ sql ] [ SQL ] SHOW COLUMNS FROM `men_product` [ RunTime:0.000389s ]
[ sql ] [ SQL ] SELECT * FROM `men_product` WHERE  `recommend` = 1  AND `category` = '反凹凸系列' ORDER BY id desc LIMIT 4 [ RunTime:0.000209s ]
[ sql ] [ SQL ] SHOW COLUMNS FROM `men_quality` [ RunTime:0.000378s ]
[ sql ] [ SQL ] SELECT * FROM `men_quality` ORDER BY id desc [ RunTime:0.000120s ]
[ sql ] [ SQL ] SELECT * FROM `men_quality` WHERE  `id` = 9 LIMIT 1 [ RunTime:0.000130s ]
[ sql ] [ SQL ] SELECT * FROM `men_quality` WHERE  `id` = 8 LIMIT 1 [ RunTime:0.000113s ]
[ sql ] [ SQL ] SELECT * FROM `men_quality` WHERE  `id` = 7 LIMIT 1 [ RunTime:0.000109s ]
[ sql ] [ SQL ] SELECT * FROM `men_news` ORDER BY id desc LIMIT 8 [ RunTime:0.000110s ]
[ sql ] [ SQL ] SHOW COLUMNS FROM `men_link` [ RunTime:0.000362s ]
[ sql ] [ SQL ] SELECT * FROM `men_link` [ RunTime:0.000112s ]

---------------------------------------------------------------
[ 2017-12-02T05:58:37+08:00 ] 172.17.195.153 140.205.201.37 GET /
[ sql ] [ DB ] CONNECT:[ UseTime:0.000226s ] mysql:dbname=xinchu;host=localhost;port=3306;charset=utf8
[ sql ] [ SQL ] SHOW COLUMNS FROM `men_ads` [ RunTime:0.000623s ]
[ sql ] [ SQL ] SELECT * FROM `men_ads` [ RunTime:0.000153s ]
[ sql ] [ SQL ] SHOW COLUMNS FROM `men_series` [ RunTime:0.000394s ]
[ sql ] [ SQL ] SELECT * FROM `men_series` [ RunTime:0.000135s ]
[ sql ] [ SQL ] SHOW COLUMNS FROM `men_news` [ RunTime:0.000385s ]
[ sql ] [ SQL ] SELECT * FROM `men_news` [ RunTime:0.000120s ]
[ sql ] [ SQL ] SELECT * FROM `men_series` LIMIT 1 [ RunTime:0.000101s ]
[ sql ] [ SQL ] SHOW COLUMNS FROM `men_product` [ RunTime:0.000374s ]
[ sql ] [ SQL ] SELECT * FROM `men_product` WHERE  `recommend` = 1  AND `category` = '反凹凸系列' ORDER BY id desc LIMIT 4 [ RunTime:0.000220s ]
[ sql ] [ SQL ] SHOW COLUMNS FROM `men_quality` [ RunTime:0.000400s ]
[ sql ] [ SQL ] SELECT * FROM `men_quality` ORDER BY id desc [ RunTime:0.000120s ]
[ sql ] [ SQL ] SELECT * FROM `men_quality` WHERE  `id` = 9 LIMIT 1 [ RunTime:0.000127s ]
[ sql ] [ SQL ] SELECT * FROM `men_quality` WHERE  `id` = 8 LIMIT 1 [ RunTime:0.000121s ]
[ sql ] [ SQL ] SELECT * FROM `men_quality` WHERE  `id` = 7 LIMIT 1 [ RunTime:0.000114s ]
[ sql ] [ SQL ] SELECT * FROM `men_news` ORDER BY id desc LIMIT 8 [ RunTime:0.000104s ]
[ sql ] [ SQL ] SHOW COLUMNS FROM `men_link` [ RunTime:0.000389s ]
[ sql ] [ SQL ] SELECT * FROM `men_link` [ RunTime:0.000124s ]

---------------------------------------------------------------
[ 2017-12-02T05:58:38+08:00 ] 172.17.195.153 140.205.201.37 GET /
[ sql ] [ DB ] CONNECT:[ UseTime:0.000220s ] mysql:dbname=xinchu;host=localhost;port=3306;charset=utf8
[ sql ] [ SQL ] SHOW COLUMNS FROM `men_ads` [ RunTime:0.000614s ]
[ sql ] [ SQL ] SELECT * FROM `men_ads` [ RunTime:0.000155s ]
[ sql ] [ SQL ] SHOW COLUMNS FROM `men_series` [ RunTime:0.000383s ]
[ sql ] [ SQL ] SELECT * FROM `men_series` [ RunTime:0.000127s ]
[ sql ] [ SQL ] SHOW COLUMNS FROM `men_news` [ RunTime:0.000385s ]
[ sql ] [ SQL ] SELECT * FROM `men_news` [ RunTime:0.000122s ]
[ sql ] [ SQL ] SELECT * FROM `men_series` LIMIT 1 [ RunTime:0.000103s ]
[ sql ] [ SQL ] SHOW COLUMNS FROM `men_product` [ RunTime:0.000394s ]
[ sql ] [ SQL ] SELECT * FROM `men_product` WHERE  `recommend` = 1  AND `category` = '反凹凸系列' ORDER BY id desc LIMIT 4 [ RunTime:0.000230s ]
[ sql ] [ SQL ] SHOW COLUMNS FROM `men_quality` [ RunTime:0.000377s ]
[ sql ] [ SQL ] SELECT * FROM `men_quality` ORDER BY id desc [ RunTime:0.000119s ]
[ sql ] [ SQL ] SELECT * FROM `men_quality` WHERE  `id` = 9 LIMIT 1 [ RunTime:0.000125s ]
[ sql ] [ SQL ] SELECT * FROM `men_quality` WHERE  `id` = 8 LIMIT 1 [ RunTime:0.000122s ]
[ sql ] [ SQL ] SELECT * FROM `men_quality` WHERE  `id` = 7 LIMIT 1 [ RunTime:0.000115s ]
[ sql ] [ SQL ] SELECT * FROM `men_news` ORDER BY id desc LIMIT 8 [ RunTime:0.000105s ]
[ sql ] [ SQL ] SHOW COLUMNS FROM `men_link` [ RunTime:0.000381s ]
[ sql ] [ SQL ] SELECT * FROM `men_link` [ RunTime:0.000122s ]

---------------------------------------------------------------
[ 2017-12-02T05:58:51+08:00 ] 172.17.195.153 140.205.201.37 GET /
[ sql ] [ DB ] CONNECT:[ UseTime:0.000247s ] mysql:dbname=xinchu;host=localhost;port=3306;charset=utf8
[ sql ] [ SQL ] SHOW COLUMNS FROM `men_ads` [ RunTime:0.000636s ]
[ sql ] [ SQL ] SELECT * FROM `men_ads` [ RunTime:0.000153s ]
[ sql ] [ SQL ] SHOW COLUMNS FROM `men_series` [ RunTime:0.000402s ]
[ sql ] [ SQL ] SELECT * FROM `men_series` [ RunTime:0.000139s ]
[ sql ] [ SQL ] SHOW COLUMNS FROM `men_news` [ RunTime:0.000384s ]
[ sql ] [ SQL ] SELECT * FROM `men_news` [ RunTime:0.000138s ]
[ sql ] [ SQL ] SELECT * FROM `men_series` LIMIT 1 [ RunTime:0.000102s ]
[ sql ] [ SQL ] SHOW COLUMNS FROM `men_product` [ RunTime:0.000380s ]
[ sql ] [ SQL ] SELECT * FROM `men_product` WHERE  `recommend` = 1  AND `category` = '反凹凸系列' ORDER BY id desc LIMIT 4 [ RunTime:0.000226s ]
[ sql ] [ SQL ] SHOW COLUMNS FROM `men_quality` [ RunTime:0.000386s ]
[ sql ] [ SQL ] SELECT * FROM `men_quality` ORDER BY id desc [ RunTime:0.000117s ]
[ sql ] [ SQL ] SELECT * FROM `men_quality` WHERE  `id` = 9 LIMIT 1 [ RunTime:0.000141s ]
[ sql ] [ SQL ] SELECT * FROM `men_quality` WHERE  `id` = 8 LIMIT 1 [ RunTime:0.000126s ]
[ sql ] [ SQL ] SELECT * FROM `men_quality` WHERE  `id` = 7 LIMIT 1 [ RunTime:0.000112s ]
[ sql ] [ SQL ] SELECT * FROM `men_news` ORDER BY id desc LIMIT 8 [ RunTime:0.000103s ]
[ sql ] [ SQL ] SHOW COLUMNS FROM `men_link` [ RunTime:0.000382s ]
[ sql ] [ SQL ] SELECT * FROM `men_link` [ RunTime:0.000121s ]

---------------------------------------------------------------
[ 2017-12-02T05:59:08+08:00 ] 172.17.195.153 140.205.201.37 GET /
[ sql ] [ DB ] CONNECT:[ UseTime:0.000349s ] mysql:dbname=xinchu;host=localhost;port=3306;charset=utf8
[ sql ] [ SQL ] SHOW COLUMNS FROM `men_ads` [ RunTime:0.000602s ]
[ sql ] [ SQL ] SELECT * FROM `men_ads` [ RunTime:0.000157s ]
[ sql ] [ SQL ] SHOW COLUMNS FROM `men_series` [ RunTime:0.000380s ]
[ sql ] [ SQL ] SELECT * FROM `men_series` [ RunTime:0.000126s ]
[ sql ] [ SQL ] SHOW COLUMNS FROM `men_news` [ RunTime:0.000407s ]
[ sql ] [ SQL ] SELECT * FROM `men_news` [ RunTime:0.000122s ]
[ sql ] [ SQL ] SELECT * FROM `men_series` LIMIT 1 [ RunTime:0.000097s ]
[ sql ] [ SQL ] SHOW COLUMNS FROM `men_product` [ RunTime:0.000409s ]
[ sql ] [ SQL ] SELECT * FROM `men_product` WHERE  `recommend` = 1  AND `category` = '反凹凸系列' ORDER BY id desc LIMIT 4 [ RunTime:0.000206s ]
[ sql ] [ SQL ] SHOW COLUMNS FROM `men_quality` [ RunTime:0.000392s ]
[ sql ] [ SQL ] SELECT * FROM `men_quality` ORDER BY id desc [ RunTime:0.000130s ]
[ sql ] [ SQL ] SELECT * FROM `men_quality` WHERE  `id` = 9 LIMIT 1 [ RunTime:0.000127s ]
[ sql ] [ SQL ] SELECT * FROM `men_quality` WHERE  `id` = 8 LIMIT 1 [ RunTime:0.000112s ]
[ sql ] [ SQL ] SELECT * FROM `men_quality` WHERE  `id` = 7 LIMIT 1 [ RunTime:0.000127s ]
[ sql ] [ SQL ] SELECT * FROM `men_news` ORDER BY id desc LIMIT 8 [ RunTime:0.000114s ]
[ sql ] [ SQL ] SHOW COLUMNS FROM `men_link` [ RunTime:0.000360s ]
[ sql ] [ SQL ] SELECT * FROM `men_link` [ RunTime:0.000110s ]

---------------------------------------------------------------
[ 2017-12-02T05:59:10+08:00 ] 172.17.195.153 140.205.201.37 GET /
[ sql ] [ DB ] CONNECT:[ UseTime:0.000252s ] mysql:dbname=xinchu;host=localhost;port=3306;charset=utf8
[ sql ] [ SQL ] SHOW COLUMNS FROM `men_ads` [ RunTime:0.000588s ]
[ sql ] [ SQL ] SELECT * FROM `men_ads` [ RunTime:0.000155s ]
[ sql ] [ SQL ] SHOW COLUMNS FROM `men_series` [ RunTime:0.000373s ]
[ sql ] [ SQL ] SELECT * FROM `men_series` [ RunTime:0.000124s ]
[ sql ] [ SQL ] SHOW COLUMNS FROM `men_news` [ RunTime:0.000405s ]
[ sql ] [ SQL ] SELECT * FROM `men_news` [ RunTime:0.000120s ]
[ sql ] [ SQL ] SELECT * FROM `men_series` LIMIT 1 [ RunTime:0.000096s ]
[ sql ] [ SQL ] SHOW COLUMNS FROM `men_product` [ RunTime:0.000402s ]
[ sql ] [ SQL ] SELECT * FROM `men_product` WHERE  `recommend` = 1  AND `category` = '反凹凸系列' ORDER BY id desc LIMIT 4 [ RunTime:0.000204s ]
[ sql ] [ SQL ] SHOW COLUMNS FROM `men_quality` [ RunTime:0.000387s ]
[ sql ] [ SQL ] SELECT * FROM `men_quality` ORDER BY id desc [ RunTime:0.000133s ]
[ sql ] [ SQL ] SELECT * FROM `men_quality` WHERE  `id` = 9 LIMIT 1 [ RunTime:0.000128s ]
[ sql ] [ SQL ] SELECT * FROM `men_quality` WHERE  `id` = 8 LIMIT 1 [ RunTime:0.000115s ]
[ sql ] [ SQL ] SELECT * FROM `men_quality` WHERE  `id` = 7 LIMIT 1 [ RunTime:0.000133s ]
[ sql ] [ SQL ] SELECT * FROM `men_news` ORDER BY id desc LIMIT 8 [ RunTime:0.000117s ]
[ sql ] [ SQL ] SHOW COLUMNS FROM `men_link` [ RunTime:0.000365s ]
[ sql ] [ SQL ] SELECT * FROM `men_link` [ RunTime:0.000113s ]

---------------------------------------------------------------
[ 2017-12-02T05:59:11+08:00 ] 172.17.195.153 140.205.201.37 GET /
[ sql ] [ DB ] CONNECT:[ UseTime:0.000215s ] mysql:dbname=xinchu;host=localhost;port=3306;charset=utf8
[ sql ] [ SQL ] SHOW COLUMNS FROM `men_ads` [ RunTime:0.000602s ]
[ sql ] [ SQL ] SELECT * FROM `men_ads` [ RunTime:0.000153s ]
[ sql ] [ SQL ] SHOW COLUMNS FROM `men_series` [ RunTime:0.000388s ]
[ sql ] [ SQL ] SELECT * FROM `men_series` [ RunTime:0.000122s ]
[ sql ] [ SQL ] SHOW COLUMNS FROM `men_news` [ RunTime:0.000394s ]
[ sql ] [ SQL ] SELECT * FROM `men_news` [ RunTime:0.000131s ]
[ sql ] [ SQL ] SELECT * FROM `men_series` LIMIT 1 [ RunTime:0.000095s ]
[ sql ] [ SQL ] SHOW COLUMNS FROM `men_product` [ RunTime:0.000369s ]
[ sql ] [ SQL ] SELECT * FROM `men_product` WHERE  `recommend` = 1  AND `category` = '反凹凸系列' ORDER BY id desc LIMIT 4 [ RunTime:0.000216s ]
[ sql ] [ SQL ] SHOW COLUMNS FROM `men_quality` [ RunTime:0.000365s ]
[ sql ] [ SQL ] SELECT * FROM `men_quality` ORDER BY id desc [ RunTime:0.000136s ]
[ sql ] [ SQL ] SELECT * FROM `men_quality` WHERE  `id` = 9 LIMIT 1 [ RunTime:0.000142s ]
[ sql ] [ SQL ] SELECT * FROM `men_quality` WHERE  `id` = 8 LIMIT 1 [ RunTime:0.000117s ]
[ sql ] [ SQL ] SELECT * FROM `men_quality` WHERE  `id` = 7 LIMIT 1 [ RunTime:0.000111s ]
[ sql ] [ SQL ] SELECT * FROM `men_news` ORDER BY id desc LIMIT 8 [ RunTime:0.000104s ]
[ sql ] [ SQL ] SHOW COLUMNS FROM `men_link` [ RunTime:0.000378s ]
[ sql ] [ SQL ] SELECT * FROM `men_link` [ RunTime:0.000112s ]

---------------------------------------------------------------
[ 2017-12-02T08:29:14+08:00 ] 172.17.195.153 114.215.45.101 GET /
[ sql ] [ DB ] CONNECT:[ UseTime:0.000265s ] mysql:dbname=xinchu;host=localhost;port=3306;charset=utf8
[ sql ] [ SQL ] SHOW COLUMNS FROM `men_ads` [ RunTime:0.000618s ]
[ sql ] [ SQL ] SELECT * FROM `men_ads` [ RunTime:0.000164s ]
[ sql ] [ SQL ] SHOW COLUMNS FROM `men_series` [ RunTime:0.000376s ]
[ sql ] [ SQL ] SELECT * FROM `men_series` [ RunTime:0.000139s ]
[ sql ] [ SQL ] SHOW COLUMNS FROM `men_news` [ RunTime:0.000392s ]
[ sql ] [ SQL ] SELECT * FROM `men_news` [ RunTime:0.000117s ]
[ sql ] [ SQL ] SELECT * FROM `men_series` LIMIT 1 [ RunTime:0.000094s ]
[ sql ] [ SQL ] SHOW COLUMNS FROM `men_product` [ RunTime:0.000386s ]
[ sql ] [ SQL ] SELECT * FROM `men_product` WHERE  `recommend` = 1  AND `category` = '反凹凸系列' ORDER BY id desc LIMIT 4 [ RunTime:0.000205s ]
[ sql ] [ SQL ] SHOW COLUMNS FROM `men_quality` [ RunTime:0.000388s ]
[ sql ] [ SQL ] SELECT * FROM `men_quality` ORDER BY id desc [ RunTime:0.000123s ]
[ sql ] [ SQL ] SELECT * FROM `men_quality` WHERE  `id` = 9 LIMIT 1 [ RunTime:0.000131s ]
[ sql ] [ SQL ] SELECT * FROM `men_quality` WHERE  `id` = 8 LIMIT 1 [ RunTime:0.000133s ]
[ sql ] [ SQL ] SELECT * FROM `men_quality` WHERE  `id` = 7 LIMIT 1 [ RunTime:0.000116s ]
[ sql ] [ SQL ] SELECT * FROM `men_news` ORDER BY id desc LIMIT 8 [ RunTime:0.000110s ]
[ sql ] [ SQL ] SHOW COLUMNS FROM `men_link` [ RunTime:0.000372s ]
[ sql ] [ SQL ] SELECT * FROM `men_link` [ RunTime:0.000118s ]

---------------------------------------------------------------
[ 2017-12-02T14:36:11+08:00 ] 172.17.195.153 172.104.108.109 GET /
[ sql ] [ DB ] CONNECT:[ UseTime:0.000214s ] mysql:dbname=xinchu;host=localhost;port=3306;charset=utf8
[ sql ] [ SQL ] SHOW COLUMNS FROM `men_ads` [ RunTime:0.000622s ]
[ sql ] [ SQL ] SELECT * FROM `men_ads` [ RunTime:0.000150s ]
[ sql ] [ SQL ] SHOW COLUMNS FROM `men_series` [ RunTime:0.000398s ]
[ sql ] [ SQL ] SELECT * FROM `men_series` [ RunTime:0.000122s ]
[ sql ] [ SQL ] SHOW COLUMNS FROM `men_news` [ RunTime:0.000373s ]
[ sql ] [ SQL ] SELECT * FROM `men_news` [ RunTime:0.000134s ]
[ sql ] [ SQL ] SELECT * FROM `men_series` LIMIT 1 [ RunTime:0.000095s ]
[ sql ] [ SQL ] SHOW COLUMNS FROM `men_product` [ RunTime:0.000366s ]
[ sql ] [ SQL ] SELECT * FROM `men_product` WHERE  `recommend` = 1  AND `category` = '反凹凸系列' ORDER BY id desc LIMIT 4 [ RunTime:0.000229s ]
[ sql ] [ SQL ] SHOW COLUMNS FROM `men_quality` [ RunTime:0.000362s ]
[ sql ] [ SQL ] SELECT * FROM `men_quality` ORDER BY id desc [ RunTime:0.000119s ]
[ sql ] [ SQL ] SELECT * FROM `men_quality` WHERE  `id` = 9 LIMIT 1 [ RunTime:0.000154s ]
[ sql ] [ SQL ] SELECT * FROM `men_quality` WHERE  `id` = 8 LIMIT 1 [ RunTime:0.000116s ]
[ sql ] [ SQL ] SELECT * FROM `men_quality` WHERE  `id` = 7 LIMIT 1 [ RunTime:0.000111s ]
[ sql ] [ SQL ] SELECT * FROM `men_news` ORDER BY id desc LIMIT 8 [ RunTime:0.000104s ]
[ sql ] [ SQL ] SHOW COLUMNS FROM `men_link` [ RunTime:0.000388s ]
[ sql ] [ SQL ] SELECT * FROM `men_link` [ RunTime:0.000111s ]

---------------------------------------------------------------
[ 2017-12-02T15:44:45+08:00 ] 172.17.195.153 43.254.216.124 GET /
[ sql ] [ DB ] CONNECT:[ UseTime:0.000207s ] mysql:dbname=xinchu;host=localhost;port=3306;charset=utf8
[ sql ] [ SQL ] SHOW COLUMNS FROM `men_ads` [ RunTime:0.000600s ]
[ sql ] [ SQL ] SELECT * FROM `men_ads` [ RunTime:0.000149s ]
[ sql ] [ SQL ] SHOW COLUMNS FROM `men_series` [ RunTime:0.000387s ]
[ sql ] [ SQL ] SELECT * FROM `men_series` [ RunTime:0.000122s ]
[ sql ] [ SQL ] SHOW COLUMNS FROM `men_news` [ RunTime:0.000394s ]
[ sql ] [ SQL ] SELECT * FROM `men_news` [ RunTime:0.000120s ]
[ sql ] [ SQL ] SELECT * FROM `men_series` LIMIT 1 [ RunTime:0.000096s ]
[ sql ] [ SQL ] SHOW COLUMNS FROM `men_product` [ RunTime:0.000368s ]
[ sql ] [ SQL ] SELECT * FROM `men_product` WHERE  `recommend` = 1  AND `category` = '反凹凸系列' ORDER BY id desc LIMIT 4 [ RunTime:0.000215s ]
[ sql ] [ SQL ] SHOW COLUMNS FROM `men_quality` [ RunTime:0.000366s ]
[ sql ] [ SQL ] SELECT * FROM `men_quality` ORDER BY id desc [ RunTime:0.000132s ]
[ sql ] [ SQL ] SELECT * FROM `men_quality` WHERE  `id` = 9 LIMIT 1 [ RunTime:0.000132s ]
[ sql ] [ SQL ] SELECT * FROM `men_quality` WHERE  `id` = 8 LIMIT 1 [ RunTime:0.000113s ]
[ sql ] [ SQL ] SELECT * FROM `men_quality` WHERE  `id` = 7 LIMIT 1 [ RunTime:0.000109s ]
[ sql ] [ SQL ] SELECT * FROM `men_news` ORDER BY id desc LIMIT 8 [ RunTime:0.000103s ]
[ sql ] [ SQL ] SHOW COLUMNS FROM `men_link` [ RunTime:0.000379s ]
[ sql ] [ SQL ] SELECT * FROM `men_link` [ RunTime:0.000110s ]

---------------------------------------------------------------
[ 2017-12-02T16:20:41+08:00 ] 172.17.195.153 59.110.6.177 GET /
[ sql ] [ DB ] CONNECT:[ UseTime:0.000228s ] mysql:dbname=xinchu;host=localhost;port=3306;charset=utf8
[ sql ] [ SQL ] SHOW COLUMNS FROM `men_ads` [ RunTime:0.000634s ]
[ sql ] [ SQL ] SELECT * FROM `men_ads` [ RunTime:0.000171s ]
[ sql ] [ SQL ] SHOW COLUMNS FROM `men_series` [ RunTime:0.000399s ]
[ sql ] [ SQL ] SELECT * FROM `men_series` [ RunTime:0.000128s ]
[ sql ] [ SQL ] SHOW COLUMNS FROM `men_news` [ RunTime:0.000428s ]
[ sql ] [ SQL ] SELECT * FROM `men_news` [ RunTime:0.000124s ]
[ sql ] [ SQL ] SELECT * FROM `men_series` LIMIT 1 [ RunTime:0.000098s ]
[ sql ] [ SQL ] SHOW COLUMNS FROM `men_product` [ RunTime:0.000425s ]
[ sql ] [ SQL ] SELECT * FROM `men_product` WHERE  `recommend` = 1  AND `category` = '反凹凸系列' ORDER BY id desc LIMIT 4 [ RunTime:0.000231s ]
[ sql ] [ SQL ] SHOW COLUMNS FROM `men_quality` [ RunTime:0.000406s ]
[ sql ] [ SQL ] SELECT * FROM `men_quality` ORDER BY id desc [ RunTime:0.000124s ]
[ sql ] [ SQL ] SELECT * FROM `men_quality` WHERE  `id` = 9 LIMIT 1 [ RunTime:0.000130s ]
[ sql ] [ SQL ] SELECT * FROM `men_quality` WHERE  `id` = 8 LIMIT 1 [ RunTime:0.000114s ]
[ sql ] [ SQL ] SELECT * FROM `men_quality` WHERE  `id` = 7 LIMIT 1 [ RunTime:0.000119s ]
[ sql ] [ SQL ] SELECT * FROM `men_news` ORDER BY id desc LIMIT 8 [ RunTime:0.000108s ]
[ sql ] [ SQL ] SHOW COLUMNS FROM `men_link` [ RunTime:0.000376s ]
[ sql ] [ SQL ] SELECT * FROM `men_link` [ RunTime:0.000133s ]

---------------------------------------------------------------
[ 2017-12-02T19:00:55+08:00 ] 172.17.195.153 111.23.134.242 GET /
[ sql ] [ DB ] CONNECT:[ UseTime:0.000234s ] mysql:dbname=xinchu;host=localhost;port=3306;charset=utf8
[ sql ] [ SQL ] SHOW COLUMNS FROM `men_ads` [ RunTime:0.000641s ]
[ sql ] [ SQL ] SELECT * FROM `men_ads` [ RunTime:0.000155s ]
[ sql ] [ SQL ] SHOW COLUMNS FROM `men_series` [ RunTime:0.000377s ]
[ sql ] [ SQL ] SELECT * FROM `men_series` [ RunTime:0.000126s ]
[ sql ] [ SQL ] SHOW COLUMNS FROM `men_news` [ RunTime:0.000397s ]
[ sql ] [ SQL ] SELECT * FROM `men_news` [ RunTime:0.000120s ]
[ sql ] [ SQL ] SELECT * FROM `men_series` LIMIT 1 [ RunTime:0.000098s ]
[ sql ] [ SQL ] SHOW COLUMNS FROM `men_product` [ RunTime:0.000388s ]
[ sql ] [ SQL ] SELECT * FROM `men_product` WHERE  `recommend` = 1  AND `category` = '反凹凸系列' ORDER BY id desc LIMIT 4 [ RunTime:0.000212s ]
[ sql ] [ SQL ] SHOW COLUMNS FROM `men_quality` [ RunTime:0.000368s ]
[ sql ] [ SQL ] SELECT * FROM `men_quality` ORDER BY id desc [ RunTime:0.000139s ]
[ sql ] [ SQL ] SELECT * FROM `men_quality` WHERE  `id` = 9 LIMIT 1 [ RunTime:0.000130s ]
[ sql ] [ SQL ] SELECT * FROM `men_quality` WHERE  `id` = 8 LIMIT 1 [ RunTime:0.000117s ]
[ sql ] [ SQL ] SELECT * FROM `men_quality` WHERE  `id` = 7 LIMIT 1 [ RunTime:0.000111s ]
[ sql ] [ SQL ] SELECT * FROM `men_news` ORDER BY id desc LIMIT 8 [ RunTime:0.000156s ]
[ sql ] [ SQL ] SHOW COLUMNS FROM `men_link` [ RunTime:0.000379s ]
[ sql ] [ SQL ] SELECT * FROM `men_link` [ RunTime:0.000114s ]

---------------------------------------------------------------
[ 2017-12-02T19:01:57+08:00 ] 172.17.195.153 111.23.205.242 GET /index/index/contact.html
[ sql ] [ DB ] CONNECT:[ UseTime:0.000218s ] mysql:dbname=xinchu;host=localhost;port=3306;charset=utf8
[ sql ] [ SQL ] SHOW COLUMNS FROM `men_ads` [ RunTime:0.000628s ]
[ sql ] [ SQL ] SELECT * FROM `men_ads` [ RunTime:0.000153s ]
[ sql ] [ SQL ] SHOW COLUMNS FROM `men_link` [ RunTime:0.000387s ]
[ sql ] [ SQL ] SELECT * FROM `men_link` [ RunTime:0.000131s ]
[ sql ] [ SQL ] SHOW COLUMNS FROM `men_profile` [ RunTime:0.000382s ]
[ sql ] [ SQL ] SELECT * FROM `men_profile` LIMIT 1 [ RunTime:0.000113s ]

---------------------------------------------------------------
[ 2017-12-02T19:02:00+08:00 ] 172.17.195.153 111.23.205.242 GET /index/index/index.html
[ sql ] [ DB ] CONNECT:[ UseTime:0.000206s ] mysql:dbname=xinchu;host=localhost;port=3306;charset=utf8
[ sql ] [ SQL ] SHOW COLUMNS FROM `men_ads` [ RunTime:0.000602s ]
[ sql ] [ SQL ] SELECT * FROM `men_ads` [ RunTime:0.000155s ]
[ sql ] [ SQL ] SHOW COLUMNS FROM `men_series` [ RunTime:0.000383s ]
[ sql ] [ SQL ] SELECT * FROM `men_series` [ RunTime:0.000120s ]
[ sql ] [ SQL ] SHOW COLUMNS FROM `men_news` [ RunTime:0.000393s ]
[ sql ] [ SQL ] SELECT * FROM `men_news` [ RunTime:0.000120s ]
[ sql ] [ SQL ] SELECT * FROM `men_series` LIMIT 1 [ RunTime:0.000094s ]
[ sql ] [ SQL ] SHOW COLUMNS FROM `men_product` [ RunTime:0.000389s ]
[ sql ] [ SQL ] SELECT * FROM `men_product` WHERE  `recommend` = 1  AND `category` = '反凹凸系列' ORDER BY id desc LIMIT 4 [ RunTime:0.000211s ]
[ sql ] [ SQL ] SHOW COLUMNS FROM `men_quality` [ RunTime:0.000398s ]
[ sql ] [ SQL ] SELECT * FROM `men_quality` ORDER BY id desc [ RunTime:0.000118s ]
[ sql ] [ SQL ] SELECT * FROM `men_quality` WHERE  `id` = 9 LIMIT 1 [ RunTime:0.000139s ]
[ sql ] [ SQL ] SELECT * FROM `men_quality` WHERE  `id` = 8 LIMIT 1 [ RunTime:0.000114s ]
[ sql ] [ SQL ] SELECT * FROM `men_quality` WHERE  `id` = 7 LIMIT 1 [ RunTime:0.000126s ]
[ sql ] [ SQL ] SELECT * FROM `men_news` ORDER BY id desc LIMIT 8 [ RunTime:0.000111s ]
[ sql ] [ SQL ] SHOW COLUMNS FROM `men_link` [ RunTime:0.000378s ]
[ sql ] [ SQL ] SELECT * FROM `men_link` [ RunTime:0.000111s ]

---------------------------------------------------------------
[ 2017-12-02T19:02:02+08:00 ] 172.17.195.153 111.23.205.242 GET /index/index/enjoy.html
[ sql ] [ DB ] CONNECT:[ UseTime:0.000242s ] mysql:dbname=xinchu;host=localhost;port=3306;charset=utf8
[ sql ] [ SQL ] SHOW COLUMNS FROM `men_ads` [ RunTime:0.000608s ]
[ sql ] [ SQL ] SELECT * FROM `men_ads` [ RunTime:0.000155s ]
[ sql ] [ SQL ] SHOW COLUMNS FROM `men_series` [ RunTime:0.000401s ]
[ sql ] [ SQL ] SELECT * FROM `men_series` [ RunTime:0.000125s ]
[ sql ] [ SQL ] SELECT * FROM `men_series` LIMIT 1 [ RunTime:0.000100s ]
[ sql ] [ SQL ] SHOW COLUMNS FROM `men_product` [ RunTime:0.000416s ]
[ sql ] [ SQL ] SELECT * FROM `men_product` WHERE  `category` = '反凹凸系列' [ RunTime:0.000185s ]
[ sql ] [ SQL ] SHOW COLUMNS FROM `men_link` [ RunTime:0.000374s ]
[ sql ] [ SQL ] SELECT * FROM `men_link` [ RunTime:0.000134s ]

---------------------------------------------------------------
[ 2017-12-02T19:02:03+08:00 ] 172.17.195.153 111.23.205.242 GET /index/index/news.html
[ sql ] [ DB ] CONNECT:[ UseTime:0.000338s ] mysql:dbname=xinchu;host=localhost;port=3306;charset=utf8
[ sql ] [ SQL ] SHOW COLUMNS FROM `men_ads` [ RunTime:0.000621s ]
[ sql ] [ SQL ] SELECT * FROM `men_ads` [ RunTime:0.000156s ]
[ sql ] [ SQL ] SHOW COLUMNS FROM `men_link` [ RunTime:0.000414s ]
[ sql ] [ SQL ] SELECT * FROM `men_link` [ RunTime:0.000127s ]
[ sql ] [ SQL ] SHOW COLUMNS FROM `men_news` [ RunTime:0.000431s ]
[ sql ] [ SQL ] SELECT COUNT(*) AS tp_count FROM `men_news` LIMIT 1 [ RunTime:0.000122s ]
[ sql ] [ SQL ] SELECT * FROM `men_news` ORDER BY id desc LIMIT 0,4 [ RunTime:0.000117s ]

---------------------------------------------------------------
[ 2017-12-02T19:02:05+08:00 ] 172.17.195.153 111.23.205.242 GET /index/index/enjoy.html
[ sql ] [ DB ] CONNECT:[ UseTime:0.000221s ] mysql:dbname=xinchu;host=localhost;port=3306;charset=utf8
[ sql ] [ SQL ] SHOW COLUMNS FROM `men_ads` [ RunTime:0.000624s ]
[ sql ] [ SQL ] SELECT * FROM `men_ads` [ RunTime:0.000150s ]
[ sql ] [ SQL ] SHOW COLUMNS FROM `men_series` [ RunTime:0.000396s ]
[ sql ] [ SQL ] SELECT * FROM `men_series` [ RunTime:0.000134s ]
[ sql ] [ SQL ] SELECT * FROM `men_series` LIMIT 1 [ RunTime:0.000097s ]
[ sql ] [ SQL ] SHOW COLUMNS FROM `men_product` [ RunTime:0.000410s ]
[ sql ] [ SQL ] SELECT * FROM `men_product` WHERE  `category` = '反凹凸系列' [ RunTime:0.000189s ]
[ sql ] [ SQL ] SHOW COLUMNS FROM `men_link` [ RunTime:0.000383s ]
[ sql ] [ SQL ] SELECT * FROM `men_link` [ RunTime:0.000119s ]

---------------------------------------------------------------
[ 2017-12-02T19:02:10+08:00 ] 172.17.195.153 111.23.205.242 GET /index/index/index.html
[ sql ] [ DB ] CONNECT:[ UseTime:0.000254s ] mysql:dbname=xinchu;host=localhost;port=3306;charset=utf8
[ sql ] [ SQL ] SHOW COLUMNS FROM `men_ads` [ RunTime:0.000596s ]
[ sql ] [ SQL ] SELECT * FROM `men_ads` [ RunTime:0.000158s ]
[ sql ] [ SQL ] SHOW COLUMNS FROM `men_series` [ RunTime:0.000382s ]
[ sql ] [ SQL ] SELECT * FROM `men_series` [ RunTime:0.000122s ]
[ sql ] [ SQL ] SHOW COLUMNS FROM `men_news` [ RunTime:0.000392s ]
[ sql ] [ SQL ] SELECT * FROM `men_news` [ RunTime:0.000121s ]
[ sql ] [ SQL ] SELECT * FROM `men_series` LIMIT 1 [ RunTime:0.000097s ]
[ sql ] [ SQL ] SHOW COLUMNS FROM `men_product` [ RunTime:0.000395s ]
[ sql ] [ SQL ] SELECT * FROM `men_product` WHERE  `recommend` = 1  AND `category` = '反凹凸系列' ORDER BY id desc LIMIT 4 [ RunTime:0.000206s ]
[ sql ] [ SQL ] SHOW COLUMNS FROM `men_quality` [ RunTime:0.000394s ]
[ sql ] [ SQL ] SELECT * FROM `men_quality` ORDER BY id desc [ RunTime:0.000120s ]
[ sql ] [ SQL ] SELECT * FROM `men_quality` WHERE  `id` = 9 LIMIT 1 [ RunTime:0.000130s ]
[ sql ] [ SQL ] SELECT * FROM `men_quality` WHERE  `id` = 8 LIMIT 1 [ RunTime:0.000115s ]
[ sql ] [ SQL ] SELECT * FROM `men_quality` WHERE  `id` = 7 LIMIT 1 [ RunTime:0.000119s ]
[ sql ] [ SQL ] SELECT * FROM `men_news` ORDER BY id desc LIMIT 8 [ RunTime:0.000106s ]
[ sql ] [ SQL ] SHOW COLUMNS FROM `men_link` [ RunTime:0.000380s ]
[ sql ] [ SQL ] SELECT * FROM `men_link` [ RunTime:0.000112s ]

---------------------------------------------------------------
[ 2017-12-02T19:02:11+08:00 ] 172.17.195.153 111.23.205.242 GET /index/index/enjoy.html
[ sql ] [ DB ] CONNECT:[ UseTime:0.000218s ] mysql:dbname=xinchu;host=localhost;port=3306;charset=utf8
[ sql ] [ SQL ] SHOW COLUMNS FROM `men_ads` [ RunTime:0.000610s ]
[ sql ] [ SQL ] SELECT * FROM `men_ads` [ RunTime:0.000153s ]
[ sql ] [ SQL ] SHOW COLUMNS FROM `men_series` [ RunTime:0.000400s ]
[ sql ] [ SQL ] SELECT * FROM `men_series` [ RunTime:0.000129s ]
[ sql ] [ SQL ] SELECT * FROM `men_series` LIMIT 1 [ RunTime:0.000101s ]
[ sql ] [ SQL ] SHOW COLUMNS FROM `men_product` [ RunTime:0.000413s ]
[ sql ] [ SQL ] SELECT * FROM `men_product` WHERE  `category` = '反凹凸系列' [ RunTime:0.000181s ]
[ sql ] [ SQL ] SHOW COLUMNS FROM `men_link` [ RunTime:0.000394s ]
[ sql ] [ SQL ] SELECT * FROM `men_link` [ RunTime:0.000132s ]

---------------------------------------------------------------
[ 2017-12-02T19:02:13+08:00 ] 172.17.195.153 111.23.205.242 GET /index/index/news.html
[ sql ] [ DB ] CONNECT:[ UseTime:0.000208s ] mysql:dbname=xinchu;host=localhost;port=3306;charset=utf8
[ sql ] [ SQL ] SHOW COLUMNS FROM `men_ads` [ RunTime:0.000590s ]
[ sql ] [ SQL ] SELECT * FROM `men_ads` [ RunTime:0.000162s ]
[ sql ] [ SQL ] SHOW COLUMNS FROM `men_link` [ RunTime:0.000394s ]
[ sql ] [ SQL ] SELECT * FROM `men_link` [ RunTime:0.000124s ]
[ sql ] [ SQL ] SHOW COLUMNS FROM `men_news` [ RunTime:0.000413s ]
[ sql ] [ SQL ] SELECT COUNT(*) AS tp_count FROM `men_news` LIMIT 1 [ RunTime:0.000121s ]
[ sql ] [ SQL ] SELECT * FROM `men_news` ORDER BY id desc LIMIT 0,4 [ RunTime:0.000124s ]

---------------------------------------------------------------
[ 2017-12-02T19:02:14+08:00 ] 172.17.195.153 111.23.205.242 GET /index/index/contact.html
[ sql ] [ DB ] CONNECT:[ UseTime:0.000214s ] mysql:dbname=xinchu;host=localhost;port=3306;charset=utf8
[ sql ] [ SQL ] SHOW COLUMNS FROM `men_ads` [ RunTime:0.000594s ]
[ sql ] [ SQL ] SELECT * FROM `men_ads` [ RunTime:0.000151s ]
[ sql ] [ SQL ] SHOW COLUMNS FROM `men_link` [ RunTime:0.000412s ]
[ sql ] [ SQL ] SELECT * FROM `men_link` [ RunTime:0.000125s ]
[ sql ] [ SQL ] SHOW COLUMNS FROM `men_profile` [ RunTime:0.000394s ]
[ sql ] [ SQL ] SELECT * FROM `men_profile` LIMIT 1 [ RunTime:0.000114s ]

---------------------------------------------------------------
[ 2017-12-02T19:02:15+08:00 ] 172.17.195.153 111.23.205.242 GET /index/index/enjoy.html
[ sql ] [ DB ] CONNECT:[ UseTime:0.000287s ] mysql:dbname=xinchu;host=localhost;port=3306;charset=utf8
[ sql ] [ SQL ] SHOW COLUMNS FROM `men_ads` [ RunTime:0.001769s ]
[ sql ] [ SQL ] SELECT * FROM `men_ads` [ RunTime:0.000156s ]
[ sql ] [ SQL ] SHOW COLUMNS FROM `men_series` [ RunTime:0.000435s ]
[ sql ] [ SQL ] SELECT * FROM `men_series` [ RunTime:0.000128s ]
[ sql ] [ SQL ] SELECT * FROM `men_series` LIMIT 1 [ RunTime:0.000107s ]
[ sql ] [ SQL ] SHOW COLUMNS FROM `men_product` [ RunTime:0.000403s ]
[ sql ] [ SQL ] SELECT * FROM `men_product` WHERE  `category` = '反凹凸系列' [ RunTime:0.000177s ]
[ sql ] [ SQL ] SHOW COLUMNS FROM `men_link` [ RunTime:0.000386s ]
[ sql ] [ SQL ] SELECT * FROM `men_link` [ RunTime:0.000113s ]

---------------------------------------------------------------
[ 2017-12-02T19:02:17+08:00 ] 172.17.195.153 111.23.205.242 GET /index/index/index.html
[ sql ] [ DB ] CONNECT:[ UseTime:0.000206s ] mysql:dbname=xinchu;host=localhost;port=3306;charset=utf8
[ sql ] [ SQL ] SHOW COLUMNS FROM `men_ads` [ RunTime:0.000591s ]
[ sql ] [ SQL ] SELECT * FROM `men_ads` [ RunTime:0.000165s ]
[ sql ] [ SQL ] SHOW COLUMNS FROM `men_series` [ RunTime:0.000382s ]
[ sql ] [ SQL ] SELECT * FROM `men_series` [ RunTime:0.000121s ]
[ sql ] [ SQL ] SHOW COLUMNS FROM `men_news` [ RunTime:0.000394s ]
[ sql ] [ SQL ] SELECT * FROM `men_news` [ RunTime:0.000127s ]
[ sql ] [ SQL ] SELECT * FROM `men_series` LIMIT 1 [ RunTime:0.000095s ]
[ sql ] [ SQL ] SHOW COLUMNS FROM `men_product` [ RunTime:0.000388s ]
[ sql ] [ SQL ] SELECT * FROM `men_product` WHERE  `recommend` = 1  AND `category` = '反凹凸系列' ORDER BY id desc LIMIT 4 [ RunTime:0.000215s ]
[ sql ] [ SQL ] SHOW COLUMNS FROM `men_quality` [ RunTime:0.000359s ]
[ sql ] [ SQL ] SELECT * FROM `men_quality` ORDER BY id desc [ RunTime:0.000121s ]
[ sql ] [ SQL ] SELECT * FROM `men_quality` WHERE  `id` = 9 LIMIT 1 [ RunTime:0.000136s ]
[ sql ] [ SQL ] SELECT * FROM `men_quality` WHERE  `id` = 8 LIMIT 1 [ RunTime:0.000114s ]
[ sql ] [ SQL ] SELECT * FROM `men_quality` WHERE  `id` = 7 LIMIT 1 [ RunTime:0.000109s ]
[ sql ] [ SQL ] SELECT * FROM `men_news` ORDER BY id desc LIMIT 8 [ RunTime:0.000108s ]
[ sql ] [ SQL ] SHOW COLUMNS FROM `men_link` [ RunTime:0.000372s ]
[ sql ] [ SQL ] SELECT * FROM `men_link` [ RunTime:0.000129s ]

---------------------------------------------------------------
[ 2017-12-02T19:02:18+08:00 ] 172.17.195.153 111.23.205.242 GET /index/index/index.html
[ sql ] [ DB ] CONNECT:[ UseTime:0.000201s ] mysql:dbname=xinchu;host=localhost;port=3306;charset=utf8
[ sql ] [ SQL ] SHOW COLUMNS FROM `men_ads` [ RunTime:0.000610s ]
[ sql ] [ SQL ] SELECT * FROM `men_ads` [ RunTime:0.000165s ]
[ sql ] [ SQL ] SHOW COLUMNS FROM `men_series` [ RunTime:0.000395s ]
[ sql ] [ SQL ] SELECT * FROM `men_series` [ RunTime:0.000125s ]
[ sql ] [ SQL ] SHOW COLUMNS FROM `men_news` [ RunTime:0.000387s ]
[ sql ] [ SQL ] SELECT * FROM `men_news` [ RunTime:0.000118s ]
[ sql ] [ SQL ] SELECT * FROM `men_series` LIMIT 1 [ RunTime:0.000100s ]
[ sql ] [ SQL ] SHOW COLUMNS FROM `men_product` [ RunTime:0.000381s ]
[ sql ] [ SQL ] SELECT * FROM `men_product` WHERE  `recommend` = 1  AND `category` = '反凹凸系列' ORDER BY id desc LIMIT 4 [ RunTime:0.000206s ]
[ sql ] [ SQL ] SHOW COLUMNS FROM `men_quality` [ RunTime:0.000377s ]
[ sql ] [ SQL ] SELECT * FROM `men_quality` ORDER BY id desc [ RunTime:0.000120s ]
[ sql ] [ SQL ] SELECT * FROM `men_quality` WHERE  `id` = 9 LIMIT 1 [ RunTime:0.000128s ]
[ sql ] [ SQL ] SELECT * FROM `men_quality` WHERE  `id` = 8 LIMIT 1 [ RunTime:0.000122s ]
[ sql ] [ SQL ] SELECT * FROM `men_quality` WHERE  `id` = 7 LIMIT 1 [ RunTime:0.000111s ]
[ sql ] [ SQL ] SELECT * FROM `men_news` ORDER BY id desc LIMIT 8 [ RunTime:0.000108s ]
[ sql ] [ SQL ] SHOW COLUMNS FROM `men_link` [ RunTime:0.000379s ]
[ sql ] [ SQL ] SELECT * FROM `men_link` [ RunTime:0.000115s ]

---------------------------------------------------------------
[ 2017-12-02T19:02:20+08:00 ] 172.17.195.153 111.23.205.242 GET /index/index/enjoy.html
[ sql ] [ DB ] CONNECT:[ UseTime:0.000263s ] mysql:dbname=xinchu;host=localhost;port=3306;charset=utf8
[ sql ] [ SQL ] SHOW COLUMNS FROM `men_ads` [ RunTime:0.000621s ]
[ sql ] [ SQL ] SELECT * FROM `men_ads` [ RunTime:0.000156s ]
[ sql ] [ SQL ] SHOW COLUMNS FROM `men_series` [ RunTime:0.000384s ]
[ sql ] [ SQL ] SELECT * FROM `men_series` [ RunTime:0.000143s ]
[ sql ] [ SQL ] SELECT * FROM `men_series` LIMIT 1 [ RunTime:0.000103s ]
[ sql ] [ SQL ] SHOW COLUMNS FROM `men_product` [ RunTime:0.000411s ]
[ sql ] [ SQL ] SELECT * FROM `men_product` WHERE  `category` = '反凹凸系列' [ RunTime:0.000200s ]
[ sql ] [ SQL ] SHOW COLUMNS FROM `men_link` [ RunTime:0.000394s ]
[ sql ] [ SQL ] SELECT * FROM `men_link` [ RunTime:0.000115s ]

---------------------------------------------------------------
[ 2017-12-02T19:02:22+08:00 ] 172.17.195.153 111.23.205.242 GET /index/index/enjoy.html?category=%E4%BB%BF%E5%AE%9E%E6%9C%A8%E6%B7%B1%E6%8B%89%E4%BC%B8%E7%B3%BB%E5%88%97
[ sql ] [ DB ] CONNECT:[ UseTime:0.000224s ] mysql:dbname=xinchu;host=localhost;port=3306;charset=utf8
[ sql ] [ SQL ] SHOW COLUMNS FROM `men_ads` [ RunTime:0.000613s ]
[ sql ] [ SQL ] SELECT * FROM `men_ads` [ RunTime:0.000171s ]
[ sql ] [ SQL ] SHOW COLUMNS FROM `men_series` [ RunTime:0.000393s ]
[ sql ] [ SQL ] SELECT * FROM `men_series` [ RunTime:0.000123s ]
[ sql ] [ SQL ] SELECT * FROM `men_series` LIMIT 1 [ RunTime:0.000109s ]
[ sql ] [ SQL ] SHOW COLUMNS FROM `men_product` [ RunTime:0.000403s ]
[ sql ] [ SQL ] SELECT * FROM `men_product` WHERE  `category` = '仿实木深拉伸系列' [ RunTime:0.000178s ]
[ sql ] [ SQL ] SHOW COLUMNS FROM `men_link` [ RunTime:0.000389s ]
[ sql ] [ SQL ] SELECT * FROM `men_link` [ RunTime:0.000127s ]

---------------------------------------------------------------
[ 2017-12-02T19:02:30+08:00 ] 172.17.195.153 182.118.20.151 GET /index/index/index.html
[ sql ] [ DB ] CONNECT:[ UseTime:0.000219s ] mysql:dbname=xinchu;host=localhost;port=3306;charset=utf8
[ sql ] [ SQL ] SHOW COLUMNS FROM `men_ads` [ RunTime:0.000609s ]
[ sql ] [ SQL ] SELECT * FROM `men_ads` [ RunTime:0.000153s ]
[ sql ] [ SQL ] SHOW COLUMNS FROM `men_series` [ RunTime:0.000394s ]
[ sql ] [ SQL ] SELECT * FROM `men_series` [ RunTime:0.000124s ]
[ sql ] [ SQL ] SHOW COLUMNS FROM `men_news` [ RunTime:0.000391s ]
[ sql ] [ SQL ] SELECT * FROM `men_news` [ RunTime:0.000118s ]
[ sql ] [ SQL ] SELECT * FROM `men_series` LIMIT 1 [ RunTime:0.000100s ]
[ sql ] [ SQL ] SHOW COLUMNS FROM `men_product` [ RunTime:0.000384s ]
[ sql ] [ SQL ] SELECT * FROM `men_product` WHERE  `recommend` = 1  AND `category` = '反凹凸系列' ORDER BY id desc LIMIT 4 [ RunTime:0.000203s ]
[ sql ] [ SQL ] SHOW COLUMNS FROM `men_quality` [ RunTime:0.000389s ]
[ sql ] [ SQL ] SELECT * FROM `men_quality` ORDER BY id desc [ RunTime:0.000120s ]
[ sql ] [ SQL ] SELECT * FROM `men_quality` WHERE  `id` = 9 LIMIT 1 [ RunTime:0.000127s ]
[ sql ] [ SQL ] SELECT * FROM `men_quality` WHERE  `id` = 8 LIMIT 1 [ RunTime:0.000122s ]
[ sql ] [ SQL ] SELECT * FROM `men_quality` WHERE  `id` = 7 LIMIT 1 [ RunTime:0.000121s ]
[ sql ] [ SQL ] SELECT * FROM `men_news` ORDER BY id desc LIMIT 8 [ RunTime:0.000108s ]
[ sql ] [ SQL ] SHOW COLUMNS FROM `men_link` [ RunTime:0.000389s ]
[ sql ] [ SQL ] SELECT * FROM `men_link` [ RunTime:0.000112s ]

---------------------------------------------------------------
[ 2017-12-02T19:02:31+08:00 ] 172.17.195.153 111.23.205.242 GET /index/index/enjoy.html?category=%E7%94%9F%E6%80%81%E7%83%A4%E6%BC%86%E6%9C%A8%E9%97%A8%E7%B3%BB%E5%88%97
[ sql ] [ DB ] CONNECT:[ UseTime:0.000221s ] mysql:dbname=xinchu;host=localhost;port=3306;charset=utf8
[ sql ] [ SQL ] SHOW COLUMNS FROM `men_ads` [ RunTime:0.000588s ]
[ sql ] [ SQL ] SELECT * FROM `men_ads` [ RunTime:0.000154s ]
[ sql ] [ SQL ] SHOW COLUMNS FROM `men_series` [ RunTime:0.000380s ]
[ sql ] [ SQL ] SELECT * FROM `men_series` [ RunTime:0.000123s ]
[ sql ] [ SQL ] SELECT * FROM `men_series` LIMIT 1 [ RunTime:0.000101s ]
[ sql ] [ SQL ] SHOW COLUMNS FROM `men_product` [ RunTime:0.000396s ]
[ sql ] [ SQL ] SELECT * FROM `men_product` WHERE  `category` = '生态烤漆木门系列' [ RunTime:0.000205s ]
[ sql ] [ SQL ] SHOW COLUMNS FROM `men_link` [ RunTime:0.000381s ]
[ sql ] [ SQL ] SELECT * FROM `men_link` [ RunTime:0.000117s ]

---------------------------------------------------------------
[ 2017-12-02T19:02:41+08:00 ] 172.17.195.153 111.23.134.242 GET /index/index/enjoy.html?category=%E5%AE%9E%E6%9C%A8%E6%89%A3%E7%BA%BF%E7%B3%BB%E5%88%97
[ sql ] [ DB ] CONNECT:[ UseTime:0.000235s ] mysql:dbname=xinchu;host=localhost;port=3306;charset=utf8
[ sql ] [ SQL ] SHOW COLUMNS FROM `men_ads` [ RunTime:0.000617s ]
[ sql ] [ SQL ] SELECT * FROM `men_ads` [ RunTime:0.000164s ]
[ sql ] [ SQL ] SHOW COLUMNS FROM `men_series` [ RunTime:0.000389s ]
[ sql ] [ SQL ] SELECT * FROM `men_series` [ RunTime:0.000143s ]
[ sql ] [ SQL ] SELECT * FROM `men_series` LIMIT 1 [ RunTime:0.000097s ]
[ sql ] [ SQL ] SHOW COLUMNS FROM `men_product` [ RunTime:0.000388s ]
[ sql ] [ SQL ] SELECT * FROM `men_product` WHERE  `category` = '实木扣线系列' [ RunTime:0.000188s ]
[ sql ] [ SQL ] SHOW COLUMNS FROM `men_link` [ RunTime:0.000377s ]
[ sql ] [ SQL ] SELECT * FROM `men_link` [ RunTime:0.000117s ]

---------------------------------------------------------------
[ 2017-12-02T19:02:43+08:00 ] 172.17.195.153 101.199.112.49 GET /index/index/index.html
[ sql ] [ DB ] CONNECT:[ UseTime:0.000213s ] mysql:dbname=xinchu;host=localhost;port=3306;charset=utf8
[ sql ] [ SQL ] SHOW COLUMNS FROM `men_ads` [ RunTime:0.000603s ]
[ sql ] [ SQL ] SELECT * FROM `men_ads` [ RunTime:0.000154s ]
[ sql ] [ SQL ] SHOW COLUMNS FROM `men_series` [ RunTime:0.000398s ]
[ sql ] [ SQL ] SELECT * FROM `men_series` [ RunTime:0.000124s ]
[ sql ] [ SQL ] SHOW COLUMNS FROM `men_news` [ RunTime:0.000377s ]
[ sql ] [ SQL ] SELECT * FROM `men_news` [ RunTime:0.000138s ]
[ sql ] [ SQL ] SELECT * FROM `men_series` LIMIT 1 [ RunTime:0.000097s ]
[ sql ] [ SQL ] SHOW COLUMNS FROM `men_product` [ RunTime:0.000380s ]
[ sql ] [ SQL ] SELECT * FROM `men_product` WHERE  `recommend` = 1  AND `category` = '反凹凸系列' ORDER BY id desc LIMIT 4 [ RunTime:0.000219s ]
[ sql ] [ SQL ] SHOW COLUMNS FROM `men_quality` [ RunTime:0.000379s ]
[ sql ] [ SQL ] SELECT * FROM `men_quality` ORDER BY id desc [ RunTime:0.000118s ]
[ sql ] [ SQL ] SELECT * FROM `men_quality` WHERE  `id` = 9 LIMIT 1 [ RunTime:0.000145s ]
[ sql ] [ SQL ] SELECT * FROM `men_quality` WHERE  `id` = 8 LIMIT 1 [ RunTime:0.000117s ]
[ sql ] [ SQL ] SELECT * FROM `men_quality` WHERE  `id` = 7 LIMIT 1 [ RunTime:0.000124s ]
[ sql ] [ SQL ] SELECT * FROM `men_news` ORDER BY id desc LIMIT 8 [ RunTime:0.000105s ]
[ sql ] [ SQL ] SHOW COLUMNS FROM `men_link` [ RunTime:0.000386s ]
[ sql ] [ SQL ] SELECT * FROM `men_link` [ RunTime:0.000112s ]

---------------------------------------------------------------
[ 2017-12-02T19:02:43+08:00 ] 172.17.195.153 111.23.134.242 GET /index/index/enjoy.html?category=%E5%8F%8D%E5%87%B9%E5%87%B8%E7%B3%BB%E5%88%97
[ sql ] [ DB ] CONNECT:[ UseTime:0.000205s ] mysql:dbname=xinchu;host=localhost;port=3306;charset=utf8
[ sql ] [ SQL ] SHOW COLUMNS FROM `men_ads` [ RunTime:0.000613s ]
[ sql ] [ SQL ] SELECT * FROM `men_ads` [ RunTime:0.000149s ]
[ sql ] [ SQL ] SHOW COLUMNS FROM `men_series` [ RunTime:0.000390s ]
[ sql ] [ SQL ] SELECT * FROM `men_series` [ RunTime:0.000138s ]
[ sql ] [ SQL ] SELECT * FROM `men_series` LIMIT 1 [ RunTime:0.000095s ]
[ sql ] [ SQL ] SHOW COLUMNS FROM `men_product` [ RunTime:0.000406s ]
[ sql ] [ SQL ] SELECT * FROM `men_product` WHERE  `category` = '反凹凸系列' [ RunTime:0.000187s ]
[ sql ] [ SQL ] SHOW COLUMNS FROM `men_link` [ RunTime:0.000365s ]
[ sql ] [ SQL ] SELECT * FROM `men_link` [ RunTime:0.000120s ]

---------------------------------------------------------------
[ 2017-12-02T19:02:49+08:00 ] 172.17.195.153 111.23.205.242 GET /index/index/enjoy.html?category=%E5%8F%8D%E5%87%B9%E5%87%B8%E7%B3%BB%E5%88%97
[ sql ] [ DB ] CONNECT:[ UseTime:0.000227s ] mysql:dbname=xinchu;host=localhost;port=3306;charset=utf8
[ sql ] [ SQL ] SHOW COLUMNS FROM `men_ads` [ RunTime:0.000600s ]
[ sql ] [ SQL ] SELECT * FROM `men_ads` [ RunTime:0.000152s ]
[ sql ] [ SQL ] SHOW COLUMNS FROM `men_series` [ RunTime:0.000373s ]
[ sql ] [ SQL ] SELECT * FROM `men_series` [ RunTime:0.000136s ]
[ sql ] [ SQL ] SELECT * FROM `men_series` LIMIT 1 [ RunTime:0.000103s ]
[ sql ] [ SQL ] SHOW COLUMNS FROM `men_product` [ RunTime:0.000396s ]
[ sql ] [ SQL ] SELECT * FROM `men_product` WHERE  `category` = '反凹凸系列' [ RunTime:0.000194s ]
[ sql ] [ SQL ] SHOW COLUMNS FROM `men_link` [ RunTime:0.001188s ]
[ sql ] [ SQL ] SELECT * FROM `men_link` [ RunTime:0.000118s ]

---------------------------------------------------------------
[ 2017-12-02T19:03:09+08:00 ] 172.17.195.153 182.118.20.151 GET /index/index/news.html
[ sql ] [ DB ] CONNECT:[ UseTime:0.000222s ] mysql:dbname=xinchu;host=localhost;port=3306;charset=utf8
[ sql ] [ SQL ] SHOW COLUMNS FROM `men_ads` [ RunTime:0.000602s ]
[ sql ] [ SQL ] SELECT * FROM `men_ads` [ RunTime:0.000179s ]
[ sql ] [ SQL ] SHOW COLUMNS FROM `men_link` [ RunTime:0.000419s ]
[ sql ] [ SQL ] SELECT * FROM `men_link` [ RunTime:0.000126s ]
[ sql ] [ SQL ] SHOW COLUMNS FROM `men_news` [ RunTime:0.000425s ]
[ sql ] [ SQL ] SELECT COUNT(*) AS tp_count FROM `men_news` LIMIT 1 [ RunTime:0.000132s ]
[ sql ] [ SQL ] SELECT * FROM `men_news` ORDER BY id desc LIMIT 0,4 [ RunTime:0.000135s ]

---------------------------------------------------------------
[ 2017-12-02T19:03:11+08:00 ] 172.17.195.153 101.199.108.56 GET /index/index/enjoy.html
[ sql ] [ DB ] CONNECT:[ UseTime:0.000230s ] mysql:dbname=xinchu;host=localhost;port=3306;charset=utf8
[ sql ] [ SQL ] SHOW COLUMNS FROM `men_ads` [ RunTime:0.000613s ]
[ sql ] [ SQL ] SELECT * FROM `men_ads` [ RunTime:0.000164s ]
[ sql ] [ SQL ] SHOW COLUMNS FROM `men_series` [ RunTime:0.000369s ]
[ sql ] [ SQL ] SELECT * FROM `men_series` [ RunTime:0.000127s ]
[ sql ] [ SQL ] SELECT * FROM `men_series` LIMIT 1 [ RunTime:0.000096s ]
[ sql ] [ SQL ] SHOW COLUMNS FROM `men_product` [ RunTime:0.000382s ]
[ sql ] [ SQL ] SELECT * FROM `men_product` WHERE  `category` = '反凹凸系列' [ RunTime:0.000216s ]
[ sql ] [ SQL ] SHOW COLUMNS FROM `men_link` [ RunTime:0.000375s ]
[ sql ] [ SQL ] SELECT * FROM `men_link` [ RunTime:0.000115s ]

---------------------------------------------------------------
[ 2017-12-02T19:03:29+08:00 ] 172.17.195.153 111.23.134.242 GET /index/index/news.html
[ sql ] [ DB ] CONNECT:[ UseTime:0.000230s ] mysql:dbname=xinchu;host=localhost;port=3306;charset=utf8
[ sql ] [ SQL ] SHOW COLUMNS FROM `men_ads` [ RunTime:0.000612s ]
[ sql ] [ SQL ] SELECT * FROM `men_ads` [ RunTime:0.000162s ]
[ sql ] [ SQL ] SHOW COLUMNS FROM `men_link` [ RunTime:0.000410s ]
[ sql ] [ SQL ] SELECT * FROM `men_link` [ RunTime:0.000146s ]
[ sql ] [ SQL ] SHOW COLUMNS FROM `men_news` [ RunTime:0.000444s ]
[ sql ] [ SQL ] SELECT COUNT(*) AS tp_count FROM `men_news` LIMIT 1 [ RunTime:0.000127s ]
[ sql ] [ SQL ] SELECT * FROM `men_news` ORDER BY id desc LIMIT 0,4 [ RunTime:0.000133s ]

---------------------------------------------------------------
[ 2017-12-02T19:03:34+08:00 ] 172.17.195.153 182.118.20.144 GET /index/index/contact.html
[ sql ] [ DB ] CONNECT:[ UseTime:0.000204s ] mysql:dbname=xinchu;host=localhost;port=3306;charset=utf8
[ sql ] [ SQL ] SHOW COLUMNS FROM `men_ads` [ RunTime:0.000626s ]
[ sql ] [ SQL ] SELECT * FROM `men_ads` [ RunTime:0.000157s ]
[ sql ] [ SQL ] SHOW COLUMNS FROM `men_link` [ RunTime:0.000413s ]
[ sql ] [ SQL ] SELECT * FROM `men_link` [ RunTime:0.000127s ]
[ sql ] [ SQL ] SHOW COLUMNS FROM `men_profile` [ RunTime:0.000377s ]
[ sql ] [ SQL ] SELECT * FROM `men_profile` LIMIT 1 [ RunTime:0.000127s ]

---------------------------------------------------------------
[ 2017-12-02T19:03:36+08:00 ] 172.17.195.153 101.199.108.56 GET /index/index/enjoy.html?category=%E5%AE%9E%E6%9C%A8%E6%89%A3%E7%BA%BF%E7%B3%BB%E5%88%97
[ sql ] [ DB ] CONNECT:[ UseTime:0.000252s ] mysql:dbname=xinchu;host=localhost;port=3306;charset=utf8
[ sql ] [ SQL ] SHOW COLUMNS FROM `men_ads` [ RunTime:0.000603s ]
[ sql ] [ SQL ] SELECT * FROM `men_ads` [ RunTime:0.000159s ]
[ sql ] [ SQL ] SHOW COLUMNS FROM `men_series` [ RunTime:0.000390s ]
[ sql ] [ SQL ] SELECT * FROM `men_series` [ RunTime:0.000129s ]
[ sql ] [ SQL ] SELECT * FROM `men_series` LIMIT 1 [ RunTime:0.000106s ]
[ sql ] [ SQL ] SHOW COLUMNS FROM `men_product` [ RunTime:0.000411s ]
[ sql ] [ SQL ] SELECT * FROM `men_product` WHERE  `category` = '实木扣线系列' [ RunTime:0.000190s ]
[ sql ] [ SQL ] SHOW COLUMNS FROM `men_link` [ RunTime:0.000406s ]
[ sql ] [ SQL ] SELECT * FROM `men_link` [ RunTime:0.000119s ]

---------------------------------------------------------------
[ 2017-12-02T19:03:45+08:00 ] 172.17.195.153 111.23.205.242 GET /index/index/contact.html
[ sql ] [ DB ] CONNECT:[ UseTime:0.000210s ] mysql:dbname=xinchu;host=localhost;port=3306;charset=utf8
[ sql ] [ SQL ] SHOW COLUMNS FROM `men_ads` [ RunTime:0.001683s ]
[ sql ] [ SQL ] SELECT * FROM `men_ads` [ RunTime:0.000197s ]
[ sql ] [ SQL ] SHOW COLUMNS FROM `men_link` [ RunTime:0.000404s ]
[ sql ] [ SQL ] SELECT * FROM `men_link` [ RunTime:0.000124s ]
[ sql ] [ SQL ] SHOW COLUMNS FROM `men_profile` [ RunTime:0.000383s ]
[ sql ] [ SQL ] SELECT * FROM `men_profile` LIMIT 1 [ RunTime:0.000122s ]

---------------------------------------------------------------
[ 2017-12-02T19:04:18+08:00 ] 172.17.195.153 111.23.205.242 POST /admin/login/index.html
[ sql ] [ DB ] CONNECT:[ UseTime:0.000207s ] mysql:dbname=xinchu;host=localhost;port=3306;charset=utf8
[ sql ] [ SQL ] SHOW COLUMNS FROM `men_admin` [ RunTime:0.000611s ]
[ sql ] [ SQL ] SELECT * FROM `men_admin` WHERE  `username` = 'xinchumenye' LIMIT 1 [ RunTime:0.000215s ]

---------------------------------------------------------------
[ 2017-12-02T19:04:49+08:00 ] 172.17.195.153 111.23.134.242 GET /admin/quality/index.html
[ sql ] [ DB ] CONNECT:[ UseTime:0.000239s ] mysql:dbname=xinchu;host=localhost;port=3306;charset=utf8
[ sql ] [ SQL ] SHOW COLUMNS FROM `men_quality` [ RunTime:0.000616s ]
[ sql ] [ SQL ] SELECT * FROM `men_quality` ORDER BY `id`  desc [ RunTime:0.000169s ]

---------------------------------------------------------------
[ 2017-12-02T19:05:20+08:00 ] 172.17.195.153 111.23.205.242 GET /
[ sql ] [ DB ] CONNECT:[ UseTime:0.000270s ] mysql:dbname=xinchu;host=localhost;port=3306;charset=utf8
[ sql ] [ SQL ] SHOW COLUMNS FROM `men_ads` [ RunTime:0.000632s ]
[ sql ] [ SQL ] SELECT * FROM `men_ads` [ RunTime:0.000155s ]
[ sql ] [ SQL ] SHOW COLUMNS FROM `men_series` [ RunTime:0.000403s ]
[ sql ] [ SQL ] SELECT * FROM `men_series` [ RunTime:0.000134s ]
[ sql ] [ SQL ] SHOW COLUMNS FROM `men_news` [ RunTime:0.000382s ]
[ sql ] [ SQL ] SELECT * FROM `men_news` [ RunTime:0.000125s ]
[ sql ] [ SQL ] SELECT * FROM `men_series` LIMIT 1 [ RunTime:0.000096s ]
[ sql ] [ SQL ] SHOW COLUMNS FROM `men_product` [ RunTime:0.000380s ]
[ sql ] [ SQL ] SELECT * FROM `men_product` WHERE  `recommend` = 1  AND `category` = '反凹凸系列' ORDER BY id desc LIMIT 4 [ RunTime:0.000223s ]
[ sql ] [ SQL ] SHOW COLUMNS FROM `men_quality` [ RunTime:0.000397s ]
[ sql ] [ SQL ] SELECT * FROM `men_quality` ORDER BY id desc [ RunTime:0.000119s ]
[ sql ] [ SQL ] SELECT * FROM `men_quality` WHERE  `id` = 9 LIMIT 1 [ RunTime:0.000134s ]
[ sql ] [ SQL ] SELECT * FROM `men_quality` WHERE  `id` = 8 LIMIT 1 [ RunTime:0.000124s ]
[ sql ] [ SQL ] SELECT * FROM `men_quality` WHERE  `id` = 7 LIMIT 1 [ RunTime:0.000112s ]
[ sql ] [ SQL ] SELECT * FROM `men_news` ORDER BY id desc LIMIT 8 [ RunTime:0.000105s ]
[ sql ] [ SQL ] SHOW COLUMNS FROM `men_link` [ RunTime:0.000384s ]
[ sql ] [ SQL ] SELECT * FROM `men_link` [ RunTime:0.000121s ]

---------------------------------------------------------------
[ 2017-12-02T19:05:24+08:00 ] 172.17.195.153 111.23.205.242 GET /index/index/contact.html
[ sql ] [ DB ] CONNECT:[ UseTime:0.000210s ] mysql:dbname=xinchu;host=localhost;port=3306;charset=utf8
[ sql ] [ SQL ] SHOW COLUMNS FROM `men_ads` [ RunTime:0.000614s ]
[ sql ] [ SQL ] SELECT * FROM `men_ads` [ RunTime:0.000175s ]
[ sql ] [ SQL ] SHOW COLUMNS FROM `men_link` [ RunTime:0.000412s ]
[ sql ] [ SQL ] SELECT * FROM `men_link` [ RunTime:0.000125s ]
[ sql ] [ SQL ] SHOW COLUMNS FROM `men_profile` [ RunTime:0.000404s ]
[ sql ] [ SQL ] SELECT * FROM `men_profile` LIMIT 1 [ RunTime:0.000116s ]

---------------------------------------------------------------
[ 2017-12-02T19:05:40+08:00 ] 172.17.195.153 111.23.134.242 GET /index/index/contact.html
[ sql ] [ DB ] CONNECT:[ UseTime:0.000219s ] mysql:dbname=xinchu;host=localhost;port=3306;charset=utf8
[ sql ] [ SQL ] SHOW COLUMNS FROM `men_ads` [ RunTime:0.000614s ]
[ sql ] [ SQL ] SELECT * FROM `men_ads` [ RunTime:0.000157s ]
[ sql ] [ SQL ] SHOW COLUMNS FROM `men_link` [ RunTime:0.000390s ]
[ sql ] [ SQL ] SELECT * FROM `men_link` [ RunTime:0.000144s ]
[ sql ] [ SQL ] SHOW COLUMNS FROM `men_profile` [ RunTime:0.000380s ]
[ sql ] [ SQL ] SELECT * FROM `men_profile` LIMIT 1 [ RunTime:0.000111s ]

---------------------------------------------------------------
[ 2017-12-02T19:05:45+08:00 ] 172.17.195.153 111.23.134.242 GET /index/index/contact.html
[ sql ] [ DB ] CONNECT:[ UseTime:0.000213s ] mysql:dbname=xinchu;host=localhost;port=3306;charset=utf8
[ sql ] [ SQL ] SHOW COLUMNS FROM `men_ads` [ RunTime:0.000597s ]
[ sql ] [ SQL ] SELECT * FROM `men_ads` [ RunTime:0.000167s ]
[ sql ] [ SQL ] SHOW COLUMNS FROM `men_link` [ RunTime:0.000405s ]
[ sql ] [ SQL ] SELECT * FROM `men_link` [ RunTime:0.000122s ]
[ sql ] [ SQL ] SHOW COLUMNS FROM `men_profile` [ RunTime:0.000386s ]
[ sql ] [ SQL ] SELECT * FROM `men_profile` LIMIT 1 [ RunTime:0.000122s ]

---------------------------------------------------------------
[ 2017-12-02T19:06:21+08:00 ] 172.17.195.153 111.23.205.242 GET /index/index/contact.html
[ sql ] [ DB ] CONNECT:[ UseTime:0.000219s ] mysql:dbname=xinchu;host=localhost;port=3306;charset=utf8
[ sql ] [ SQL ] SHOW COLUMNS FROM `men_ads` [ RunTime:0.000613s ]
[ sql ] [ SQL ] SELECT * FROM `men_ads` [ RunTime:0.000155s ]
[ sql ] [ SQL ] SHOW COLUMNS FROM `men_link` [ RunTime:0.000402s ]
[ sql ] [ SQL ] SELECT * FROM `men_link` [ RunTime:0.000121s ]
[ sql ] [ SQL ] SHOW COLUMNS FROM `men_profile` [ RunTime:0.000378s ]
[ sql ] [ SQL ] SELECT * FROM `men_profile` LIMIT 1 [ RunTime:0.000111s ]

---------------------------------------------------------------
[ 2017-12-02T19:06:26+08:00 ] 172.17.195.153 111.23.205.242 GET /index/index/contact.html
[ sql ] [ DB ] CONNECT:[ UseTime:0.000209s ] mysql:dbname=xinchu;host=localhost;port=3306;charset=utf8
[ sql ] [ SQL ] SHOW COLUMNS FROM `men_ads` [ RunTime:0.000616s ]
[ sql ] [ SQL ] SELECT * FROM `men_ads` [ RunTime:0.000151s ]
[ sql ] [ SQL ] SHOW COLUMNS FROM `men_link` [ RunTime:0.000406s ]
[ sql ] [ SQL ] SELECT * FROM `men_link` [ RunTime:0.000128s ]
[ sql ] [ SQL ] SHOW COLUMNS FROM `men_profile` [ RunTime:0.000457s ]
[ sql ] [ SQL ] SELECT * FROM `men_profile` LIMIT 1 [ RunTime:0.000128s ]

---------------------------------------------------------------
[ 2017-12-02T19:06:32+08:00 ] 172.17.195.153 111.23.134.242 GET /index/index/contact.html
[ sql ] [ DB ] CONNECT:[ UseTime:0.000215s ] mysql:dbname=xinchu;host=localhost;port=3306;charset=utf8
[ sql ] [ SQL ] SHOW COLUMNS FROM `men_ads` [ RunTime:0.000614s ]
[ sql ] [ SQL ] SELECT * FROM `men_ads` [ RunTime:0.000169s ]
[ sql ] [ SQL ] SHOW COLUMNS FROM `men_link` [ RunTime:0.000413s ]
[ sql ] [ SQL ] SELECT * FROM `men_link` [ RunTime:0.000125s ]
[ sql ] [ SQL ] SHOW COLUMNS FROM `men_profile` [ RunTime:0.000400s ]
[ sql ] [ SQL ] SELECT * FROM `men_profile` LIMIT 1 [ RunTime:0.000125s ]

---------------------------------------------------------------
[ 2017-12-02T19:06:35+08:00 ] 172.17.195.153 111.23.205.242 GET /index/index/contact.html
[ sql ] [ DB ] CONNECT:[ UseTime:0.000231s ] mysql:dbname=xinchu;host=localhost;port=3306;charset=utf8
[ sql ] [ SQL ] SHOW COLUMNS FROM `men_ads` [ RunTime:0.000586s ]
[ sql ] [ SQL ] SELECT * FROM `men_ads` [ RunTime:0.000159s ]
[ sql ] [ SQL ] SHOW COLUMNS FROM `men_link` [ RunTime:0.000399s ]
[ sql ] [ SQL ] SELECT * FROM `men_link` [ RunTime:0.000139s ]
[ sql ] [ SQL ] SHOW COLUMNS FROM `men_profile` [ RunTime:0.000386s ]
[ sql ] [ SQL ] SELECT * FROM `men_profile` LIMIT 1 [ RunTime:0.000112s ]

---------------------------------------------------------------
[ 2017-12-02T19:06:37+08:00 ] 172.17.195.153 111.23.134.242 GET /index/index/contact.html
[ sql ] [ DB ] CONNECT:[ UseTime:0.000215s ] mysql:dbname=xinchu;host=localhost;port=3306;charset=utf8
[ sql ] [ SQL ] SHOW COLUMNS FROM `men_ads` [ RunTime:0.000611s ]
[ sql ] [ SQL ] SELECT * FROM `men_ads` [ RunTime:0.000163s ]
[ sql ] [ SQL ] SHOW COLUMNS FROM `men_link` [ RunTime:0.000403s ]
[ sql ] [ SQL ] SELECT * FROM `men_link` [ RunTime:0.000178s ]
[ sql ] [ SQL ] SHOW COLUMNS FROM `men_profile` [ RunTime:0.000412s ]
[ sql ] [ SQL ] SELECT * FROM `men_profile` LIMIT 1 [ RunTime:0.000113s ]

---------------------------------------------------------------
[ 2017-12-02T19:06:39+08:00 ] 172.17.195.153 111.23.134.242 GET /index/index/contact.html
[ sql ] [ DB ] CONNECT:[ UseTime:0.000210s ] mysql:dbname=xinchu;host=localhost;port=3306;charset=utf8
[ sql ] [ SQL ] SHOW COLUMNS FROM `men_ads` [ RunTime:0.000598s ]
[ sql ] [ SQL ] SELECT * FROM `men_ads` [ RunTime:0.000169s ]
[ sql ] [ SQL ] SHOW COLUMNS FROM `men_link` [ RunTime:0.000406s ]
[ sql ] [ SQL ] SELECT * FROM `men_link` [ RunTime:0.000121s ]
[ sql ] [ SQL ] SHOW COLUMNS FROM `men_profile` [ RunTime:0.000383s ]
[ sql ] [ SQL ] SELECT * FROM `men_profile` LIMIT 1 [ RunTime:0.000122s ]

---------------------------------------------------------------
[ 2017-12-02T19:06:42+08:00 ] 172.17.195.153 111.23.205.242 GET /index/index/contact.html
[ sql ] [ DB ] CONNECT:[ UseTime:0.000217s ] mysql:dbname=xinchu;host=localhost;port=3306;charset=utf8
[ sql ] [ SQL ] SHOW COLUMNS FROM `men_ads` [ RunTime:0.001587s ]
[ sql ] [ SQL ] SELECT * FROM `men_ads` [ RunTime:0.000173s ]
[ sql ] [ SQL ] SHOW COLUMNS FROM `men_link` [ RunTime:0.000412s ]
[ sql ] [ SQL ] SELECT * FROM `men_link` [ RunTime:0.000122s ]
[ sql ] [ SQL ] SHOW COLUMNS FROM `men_profile` [ RunTime:0.000390s ]
[ sql ] [ SQL ] SELECT * FROM `men_profile` LIMIT 1 [ RunTime:0.000112s ]

---------------------------------------------------------------
[ 2017-12-02T19:07:43+08:00 ] 172.17.195.153 111.23.134.242 GET /index/index/enjoy.html
[ sql ] [ DB ] CONNECT:[ UseTime:0.000232s ] mysql:dbname=xinchu;host=localhost;port=3306;charset=utf8
[ sql ] [ SQL ] SHOW COLUMNS FROM `men_ads` [ RunTime:0.000619s ]
[ sql ] [ SQL ] SELECT * FROM `men_ads` [ RunTime:0.000152s ]
[ sql ] [ SQL ] SHOW COLUMNS FROM `men_series` [ RunTime:0.000374s ]
[ sql ] [ SQL ] SELECT * FROM `men_series` [ RunTime:0.000123s ]
[ sql ] [ SQL ] SELECT * FROM `men_series` LIMIT 1 [ RunTime:0.000102s ]
[ sql ] [ SQL ] SHOW COLUMNS FROM `men_product` [ RunTime:0.000397s ]
[ sql ] [ SQL ] SELECT * FROM `men_product` WHERE  `category` = '反凹凸系列' [ RunTime:0.000193s ]
[ sql ] [ SQL ] SHOW COLUMNS FROM `men_link` [ RunTime:0.000378s ]
[ sql ] [ SQL ] SELECT * FROM `men_link` [ RunTime:0.000115s ]

---------------------------------------------------------------
[ 2017-12-02T19:07:48+08:00 ] 172.17.195.153 111.23.205.242 GET /admin/category/series.html
[ sql ] [ DB ] CONNECT:[ UseTime:0.000255s ] mysql:dbname=xinchu;host=localhost;port=3306;charset=utf8
[ sql ] [ SQL ] SHOW COLUMNS FROM `men_series` [ RunTime:0.001597s ]
[ sql ] [ SQL ] SELECT * FROM `men_series` [ RunTime:0.000178s ]

---------------------------------------------------------------
[ 2017-12-02T19:08:04+08:00 ] 172.17.195.153 111.23.205.242 GET /admin/category/xldel.html?id=14
[ sql ] [ DB ] CONNECT:[ UseTime:0.000220s ] mysql:dbname=xinchu;host=localhost;port=3306;charset=utf8
[ sql ] [ SQL ] SHOW COLUMNS FROM `men_series` [ RunTime:0.000604s ]
[ sql ] [ SQL ] SELECT * FROM `men_series` WHERE  `id` = 14 LIMIT 1 [ RunTime:0.000192s ]
[ sql ] [ SQL ] SHOW COLUMNS FROM `men_product` [ RunTime:0.000408s ]
[ sql ] [ SQL ] SELECT * FROM `men_product` WHERE  `category` = '实木扣线系列' [ RunTime:0.000169s ]
[ sql ] [ SQL ] DELETE FROM `men_series`    WHERE  `id` = 14 [ RunTime:0.002020s ]

---------------------------------------------------------------
[ 2017-12-02T19:08:07+08:00 ] 172.17.195.153 111.23.205.242 GET /admin/category/series.html
[ sql ] [ DB ] CONNECT:[ UseTime:0.000211s ] mysql:dbname=xinchu;host=localhost;port=3306;charset=utf8
[ sql ] [ SQL ] SHOW COLUMNS FROM `men_series` [ RunTime:0.000596s ]
[ sql ] [ SQL ] SELECT * FROM `men_series` [ RunTime:0.000169s ]

---------------------------------------------------------------
[ 2017-12-02T19:08:11+08:00 ] 172.17.195.153 111.23.205.242 GET /admin/quality/index.html
[ sql ] [ DB ] CONNECT:[ UseTime:0.000235s ] mysql:dbname=xinchu;host=localhost;port=3306;charset=utf8
[ sql ] [ SQL ] SHOW COLUMNS FROM `men_quality` [ RunTime:0.000615s ]
[ sql ] [ SQL ] SELECT * FROM `men_quality` ORDER BY `id`  desc [ RunTime:0.000195s ]

---------------------------------------------------------------
[ 2017-12-02T19:08:14+08:00 ] 172.17.195.153 111.23.134.242 GET /admin/quality/index.html
[ sql ] [ DB ] CONNECT:[ UseTime:0.000225s ] mysql:dbname=xinchu;host=localhost;port=3306;charset=utf8
[ sql ] [ SQL ] SHOW COLUMNS FROM `men_quality` [ RunTime:0.000619s ]
[ sql ] [ SQL ] SELECT * FROM `men_quality` ORDER BY `id`  desc [ RunTime:0.000163s ]

---------------------------------------------------------------
[ 2017-12-02T19:08:21+08:00 ] 172.17.195.153 111.23.134.242 GET /admin/category/series.html
[ sql ] [ DB ] CONNECT:[ UseTime:0.000214s ] mysql:dbname=xinchu;host=localhost;port=3306;charset=utf8
[ sql ] [ SQL ] SHOW COLUMNS FROM `men_series` [ RunTime:0.000612s ]
[ sql ] [ SQL ] SELECT * FROM `men_series` [ RunTime:0.000187s ]

---------------------------------------------------------------
[ 2017-12-02T19:08:22+08:00 ] 172.17.195.153 111.23.134.242 GET /admin/category/index.html
[ sql ] [ DB ] CONNECT:[ UseTime:0.000277s ] mysql:dbname=xinchu;host=localhost;port=3306;charset=utf8
[ sql ] [ SQL ] SHOW COLUMNS FROM `men_product` [ RunTime:0.000638s ]
[ sql ] [ SQL ] SELECT * FROM `men_product` ORDER BY id desc [ RunTime:0.000195s ]

---------------------------------------------------------------
[ 2017-12-02T19:08:50+08:00 ] 172.17.195.153 111.23.134.242 GET /admin/news/index.html
[ sql ] [ DB ] CONNECT:[ UseTime:0.000208s ] mysql:dbname=xinchu;host=localhost;port=3306;charset=utf8
[ sql ] [ SQL ] SHOW COLUMNS FROM `men_news` [ RunTime:0.000601s ]
[ sql ] [ SQL ] SELECT * FROM `men_news` ORDER BY id desc [ RunTime:0.000185s ]

---------------------------------------------------------------
[ 2017-12-02T23:50:02+08:00 ] 172.17.195.153 140.205.225.185 GET /
[ sql ] [ DB ] CONNECT:[ UseTime:0.000212s ] mysql:dbname=xinchu;host=localhost;port=3306;charset=utf8
[ sql ] [ SQL ] SHOW COLUMNS FROM `men_ads` [ RunTime:0.000616s ]
[ sql ] [ SQL ] SELECT * FROM `men_ads` [ RunTime:0.000161s ]
[ sql ] [ SQL ] SHOW COLUMNS FROM `men_series` [ RunTime:0.000394s ]
[ sql ] [ SQL ] SELECT * FROM `men_series` [ RunTime:0.000122s ]
[ sql ] [ SQL ] SHOW COLUMNS FROM `men_news` [ RunTime:0.000389s ]
[ sql ] [ SQL ] SELECT * FROM `men_news` [ RunTime:0.000137s ]
[ sql ] [ SQL ] SELECT * FROM `men_series` LIMIT 1 [ RunTime:0.000097s ]
[ sql ] [ SQL ] SHOW COLUMNS FROM `men_product` [ RunTime:0.000386s ]
[ sql ] [ SQL ] SELECT * FROM `men_product` WHERE  `recommend` = 1  AND `category` = '反凹凸系列' ORDER BY id desc LIMIT 4 [ RunTime:0.000224s ]
[ sql ] [ SQL ] SHOW COLUMNS FROM `men_quality` [ RunTime:0.000379s ]
[ sql ] [ SQL ] SELECT * FROM `men_quality` ORDER BY id desc [ RunTime:0.000120s ]
[ sql ] [ SQL ] SELECT * FROM `men_quality` WHERE  `id` = 9 LIMIT 1 [ RunTime:0.000145s ]
[ sql ] [ SQL ] SELECT * FROM `men_quality` WHERE  `id` = 8 LIMIT 1 [ RunTime:0.000118s ]
[ sql ] [ SQL ] SELECT * FROM `men_quality` WHERE  `id` = 7 LIMIT 1 [ RunTime:0.000111s ]
[ sql ] [ SQL ] SELECT * FROM `men_news` ORDER BY id desc LIMIT 8 [ RunTime:0.000108s ]
[ sql ] [ SQL ] SHOW COLUMNS FROM `men_link` [ RunTime:0.000394s ]
[ sql ] [ SQL ] SELECT * FROM `men_link` [ RunTime:0.000111s ]

---------------------------------------------------------------
[ 2017-12-02T23:54:58+08:00 ] 172.17.195.153 140.205.225.185 GET /index.php
[ sql ] [ DB ] CONNECT:[ UseTime:0.000219s ] mysql:dbname=xinchu;host=localhost;port=3306;charset=utf8
[ sql ] [ SQL ] SHOW COLUMNS FROM `men_ads` [ RunTime:0.000616s ]
[ sql ] [ SQL ] SELECT * FROM `men_ads` [ RunTime:0.000173s ]
[ sql ] [ SQL ] SHOW COLUMNS FROM `men_series` [ RunTime:0.000383s ]
[ sql ] [ SQL ] SELECT * FROM `men_series` [ RunTime:0.000122s ]
[ sql ] [ SQL ] SHOW COLUMNS FROM `men_news` [ RunTime:0.000393s ]
[ sql ] [ SQL ] SELECT * FROM `men_news` [ RunTime:0.000120s ]
[ sql ] [ SQL ] SELECT * FROM `men_series` LIMIT 1 [ RunTime:0.000097s ]
[ sql ] [ SQL ] SHOW COLUMNS FROM `men_product` [ RunTime:0.000392s ]
[ sql ] [ SQL ] SELECT * FROM `men_product` WHERE  `recommend` = 1  AND `category` = '反凹凸系列' ORDER BY id desc LIMIT 4 [ RunTime:0.000223s ]
[ sql ] [ SQL ] SHOW COLUMNS FROM `men_quality` [ RunTime:0.000378s ]
[ sql ] [ SQL ] SELECT * FROM `men_quality` ORDER BY id desc [ RunTime:0.000122s ]
[ sql ] [ SQL ] SELECT * FROM `men_quality` WHERE  `id` = 9 LIMIT 1 [ RunTime:0.000127s ]
[ sql ] [ SQL ] SELECT * FROM `men_quality` WHERE  `id` = 8 LIMIT 1 [ RunTime:0.000115s ]
[ sql ] [ SQL ] SELECT * FROM `men_quality` WHERE  `id` = 7 LIMIT 1 [ RunTime:0.000124s ]
[ sql ] [ SQL ] SELECT * FROM `men_news` ORDER BY id desc LIMIT 8 [ RunTime:0.000110s ]
[ sql ] [ SQL ] SHOW COLUMNS FROM `men_link` [ RunTime:0.000373s ]
[ sql ] [ SQL ] SELECT * FROM `men_link` [ RunTime:0.000110s ]

---------------------------------------------------------------
