[ 2017-12-11T00:27:52+08:00 ] 172.17.195.153 114.215.45.101 GET /
[ sql ] [ DB ] CONNECT:[ UseTime:0.000213s ] mysql:dbname=xinchu;host=localhost;port=3306;charset=utf8
[ sql ] [ SQL ] SHOW COLUMNS FROM `men_ads` [ RunTime:0.000635s ]
[ sql ] [ SQL ] SELECT * FROM `men_ads` [ RunTime:0.000155s ]
[ sql ] [ SQL ] SHOW COLUMNS FROM `men_series` [ RunTime:0.000419s ]
[ sql ] [ SQL ] SELECT * FROM `men_series` [ RunTime:0.000125s ]
[ sql ] [ SQL ] SHOW COLUMNS FROM `men_news` [ RunTime:0.000417s ]
[ sql ] [ SQL ] SELECT * FROM `men_news` [ RunTime:0.000123s ]
[ sql ] [ SQL ] SELECT * FROM `men_series` LIMIT 1 [ RunTime:0.000101s ]
[ sql ] [ SQL ] SHOW COLUMNS FROM `men_product` [ RunTime:0.000400s ]
[ sql ] [ SQL ] SELECT * FROM `men_product` WHERE  `recommend` = 1  AND `category` = '反凹凸系列' ORDER BY id desc LIMIT 4 [ RunTime:0.000221s ]
[ sql ] [ SQL ] SHOW COLUMNS FROM `men_quality` [ RunTime:0.000386s ]
[ sql ] [ SQL ] SELECT * FROM `men_quality` ORDER BY id desc [ RunTime:0.000139s ]
[ sql ] [ SQL ] SELECT * FROM `men_quality` WHERE  `id` = 9 LIMIT 1 [ RunTime:0.000140s ]
[ sql ] [ SQL ] SELECT * FROM `men_quality` WHERE  `id` = 8 LIMIT 1 [ RunTime:0.000115s ]
[ sql ] [ SQL ] SELECT * FROM `men_quality` WHERE  `id` = 7 LIMIT 1 [ RunTime:0.000111s ]
[ sql ] [ SQL ] SELECT * FROM `men_news` ORDER BY id desc LIMIT 8 [ RunTime:0.000125s ]
[ sql ] [ SQL ] SHOW COLUMNS FROM `men_link` [ RunTime:0.000377s ]
[ sql ] [ SQL ] SELECT * FROM `men_link` [ RunTime:0.000111s ]

---------------------------------------------------------------
[ 2017-12-11T05:53:16+08:00 ] 172.17.195.153 140.205.225.190 POST /index.php?m=member&c=index&a=register&siteid=1
[ sql ] [ DB ] CONNECT:[ UseTime:0.000213s ] mysql:dbname=xinchu;host=localhost;port=3306;charset=utf8
[ sql ] [ SQL ] SHOW COLUMNS FROM `men_ads` [ RunTime:0.000635s ]
[ sql ] [ SQL ] SELECT * FROM `men_ads` [ RunTime:0.000153s ]
[ sql ] [ SQL ] SHOW COLUMNS FROM `men_series` [ RunTime:0.000407s ]
[ sql ] [ SQL ] SELECT * FROM `men_series` [ RunTime:0.000121s ]
[ sql ] [ SQL ] SHOW COLUMNS FROM `men_news` [ RunTime:0.000374s ]
[ sql ] [ SQL ] SELECT * FROM `men_news` [ RunTime:0.000121s ]
[ sql ] [ SQL ] SELECT * FROM `men_series` LIMIT 1 [ RunTime:0.000098s ]
[ sql ] [ SQL ] SHOW COLUMNS FROM `men_product` [ RunTime:0.000366s ]
[ sql ] [ SQL ] SELECT * FROM `men_product` WHERE  `recommend` = 1  AND `category` = '反凹凸系列' ORDER BY id desc LIMIT 4 [ RunTime:0.000219s ]
[ sql ] [ SQL ] SHOW COLUMNS FROM `men_quality` [ RunTime:0.000362s ]
[ sql ] [ SQL ] SELECT * FROM `men_quality` ORDER BY id desc [ RunTime:0.000118s ]
[ sql ] [ SQL ] SELECT * FROM `men_quality` WHERE  `id` = 9 LIMIT 1 [ RunTime:0.000132s ]
[ sql ] [ SQL ] SELECT * FROM `men_quality` WHERE  `id` = 8 LIMIT 1 [ RunTime:0.000117s ]
[ sql ] [ SQL ] SELECT * FROM `men_quality` WHERE  `id` = 7 LIMIT 1 [ RunTime:0.000110s ]
[ sql ] [ SQL ] SELECT * FROM `men_news` ORDER BY id desc LIMIT 8 [ RunTime:0.000104s ]
[ sql ] [ SQL ] SHOW COLUMNS FROM `men_link` [ RunTime:0.000393s ]
[ sql ] [ SQL ] SELECT * FROM `men_link` [ RunTime:0.000111s ]

---------------------------------------------------------------
[ 2017-12-11T05:53:16+08:00 ] 172.17.195.153 140.205.225.190 GET /index.php?m=wap&a=index&siteid=1
[ sql ] [ DB ] CONNECT:[ UseTime:0.000252s ] mysql:dbname=xinchu;host=localhost;port=3306;charset=utf8
[ sql ] [ SQL ] SHOW COLUMNS FROM `men_ads` [ RunTime:0.000623s ]
[ sql ] [ SQL ] SELECT * FROM `men_ads` [ RunTime:0.000155s ]
[ sql ] [ SQL ] SHOW COLUMNS FROM `men_series` [ RunTime:0.000402s ]
[ sql ] [ SQL ] SELECT * FROM `men_series` [ RunTime:0.000124s ]
[ sql ] [ SQL ] SHOW COLUMNS FROM `men_news` [ RunTime:0.000376s ]
[ sql ] [ SQL ] SELECT * FROM `men_news` [ RunTime:0.000137s ]
[ sql ] [ SQL ] SELECT * FROM `men_series` LIMIT 1 [ RunTime:0.000106s ]
[ sql ] [ SQL ] SHOW COLUMNS FROM `men_product` [ RunTime:0.000372s ]
[ sql ] [ SQL ] SELECT * FROM `men_product` WHERE  `recommend` = 1  AND `category` = '反凹凸系列' ORDER BY id desc LIMIT 4 [ RunTime:0.000221s ]
[ sql ] [ SQL ] SHOW COLUMNS FROM `men_quality` [ RunTime:0.000379s ]
[ sql ] [ SQL ] SELECT * FROM `men_quality` ORDER BY id desc [ RunTime:0.000118s ]
[ sql ] [ SQL ] SELECT * FROM `men_quality` WHERE  `id` = 9 LIMIT 1 [ RunTime:0.000145s ]
[ sql ] [ SQL ] SELECT * FROM `men_quality` WHERE  `id` = 8 LIMIT 1 [ RunTime:0.000129s ]
[ sql ] [ SQL ] SELECT * FROM `men_quality` WHERE  `id` = 7 LIMIT 1 [ RunTime:0.000111s ]
[ sql ] [ SQL ] SELECT * FROM `men_news` ORDER BY id desc LIMIT 8 [ RunTime:0.000105s ]
[ sql ] [ SQL ] SHOW COLUMNS FROM `men_link` [ RunTime:0.000388s ]
[ sql ] [ SQL ] SELECT * FROM `men_link` [ RunTime:0.000113s ]

---------------------------------------------------------------
[ 2017-12-11T07:40:33+08:00 ] 172.17.195.153 106.11.225.96 GET /
[ sql ] [ DB ] CONNECT:[ UseTime:0.000429s ] mysql:dbname=xinchu;host=localhost;port=3306;charset=utf8
[ sql ] [ SQL ] SHOW COLUMNS FROM `men_ads` [ RunTime:0.000616s ]
[ sql ] [ SQL ] SELECT * FROM `men_ads` [ RunTime:0.000153s ]
[ sql ] [ SQL ] SHOW COLUMNS FROM `men_series` [ RunTime:0.000390s ]
[ sql ] [ SQL ] SELECT * FROM `men_series` [ RunTime:0.000128s ]
[ sql ] [ SQL ] SHOW COLUMNS FROM `men_news` [ RunTime:0.000403s ]
[ sql ] [ SQL ] SELECT * FROM `men_news` [ RunTime:0.000120s ]
[ sql ] [ SQL ] SELECT * FROM `men_series` LIMIT 1 [ RunTime:0.000119s ]
[ sql ] [ SQL ] SHOW COLUMNS FROM `men_product` [ RunTime:0.000379s ]
[ sql ] [ SQL ] SELECT * FROM `men_product` WHERE  `recommend` = 1  AND `category` = '反凹凸系列' ORDER BY id desc LIMIT 4 [ RunTime:0.000209s ]
[ sql ] [ SQL ] SHOW COLUMNS FROM `men_quality` [ RunTime:0.000380s ]
[ sql ] [ SQL ] SELECT * FROM `men_quality` ORDER BY id desc [ RunTime:0.000133s ]
[ sql ] [ SQL ] SELECT * FROM `men_quality` WHERE  `id` = 9 LIMIT 1 [ RunTime:0.000132s ]
[ sql ] [ SQL ] SELECT * FROM `men_quality` WHERE  `id` = 8 LIMIT 1 [ RunTime:0.000124s ]
[ sql ] [ SQL ] SELECT * FROM `men_quality` WHERE  `id` = 7 LIMIT 1 [ RunTime:0.000113s ]
[ sql ] [ SQL ] SELECT * FROM `men_news` ORDER BY id desc LIMIT 8 [ RunTime:0.000106s ]
[ sql ] [ SQL ] SHOW COLUMNS FROM `men_link` [ RunTime:0.000395s ]
[ sql ] [ SQL ] SELECT * FROM `men_link` [ RunTime:0.000116s ]

---------------------------------------------------------------
[ 2017-12-11T08:27:21+08:00 ] 172.17.195.153 47.93.90.175 GET /
[ sql ] [ DB ] CONNECT:[ UseTime:0.000220s ] mysql:dbname=xinchu;host=localhost;port=3306;charset=utf8
[ sql ] [ SQL ] SHOW COLUMNS FROM `men_ads` [ RunTime:0.000593s ]
[ sql ] [ SQL ] SELECT * FROM `men_ads` [ RunTime:0.000146s ]
[ sql ] [ SQL ] SHOW COLUMNS FROM `men_series` [ RunTime:0.000379s ]
[ sql ] [ SQL ] SELECT * FROM `men_series` [ RunTime:0.000119s ]
[ sql ] [ SQL ] SHOW COLUMNS FROM `men_news` [ RunTime:0.000400s ]
[ sql ] [ SQL ] SELECT * FROM `men_news` [ RunTime:0.000119s ]
[ sql ] [ SQL ] SELECT * FROM `men_series` LIMIT 1 [ RunTime:0.000094s ]
[ sql ] [ SQL ] SHOW COLUMNS FROM `men_product` [ RunTime:0.000368s ]
[ sql ] [ SQL ] SELECT * FROM `men_product` WHERE  `recommend` = 1  AND `category` = '反凹凸系列' ORDER BY id desc LIMIT 4 [ RunTime:0.000205s ]
[ sql ] [ SQL ] SHOW COLUMNS FROM `men_quality` [ RunTime:0.000360s ]
[ sql ] [ SQL ] SELECT * FROM `men_quality` ORDER BY id desc [ RunTime:0.000117s ]
[ sql ] [ SQL ] SELECT * FROM `men_quality` WHERE  `id` = 9 LIMIT 1 [ RunTime:0.000173s ]
[ sql ] [ SQL ] SELECT * FROM `men_quality` WHERE  `id` = 8 LIMIT 1 [ RunTime:0.000117s ]
[ sql ] [ SQL ] SELECT * FROM `men_quality` WHERE  `id` = 7 LIMIT 1 [ RunTime:0.000110s ]
[ sql ] [ SQL ] SELECT * FROM `men_news` ORDER BY id desc LIMIT 8 [ RunTime:0.000103s ]
[ sql ] [ SQL ] SHOW COLUMNS FROM `men_link` [ RunTime:0.000377s ]
[ sql ] [ SQL ] SELECT * FROM `men_link` [ RunTime:0.000110s ]

---------------------------------------------------------------
[ 2017-12-11T09:16:07+08:00 ] 172.17.195.153 106.11.242.102 GET /
[ sql ] [ DB ] CONNECT:[ UseTime:0.000323s ] mysql:dbname=xinchu;host=localhost;port=3306;charset=utf8
[ sql ] [ SQL ] SHOW COLUMNS FROM `men_ads` [ RunTime:0.000600s ]
[ sql ] [ SQL ] SELECT * FROM `men_ads` [ RunTime:0.000147s ]
[ sql ] [ SQL ] SHOW COLUMNS FROM `men_series` [ RunTime:0.000388s ]
[ sql ] [ SQL ] SELECT * FROM `men_series` [ RunTime:0.000122s ]
[ sql ] [ SQL ] SHOW COLUMNS FROM `men_news` [ RunTime:0.000399s ]
[ sql ] [ SQL ] SELECT * FROM `men_news` [ RunTime:0.000120s ]
[ sql ] [ SQL ] SELECT * FROM `men_series` LIMIT 1 [ RunTime:0.000097s ]
[ sql ] [ SQL ] SHOW COLUMNS FROM `men_product` [ RunTime:0.000387s ]
[ sql ] [ SQL ] SELECT * FROM `men_product` WHERE  `recommend` = 1  AND `category` = '反凹凸系列' ORDER BY id desc LIMIT 4 [ RunTime:0.000207s ]
[ sql ] [ SQL ] SHOW COLUMNS FROM `men_quality` [ RunTime:0.000364s ]
[ sql ] [ SQL ] SELECT * FROM `men_quality` ORDER BY id desc [ RunTime:0.000138s ]
[ sql ] [ SQL ] SELECT * FROM `men_quality` WHERE  `id` = 9 LIMIT 1 [ RunTime:0.000129s ]
[ sql ] [ SQL ] SELECT * FROM `men_quality` WHERE  `id` = 8 LIMIT 1 [ RunTime:0.000117s ]
[ sql ] [ SQL ] SELECT * FROM `men_quality` WHERE  `id` = 7 LIMIT 1 [ RunTime:0.000112s ]
[ sql ] [ SQL ] SELECT * FROM `men_news` ORDER BY id desc LIMIT 8 [ RunTime:0.000119s ]
[ sql ] [ SQL ] SHOW COLUMNS FROM `men_link` [ RunTime:0.000375s ]
[ sql ] [ SQL ] SELECT * FROM `men_link` [ RunTime:0.000111s ]

---------------------------------------------------------------
[ 2017-12-11T09:57:16+08:00 ] 172.17.195.153 123.59.78.122 GET /
[ sql ] [ DB ] CONNECT:[ UseTime:0.000263s ] mysql:dbname=xinchu;host=localhost;port=3306;charset=utf8
[ sql ] [ SQL ] SHOW COLUMNS FROM `men_ads` [ RunTime:0.000671s ]
[ sql ] [ SQL ] SELECT * FROM `men_ads` [ RunTime:0.000164s ]
[ sql ] [ SQL ] SHOW COLUMNS FROM `men_series` [ RunTime:0.000432s ]
[ sql ] [ SQL ] SELECT * FROM `men_series` [ RunTime:0.000137s ]
[ sql ] [ SQL ] SHOW COLUMNS FROM `men_news` [ RunTime:0.000427s ]
[ sql ] [ SQL ] SELECT * FROM `men_news` [ RunTime:0.000144s ]
[ sql ] [ SQL ] SELECT * FROM `men_series` LIMIT 1 [ RunTime:0.000106s ]
[ sql ] [ SQL ] SHOW COLUMNS FROM `men_product` [ RunTime:0.000421s ]
[ sql ] [ SQL ] SELECT * FROM `men_product` WHERE  `recommend` = 1  AND `category` = '反凹凸系列' ORDER BY id desc LIMIT 4 [ RunTime:0.000236s ]
[ sql ] [ SQL ] SHOW COLUMNS FROM `men_quality` [ RunTime:0.000379s ]
[ sql ] [ SQL ] SELECT * FROM `men_quality` ORDER BY id desc [ RunTime:0.000133s ]
[ sql ] [ SQL ] SELECT * FROM `men_quality` WHERE  `id` = 9 LIMIT 1 [ RunTime:0.000141s ]
[ sql ] [ SQL ] SELECT * FROM `men_quality` WHERE  `id` = 8 LIMIT 1 [ RunTime:0.000124s ]
[ sql ] [ SQL ] SELECT * FROM `men_quality` WHERE  `id` = 7 LIMIT 1 [ RunTime:0.000133s ]
[ sql ] [ SQL ] SELECT * FROM `men_news` ORDER BY id desc LIMIT 8 [ RunTime:0.000119s ]
[ sql ] [ SQL ] SHOW COLUMNS FROM `men_link` [ RunTime:0.000394s ]
[ sql ] [ SQL ] SELECT * FROM `men_link` [ RunTime:0.000121s ]

---------------------------------------------------------------
[ 2017-12-11T09:57:16+08:00 ] 172.17.195.153 106.75.2.81 GET /
[ sql ] [ DB ] CONNECT:[ UseTime:0.000212s ] mysql:dbname=xinchu;host=localhost;port=3306;charset=utf8
[ sql ] [ SQL ] SHOW COLUMNS FROM `men_ads` [ RunTime:0.000554s ]
[ sql ] [ SQL ] SELECT * FROM `men_ads` [ RunTime:0.000155s ]
[ sql ] [ SQL ] SHOW COLUMNS FROM `men_series` [ RunTime:0.000387s ]
[ sql ] [ SQL ] SELECT * FROM `men_series` [ RunTime:0.000130s ]
[ sql ] [ SQL ] SHOW COLUMNS FROM `men_news` [ RunTime:0.000407s ]
[ sql ] [ SQL ] SELECT * FROM `men_news` [ RunTime:0.000126s ]
[ sql ] [ SQL ] SELECT * FROM `men_series` LIMIT 1 [ RunTime:0.000102s ]
[ sql ] [ SQL ] SHOW COLUMNS FROM `men_product` [ RunTime:0.000416s ]
[ sql ] [ SQL ] SELECT * FROM `men_product` WHERE  `recommend` = 1  AND `category` = '反凹凸系列' ORDER BY id desc LIMIT 4 [ RunTime:0.000211s ]
[ sql ] [ SQL ] SHOW COLUMNS FROM `men_quality` [ RunTime:0.000402s ]
[ sql ] [ SQL ] SELECT * FROM `men_quality` ORDER BY id desc [ RunTime:0.000129s ]
[ sql ] [ SQL ] SELECT * FROM `men_quality` WHERE  `id` = 9 LIMIT 1 [ RunTime:0.000135s ]
[ sql ] [ SQL ] SELECT * FROM `men_quality` WHERE  `id` = 8 LIMIT 1 [ RunTime:0.000139s ]
[ sql ] [ SQL ] SELECT * FROM `men_quality` WHERE  `id` = 7 LIMIT 1 [ RunTime:0.000123s ]
[ sql ] [ SQL ] SELECT * FROM `men_news` ORDER BY id desc LIMIT 8 [ RunTime:0.000115s ]
[ sql ] [ SQL ] SHOW COLUMNS FROM `men_link` [ RunTime:0.000381s ]
[ sql ] [ SQL ] SELECT * FROM `men_link` [ RunTime:0.000126s ]

---------------------------------------------------------------
[ 2017-12-11T14:40:24+08:00 ] 172.17.195.153 140.205.225.202 POST /index.php?m=member&c=index&a=register&siteid=1
[ sql ] [ DB ] CONNECT:[ UseTime:0.000212s ] mysql:dbname=xinchu;host=localhost;port=3306;charset=utf8
[ sql ] [ SQL ] SHOW COLUMNS FROM `men_ads` [ RunTime:0.000621s ]
[ sql ] [ SQL ] SELECT * FROM `men_ads` [ RunTime:0.000153s ]
[ sql ] [ SQL ] SHOW COLUMNS FROM `men_series` [ RunTime:0.000403s ]
[ sql ] [ SQL ] SELECT * FROM `men_series` [ RunTime:0.000120s ]
[ sql ] [ SQL ] SHOW COLUMNS FROM `men_news` [ RunTime:0.000409s ]
[ sql ] [ SQL ] SELECT * FROM `men_news` [ RunTime:0.000122s ]
[ sql ] [ SQL ] SELECT * FROM `men_series` LIMIT 1 [ RunTime:0.000098s ]
[ sql ] [ SQL ] SHOW COLUMNS FROM `men_product` [ RunTime:0.000373s ]
[ sql ] [ SQL ] SELECT * FROM `men_product` WHERE  `recommend` = 1  AND `category` = '反凹凸系列' ORDER BY id desc LIMIT 4 [ RunTime:0.000213s ]
[ sql ] [ SQL ] SHOW COLUMNS FROM `men_quality` [ RunTime:0.000362s ]
[ sql ] [ SQL ] SELECT * FROM `men_quality` ORDER BY id desc [ RunTime:0.000137s ]
[ sql ] [ SQL ] SELECT * FROM `men_quality` WHERE  `id` = 9 LIMIT 1 [ RunTime:0.000133s ]
[ sql ] [ SQL ] SELECT * FROM `men_quality` WHERE  `id` = 8 LIMIT 1 [ RunTime:0.000114s ]
[ sql ] [ SQL ] SELECT * FROM `men_quality` WHERE  `id` = 7 LIMIT 1 [ RunTime:0.000110s ]
[ sql ] [ SQL ] SELECT * FROM `men_news` ORDER BY id desc LIMIT 8 [ RunTime:0.000104s ]
[ sql ] [ SQL ] SHOW COLUMNS FROM `men_link` [ RunTime:0.000378s ]
[ sql ] [ SQL ] SELECT * FROM `men_link` [ RunTime:0.000112s ]

---------------------------------------------------------------
[ 2017-12-11T14:40:26+08:00 ] 172.17.195.153 140.205.225.202 GET /index.php?m=wap&a=index&siteid=1
[ sql ] [ DB ] CONNECT:[ UseTime:0.000218s ] mysql:dbname=xinchu;host=localhost;port=3306;charset=utf8
[ sql ] [ SQL ] SHOW COLUMNS FROM `men_ads` [ RunTime:0.000628s ]
[ sql ] [ SQL ] SELECT * FROM `men_ads` [ RunTime:0.000153s ]
[ sql ] [ SQL ] SHOW COLUMNS FROM `men_series` [ RunTime:0.000380s ]
[ sql ] [ SQL ] SELECT * FROM `men_series` [ RunTime:0.000136s ]
[ sql ] [ SQL ] SHOW COLUMNS FROM `men_news` [ RunTime:0.000388s ]
[ sql ] [ SQL ] SELECT * FROM `men_news` [ RunTime:0.000119s ]
[ sql ] [ SQL ] SELECT * FROM `men_series` LIMIT 1 [ RunTime:0.000117s ]
[ sql ] [ SQL ] SHOW COLUMNS FROM `men_product` [ RunTime:0.000381s ]
[ sql ] [ SQL ] SELECT * FROM `men_product` WHERE  `recommend` = 1  AND `category` = '反凹凸系列' ORDER BY id desc LIMIT 4 [ RunTime:0.000202s ]
[ sql ] [ SQL ] SHOW COLUMNS FROM `men_quality` [ RunTime:0.000403s ]
[ sql ] [ SQL ] SELECT * FROM `men_quality` ORDER BY id desc [ RunTime:0.000178s ]
[ sql ] [ SQL ] SELECT * FROM `men_quality` WHERE  `id` = 9 LIMIT 1 [ RunTime:0.000127s ]
[ sql ] [ SQL ] SELECT * FROM `men_quality` WHERE  `id` = 8 LIMIT 1 [ RunTime:0.000133s ]
[ sql ] [ SQL ] SELECT * FROM `men_quality` WHERE  `id` = 7 LIMIT 1 [ RunTime:0.000113s ]
[ sql ] [ SQL ] SELECT * FROM `men_news` ORDER BY id desc LIMIT 8 [ RunTime:0.000106s ]
[ sql ] [ SQL ] SHOW COLUMNS FROM `men_link` [ RunTime:0.000392s ]
[ sql ] [ SQL ] SELECT * FROM `men_link` [ RunTime:0.000115s ]

---------------------------------------------------------------
[ 2017-12-11T15:41:25+08:00 ] 172.17.195.153 123.59.146.153 GET /
[ sql ] [ DB ] CONNECT:[ UseTime:0.000226s ] mysql:dbname=xinchu;host=localhost;port=3306;charset=utf8
[ sql ] [ SQL ] SHOW COLUMNS FROM `men_ads` [ RunTime:0.000625s ]
[ sql ] [ SQL ] SELECT * FROM `men_ads` [ RunTime:0.000163s ]
[ sql ] [ SQL ] SHOW COLUMNS FROM `men_series` [ RunTime:0.000395s ]
[ sql ] [ SQL ] SELECT * FROM `men_series` [ RunTime:0.000129s ]
[ sql ] [ SQL ] SHOW COLUMNS FROM `men_news` [ RunTime:0.000409s ]
[ sql ] [ SQL ] SELECT * FROM `men_news` [ RunTime:0.000120s ]
[ sql ] [ SQL ] SELECT * FROM `men_series` LIMIT 1 [ RunTime:0.000101s ]
[ sql ] [ SQL ] SHOW COLUMNS FROM `men_product` [ RunTime:0.000389s ]
[ sql ] [ SQL ] SELECT * FROM `men_product` WHERE  `recommend` = 1  AND `category` = '反凹凸系列' ORDER BY id desc LIMIT 4 [ RunTime:0.000222s ]
[ sql ] [ SQL ] SHOW COLUMNS FROM `men_quality` [ RunTime:0.000377s ]
[ sql ] [ SQL ] SELECT * FROM `men_quality` ORDER BY id desc [ RunTime:0.000120s ]
[ sql ] [ SQL ] SELECT * FROM `men_quality` WHERE  `id` = 9 LIMIT 1 [ RunTime:0.000128s ]
[ sql ] [ SQL ] SELECT * FROM `men_quality` WHERE  `id` = 8 LIMIT 1 [ RunTime:0.000121s ]
[ sql ] [ SQL ] SELECT * FROM `men_quality` WHERE  `id` = 7 LIMIT 1 [ RunTime:0.000112s ]
[ sql ] [ SQL ] SELECT * FROM `men_news` ORDER BY id desc LIMIT 8 [ RunTime:0.000108s ]
[ sql ] [ SQL ] SHOW COLUMNS FROM `men_link` [ RunTime:0.000390s ]
[ sql ] [ SQL ] SELECT * FROM `men_link` [ RunTime:0.000113s ]

---------------------------------------------------------------
[ 2017-12-11T16:21:03+08:00 ] 172.17.195.153 47.93.90.175 GET /
[ sql ] [ DB ] CONNECT:[ UseTime:0.000213s ] mysql:dbname=xinchu;host=localhost;port=3306;charset=utf8
[ sql ] [ SQL ] SHOW COLUMNS FROM `men_ads` [ RunTime:0.000647s ]
[ sql ] [ SQL ] SELECT * FROM `men_ads` [ RunTime:0.000158s ]
[ sql ] [ SQL ] SHOW COLUMNS FROM `men_series` [ RunTime:0.000403s ]
[ sql ] [ SQL ] SELECT * FROM `men_series` [ RunTime:0.000127s ]
[ sql ] [ SQL ] SHOW COLUMNS FROM `men_news` [ RunTime:0.000410s ]
[ sql ] [ SQL ] SELECT * FROM `men_news` [ RunTime:0.000122s ]
[ sql ] [ SQL ] SELECT * FROM `men_series` LIMIT 1 [ RunTime:0.000111s ]
[ sql ] [ SQL ] SHOW COLUMNS FROM `men_product` [ RunTime:0.000395s ]
[ sql ] [ SQL ] SELECT * FROM `men_product` WHERE  `recommend` = 1  AND `category` = '反凹凸系列' ORDER BY id desc LIMIT 4 [ RunTime:0.000216s ]
[ sql ] [ SQL ] SHOW COLUMNS FROM `men_quality` [ RunTime:0.000378s ]
[ sql ] [ SQL ] SELECT * FROM `men_quality` ORDER BY id desc [ RunTime:0.000141s ]
[ sql ] [ SQL ] SELECT * FROM `men_quality` WHERE  `id` = 9 LIMIT 1 [ RunTime:0.000126s ]
[ sql ] [ SQL ] SELECT * FROM `men_quality` WHERE  `id` = 8 LIMIT 1 [ RunTime:0.000117s ]
[ sql ] [ SQL ] SELECT * FROM `men_quality` WHERE  `id` = 7 LIMIT 1 [ RunTime:0.000111s ]
[ sql ] [ SQL ] SELECT * FROM `men_news` ORDER BY id desc LIMIT 8 [ RunTime:0.000121s ]
[ sql ] [ SQL ] SHOW COLUMNS FROM `men_link` [ RunTime:0.000383s ]
[ sql ] [ SQL ] SELECT * FROM `men_link` [ RunTime:0.000113s ]

---------------------------------------------------------------
[ 2017-12-11T17:36:04+08:00 ] 172.17.195.153 217.127.234.235 GET /
[ sql ] [ DB ] CONNECT:[ UseTime:0.000226s ] mysql:dbname=xinchu;host=localhost;port=3306;charset=utf8
[ sql ] [ SQL ] SHOW COLUMNS FROM `men_ads` [ RunTime:0.000617s ]
[ sql ] [ SQL ] SELECT * FROM `men_ads` [ RunTime:0.000156s ]
[ sql ] [ SQL ] SHOW COLUMNS FROM `men_series` [ RunTime:0.000392s ]
[ sql ] [ SQL ] SELECT * FROM `men_series` [ RunTime:0.000123s ]
[ sql ] [ SQL ] SHOW COLUMNS FROM `men_news` [ RunTime:0.000378s ]
[ sql ] [ SQL ] SELECT * FROM `men_news` [ RunTime:0.000120s ]
[ sql ] [ SQL ] SELECT * FROM `men_series` LIMIT 1 [ RunTime:0.000103s ]
[ sql ] [ SQL ] SHOW COLUMNS FROM `men_product` [ RunTime:0.000383s ]
[ sql ] [ SQL ] SELECT * FROM `men_product` WHERE  `recommend` = 1  AND `category` = '反凹凸系列' ORDER BY id desc LIMIT 4 [ RunTime:0.000228s ]
[ sql ] [ SQL ] SHOW COLUMNS FROM `men_quality` [ RunTime:0.000381s ]
[ sql ] [ SQL ] SELECT * FROM `men_quality` ORDER BY id desc [ RunTime:0.000122s ]
[ sql ] [ SQL ] SELECT * FROM `men_quality` WHERE  `id` = 9 LIMIT 1 [ RunTime:0.000129s ]
[ sql ] [ SQL ] SELECT * FROM `men_quality` WHERE  `id` = 8 LIMIT 1 [ RunTime:0.000122s ]
[ sql ] [ SQL ] SELECT * FROM `men_quality` WHERE  `id` = 7 LIMIT 1 [ RunTime:0.000161s ]
[ sql ] [ SQL ] SELECT * FROM `men_news` ORDER BY id desc LIMIT 8 [ RunTime:0.000108s ]
[ sql ] [ SQL ] SHOW COLUMNS FROM `men_link` [ RunTime:0.000388s ]
[ sql ] [ SQL ] SELECT * FROM `men_link` [ RunTime:0.000123s ]

---------------------------------------------------------------
[ 2017-12-11T19:44:01+08:00 ] 172.17.195.153 172.104.108.109 GET /
[ sql ] [ DB ] CONNECT:[ UseTime:0.000222s ] mysql:dbname=xinchu;host=localhost;port=3306;charset=utf8
[ sql ] [ SQL ] SHOW COLUMNS FROM `men_ads` [ RunTime:0.000644s ]
[ sql ] [ SQL ] SELECT * FROM `men_ads` [ RunTime:0.000155s ]
[ sql ] [ SQL ] SHOW COLUMNS FROM `men_series` [ RunTime:0.000399s ]
[ sql ] [ SQL ] SELECT * FROM `men_series` [ RunTime:0.000128s ]
[ sql ] [ SQL ] SHOW COLUMNS FROM `men_news` [ RunTime:0.000408s ]
[ sql ] [ SQL ] SELECT * FROM `men_news` [ RunTime:0.000135s ]
[ sql ] [ SQL ] SELECT * FROM `men_series` LIMIT 1 [ RunTime:0.000100s ]
[ sql ] [ SQL ] SHOW COLUMNS FROM `men_product` [ RunTime:0.000399s ]
[ sql ] [ SQL ] SELECT * FROM `men_product` WHERE  `recommend` = 1  AND `category` = '反凹凸系列' ORDER BY id desc LIMIT 4 [ RunTime:0.000225s ]
[ sql ] [ SQL ] SHOW COLUMNS FROM `men_quality` [ RunTime:0.000386s ]
[ sql ] [ SQL ] SELECT * FROM `men_quality` ORDER BY id desc [ RunTime:0.000140s ]
[ sql ] [ SQL ] SELECT * FROM `men_quality` WHERE  `id` = 9 LIMIT 1 [ RunTime:0.000141s ]
[ sql ] [ SQL ] SELECT * FROM `men_quality` WHERE  `id` = 8 LIMIT 1 [ RunTime:0.000116s ]
[ sql ] [ SQL ] SELECT * FROM `men_quality` WHERE  `id` = 7 LIMIT 1 [ RunTime:0.000114s ]
[ sql ] [ SQL ] SELECT * FROM `men_news` ORDER BY id desc LIMIT 8 [ RunTime:0.000122s ]
[ sql ] [ SQL ] SHOW COLUMNS FROM `men_link` [ RunTime:0.000377s ]
[ sql ] [ SQL ] SELECT * FROM `men_link` [ RunTime:0.000111s ]

---------------------------------------------------------------
[ 2017-12-11T20:26:55+08:00 ] 172.17.195.153 140.205.225.185 GET /
[ sql ] [ DB ] CONNECT:[ UseTime:0.000219s ] mysql:dbname=xinchu;host=localhost;port=3306;charset=utf8
[ sql ] [ SQL ] SHOW COLUMNS FROM `men_ads` [ RunTime:0.000616s ]
[ sql ] [ SQL ] SELECT * FROM `men_ads` [ RunTime:0.000159s ]
[ sql ] [ SQL ] SHOW COLUMNS FROM `men_series` [ RunTime:0.000377s ]
[ sql ] [ SQL ] SELECT * FROM `men_series` [ RunTime:0.000126s ]
[ sql ] [ SQL ] SHOW COLUMNS FROM `men_news` [ RunTime:0.000391s ]
[ sql ] [ SQL ] SELECT * FROM `men_news` [ RunTime:0.000117s ]
[ sql ] [ SQL ] SELECT * FROM `men_series` LIMIT 1 [ RunTime:0.000113s ]
[ sql ] [ SQL ] SHOW COLUMNS FROM `men_product` [ RunTime:0.000385s ]
[ sql ] [ SQL ] SELECT * FROM `men_product` WHERE  `recommend` = 1  AND `category` = '反凹凸系列' ORDER BY id desc LIMIT 4 [ RunTime:0.000203s ]
[ sql ] [ SQL ] SHOW COLUMNS FROM `men_quality` [ RunTime:0.000399s ]
[ sql ] [ SQL ] SELECT * FROM `men_quality` ORDER BY id desc [ RunTime:0.000118s ]
[ sql ] [ SQL ] SELECT * FROM `men_quality` WHERE  `id` = 9 LIMIT 1 [ RunTime:0.000125s ]
[ sql ] [ SQL ] SELECT * FROM `men_quality` WHERE  `id` = 8 LIMIT 1 [ RunTime:0.000133s ]
[ sql ] [ SQL ] SELECT * FROM `men_quality` WHERE  `id` = 7 LIMIT 1 [ RunTime:0.000123s ]
[ sql ] [ SQL ] SELECT * FROM `men_news` ORDER BY id desc LIMIT 8 [ RunTime:0.000106s ]
[ sql ] [ SQL ] SHOW COLUMNS FROM `men_link` [ RunTime:0.000365s ]
[ sql ] [ SQL ] SELECT * FROM `men_link` [ RunTime:0.000116s ]

---------------------------------------------------------------
[ 2017-12-11T20:26:59+08:00 ] 172.17.195.153 140.205.225.185 GET /index.php
[ sql ] [ DB ] CONNECT:[ UseTime:0.000212s ] mysql:dbname=xinchu;host=localhost;port=3306;charset=utf8
[ sql ] [ SQL ] SHOW COLUMNS FROM `men_ads` [ RunTime:0.000591s ]
[ sql ] [ SQL ] SELECT * FROM `men_ads` [ RunTime:0.000172s ]
[ sql ] [ SQL ] SHOW COLUMNS FROM `men_series` [ RunTime:0.000386s ]
[ sql ] [ SQL ] SELECT * FROM `men_series` [ RunTime:0.000122s ]
[ sql ] [ SQL ] SHOW COLUMNS FROM `men_news` [ RunTime:0.000410s ]
[ sql ] [ SQL ] SELECT * FROM `men_news` [ RunTime:0.000119s ]
[ sql ] [ SQL ] SELECT * FROM `men_series` LIMIT 1 [ RunTime:0.000096s ]
[ sql ] [ SQL ] SHOW COLUMNS FROM `men_product` [ RunTime:0.000394s ]
[ sql ] [ SQL ] SELECT * FROM `men_product` WHERE  `recommend` = 1  AND `category` = '反凹凸系列' ORDER BY id desc LIMIT 4 [ RunTime:0.000207s ]
[ sql ] [ SQL ] SHOW COLUMNS FROM `men_quality` [ RunTime:0.000382s ]
[ sql ] [ SQL ] SELECT * FROM `men_quality` ORDER BY id desc [ RunTime:0.000120s ]
[ sql ] [ SQL ] SELECT * FROM `men_quality` WHERE  `id` = 9 LIMIT 1 [ RunTime:0.000129s ]
[ sql ] [ SQL ] SELECT * FROM `men_quality` WHERE  `id` = 8 LIMIT 1 [ RunTime:0.000113s ]
[ sql ] [ SQL ] SELECT * FROM `men_quality` WHERE  `id` = 7 LIMIT 1 [ RunTime:0.000109s ]
[ sql ] [ SQL ] SELECT * FROM `men_news` ORDER BY id desc LIMIT 8 [ RunTime:0.000112s ]
[ sql ] [ SQL ] SHOW COLUMNS FROM `men_link` [ RunTime:0.000375s ]
[ sql ] [ SQL ] SELECT * FROM `men_link` [ RunTime:0.000111s ]

---------------------------------------------------------------
[ 2017-12-11T20:27:08+08:00 ] 172.17.195.153 140.205.225.185 GET /
[ sql ] [ DB ] CONNECT:[ UseTime:0.000217s ] mysql:dbname=xinchu;host=localhost;port=3306;charset=utf8
[ sql ] [ SQL ] SHOW COLUMNS FROM `men_ads` [ RunTime:0.000622s ]
[ sql ] [ SQL ] SELECT * FROM `men_ads` [ RunTime:0.000153s ]
[ sql ] [ SQL ] SHOW COLUMNS FROM `men_series` [ RunTime:0.000405s ]
[ sql ] [ SQL ] SELECT * FROM `men_series` [ RunTime:0.000124s ]
[ sql ] [ SQL ] SHOW COLUMNS FROM `men_news` [ RunTime:0.000412s ]
[ sql ] [ SQL ] SELECT * FROM `men_news` [ RunTime:0.000123s ]
[ sql ] [ SQL ] SELECT * FROM `men_series` LIMIT 1 [ RunTime:0.000097s ]
[ sql ] [ SQL ] SHOW COLUMNS FROM `men_product` [ RunTime:0.000419s ]
[ sql ] [ SQL ] SELECT * FROM `men_product` WHERE  `recommend` = 1  AND `category` = '反凹凸系列' ORDER BY id desc LIMIT 4 [ RunTime:0.000209s ]
[ sql ] [ SQL ] SHOW COLUMNS FROM `men_quality` [ RunTime:0.000383s ]
[ sql ] [ SQL ] SELECT * FROM `men_quality` ORDER BY id desc [ RunTime:0.000123s ]
[ sql ] [ SQL ] SELECT * FROM `men_quality` WHERE  `id` = 9 LIMIT 1 [ RunTime:0.000128s ]
[ sql ] [ SQL ] SELECT * FROM `men_quality` WHERE  `id` = 8 LIMIT 1 [ RunTime:0.000113s ]
[ sql ] [ SQL ] SELECT * FROM `men_quality` WHERE  `id` = 7 LIMIT 1 [ RunTime:0.000109s ]
[ sql ] [ SQL ] SELECT * FROM `men_news` ORDER BY id desc LIMIT 8 [ RunTime:0.000109s ]
[ sql ] [ SQL ] SHOW COLUMNS FROM `men_link` [ RunTime:0.000378s ]
[ sql ] [ SQL ] SELECT * FROM `men_link` [ RunTime:0.000111s ]

---------------------------------------------------------------
[ 2017-12-11T20:27:15+08:00 ] 172.17.195.153 140.205.225.185 GET /
[ sql ] [ DB ] CONNECT:[ UseTime:0.000226s ] mysql:dbname=xinchu;host=localhost;port=3306;charset=utf8
[ sql ] [ SQL ] SHOW COLUMNS FROM `men_ads` [ RunTime:0.000612s ]
[ sql ] [ SQL ] SELECT * FROM `men_ads` [ RunTime:0.000232s ]
[ sql ] [ SQL ] SHOW COLUMNS FROM `men_series` [ RunTime:0.000412s ]
[ sql ] [ SQL ] SELECT * FROM `men_series` [ RunTime:0.000128s ]
[ sql ] [ SQL ] SHOW COLUMNS FROM `men_news` [ RunTime:0.000389s ]
[ sql ] [ SQL ] SELECT * FROM `men_news` [ RunTime:0.000120s ]
[ sql ] [ SQL ] SELECT * FROM `men_series` LIMIT 1 [ RunTime:0.000116s ]
[ sql ] [ SQL ] SHOW COLUMNS FROM `men_product` [ RunTime:0.000385s ]
[ sql ] [ SQL ] SELECT * FROM `men_product` WHERE  `recommend` = 1  AND `category` = '反凹凸系列' ORDER BY id desc LIMIT 4 [ RunTime:0.000206s ]
[ sql ] [ SQL ] SHOW COLUMNS FROM `men_quality` [ RunTime:0.000398s ]
[ sql ] [ SQL ] SELECT * FROM `men_quality` ORDER BY id desc [ RunTime:0.000122s ]
[ sql ] [ SQL ] SELECT * FROM `men_quality` WHERE  `id` = 9 LIMIT 1 [ RunTime:0.000128s ]
[ sql ] [ SQL ] SELECT * FROM `men_quality` WHERE  `id` = 8 LIMIT 1 [ RunTime:0.000136s ]
[ sql ] [ SQL ] SELECT * FROM `men_quality` WHERE  `id` = 7 LIMIT 1 [ RunTime:0.000125s ]
[ sql ] [ SQL ] SELECT * FROM `men_news` ORDER BY id desc LIMIT 8 [ RunTime:0.000109s ]
[ sql ] [ SQL ] SHOW COLUMNS FROM `men_link` [ RunTime:0.000381s ]
[ sql ] [ SQL ] SELECT * FROM `men_link` [ RunTime:0.000116s ]

---------------------------------------------------------------
[ 2017-12-11T20:27:15+08:00 ] 172.17.195.153 140.205.225.185 GET /
[ sql ] [ DB ] CONNECT:[ UseTime:0.000215s ] mysql:dbname=xinchu;host=localhost;port=3306;charset=utf8
[ sql ] [ SQL ] SHOW COLUMNS FROM `men_ads` [ RunTime:0.000612s ]
[ sql ] [ SQL ] SELECT * FROM `men_ads` [ RunTime:0.000173s ]
[ sql ] [ SQL ] SHOW COLUMNS FROM `men_series` [ RunTime:0.000398s ]
[ sql ] [ SQL ] SELECT * FROM `men_series` [ RunTime:0.000126s ]
[ sql ] [ SQL ] SHOW COLUMNS FROM `men_news` [ RunTime:0.000418s ]
[ sql ] [ SQL ] SELECT * FROM `men_news` [ RunTime:0.000122s ]
[ sql ] [ SQL ] SELECT * FROM `men_series` LIMIT 1 [ RunTime:0.000097s ]
[ sql ] [ SQL ] SHOW COLUMNS FROM `men_product` [ RunTime:0.000404s ]
[ sql ] [ SQL ] SELECT * FROM `men_product` WHERE  `recommend` = 1  AND `category` = '反凹凸系列' ORDER BY id desc LIMIT 4 [ RunTime:0.000209s ]
[ sql ] [ SQL ] SHOW COLUMNS FROM `men_quality` [ RunTime:0.000399s ]
[ sql ] [ SQL ] SELECT * FROM `men_quality` ORDER BY id desc [ RunTime:0.000130s ]
[ sql ] [ SQL ] SELECT * FROM `men_quality` WHERE  `id` = 9 LIMIT 1 [ RunTime:0.000126s ]
[ sql ] [ SQL ] SELECT * FROM `men_quality` WHERE  `id` = 8 LIMIT 1 [ RunTime:0.000114s ]
[ sql ] [ SQL ] SELECT * FROM `men_quality` WHERE  `id` = 7 LIMIT 1 [ RunTime:0.000127s ]
[ sql ] [ SQL ] SELECT * FROM `men_news` ORDER BY id desc LIMIT 8 [ RunTime:0.000106s ]
[ sql ] [ SQL ] SHOW COLUMNS FROM `men_link` [ RunTime:0.000362s ]
[ sql ] [ SQL ] SELECT * FROM `men_link` [ RunTime:0.000113s ]

---------------------------------------------------------------
[ 2017-12-11T20:27:31+08:00 ] 172.17.195.153 140.205.225.185 GET /
[ sql ] [ DB ] CONNECT:[ UseTime:0.000211s ] mysql:dbname=xinchu;host=localhost;port=3306;charset=utf8
[ sql ] [ SQL ] SHOW COLUMNS FROM `men_ads` [ RunTime:0.000612s ]
[ sql ] [ SQL ] SELECT * FROM `men_ads` [ RunTime:0.000150s ]
[ sql ] [ SQL ] SHOW COLUMNS FROM `men_series` [ RunTime:0.000396s ]
[ sql ] [ SQL ] SELECT * FROM `men_series` [ RunTime:0.000131s ]
[ sql ] [ SQL ] SHOW COLUMNS FROM `men_news` [ RunTime:0.000383s ]
[ sql ] [ SQL ] SELECT * FROM `men_news` [ RunTime:0.000134s ]
[ sql ] [ SQL ] SELECT * FROM `men_series` LIMIT 1 [ RunTime:0.000096s ]
[ sql ] [ SQL ] SHOW COLUMNS FROM `men_product` [ RunTime:0.000374s ]
[ sql ] [ SQL ] SELECT * FROM `men_product` WHERE  `recommend` = 1  AND `category` = '反凹凸系列' ORDER BY id desc LIMIT 4 [ RunTime:0.000220s ]
[ sql ] [ SQL ] SHOW COLUMNS FROM `men_quality` [ RunTime:0.000379s ]
[ sql ] [ SQL ] SELECT * FROM `men_quality` ORDER BY id desc [ RunTime:0.000117s ]
[ sql ] [ SQL ] SELECT * FROM `men_quality` WHERE  `id` = 9 LIMIT 1 [ RunTime:0.000139s ]
[ sql ] [ SQL ] SELECT * FROM `men_quality` WHERE  `id` = 8 LIMIT 1 [ RunTime:0.000119s ]
[ sql ] [ SQL ] SELECT * FROM `men_quality` WHERE  `id` = 7 LIMIT 1 [ RunTime:0.000111s ]
[ sql ] [ SQL ] SELECT * FROM `men_news` ORDER BY id desc LIMIT 8 [ RunTime:0.000104s ]
[ sql ] [ SQL ] SHOW COLUMNS FROM `men_link` [ RunTime:0.000387s ]
[ sql ] [ SQL ] SELECT * FROM `men_link` [ RunTime:0.000122s ]

---------------------------------------------------------------
[ 2017-12-11T20:27:49+08:00 ] 172.17.195.153 140.205.225.185 GET /
[ sql ] [ DB ] CONNECT:[ UseTime:0.000220s ] mysql:dbname=xinchu;host=localhost;port=3306;charset=utf8
[ sql ] [ SQL ] SHOW COLUMNS FROM `men_ads` [ RunTime:0.000621s ]
[ sql ] [ SQL ] SELECT * FROM `men_ads` [ RunTime:0.000150s ]
[ sql ] [ SQL ] SHOW COLUMNS FROM `men_series` [ RunTime:0.000389s ]
[ sql ] [ SQL ] SELECT * FROM `men_series` [ RunTime:0.000134s ]
[ sql ] [ SQL ] SHOW COLUMNS FROM `men_news` [ RunTime:0.000384s ]
[ sql ] [ SQL ] SELECT * FROM `men_news` [ RunTime:0.000118s ]
[ sql ] [ SQL ] SELECT * FROM `men_series` LIMIT 1 [ RunTime:0.000100s ]
[ sql ] [ SQL ] SHOW COLUMNS FROM `men_product` [ RunTime:0.000367s ]
[ sql ] [ SQL ] SELECT * FROM `men_product` WHERE  `recommend` = 1  AND `category` = '反凹凸系列' ORDER BY id desc LIMIT 4 [ RunTime:0.000217s ]
[ sql ] [ SQL ] SHOW COLUMNS FROM `men_quality` [ RunTime:0.000375s ]
[ sql ] [ SQL ] SELECT * FROM `men_quality` ORDER BY id desc [ RunTime:0.000118s ]
[ sql ] [ SQL ] SELECT * FROM `men_quality` WHERE  `id` = 9 LIMIT 1 [ RunTime:0.000126s ]
[ sql ] [ SQL ] SELECT * FROM `men_quality` WHERE  `id` = 8 LIMIT 1 [ RunTime:0.000120s ]
[ sql ] [ SQL ] SELECT * FROM `men_quality` WHERE  `id` = 7 LIMIT 1 [ RunTime:0.000112s ]
[ sql ] [ SQL ] SELECT * FROM `men_news` ORDER BY id desc LIMIT 8 [ RunTime:0.000104s ]
[ sql ] [ SQL ] SHOW COLUMNS FROM `men_link` [ RunTime:0.000378s ]
[ sql ] [ SQL ] SELECT * FROM `men_link` [ RunTime:0.000110s ]

---------------------------------------------------------------
[ 2017-12-11T20:27:52+08:00 ] 172.17.195.153 140.205.225.185 GET /
[ sql ] [ DB ] CONNECT:[ UseTime:0.000204s ] mysql:dbname=xinchu;host=localhost;port=3306;charset=utf8
[ sql ] [ SQL ] SHOW COLUMNS FROM `men_ads` [ RunTime:0.000592s ]
[ sql ] [ SQL ] SELECT * FROM `men_ads` [ RunTime:0.000169s ]
[ sql ] [ SQL ] SHOW COLUMNS FROM `men_series` [ RunTime:0.000392s ]
[ sql ] [ SQL ] SELECT * FROM `men_series` [ RunTime:0.000124s ]
[ sql ] [ SQL ] SHOW COLUMNS FROM `men_news` [ RunTime:0.000407s ]
[ sql ] [ SQL ] SELECT * FROM `men_news` [ RunTime:0.000119s ]
[ sql ] [ SQL ] SELECT * FROM `men_series` LIMIT 1 [ RunTime:0.000094s ]
[ sql ] [ SQL ] SHOW COLUMNS FROM `men_product` [ RunTime:0.000392s ]
[ sql ] [ SQL ] SELECT * FROM `men_product` WHERE  `recommend` = 1  AND `category` = '反凹凸系列' ORDER BY id desc LIMIT 4 [ RunTime:0.000205s ]
[ sql ] [ SQL ] SHOW COLUMNS FROM `men_quality` [ RunTime:0.000362s ]
[ sql ] [ SQL ] SELECT * FROM `men_quality` ORDER BY id desc [ RunTime:0.000122s ]
[ sql ] [ SQL ] SELECT * FROM `men_quality` WHERE  `id` = 9 LIMIT 1 [ RunTime:0.000127s ]
[ sql ] [ SQL ] SELECT * FROM `men_quality` WHERE  `id` = 8 LIMIT 1 [ RunTime:0.000114s ]
[ sql ] [ SQL ] SELECT * FROM `men_quality` WHERE  `id` = 7 LIMIT 1 [ RunTime:0.000117s ]
[ sql ] [ SQL ] SELECT * FROM `men_news` ORDER BY id desc LIMIT 8 [ RunTime:0.000109s ]
[ sql ] [ SQL ] SHOW COLUMNS FROM `men_link` [ RunTime:0.000376s ]
[ sql ] [ SQL ] SELECT * FROM `men_link` [ RunTime:0.000112s ]

---------------------------------------------------------------
[ 2017-12-11T20:27:53+08:00 ] 172.17.195.153 140.205.225.185 GET /
[ sql ] [ DB ] CONNECT:[ UseTime:0.000214s ] mysql:dbname=xinchu;host=localhost;port=3306;charset=utf8
[ sql ] [ SQL ] SHOW COLUMNS FROM `men_ads` [ RunTime:0.000646s ]
[ sql ] [ SQL ] SELECT * FROM `men_ads` [ RunTime:0.000155s ]
[ sql ] [ SQL ] SHOW COLUMNS FROM `men_series` [ RunTime:0.000429s ]
[ sql ] [ SQL ] SELECT * FROM `men_series` [ RunTime:0.000129s ]
[ sql ] [ SQL ] SHOW COLUMNS FROM `men_news` [ RunTime:0.000416s ]
[ sql ] [ SQL ] SELECT * FROM `men_news` [ RunTime:0.000139s ]
[ sql ] [ SQL ] SELECT * FROM `men_series` LIMIT 1 [ RunTime:0.000101s ]
[ sql ] [ SQL ] SHOW COLUMNS FROM `men_product` [ RunTime:0.000392s ]
[ sql ] [ SQL ] SELECT * FROM `men_product` WHERE  `recommend` = 1  AND `category` = '反凹凸系列' ORDER BY id desc LIMIT 4 [ RunTime:0.000222s ]
[ sql ] [ SQL ] SHOW COLUMNS FROM `men_quality` [ RunTime:0.000374s ]
[ sql ] [ SQL ] SELECT * FROM `men_quality` ORDER BY id desc [ RunTime:0.000140s ]
[ sql ] [ SQL ] SELECT * FROM `men_quality` WHERE  `id` = 9 LIMIT 1 [ RunTime:0.000142s ]
[ sql ] [ SQL ] SELECT * FROM `men_quality` WHERE  `id` = 8 LIMIT 1 [ RunTime:0.000116s ]
[ sql ] [ SQL ] SELECT * FROM `men_quality` WHERE  `id` = 7 LIMIT 1 [ RunTime:0.000111s ]
[ sql ] [ SQL ] SELECT * FROM `men_news` ORDER BY id desc LIMIT 8 [ RunTime:0.000106s ]
[ sql ] [ SQL ] SHOW COLUMNS FROM `men_link` [ RunTime:0.000388s ]
[ sql ] [ SQL ] SELECT * FROM `men_link` [ RunTime:0.000114s ]

---------------------------------------------------------------
[ 2017-12-11T22:10:08+08:00 ] 172.17.195.153 118.190.210.245 GET /
[ sql ] [ DB ] CONNECT:[ UseTime:0.000217s ] mysql:dbname=xinchu;host=localhost;port=3306;charset=utf8
[ sql ] [ SQL ] SHOW COLUMNS FROM `men_ads` [ RunTime:0.000597s ]
[ sql ] [ SQL ] SELECT * FROM `men_ads` [ RunTime:0.000160s ]
[ sql ] [ SQL ] SHOW COLUMNS FROM `men_series` [ RunTime:0.000369s ]
[ sql ] [ SQL ] SELECT * FROM `men_series` [ RunTime:0.000121s ]
[ sql ] [ SQL ] SHOW COLUMNS FROM `men_news` [ RunTime:0.000407s ]
[ sql ] [ SQL ] SELECT * FROM `men_news` [ RunTime:0.000116s ]
[ sql ] [ SQL ] SELECT * FROM `men_series` LIMIT 1 [ RunTime:0.000093s ]
[ sql ] [ SQL ] SHOW COLUMNS FROM `men_product` [ RunTime:0.000400s ]
[ sql ] [ SQL ] SELECT * FROM `men_product` WHERE  `recommend` = 1  AND `category` = '反凹凸系列' ORDER BY id desc LIMIT 4 [ RunTime:0.000206s ]
[ sql ] [ SQL ] SHOW COLUMNS FROM `men_quality` [ RunTime:0.000389s ]
[ sql ] [ SQL ] SELECT * FROM `men_quality` ORDER BY id desc [ RunTime:0.000120s ]
[ sql ] [ SQL ] SELECT * FROM `men_quality` WHERE  `id` = 9 LIMIT 1 [ RunTime:0.000126s ]
[ sql ] [ SQL ] SELECT * FROM `men_quality` WHERE  `id` = 8 LIMIT 1 [ RunTime:0.000112s ]
[ sql ] [ SQL ] SELECT * FROM `men_quality` WHERE  `id` = 7 LIMIT 1 [ RunTime:0.000118s ]
[ sql ] [ SQL ] SELECT * FROM `men_news` ORDER BY id desc LIMIT 8 [ RunTime:0.000109s ]
[ sql ] [ SQL ] SHOW COLUMNS FROM `men_link` [ RunTime:0.000360s ]
[ sql ] [ SQL ] SELECT * FROM `men_link` [ RunTime:0.000112s ]

---------------------------------------------------------------
[ 2017-12-11T23:17:23+08:00 ] 172.17.195.153 217.127.234.235 GET /
[ sql ] [ DB ] CONNECT:[ UseTime:0.000251s ] mysql:dbname=xinchu;host=localhost;port=3306;charset=utf8
[ sql ] [ SQL ] SHOW COLUMNS FROM `men_ads` [ RunTime:0.000640s ]
[ sql ] [ SQL ] SELECT * FROM `men_ads` [ RunTime:0.000179s ]
[ sql ] [ SQL ] SHOW COLUMNS FROM `men_series` [ RunTime:0.000391s ]
[ sql ] [ SQL ] SELECT * FROM `men_series` [ RunTime:0.000133s ]
[ sql ] [ SQL ] SHOW COLUMNS FROM `men_news` [ RunTime:0.000408s ]
[ sql ] [ SQL ] SELECT * FROM `men_news` [ RunTime:0.000129s ]
[ sql ] [ SQL ] SELECT * FROM `men_series` LIMIT 1 [ RunTime:0.000103s ]
[ sql ] [ SQL ] SHOW COLUMNS FROM `men_product` [ RunTime:0.000405s ]
[ sql ] [ SQL ] SELECT * FROM `men_product` WHERE  `recommend` = 1  AND `category` = '反凹凸系列' ORDER BY id desc LIMIT 4 [ RunTime:0.000222s ]
[ sql ] [ SQL ] SHOW COLUMNS FROM `men_quality` [ RunTime:0.000417s ]
[ sql ] [ SQL ] SELECT * FROM `men_quality` ORDER BY id desc [ RunTime:0.000132s ]
[ sql ] [ SQL ] SELECT * FROM `men_quality` WHERE  `id` = 9 LIMIT 1 [ RunTime:0.000139s ]
[ sql ] [ SQL ] SELECT * FROM `men_quality` WHERE  `id` = 8 LIMIT 1 [ RunTime:0.000145s ]
[ sql ] [ SQL ] SELECT * FROM `men_quality` WHERE  `id` = 7 LIMIT 1 [ RunTime:0.000123s ]
[ sql ] [ SQL ] SELECT * FROM `men_news` ORDER BY id desc LIMIT 8 [ RunTime:0.000116s ]
[ sql ] [ SQL ] SHOW COLUMNS FROM `men_link` [ RunTime:0.000395s ]
[ sql ] [ SQL ] SELECT * FROM `men_link` [ RunTime:0.000138s ]

---------------------------------------------------------------
[ 2017-12-11T23:38:18+08:00 ] 172.17.195.153 140.205.225.195 POST /index.php?m=member&c=index&a=register&siteid=1
[ sql ] [ DB ] CONNECT:[ UseTime:0.000205s ] mysql:dbname=xinchu;host=localhost;port=3306;charset=utf8
[ sql ] [ SQL ] SHOW COLUMNS FROM `men_ads` [ RunTime:0.000664s ]
[ sql ] [ SQL ] SELECT * FROM `men_ads` [ RunTime:0.000169s ]
[ sql ] [ SQL ] SHOW COLUMNS FROM `men_series` [ RunTime:0.000407s ]
[ sql ] [ SQL ] SELECT * FROM `men_series` [ RunTime:0.000124s ]
[ sql ] [ SQL ] SHOW COLUMNS FROM `men_news` [ RunTime:0.000378s ]
[ sql ] [ SQL ] SELECT * FROM `men_news` [ RunTime:0.000135s ]
[ sql ] [ SQL ] SELECT * FROM `men_series` LIMIT 1 [ RunTime:0.000102s ]
[ sql ] [ SQL ] SHOW COLUMNS FROM `men_product` [ RunTime:0.000374s ]
[ sql ] [ SQL ] SELECT * FROM `men_product` WHERE  `recommend` = 1  AND `category` = '反凹凸系列' ORDER BY id desc LIMIT 4 [ RunTime:0.000223s ]
[ sql ] [ SQL ] SHOW COLUMNS FROM `men_quality` [ RunTime:0.000368s ]
[ sql ] [ SQL ] SELECT * FROM `men_quality` ORDER BY id desc [ RunTime:0.000120s ]
[ sql ] [ SQL ] SELECT * FROM `men_quality` WHERE  `id` = 9 LIMIT 1 [ RunTime:0.000142s ]
[ sql ] [ SQL ] SELECT * FROM `men_quality` WHERE  `id` = 8 LIMIT 1 [ RunTime:0.000124s ]
[ sql ] [ SQL ] SELECT * FROM `men_quality` WHERE  `id` = 7 LIMIT 1 [ RunTime:0.000113s ]
[ sql ] [ SQL ] SELECT * FROM `men_news` ORDER BY id desc LIMIT 8 [ RunTime:0.000106s ]
[ sql ] [ SQL ] SHOW COLUMNS FROM `men_link` [ RunTime:0.000400s ]
[ sql ] [ SQL ] SELECT * FROM `men_link` [ RunTime:0.000114s ]

---------------------------------------------------------------
[ 2017-12-11T23:38:19+08:00 ] 172.17.195.153 140.205.225.195 GET /index.php?m=wap&a=index&siteid=1
[ sql ] [ DB ] CONNECT:[ UseTime:0.000226s ] mysql:dbname=xinchu;host=localhost;port=3306;charset=utf8
[ sql ] [ SQL ] SHOW COLUMNS FROM `men_ads` [ RunTime:0.000617s ]
[ sql ] [ SQL ] SELECT * FROM `men_ads` [ RunTime:0.000151s ]
[ sql ] [ SQL ] SHOW COLUMNS FROM `men_series` [ RunTime:0.000412s ]
[ sql ] [ SQL ] SELECT * FROM `men_series` [ RunTime:0.000122s ]
[ sql ] [ SQL ] SHOW COLUMNS FROM `men_news` [ RunTime:0.000380s ]
[ sql ] [ SQL ] SELECT * FROM `men_news` [ RunTime:0.000137s ]
[ sql ] [ SQL ] SELECT * FROM `men_series` LIMIT 1 [ RunTime:0.000096s ]
[ sql ] [ SQL ] SHOW COLUMNS FROM `men_product` [ RunTime:0.000371s ]
[ sql ] [ SQL ] SELECT * FROM `men_product` WHERE  `recommend` = 1  AND `category` = '反凹凸系列' ORDER BY id desc LIMIT 4 [ RunTime:0.000217s ]
[ sql ] [ SQL ] SHOW COLUMNS FROM `men_quality` [ RunTime:0.000412s ]
[ sql ] [ SQL ] SELECT * FROM `men_quality` ORDER BY id desc [ RunTime:0.000121s ]
[ sql ] [ SQL ] SELECT * FROM `men_quality` WHERE  `id` = 9 LIMIT 1 [ RunTime:0.000147s ]
[ sql ] [ SQL ] SELECT * FROM `men_quality` WHERE  `id` = 8 LIMIT 1 [ RunTime:0.000134s ]
[ sql ] [ SQL ] SELECT * FROM `men_quality` WHERE  `id` = 7 LIMIT 1 [ RunTime:0.000113s ]
[ sql ] [ SQL ] SELECT * FROM `men_news` ORDER BY id desc LIMIT 8 [ RunTime:0.000106s ]
[ sql ] [ SQL ] SHOW COLUMNS FROM `men_link` [ RunTime:0.000397s ]
[ sql ] [ SQL ] SELECT * FROM `men_link` [ RunTime:0.000113s ]

---------------------------------------------------------------
