[ 2017-12-14T00:22:31+08:00 ] 172.17.195.153 114.215.45.101 GET /
[ log ] 27.151.1.124:80/ [运行时间：0.023784s][吞吐率：42.04req/s] [内存消耗：2,781.59kb] [文件加载：50]
[ info ] [ LANG ] /webdata/thinkphp/lang/zh-cn.php
[ info ] [ ROUTE ] array (
  'type' => 'module',
  'module' => 
  array (
    0 => '',
    1 => NULL,
    2 => NULL,
  ),
)
[ info ] [ HEADER ] array (
  'host' => '27.151.1.124:80',
  'connection' => 'Close',
  'accept-encoding' => 'identity',
)
[ info ] [ PARAM ] array (
)
[ info ] [ RUN ] app\index\controller\Index->index[ /webdata/application/index/controller/Index.php ]
[ info ] [ DB ] INIT mysql
[ info ] [ VIEW ] /webdata/application/index/view/index/index.html [ array (
  0 => 'lunbo',
  1 => 'tuijian1',
  2 => 'tuijian2',
  3 => 'tuijian3',
  4 => 'tuijian4',
  5 => 'xilie',
  6 => 'pinzhi1',
  7 => 'pinzhi2',
  8 => 'pinzhi3',
  9 => 'news',
  10 => 'link',
  11 => 'simxilie',
) ]
[ info ] [ LOG ] INIT File

---------------------------------------------------------------
[ 2017-12-14T01:49:37+08:00 ] 172.17.195.153 221.232.174.245 GET /pic/dlink.jpg
[ log ] 39.106.4.226/pic/dlink.jpg [运行时间：0.011635s][吞吐率：85.95req/s] [内存消耗：1,508.73kb] [文件加载：37]
[ info ] [ LANG ] /webdata/thinkphp/lang/zh-cn.php
[ info ] [ ROUTE ] array (
  'type' => 'module',
  'module' => 
  array (
    0 => 'pic',
    1 => 'dlink.jpg',
    2 => NULL,
  ),
)
[ info ] [ HEADER ] array (
  'host' => '39.106.4.226',
  'accept-encoding' => 'identity',
)
[ info ] [ PARAM ] array (
)
[ info ] [ LOG ] INIT File

---------------------------------------------------------------
[ 2017-12-14T01:50:21+08:00 ] 172.17.195.153 123.125.67.164 GET /robots.txt
[ log ] xinchumenye.com/robots.txt [运行时间：0.011738s][吞吐率：85.19req/s] [内存消耗：1,509.20kb] [文件加载：37]
[ info ] [ LANG ] /webdata/thinkphp/lang/zh-cn.php
[ info ] [ ROUTE ] array (
  'type' => 'module',
  'module' => 
  array (
    0 => 'robots.txt',
    1 => NULL,
    2 => NULL,
  ),
)
[ info ] [ HEADER ] array (
  'host' => 'xinchumenye.com',
  'connection' => 'close',
  'user-agent' => 'Mozilla/5.0 (Windows NT 10.0; WOW64) AppleWebKit/537.36 (KHTML, like Gecko) Chrome/45.0.2454.93 Safari/537.36',
  'accept-encoding' => 'gzip',
  'accept-language' => 'zh-cn,zh-tw',
  'accept' => '*/*',
)
[ info ] [ PARAM ] array (
)
[ info ] [ LOG ] INIT File

---------------------------------------------------------------
[ 2017-12-14T03:26:34+08:00 ] 172.17.195.153 80.82.78.50 GET http://www.baidu.com/cache/global/img/gs.gif
[ log ] www.baidu.comhttp://www.baidu.com/cache/global/img/gs.gif [运行时间：0.011722s][吞吐率：85.31req/s] [内存消耗：1,508.71kb] [文件加载：37]
[ info ] [ LANG ] /webdata/thinkphp/lang/zh-cn.php
[ info ] [ ROUTE ] array (
  'type' => 'module',
  'module' => 
  array (
    0 => 'cache',
    1 => 'global',
    2 => 'img',
  ),
)
[ info ] [ HEADER ] array (
  'host' => 'www.baidu.com',
  'user-agent' => 'Mozilla',
  'if-modified-since' => 'Thu, 19 Apr 2012 09:51:20 GMT',
)
[ info ] [ PARAM ] array (
)
[ info ] [ LOG ] INIT File

---------------------------------------------------------------
[ 2017-12-14T06:45:13+08:00 ] 172.17.195.153 140.205.201.17 GET /
[ log ] www.xinchumenye.com/ [运行时间：0.024154s][吞吐率：41.40req/s] [内存消耗：2,782.03kb] [文件加载：50]
[ info ] [ LANG ] /webdata/thinkphp/lang/zh-cn.php
[ info ] [ ROUTE ] array (
  'type' => 'module',
  'module' => 
  array (
    0 => '',
    1 => NULL,
    2 => NULL,
  ),
)
[ info ] [ HEADER ] array (
  'user-agent' => 'Mozilla/4.0 (compatible; MSIE 8.0; Trident/4.0; Windows NT 6.1; SLCC2 2.5.5231; .NET CLR 2.0.50727; .NET CLR 4.1.23457; .NET CLR 4.0.23457; Media Center PC 6.0; MS-WK 8)',
  'accept' => 'text/html,application/xhtml+xml,application/xml;q=0.9,*/*;q=0.8',
  'connection' => 'Keep-Alive',
  'accept-encoding' => 'gzip',
  'accept-language' => 'en-US,*',
  'host' => 'www.xinchumenye.com',
)
[ info ] [ PARAM ] array (
)
[ info ] [ RUN ] app\index\controller\Index->index[ /webdata/application/index/controller/Index.php ]
[ info ] [ DB ] INIT mysql
[ info ] [ VIEW ] /webdata/application/index/view/index/index.html [ array (
  0 => 'lunbo',
  1 => 'tuijian1',
  2 => 'tuijian2',
  3 => 'tuijian3',
  4 => 'tuijian4',
  5 => 'xilie',
  6 => 'pinzhi1',
  7 => 'pinzhi2',
  8 => 'pinzhi3',
  9 => 'news',
  10 => 'link',
  11 => 'simxilie',
) ]
[ info ] [ LOG ] INIT File

---------------------------------------------------------------
[ 2017-12-14T07:20:41+08:00 ] 172.17.195.153 94.102.49.174 GET http://www.baidu.com/cache/global/img/gs.gif
[ log ] www.baidu.comhttp://www.baidu.com/cache/global/img/gs.gif [运行时间：0.011515s][吞吐率：86.84req/s] [内存消耗：1,508.71kb] [文件加载：37]
[ info ] [ LANG ] /webdata/thinkphp/lang/zh-cn.php
[ info ] [ ROUTE ] array (
  'type' => 'module',
  'module' => 
  array (
    0 => 'cache',
    1 => 'global',
    2 => 'img',
  ),
)
[ info ] [ HEADER ] array (
  'host' => 'www.baidu.com',
  'user-agent' => 'Mozilla',
  'if-modified-since' => 'Thu, 19 Apr 2012 09:51:20 GMT',
)
[ info ] [ PARAM ] array (
)
[ info ] [ LOG ] INIT File

---------------------------------------------------------------
[ 2017-12-14T07:57:33+08:00 ] 172.17.195.153 172.82.166.210 GET http://www.baidu.com/cache/global/img/gs.gif
[ log ] www.baidu.comhttp://www.baidu.com/cache/global/img/gs.gif [运行时间：0.010927s][吞吐率：91.52req/s] [内存消耗：1,508.71kb] [文件加载：37]
[ info ] [ LANG ] /webdata/thinkphp/lang/zh-cn.php
[ info ] [ ROUTE ] array (
  'type' => 'module',
  'module' => 
  array (
    0 => 'cache',
    1 => 'global',
    2 => 'img',
  ),
)
[ info ] [ HEADER ] array (
  'host' => 'www.baidu.com',
  'user-agent' => 'Mozilla',
  'if-modified-since' => 'Thu, 19 Apr 2012 09:51:20 GMT',
)
[ info ] [ PARAM ] array (
)
[ info ] [ LOG ] INIT File

---------------------------------------------------------------
[ 2017-12-14T08:06:17+08:00 ] 172.17.195.153 106.11.225.32 GET /
[ log ] xinchumenye.com/ [运行时间：0.024496s][吞吐率：40.82req/s] [内存消耗：2,782.09kb] [文件加载：50]
[ info ] [ LANG ] /webdata/thinkphp/lang/zh-cn.php
[ info ] [ ROUTE ] array (
  'type' => 'module',
  'module' => 
  array (
    0 => '',
    1 => NULL,
    2 => NULL,
  ),
)
[ info ] [ HEADER ] array (
  'accept-encoding' => 'gzip',
  'user-agent' => 'Mozilla/5.0 (iPad; CPU OS 9_1 like Mac OS X) AppleWebKit/601.1.46 (KHTML, like Gecko) Version/9.0 Mobile/13B143 Safari/601.1',
  'cache-control' => 'no-cache',
  'pragma' => 'no-cache',
  'host' => 'xinchumenye.com',
  'accept' => 'text/html, image/gif, image/jpeg, *; q=.2, */*; q=.2',
  'connection' => 'keep-alive',
)
[ info ] [ PARAM ] array (
)
[ info ] [ RUN ] app\index\controller\Index->index[ /webdata/application/index/controller/Index.php ]
[ info ] [ DB ] INIT mysql
[ info ] [ VIEW ] /webdata/application/index/view/index/index.html [ array (
  0 => 'lunbo',
  1 => 'tuijian1',
  2 => 'tuijian2',
  3 => 'tuijian3',
  4 => 'tuijian4',
  5 => 'xilie',
  6 => 'pinzhi1',
  7 => 'pinzhi2',
  8 => 'pinzhi3',
  9 => 'news',
  10 => 'link',
  11 => 'simxilie',
) ]
[ info ] [ LOG ] INIT File

---------------------------------------------------------------
[ 2017-12-14T08:26:49+08:00 ] 172.17.195.153 47.93.112.232 GET /
[ log ] 39.104.1.64:80/ [运行时间：0.024937s][吞吐率：40.10req/s] [内存消耗：2,781.59kb] [文件加载：50]
[ info ] [ LANG ] /webdata/thinkphp/lang/zh-cn.php
[ info ] [ ROUTE ] array (
  'type' => 'module',
  'module' => 
  array (
    0 => '',
    1 => NULL,
    2 => NULL,
  ),
)
[ info ] [ HEADER ] array (
  'host' => '39.104.1.64:80',
  'connection' => 'Close',
  'accept-encoding' => 'identity',
)
[ info ] [ PARAM ] array (
)
[ info ] [ RUN ] app\index\controller\Index->index[ /webdata/application/index/controller/Index.php ]
[ info ] [ DB ] INIT mysql
[ info ] [ VIEW ] /webdata/application/index/view/index/index.html [ array (
  0 => 'lunbo',
  1 => 'tuijian1',
  2 => 'tuijian2',
  3 => 'tuijian3',
  4 => 'tuijian4',
  5 => 'xilie',
  6 => 'pinzhi1',
  7 => 'pinzhi2',
  8 => 'pinzhi3',
  9 => 'news',
  10 => 'link',
  11 => 'simxilie',
) ]
[ info ] [ LOG ] INIT File

---------------------------------------------------------------
[ 2017-12-14T10:29:37+08:00 ] 172.17.195.153 183.129.160.229 GET /was5/web/
[ log ] 39.106.4.226:80/was5/web/ [运行时间：0.010933s][吞吐率：91.47req/s] [内存消耗：1,508.91kb] [文件加载：37]
[ info ] [ LANG ] /webdata/thinkphp/lang/zh-cn.php
[ info ] [ ROUTE ] array (
  'type' => 'module',
  'module' => 
  array (
    0 => 'was5',
    1 => 'web',
    2 => NULL,
  ),
)
[ info ] [ HEADER ] array (
  'host' => '39.106.4.226:80',
  'user-agent' => 'Mozilla/5.0 (Macintosh; Intel Mac OS X 10.11; rv:47.0) Gecko/20100101 Firefox/47.0',
  'accept' => 'text/html,application/xhtml+xml,application/xml;q=0.9,*/*;q=0.8',
  'accept-language' => 'zh-CN,zh;q=0.8,en-US;q=0.5,en;q=0.3',
  'connection' => 'keep-alive',
)
[ info ] [ PARAM ] array (
)
[ info ] [ LOG ] INIT File

---------------------------------------------------------------
[ 2017-12-14T12:54:49+08:00 ] 172.17.195.153 106.11.226.58 GET /
[ log ] www.xinchumenye.com/ [运行时间：0.023564s][吞吐率：42.44req/s] [内存消耗：2,782.41kb] [文件加载：50]
[ info ] [ LANG ] /webdata/thinkphp/lang/zh-cn.php
[ info ] [ ROUTE ] array (
  'type' => 'module',
  'module' => 
  array (
    0 => '',
    1 => NULL,
    2 => NULL,
  ),
)
[ info ] [ HEADER ] array (
  'accept-encoding' => 'gzip',
  'user-agent' => 'Mozilla/5.0 (iPad; CPU OS 9_1 like Mac OS X) AppleWebKit/601.1.46 (KHTML, like Gecko) Version/9.0 Mobile/13B143 Safari/601.1',
  'cache-control' => 'no-cache',
  'pragma' => 'no-cache',
  'host' => 'www.xinchumenye.com',
  'accept' => 'text/html, image/gif, image/jpeg, *; q=.2, */*; q=.2',
  'connection' => 'keep-alive',
)
[ info ] [ PARAM ] array (
)
[ info ] [ RUN ] app\index\controller\Index->index[ /webdata/application/index/controller/Index.php ]
[ info ] [ DB ] INIT mysql
[ info ] [ VIEW ] /webdata/application/index/view/index/index.html [ array (
  0 => 'lunbo',
  1 => 'tuijian1',
  2 => 'tuijian2',
  3 => 'tuijian3',
  4 => 'tuijian4',
  5 => 'xilie',
  6 => 'pinzhi1',
  7 => 'pinzhi2',
  8 => 'pinzhi3',
  9 => 'news',
  10 => 'link',
  11 => 'simxilie',
) ]
[ info ] [ LOG ] INIT File

---------------------------------------------------------------
[ 2017-12-14T16:25:19+08:00 ] 172.17.195.153 114.215.45.101 GET /
[ log ] 39.106.0.59:80/ [运行时间：0.023638s][吞吐率：42.31req/s] [内存消耗：2,781.59kb] [文件加载：50]
[ info ] [ LANG ] /webdata/thinkphp/lang/zh-cn.php
[ info ] [ ROUTE ] array (
  'type' => 'module',
  'module' => 
  array (
    0 => '',
    1 => NULL,
    2 => NULL,
  ),
)
[ info ] [ HEADER ] array (
  'host' => '39.106.0.59:80',
  'connection' => 'Close',
  'accept-encoding' => 'identity',
)
[ info ] [ PARAM ] array (
)
[ info ] [ RUN ] app\index\controller\Index->index[ /webdata/application/index/controller/Index.php ]
[ info ] [ DB ] INIT mysql
[ info ] [ VIEW ] /webdata/application/index/view/index/index.html [ array (
  0 => 'lunbo',
  1 => 'tuijian1',
  2 => 'tuijian2',
  3 => 'tuijian3',
  4 => 'tuijian4',
  5 => 'xilie',
  6 => 'pinzhi1',
  7 => 'pinzhi2',
  8 => 'pinzhi3',
  9 => 'news',
  10 => 'link',
  11 => 'simxilie',
) ]
[ info ] [ LOG ] INIT File

---------------------------------------------------------------
[ 2017-12-14T17:28:38+08:00 ] 172.17.195.153 185.100.87.190 HEAD /
[ log ] 39.106.4.226/ [运行时间：0.023695s][吞吐率：42.20req/s] [内存消耗：2,781.04kb] [文件加载：50]
[ info ] [ LANG ] /webdata/thinkphp/lang/zh-cn.php
[ info ] [ ROUTE ] array (
  'type' => 'module',
  'module' => 
  array (
    0 => '',
    1 => NULL,
    2 => NULL,
  ),
)
[ info ] [ HEADER ] array (
  'connection' => 'close',
  'host' => '39.106.4.226',
  'user-agent' => 'Mozilla/5.0 (Windows NT 6.1) AppleWebKit/537.36 (KHTML, like Gecko) Chrome/36.0.1985.125 Safari/537.36',
)
[ info ] [ PARAM ] array (
)
[ info ] [ RUN ] app\index\controller\Index->index[ /webdata/application/index/controller/Index.php ]
[ info ] [ DB ] INIT mysql
[ info ] [ VIEW ] /webdata/application/index/view/index/index.html [ array (
  0 => 'lunbo',
  1 => 'tuijian1',
  2 => 'tuijian2',
  3 => 'tuijian3',
  4 => 'tuijian4',
  5 => 'xilie',
  6 => 'pinzhi1',
  7 => 'pinzhi2',
  8 => 'pinzhi3',
  9 => 'news',
  10 => 'link',
  11 => 'simxilie',
) ]
[ info ] [ LOG ] INIT File

---------------------------------------------------------------
[ 2017-12-14T17:28:39+08:00 ] 172.17.195.153 185.100.87.190 GET /
[ log ] 39.106.4.226/ [运行时间：0.024393s][吞吐率：41.00req/s] [内存消耗：2,781.20kb] [文件加载：50]
[ info ] [ LANG ] /webdata/thinkphp/lang/zh-cn.php
[ info ] [ ROUTE ] array (
  'type' => 'module',
  'module' => 
  array (
    0 => '',
    1 => NULL,
    2 => NULL,
  ),
)
[ info ] [ HEADER ] array (
  'host' => '39.106.4.226',
)
[ info ] [ PARAM ] array (
)
[ info ] [ RUN ] app\index\controller\Index->index[ /webdata/application/index/controller/Index.php ]
[ info ] [ DB ] INIT mysql
[ info ] [ VIEW ] /webdata/application/index/view/index/index.html [ array (
  0 => 'lunbo',
  1 => 'tuijian1',
  2 => 'tuijian2',
  3 => 'tuijian3',
  4 => 'tuijian4',
  5 => 'xilie',
  6 => 'pinzhi1',
  7 => 'pinzhi2',
  8 => 'pinzhi3',
  9 => 'news',
  10 => 'link',
  11 => 'simxilie',
) ]
[ info ] [ LOG ] INIT File

---------------------------------------------------------------
[ 2017-12-14T20:27:29+08:00 ] 172.17.195.153 140.205.225.187 GET /
[ log ] 39.106.4.226/ [运行时间：0.024567s][吞吐率：40.70req/s] [内存消耗：2,781.94kb] [文件加载：50]
[ info ] [ LANG ] /webdata/thinkphp/lang/zh-cn.php
[ info ] [ ROUTE ] array (
  'type' => 'module',
  'module' => 
  array (
    0 => '',
    1 => NULL,
    2 => NULL,
  ),
)
[ info ] [ HEADER ] array (
  'user-agent' => 'Mozilla/4.0 (compatible; MSIE 6.0; Windows NT 5.1;Alibaba.Security.Heimdall.8380378.p)',
  'host' => '39.106.4.226',
  'referer' => 'http://39.106.4.226/',
  'accept' => '*/*',
  'connection' => 'keep-alive',
  'accept-encoding' => 'gzip,deflate',
)
[ info ] [ PARAM ] array (
)
[ info ] [ RUN ] app\index\controller\Index->index[ /webdata/application/index/controller/Index.php ]
[ info ] [ DB ] INIT mysql
[ info ] [ VIEW ] /webdata/application/index/view/index/index.html [ array (
  0 => 'lunbo',
  1 => 'tuijian1',
  2 => 'tuijian2',
  3 => 'tuijian3',
  4 => 'tuijian4',
  5 => 'xilie',
  6 => 'pinzhi1',
  7 => 'pinzhi2',
  8 => 'pinzhi3',
  9 => 'news',
  10 => 'link',
  11 => 'simxilie',
) ]
[ info ] [ LOG ] INIT File

---------------------------------------------------------------
[ 2017-12-14T20:27:33+08:00 ] 172.17.195.153 140.205.225.187 GET /rs-status
[ log ] 39.106.4.226:80/rs-status [运行时间：0.010889s][吞吐率：91.84req/s] [内存消耗：1,508.94kb] [文件加载：37]
[ info ] [ LANG ] /webdata/thinkphp/lang/zh-cn.php
[ info ] [ ROUTE ] array (
  'type' => 'module',
  'module' => 
  array (
    0 => 'rs-status',
    1 => NULL,
    2 => NULL,
  ),
)
[ info ] [ HEADER ] array (
  'referer' => 'http://39.106.4.226/',
  'user-agent' => 'Mozilla/4.0 (compatible; MSIE 6.0; Windows NT 5.1;Alibaba.Security.Heimdall.8380378)',
  'host' => '39.106.4.226:80',
  'accept' => '*/*',
  'connection' => 'keep-alive',
)
[ info ] [ PARAM ] array (
)
[ info ] [ LOG ] INIT File

---------------------------------------------------------------
[ 2017-12-14T20:27:33+08:00 ] 172.17.195.153 140.205.225.187 GET /ganglia/index.php
[ log ] 39.106.4.226:80/ganglia/index.php [运行时间：0.011254s][吞吐率：88.86req/s] [内存消耗：1,509.27kb] [文件加载：37]
[ info ] [ LANG ] /webdata/thinkphp/lang/zh-cn.php
[ info ] [ ROUTE ] array (
  'type' => 'module',
  'module' => 
  array (
    0 => 'ganglia',
    1 => 'index.php',
    2 => NULL,
  ),
)
[ info ] [ HEADER ] array (
  'referer' => 'http://39.106.4.226/',
  'user-agent' => 'Mozilla/4.0 (compatible; MSIE 6.0; Windows NT 5.1;Alibaba.Security.Heimdall.8380378)',
  'host' => '39.106.4.226:80',
  'accept' => '*/*',
  'connection' => 'keep-alive',
)
[ info ] [ PARAM ] array (
)
[ info ] [ LOG ] INIT File

---------------------------------------------------------------
[ 2017-12-14T20:27:34+08:00 ] 172.17.195.153 140.205.225.187 GET /index.php
[ log ] 39.106.4.226:80/index.php [运行时间：0.023628s][吞吐率：42.32req/s] [内存消耗：2,782.26kb] [文件加载：50]
[ info ] [ LANG ] /webdata/thinkphp/lang/zh-cn.php
[ info ] [ ROUTE ] array (
  'type' => 'module',
  'module' => 
  array (
    0 => '',
    1 => NULL,
    2 => NULL,
  ),
)
[ info ] [ HEADER ] array (
  'referer' => 'http://39.106.4.226/',
  'user-agent' => 'Mozilla/4.0 (compatible; MSIE 6.0; Windows NT 5.1;Alibaba.Security.Heimdall.8380378)',
  'host' => '39.106.4.226:80',
  'accept' => '*/*',
  'connection' => 'keep-alive',
)
[ info ] [ PARAM ] array (
)
[ info ] [ RUN ] app\index\controller\Index->index[ /webdata/application/index/controller/Index.php ]
[ info ] [ DB ] INIT mysql
[ info ] [ VIEW ] /webdata/application/index/view/index/index.html [ array (
  0 => 'lunbo',
  1 => 'tuijian1',
  2 => 'tuijian2',
  3 => 'tuijian3',
  4 => 'tuijian4',
  5 => 'xilie',
  6 => 'pinzhi1',
  7 => 'pinzhi2',
  8 => 'pinzhi3',
  9 => 'news',
  10 => 'link',
  11 => 'simxilie',
) ]
[ info ] [ LOG ] INIT File

---------------------------------------------------------------
[ 2017-12-14T20:27:38+08:00 ] 172.17.195.153 140.205.225.187 GET /jobs/
[ log ] 39.106.4.226:80/jobs/ [运行时间：0.010898s][吞吐率：91.76req/s] [内存消耗：1,508.91kb] [文件加载：37]
[ info ] [ LANG ] /webdata/thinkphp/lang/zh-cn.php
[ info ] [ ROUTE ] array (
  'type' => 'module',
  'module' => 
  array (
    0 => 'jobs',
    1 => NULL,
    2 => NULL,
  ),
)
[ info ] [ HEADER ] array (
  'referer' => 'http://39.106.4.226/',
  'user-agent' => 'Mozilla/4.0 (compatible; MSIE 6.0; Windows NT 5.1;Alibaba.Security.Heimdall.8380378)',
  'host' => '39.106.4.226:80',
  'accept' => '*/*',
  'connection' => 'keep-alive',
)
[ info ] [ PARAM ] array (
)
[ info ] [ LOG ] INIT File

---------------------------------------------------------------
[ 2017-12-14T20:27:45+08:00 ] 172.17.195.153 140.205.225.187 GET /
[ log ] 39.106.4.226:80/ [运行时间：0.023900s][吞吐率：41.84req/s] [内存消耗：2,782.24kb] [文件加载：50]
[ info ] [ LANG ] /webdata/thinkphp/lang/zh-cn.php
[ info ] [ ROUTE ] array (
  'type' => 'module',
  'module' => 
  array (
    0 => '',
    1 => NULL,
    2 => NULL,
  ),
)
[ info ] [ HEADER ] array (
  'referer' => 'http://39.106.4.226/',
  'user-agent' => 'Mozilla/4.0 (compatible; MSIE 6.0; Windows NT 5.1;Alibaba.Security.Heimdall.8380378)',
  'host' => '39.106.4.226:80',
  'accept' => '*/*',
  'connection' => 'keep-alive',
)
[ info ] [ PARAM ] array (
)
[ info ] [ RUN ] app\index\controller\Index->index[ /webdata/application/index/controller/Index.php ]
[ info ] [ DB ] INIT mysql
[ info ] [ VIEW ] /webdata/application/index/view/index/index.html [ array (
  0 => 'lunbo',
  1 => 'tuijian1',
  2 => 'tuijian2',
  3 => 'tuijian3',
  4 => 'tuijian4',
  5 => 'xilie',
  6 => 'pinzhi1',
  7 => 'pinzhi2',
  8 => 'pinzhi3',
  9 => 'news',
  10 => 'link',
  11 => 'simxilie',
) ]
[ info ] [ LOG ] INIT File

---------------------------------------------------------------
[ 2017-12-14T20:27:51+08:00 ] 172.17.195.153 140.205.225.187 GET /
[ log ] 39.106.4.226:80/ [运行时间：0.023587s][吞吐率：42.40req/s] [内存消耗：2,782.24kb] [文件加载：50]
[ info ] [ LANG ] /webdata/thinkphp/lang/zh-cn.php
[ info ] [ ROUTE ] array (
  'type' => 'module',
  'module' => 
  array (
    0 => '',
    1 => NULL,
    2 => NULL,
  ),
)
[ info ] [ HEADER ] array (
  'referer' => 'http://39.106.4.226/',
  'user-agent' => 'Mozilla/4.0 (compatible; MSIE 6.0; Windows NT 5.1;Alibaba.Security.Heimdall.8380378)',
  'host' => '39.106.4.226:80',
  'accept' => '*/*',
  'connection' => 'keep-alive',
)
[ info ] [ PARAM ] array (
)
[ info ] [ RUN ] app\index\controller\Index->index[ /webdata/application/index/controller/Index.php ]
[ info ] [ DB ] INIT mysql
[ info ] [ VIEW ] /webdata/application/index/view/index/index.html [ array (
  0 => 'lunbo',
  1 => 'tuijian1',
  2 => 'tuijian2',
  3 => 'tuijian3',
  4 => 'tuijian4',
  5 => 'xilie',
  6 => 'pinzhi1',
  7 => 'pinzhi2',
  8 => 'pinzhi3',
  9 => 'news',
  10 => 'link',
  11 => 'simxilie',
) ]
[ info ] [ LOG ] INIT File

---------------------------------------------------------------
[ 2017-12-14T20:27:52+08:00 ] 172.17.195.153 140.205.225.187 GET /
[ log ] 39.106.4.226:80/ [运行时间：0.024949s][吞吐率：40.08req/s] [内存消耗：2,782.24kb] [文件加载：50]
[ info ] [ LANG ] /webdata/thinkphp/lang/zh-cn.php
[ info ] [ ROUTE ] array (
  'type' => 'module',
  'module' => 
  array (
    0 => '',
    1 => NULL,
    2 => NULL,
  ),
)
[ info ] [ HEADER ] array (
  'referer' => 'http://39.106.4.226/',
  'user-agent' => 'Mozilla/4.0 (compatible; MSIE 6.0; Windows NT 5.1;Alibaba.Security.Heimdall.8380378)',
  'host' => '39.106.4.226:80',
  'accept' => '*/*',
  'connection' => 'keep-alive',
)
[ info ] [ PARAM ] array (
)
[ info ] [ RUN ] app\index\controller\Index->index[ /webdata/application/index/controller/Index.php ]
[ info ] [ DB ] INIT mysql
[ info ] [ VIEW ] /webdata/application/index/view/index/index.html [ array (
  0 => 'lunbo',
  1 => 'tuijian1',
  2 => 'tuijian2',
  3 => 'tuijian3',
  4 => 'tuijian4',
  5 => 'xilie',
  6 => 'pinzhi1',
  7 => 'pinzhi2',
  8 => 'pinzhi3',
  9 => 'news',
  10 => 'link',
  11 => 'simxilie',
) ]
[ info ] [ LOG ] INIT File

---------------------------------------------------------------
[ 2017-12-14T20:27:56+08:00 ] 172.17.195.153 140.205.225.187 GET /hwi/
[ log ] 39.106.4.226:80/hwi/ [运行时间：0.011650s][吞吐率：85.84req/s] [内存消耗：1,508.93kb] [文件加载：37]
[ info ] [ LANG ] /webdata/thinkphp/lang/zh-cn.php
[ info ] [ ROUTE ] array (
  'type' => 'module',
  'module' => 
  array (
    0 => 'hwi',
    1 => NULL,
    2 => NULL,
  ),
)
[ info ] [ HEADER ] array (
  'referer' => 'http://39.106.4.226/',
  'user-agent' => 'Mozilla/4.0 (compatible; MSIE 6.0; Windows NT 5.1;Alibaba.Security.Heimdall.8380378)',
  'host' => '39.106.4.226:80',
  'accept' => '*/*',
  'connection' => 'keep-alive',
)
[ info ] [ PARAM ] array (
)
[ info ] [ LOG ] INIT File

---------------------------------------------------------------
[ 2017-12-14T20:28:06+08:00 ] 172.17.195.153 140.205.225.187 GET /
[ log ] 39.106.4.226:80/ [运行时间：0.023642s][吞吐率：42.30req/s] [内存消耗：2,782.24kb] [文件加载：50]
[ info ] [ LANG ] /webdata/thinkphp/lang/zh-cn.php
[ info ] [ ROUTE ] array (
  'type' => 'module',
  'module' => 
  array (
    0 => '',
    1 => NULL,
    2 => NULL,
  ),
)
[ info ] [ HEADER ] array (
  'referer' => 'http://39.106.4.226/',
  'user-agent' => 'Mozilla/4.0 (compatible; MSIE 6.0; Windows NT 5.1;Alibaba.Security.Heimdall.8380378)',
  'host' => '39.106.4.226:80',
  'accept' => '*/*',
  'connection' => 'keep-alive',
)
[ info ] [ PARAM ] array (
)
[ info ] [ RUN ] app\index\controller\Index->index[ /webdata/application/index/controller/Index.php ]
[ info ] [ DB ] INIT mysql
[ info ] [ VIEW ] /webdata/application/index/view/index/index.html [ array (
  0 => 'lunbo',
  1 => 'tuijian1',
  2 => 'tuijian2',
  3 => 'tuijian3',
  4 => 'tuijian4',
  5 => 'xilie',
  6 => 'pinzhi1',
  7 => 'pinzhi2',
  8 => 'pinzhi3',
  9 => 'news',
  10 => 'link',
  11 => 'simxilie',
) ]
[ info ] [ LOG ] INIT File

---------------------------------------------------------------
[ 2017-12-14T20:28:13+08:00 ] 172.17.195.153 140.205.225.187 GET /master-status
[ log ] 39.106.4.226:80/master-status [运行时间：0.010910s][吞吐率：91.66req/s] [内存消耗：1,509.02kb] [文件加载：37]
[ info ] [ LANG ] /webdata/thinkphp/lang/zh-cn.php
[ info ] [ ROUTE ] array (
  'type' => 'module',
  'module' => 
  array (
    0 => 'master-status',
    1 => NULL,
    2 => NULL,
  ),
)
[ info ] [ HEADER ] array (
  'referer' => 'http://39.106.4.226/',
  'user-agent' => 'Mozilla/4.0 (compatible; MSIE 6.0; Windows NT 5.1;Alibaba.Security.Heimdall.8380378)',
  'host' => '39.106.4.226:80',
  'accept' => '*/*',
  'connection' => 'keep-alive',
)
[ info ] [ PARAM ] array (
)
[ info ] [ LOG ] INIT File

---------------------------------------------------------------
[ 2017-12-14T20:28:13+08:00 ] 172.17.195.153 140.205.225.187 GET /dfshealth.html
[ log ] 39.106.4.226:80/dfshealth.html [运行时间：0.011647s][吞吐率：85.86req/s] [内存消耗：1,508.91kb] [文件加载：37]
[ info ] [ LANG ] /webdata/thinkphp/lang/zh-cn.php
[ info ] [ ROUTE ] array (
  'type' => 'module',
  'module' => 
  array (
    0 => 'dfshealth',
    1 => NULL,
    2 => NULL,
  ),
)
[ info ] [ HEADER ] array (
  'referer' => 'http://39.106.4.226/',
  'user-agent' => 'Mozilla/4.0 (compatible; MSIE 6.0; Windows NT 5.1;Alibaba.Security.Heimdall.8380378)',
  'host' => '39.106.4.226:80',
  'accept' => '*/*',
  'connection' => 'keep-alive',
)
[ info ] [ PARAM ] array (
)
[ info ] [ LOG ] INIT File

---------------------------------------------------------------
[ 2017-12-14T20:28:17+08:00 ] 172.17.195.153 140.205.225.187 GET /http://39.106.4.226:8080
[ log ] 39.106.4.226:80/http://39.106.4.226:8080 [运行时间：0.010909s][吞吐率：91.67req/s] [内存消耗：1,508.97kb] [文件加载：37]
[ info ] [ LANG ] /webdata/thinkphp/lang/zh-cn.php
[ info ] [ ROUTE ] array (
  'type' => 'module',
  'module' => 
  array (
    0 => 'http:',
    1 => '39.106.4.226:8080',
    2 => NULL,
  ),
)
[ info ] [ HEADER ] array (
  'referer' => 'http://39.106.4.226/',
  'user-agent' => 'Mozilla/4.0 (compatible; MSIE 6.0; Windows NT 5.1;Alibaba.Security.Heimdall.8380378)',
  'host' => '39.106.4.226:80',
  'accept' => '*/*',
  'connection' => 'keep-alive',
)
[ info ] [ PARAM ] array (
)
[ info ] [ LOG ] INIT File

---------------------------------------------------------------
[ 2017-12-14T20:28:17+08:00 ] 172.17.195.153 140.205.225.187 GET /http://39.106.4.226:8081
[ log ] 39.106.4.226:80/http://39.106.4.226:8081 [运行时间：0.010829s][吞吐率：92.34req/s] [内存消耗：1,508.97kb] [文件加载：37]
[ info ] [ LANG ] /webdata/thinkphp/lang/zh-cn.php
[ info ] [ ROUTE ] array (
  'type' => 'module',
  'module' => 
  array (
    0 => 'http:',
    1 => '39.106.4.226:8081',
    2 => NULL,
  ),
)
[ info ] [ HEADER ] array (
  'referer' => 'http://39.106.4.226/',
  'user-agent' => 'Mozilla/4.0 (compatible; MSIE 6.0; Windows NT 5.1;Alibaba.Security.Heimdall.8380378)',
  'host' => '39.106.4.226:80',
  'accept' => '*/*',
  'connection' => 'keep-alive',
)
[ info ] [ PARAM ] array (
)
[ info ] [ LOG ] INIT File

---------------------------------------------------------------
[ 2017-12-14T20:28:18+08:00 ] 172.17.195.153 140.205.225.187 GET /http://39.106.4.226:8090
[ log ] 39.106.4.226:80/http://39.106.4.226:8090 [运行时间：0.012010s][吞吐率：83.26req/s] [内存消耗：1,508.97kb] [文件加载：37]
[ info ] [ LANG ] /webdata/thinkphp/lang/zh-cn.php
[ info ] [ ROUTE ] array (
  'type' => 'module',
  'module' => 
  array (
    0 => 'http:',
    1 => '39.106.4.226:8090',
    2 => NULL,
  ),
)
[ info ] [ HEADER ] array (
  'referer' => 'http://39.106.4.226/',
  'user-agent' => 'Mozilla/4.0 (compatible; MSIE 6.0; Windows NT 5.1;Alibaba.Security.Heimdall.8380378)',
  'host' => '39.106.4.226:80',
  'accept' => '*/*',
  'connection' => 'keep-alive',
)
[ info ] [ PARAM ] array (
)
[ info ] [ LOG ] INIT File

---------------------------------------------------------------
[ 2017-12-14T20:28:19+08:00 ] 172.17.195.153 140.205.225.187 GET /clusters.jsf
[ log ] 39.106.4.226:80/clusters.jsf [运行时间：0.010854s][吞吐率：92.13req/s] [内存消耗：1,509.00kb] [文件加载：37]
[ info ] [ LANG ] /webdata/thinkphp/lang/zh-cn.php
[ info ] [ ROUTE ] array (
  'type' => 'module',
  'module' => 
  array (
    0 => 'clusters.jsf',
    1 => NULL,
    2 => NULL,
  ),
)
[ info ] [ HEADER ] array (
  'referer' => 'http://39.106.4.226/',
  'user-agent' => 'Mozilla/4.0 (compatible; MSIE 6.0; Windows NT 5.1;Alibaba.Security.Heimdall.8380378)',
  'host' => '39.106.4.226:80',
  'accept' => '*/*',
  'connection' => 'keep-alive',
)
[ info ] [ PARAM ] array (
)
[ info ] [ LOG ] INIT File

---------------------------------------------------------------
[ 2017-12-14T20:28:22+08:00 ] 172.17.195.153 140.205.225.187 GET /about/
[ log ] 39.106.4.226:80/about/ [运行时间：0.010908s][吞吐率：91.68req/s] [内存消耗：1,508.89kb] [文件加载：37]
[ info ] [ LANG ] /webdata/thinkphp/lang/zh-cn.php
[ info ] [ ROUTE ] array (
  'type' => 'module',
  'module' => 
  array (
    0 => 'about',
    1 => NULL,
    2 => NULL,
  ),
)
[ info ] [ HEADER ] array (
  'referer' => 'http://39.106.4.226/',
  'user-agent' => 'Mozilla/4.0 (compatible; MSIE 6.0; Windows NT 5.1;Alibaba.Security.Heimdall.8380378)',
  'host' => '39.106.4.226:80',
  'accept' => '*/*',
  'connection' => 'keep-alive',
)
[ info ] [ PARAM ] array (
)
[ info ] [ LOG ] INIT File

---------------------------------------------------------------
[ 2017-12-14T20:28:23+08:00 ] 172.17.195.153 140.205.225.187 GET /
[ log ] 39.106.4.226:80/ [运行时间：0.025105s][吞吐率：39.83req/s] [内存消耗：2,782.24kb] [文件加载：50]
[ info ] [ LANG ] /webdata/thinkphp/lang/zh-cn.php
[ info ] [ ROUTE ] array (
  'type' => 'module',
  'module' => 
  array (
    0 => '',
    1 => NULL,
    2 => NULL,
  ),
)
[ info ] [ HEADER ] array (
  'referer' => 'http://39.106.4.226/',
  'user-agent' => 'Mozilla/4.0 (compatible; MSIE 6.0; Windows NT 5.1;Alibaba.Security.Heimdall.8380378)',
  'host' => '39.106.4.226:80',
  'accept' => '*/*',
  'connection' => 'keep-alive',
)
[ info ] [ PARAM ] array (
)
[ info ] [ RUN ] app\index\controller\Index->index[ /webdata/application/index/controller/Index.php ]
[ info ] [ DB ] INIT mysql
[ info ] [ VIEW ] /webdata/application/index/view/index/index.html [ array (
  0 => 'lunbo',
  1 => 'tuijian1',
  2 => 'tuijian2',
  3 => 'tuijian3',
  4 => 'tuijian4',
  5 => 'xilie',
  6 => 'pinzhi1',
  7 => 'pinzhi2',
  8 => 'pinzhi3',
  9 => 'news',
  10 => 'link',
  11 => 'simxilie',
) ]
[ info ] [ LOG ] INIT File

---------------------------------------------------------------
[ 2017-12-14T20:28:24+08:00 ] 172.17.195.153 140.205.225.187 GET /jenkins/
[ log ] 39.106.4.226:80/jenkins/ [运行时间：0.011292s][吞吐率：88.56req/s] [内存消耗：1,508.97kb] [文件加载：37]
[ info ] [ LANG ] /webdata/thinkphp/lang/zh-cn.php
[ info ] [ ROUTE ] array (
  'type' => 'module',
  'module' => 
  array (
    0 => 'jenkins',
    1 => NULL,
    2 => NULL,
  ),
)
[ info ] [ HEADER ] array (
  'referer' => 'http://39.106.4.226/',
  'user-agent' => 'Mozilla/4.0 (compatible; MSIE 6.0; Windows NT 5.1;Alibaba.Security.Heimdall.8380378)',
  'host' => '39.106.4.226:80',
  'accept' => '*/*',
  'connection' => 'keep-alive',
)
[ info ] [ PARAM ] array (
)
[ info ] [ LOG ] INIT File

---------------------------------------------------------------
[ 2017-12-14T20:28:25+08:00 ] 172.17.195.153 140.205.225.187 GET /zabbix/
[ log ] 39.106.4.226:80/zabbix/ [运行时间：0.011632s][吞吐率：85.97req/s] [内存消耗：1,508.93kb] [文件加载：37]
[ info ] [ LANG ] /webdata/thinkphp/lang/zh-cn.php
[ info ] [ ROUTE ] array (
  'type' => 'module',
  'module' => 
  array (
    0 => 'zabbix',
    1 => NULL,
    2 => NULL,
  ),
)
[ info ] [ HEADER ] array (
  'referer' => 'http://39.106.4.226/',
  'user-agent' => 'Mozilla/4.0 (compatible; MSIE 6.0; Windows NT 5.1;Alibaba.Security.Heimdall.8380378)',
  'host' => '39.106.4.226:80',
  'accept' => '*/*',
  'connection' => 'keep-alive',
)
[ info ] [ PARAM ] array (
)
[ info ] [ LOG ] INIT File

---------------------------------------------------------------
[ 2017-12-14T20:28:26+08:00 ] 172.17.195.153 140.205.225.187 GET /
[ log ] 39.106.4.226:80/ [运行时间：0.023447s][吞吐率：42.65req/s] [内存消耗：2,782.24kb] [文件加载：50]
[ info ] [ LANG ] /webdata/thinkphp/lang/zh-cn.php
[ info ] [ ROUTE ] array (
  'type' => 'module',
  'module' => 
  array (
    0 => '',
    1 => NULL,
    2 => NULL,
  ),
)
[ info ] [ HEADER ] array (
  'referer' => 'http://39.106.4.226/',
  'user-agent' => 'Mozilla/4.0 (compatible; MSIE 6.0; Windows NT 5.1;Alibaba.Security.Heimdall.8380378)',
  'host' => '39.106.4.226:80',
  'accept' => '*/*',
  'connection' => 'keep-alive',
)
[ info ] [ PARAM ] array (
)
[ info ] [ RUN ] app\index\controller\Index->index[ /webdata/application/index/controller/Index.php ]
[ info ] [ DB ] INIT mysql
[ info ] [ VIEW ] /webdata/application/index/view/index/index.html [ array (
  0 => 'lunbo',
  1 => 'tuijian1',
  2 => 'tuijian2',
  3 => 'tuijian3',
  4 => 'tuijian4',
  5 => 'xilie',
  6 => 'pinzhi1',
  7 => 'pinzhi2',
  8 => 'pinzhi3',
  9 => 'news',
  10 => 'link',
  11 => 'simxilie',
) ]
[ info ] [ LOG ] INIT File

---------------------------------------------------------------
[ 2017-12-14T20:28:26+08:00 ] 172.17.195.153 140.205.225.187 GET /solr/
[ log ] 39.106.4.226:80/solr/ [运行时间：0.011409s][吞吐率：87.65req/s] [内存消耗：1,508.91kb] [文件加载：37]
[ info ] [ LANG ] /webdata/thinkphp/lang/zh-cn.php
[ info ] [ ROUTE ] array (
  'type' => 'module',
  'module' => 
  array (
    0 => 'solr',
    1 => NULL,
    2 => NULL,
  ),
)
[ info ] [ HEADER ] array (
  'referer' => 'http://39.106.4.226/',
  'user-agent' => 'Mozilla/4.0 (compatible; MSIE 6.0; Windows NT 5.1;Alibaba.Security.Heimdall.8380378)',
  'host' => '39.106.4.226:80',
  'accept' => '*/*',
  'connection' => 'keep-alive',
)
[ info ] [ PARAM ] array (
)
[ info ] [ LOG ] INIT File

---------------------------------------------------------------
[ 2017-12-14T20:28:27+08:00 ] 172.17.195.153 140.205.225.187 GET /
[ log ] 39.106.4.226:80/ [运行时间：0.024935s][吞吐率：40.10req/s] [内存消耗：2,782.24kb] [文件加载：50]
[ info ] [ LANG ] /webdata/thinkphp/lang/zh-cn.php
[ info ] [ ROUTE ] array (
  'type' => 'module',
  'module' => 
  array (
    0 => '',
    1 => NULL,
    2 => NULL,
  ),
)
[ info ] [ HEADER ] array (
  'referer' => 'http://39.106.4.226/',
  'user-agent' => 'Mozilla/4.0 (compatible; MSIE 6.0; Windows NT 5.1;Alibaba.Security.Heimdall.8380378)',
  'host' => '39.106.4.226:80',
  'accept' => '*/*',
  'connection' => 'keep-alive',
)
[ info ] [ PARAM ] array (
)
[ info ] [ RUN ] app\index\controller\Index->index[ /webdata/application/index/controller/Index.php ]
[ info ] [ DB ] INIT mysql
[ info ] [ VIEW ] /webdata/application/index/view/index/index.html [ array (
  0 => 'lunbo',
  1 => 'tuijian1',
  2 => 'tuijian2',
  3 => 'tuijian3',
  4 => 'tuijian4',
  5 => 'xilie',
  6 => 'pinzhi1',
  7 => 'pinzhi2',
  8 => 'pinzhi3',
  9 => 'news',
  10 => 'link',
  11 => 'simxilie',
) ]
[ info ] [ LOG ] INIT File

---------------------------------------------------------------
[ 2017-12-14T20:28:31+08:00 ] 172.17.195.153 140.205.225.187 GET /info
[ log ] 39.106.4.226:80/info [运行时间：0.011565s][吞吐率：86.47req/s] [内存消耗：1,508.93kb] [文件加载：37]
[ info ] [ LANG ] /webdata/thinkphp/lang/zh-cn.php
[ info ] [ ROUTE ] array (
  'type' => 'module',
  'module' => 
  array (
    0 => 'info',
    1 => NULL,
    2 => NULL,
  ),
)
[ info ] [ HEADER ] array (
  'referer' => 'http://39.106.4.226/',
  'user-agent' => 'Mozilla/4.0 (compatible; MSIE 6.0; Windows NT 5.1;Alibaba.Security.Heimdall.8380378)',
  'host' => '39.106.4.226:80',
  'accept' => '*/*',
  'connection' => 'keep-alive',
)
[ info ] [ PARAM ] array (
)
[ info ] [ LOG ] INIT File

---------------------------------------------------------------
[ 2017-12-14T20:28:49+08:00 ] 172.17.195.153 140.205.225.187 GET /warning
[ log ] 39.106.4.226:80/warning [运行时间：0.010881s][吞吐率：91.90req/s] [内存消耗：1,508.93kb] [文件加载：37]
[ info ] [ LANG ] /webdata/thinkphp/lang/zh-cn.php
[ info ] [ ROUTE ] array (
  'type' => 'module',
  'module' => 
  array (
    0 => 'warning',
    1 => NULL,
    2 => NULL,
  ),
)
[ info ] [ HEADER ] array (
  'referer' => 'http://39.106.4.226/',
  'user-agent' => 'Mozilla/4.0 (compatible; MSIE 6.0; Windows NT 5.1;Alibaba.Security.Heimdall.8380378)',
  'host' => '39.106.4.226:80',
  'accept' => '*/*',
  'connection' => 'keep-alive',
)
[ info ] [ PARAM ] array (
)
[ info ] [ LOG ] INIT File

---------------------------------------------------------------
[ 2017-12-14T20:28:53+08:00 ] 172.17.195.153 140.205.225.187 GET /pleasereadthis
[ log ] 39.106.4.226:80/pleasereadthis [运行时间：0.010928s][吞吐率：91.51req/s] [内存消耗：1,509.01kb] [文件加载：37]
[ info ] [ LANG ] /webdata/thinkphp/lang/zh-cn.php
[ info ] [ ROUTE ] array (
  'type' => 'module',
  'module' => 
  array (
    0 => 'pleasereadthis',
    1 => NULL,
    2 => NULL,
  ),
)
[ info ] [ HEADER ] array (
  'referer' => 'http://39.106.4.226/',
  'user-agent' => 'Mozilla/4.0 (compatible; MSIE 6.0; Windows NT 5.1;Alibaba.Security.Heimdall.8380378)',
  'host' => '39.106.4.226:80',
  'accept' => '*/*',
  'connection' => 'keep-alive',
)
[ info ] [ PARAM ] array (
)
[ info ] [ LOG ] INIT File

---------------------------------------------------------------
[ 2017-12-14T20:28:58+08:00 ] 172.17.195.153 140.205.225.187 GET /please_read/_search
[ log ] 39.106.4.226:80/please_read/_search [运行时间：0.011364s][吞吐率：88.00req/s] [内存消耗：1,509.33kb] [文件加载：37]
[ info ] [ LANG ] /webdata/thinkphp/lang/zh-cn.php
[ info ] [ ROUTE ] array (
  'type' => 'module',
  'module' => 
  array (
    0 => 'please_read',
    1 => '_search',
    2 => NULL,
  ),
)
[ info ] [ HEADER ] array (
  'referer' => 'http://39.106.4.226/',
  'user-agent' => 'Mozilla/4.0 (compatible; MSIE 6.0; Windows NT 5.1;Alibaba.Security.Heimdall.8380378)',
  'host' => '39.106.4.226:80',
  'accept' => '*/*',
  'connection' => 'keep-alive',
)
[ info ] [ PARAM ] array (
)
[ info ] [ LOG ] INIT File

---------------------------------------------------------------
[ 2017-12-14T20:29:03+08:00 ] 172.17.195.153 140.205.225.187 GET /dfshealth.jsp
[ log ] 39.106.4.226:80/dfshealth.jsp [运行时间：0.011599s][吞吐率：86.22req/s] [内存消耗：1,509.02kb] [文件加载：37]
[ info ] [ LANG ] /webdata/thinkphp/lang/zh-cn.php
[ info ] [ ROUTE ] array (
  'type' => 'module',
  'module' => 
  array (
    0 => 'dfshealth.jsp',
    1 => NULL,
    2 => NULL,
  ),
)
[ info ] [ HEADER ] array (
  'referer' => 'http://39.106.4.226/',
  'user-agent' => 'Mozilla/4.0 (compatible; MSIE 6.0; Windows NT 5.1;Alibaba.Security.Heimdall.8380378)',
  'host' => '39.106.4.226:80',
  'accept' => '*/*',
  'connection' => 'keep-alive',
)
[ info ] [ PARAM ] array (
)
[ info ] [ LOG ] INIT File

---------------------------------------------------------------
[ 2017-12-14T20:29:03+08:00 ] 172.17.195.153 140.205.225.187 GET /hadoop/dfshealth.jsp
[ log ] 39.106.4.226:80/hadoop/dfshealth.jsp [运行时间：0.011151s][吞吐率：89.68req/s] [内存消耗：1,509.22kb] [文件加载：37]
[ info ] [ LANG ] /webdata/thinkphp/lang/zh-cn.php
[ info ] [ ROUTE ] array (
  'type' => 'module',
  'module' => 
  array (
    0 => 'hadoop',
    1 => 'dfshealth.jsp',
    2 => NULL,
  ),
)
[ info ] [ HEADER ] array (
  'referer' => 'http://39.106.4.226/',
  'user-agent' => 'Mozilla/4.0 (compatible; MSIE 6.0; Windows NT 5.1;Alibaba.Security.Heimdall.8380378)',
  'host' => '39.106.4.226:80',
  'accept' => '*/*',
  'connection' => 'keep-alive',
)
[ info ] [ PARAM ] array (
)
[ info ] [ LOG ] INIT File

---------------------------------------------------------------
[ 2017-12-14T20:29:17+08:00 ] 172.17.195.153 140.205.225.187 POST /wmsnqrtyboav
[ log ] 39.106.4.226:80/wmsnqrtyboav [运行时间：0.010933s][吞吐率：91.47req/s] [内存消耗：1,508.46kb] [文件加载：37]
[ info ] [ LANG ] /webdata/thinkphp/lang/zh-cn.php
[ info ] [ ROUTE ] array (
  'type' => 'module',
  'module' => 
  array (
    0 => 'wmsnqrtyboav',
    1 => NULL,
    2 => NULL,
  ),
)
[ info ] [ HEADER ] array (
  'accept-encoding' => 'identity',
  'host' => '39.106.4.226:80',
  'connection' => 'close',
  'user-agent' => 'Mozilla/4.0 (compatible; MSIE 6.0; Windows NT 5.1;Alibaba.Security.Heimdall.8380378.elasticsearch_unauthorized)',
  'content-type' => 'application/x-www-form-urlencoded',
  'content-length' => '22',
)
[ info ] [ PARAM ] array (
  '{"aliyun":_"vulntest"}' => '',
)
[ info ] [ LOG ] INIT File

---------------------------------------------------------------
[ 2017-12-14T20:29:17+08:00 ] 172.17.195.153 140.205.225.187 GET /wmsnqrtyboav
[ log ] 39.106.4.226:80/wmsnqrtyboav [运行时间：0.010915s][吞吐率：91.62req/s] [内存消耗：1,509.03kb] [文件加载：37]
[ info ] [ LANG ] /webdata/thinkphp/lang/zh-cn.php
[ info ] [ ROUTE ] array (
  'type' => 'module',
  'module' => 
  array (
    0 => 'wmsnqrtyboav',
    1 => NULL,
    2 => NULL,
  ),
)
[ info ] [ HEADER ] array (
  'accept-encoding' => 'identity',
  'host' => '39.106.4.226:80',
  'connection' => 'close',
  'user-agent' => 'Mozilla/4.0 (compatible; MSIE 6.0; Windows NT 5.1;Alibaba.Security.Heimdall.8380378.elasticsearch_unauthorized)',
)
[ info ] [ PARAM ] array (
)
[ info ] [ LOG ] INIT File

---------------------------------------------------------------
[ 2017-12-14T20:29:17+08:00 ] 172.17.195.153 140.205.225.187 DELETE /wmsnqrtyboav
[ log ] 39.106.4.226:80/wmsnqrtyboav [运行时间：0.011461s][吞吐率：87.25req/s] [内存消耗：1,508.70kb] [文件加载：37]
[ info ] [ LANG ] /webdata/thinkphp/lang/zh-cn.php
[ info ] [ ROUTE ] array (
  'type' => 'module',
  'module' => 
  array (
    0 => 'wmsnqrtyboav',
    1 => NULL,
    2 => NULL,
  ),
)
[ info ] [ HEADER ] array (
  'accept-encoding' => 'identity',
  'host' => '39.106.4.226:80',
  'connection' => 'close',
  'user-agent' => 'Mozilla/4.0 (compatible; MSIE 6.0; Windows NT 5.1;Alibaba.Security.Heimdall.8380378.elasticsearch_unauthorized)',
)
[ info ] [ PARAM ] array (
)
[ info ] [ LOG ] INIT File

---------------------------------------------------------------
[ 2017-12-14T21:49:14+08:00 ] 172.17.195.153 104.236.151.13 GET /
[ log ] 39.106.4.226/ [运行时间：0.025061s][吞吐率：39.90req/s] [内存消耗：2,781.69kb] [文件加载：50]
[ info ] [ LANG ] /webdata/thinkphp/lang/zh-cn.php
[ info ] [ ROUTE ] array (
  'type' => 'module',
  'module' => 
  array (
    0 => '',
    1 => NULL,
    2 => NULL,
  ),
)
[ info ] [ HEADER ] array (
  'host' => '39.106.4.226',
  'user-agent' => 'Mozilla/5.0 zgrab/0.x',
  'accept-encoding' => 'gzip',
)
[ info ] [ PARAM ] array (
)
[ info ] [ RUN ] app\index\controller\Index->index[ /webdata/application/index/controller/Index.php ]
[ info ] [ DB ] INIT mysql
[ info ] [ VIEW ] /webdata/application/index/view/index/index.html [ array (
  0 => 'lunbo',
  1 => 'tuijian1',
  2 => 'tuijian2',
  3 => 'tuijian3',
  4 => 'tuijian4',
  5 => 'xilie',
  6 => 'pinzhi1',
  7 => 'pinzhi2',
  8 => 'pinzhi3',
  9 => 'news',
  10 => 'link',
  11 => 'simxilie',
) ]
[ info ] [ LOG ] INIT File

---------------------------------------------------------------
