[ 2017-12-18T00:04:29+08:00 ] 172.17.195.153 80.82.78.50 GET http://www.baidu.com/cache/global/img/gs.gif
[ log ] www.baidu.comhttp://www.baidu.com/cache/global/img/gs.gif [运行时间：0.011311s][吞吐率：88.41req/s] [内存消耗：1,508.70kb] [文件加载：37]
[ info ] [ LANG ] /webdata/thinkphp/lang/zh-cn.php
[ info ] [ ROUTE ] array (
  'type' => 'module',
  'module' => 
  array (
    0 => 'cache',
    1 => 'global',
    2 => 'img',
  ),
)
[ info ] [ HEADER ] array (
  'host' => 'www.baidu.com',
  'user-agent' => 'Mozilla',
  'if-modified-since' => 'Thu, 19 Apr 2012 09:51:20 GMT',
)
[ info ] [ PARAM ] array (
)
[ info ] [ LOG ] INIT File

---------------------------------------------------------------
[ 2017-12-18T00:26:48+08:00 ] 172.17.195.153 47.93.112.232 GET /
[ log ] 39.104.60.138:80/ [运行时间：0.024648s][吞吐率：40.57req/s] [内存消耗：2,781.74kb] [文件加载：50]
[ info ] [ LANG ] /webdata/thinkphp/lang/zh-cn.php
[ info ] [ ROUTE ] array (
  'type' => 'module',
  'module' => 
  array (
    0 => '',
    1 => NULL,
    2 => NULL,
  ),
)
[ info ] [ HEADER ] array (
  'host' => '39.104.60.138:80',
  'connection' => 'Close',
  'accept-encoding' => 'identity',
)
[ info ] [ PARAM ] array (
)
[ info ] [ RUN ] app\index\controller\Index->index[ /webdata/application/index/controller/Index.php ]
[ info ] [ DB ] INIT mysql
[ info ] [ VIEW ] /webdata/application/index/view/index/index.html [ array (
  0 => 'lunbo',
  1 => 'tuijian1',
  2 => 'tuijian2',
  3 => 'tuijian3',
  4 => 'tuijian4',
  5 => 'xilie',
  6 => 'pinzhi1',
  7 => 'pinzhi2',
  8 => 'pinzhi3',
  9 => 'news',
  10 => 'link',
  11 => 'simxilie',
) ]
[ info ] [ LOG ] INIT File

---------------------------------------------------------------
[ 2017-12-18T00:41:01+08:00 ] 172.17.195.153 139.162.108.53 GET /
[ log ] 39.106.4.226/ [运行时间：0.023472s][吞吐率：42.60req/s] [内存消耗：2,781.45kb] [文件加载：50]
[ info ] [ LANG ] /webdata/thinkphp/lang/zh-cn.php
[ info ] [ ROUTE ] array (
  'type' => 'module',
  'module' => 
  array (
    0 => '',
    1 => NULL,
    2 => NULL,
  ),
)
[ info ] [ HEADER ] array (
  'host' => '39.106.4.226',
  'user-agent' => 'Mozilla/5.0 (Windows NT 10.0; WOW64) AppleWebKit/537.36 (KHTML, like Gecko) Chrome/50.0.2661.102 Safari/537.36',
  'connection' => 'close',
)
[ info ] [ PARAM ] array (
)
[ info ] [ RUN ] app\index\controller\Index->index[ /webdata/application/index/controller/Index.php ]
[ info ] [ DB ] INIT mysql
[ info ] [ VIEW ] /webdata/application/index/view/index/index.html [ array (
  0 => 'lunbo',
  1 => 'tuijian1',
  2 => 'tuijian2',
  3 => 'tuijian3',
  4 => 'tuijian4',
  5 => 'xilie',
  6 => 'pinzhi1',
  7 => 'pinzhi2',
  8 => 'pinzhi3',
  9 => 'news',
  10 => 'link',
  11 => 'simxilie',
) ]
[ info ] [ LOG ] INIT File

---------------------------------------------------------------
[ 2017-12-18T03:11:12+08:00 ] 172.17.195.153 188.191.24.174 GET /administrator/
[ log ] xinchumenye.com/administrator/ [运行时间：0.011229s][吞吐率：89.05req/s] [内存消耗：1,508.83kb] [文件加载：37]
[ info ] [ LANG ] /webdata/thinkphp/lang/zh-cn.php
[ info ] [ ROUTE ] array (
  'type' => 'module',
  'module' => 
  array (
    0 => 'administrator',
    1 => NULL,
    2 => NULL,
  ),
)
[ info ] [ HEADER ] array (
  'host' => 'xinchumenye.com',
  'accept' => '*/*',
  'accept-encoding' => 'deflate, gzip',
  'user-agent' => 'Mozilla/5.0 (Windows NT 6.0; rv:34.0) Gecko/20100101 Firefox/34.0',
)
[ info ] [ PARAM ] array (
)
[ info ] [ LOG ] INIT File

---------------------------------------------------------------
[ 2017-12-18T03:21:23+08:00 ] 172.17.195.153 188.191.24.174 GET /admin.php
[ log ] xinchumenye.com/admin.php [运行时间：0.010922s][吞吐率：91.56req/s] [内存消耗：1,508.77kb] [文件加载：37]
[ info ] [ LANG ] /webdata/thinkphp/lang/zh-cn.php
[ info ] [ ROUTE ] array (
  'type' => 'module',
  'module' => 
  array (
    0 => 'admin.php',
    1 => NULL,
    2 => NULL,
  ),
)
[ info ] [ HEADER ] array (
  'host' => 'xinchumenye.com',
  'accept' => '*/*',
  'accept-encoding' => 'deflate, gzip',
  'user-agent' => 'Mozilla/5.0 (Windows NT 6.0; rv:34.0) Gecko/20100101 Firefox/34.0',
)
[ info ] [ PARAM ] array (
)
[ info ] [ LOG ] INIT File

---------------------------------------------------------------
[ 2017-12-18T03:23:05+08:00 ] 172.17.195.153 188.191.24.174 GET /admin
[ log ] xinchumenye.com/admin [运行时间：0.013485s][吞吐率：74.16req/s] [内存消耗：1,928.95kb] [文件加载：47]
[ info ] [ LANG ] /webdata/thinkphp/lang/zh-cn.php
[ info ] [ ROUTE ] array (
  'type' => 'module',
  'module' => 
  array (
    0 => 'admin',
    1 => NULL,
    2 => NULL,
  ),
)
[ info ] [ HEADER ] array (
  'host' => 'xinchumenye.com',
  'accept' => '*/*',
  'accept-encoding' => 'deflate, gzip',
  'user-agent' => 'Mozilla/5.0 (Windows NT 6.0; rv:34.0) Gecko/20100101 Firefox/34.0',
)
[ info ] [ PARAM ] array (
)
[ info ] [ SESSION ] INIT array (
  'id' => '',
  'var_session_id' => '',
  'prefix' => 'think',
  'type' => '',
  'auto_start' => true,
)
[ info ] [ LOG ] INIT File

---------------------------------------------------------------
[ 2017-12-18T03:30:00+08:00 ] 172.17.195.153 91.234.62.57 GET /administrator/
[ log ] xinchumenye.com/administrator/ [运行时间：0.011267s][吞吐率：88.76req/s] [内存消耗：1,508.84kb] [文件加载：37]
[ info ] [ LANG ] /webdata/thinkphp/lang/zh-cn.php
[ info ] [ ROUTE ] array (
  'type' => 'module',
  'module' => 
  array (
    0 => 'administrator',
    1 => NULL,
    2 => NULL,
  ),
)
[ info ] [ HEADER ] array (
  'host' => 'xinchumenye.com',
  'accept' => '*/*',
  'accept-encoding' => 'deflate, gzip',
  'user-agent' => 'Mozilla/5.0 (Windows NT 6.0; rv:34.0) Gecko/20100101 Firefox/34.0',
)
[ info ] [ PARAM ] array (
)
[ info ] [ LOG ] INIT File

---------------------------------------------------------------
[ 2017-12-18T03:30:01+08:00 ] 172.17.195.153 91.234.62.57 GET /administrator/index.php
[ log ] xinchumenye.com/administrator/index.php [运行时间：0.011155s][吞吐率：89.64req/s] [内存消耗：1,508.91kb] [文件加载：37]
[ info ] [ LANG ] /webdata/thinkphp/lang/zh-cn.php
[ info ] [ ROUTE ] array (
  'type' => 'module',
  'module' => 
  array (
    0 => 'administrator',
    1 => 'index.php',
    2 => NULL,
  ),
)
[ info ] [ HEADER ] array (
  'host' => 'xinchumenye.com',
  'accept' => '*/*',
  'accept-encoding' => 'deflate, gzip',
  'user-agent' => 'Mozilla/5.0 (Windows NT 6.0; rv:34.0) Gecko/20100101 Firefox/34.0',
  'referer' => 'http://xinchumenye.com/administrator/',
)
[ info ] [ PARAM ] array (
)
[ info ] [ LOG ] INIT File

---------------------------------------------------------------
[ 2017-12-18T03:37:16+08:00 ] 172.17.195.153 91.234.62.57 GET /wp-login.php
[ log ] xinchumenye.com/wp-login.php [运行时间：0.011023s][吞吐率：90.72req/s] [内存消耗：1,508.77kb] [文件加载：37]
[ info ] [ LANG ] /webdata/thinkphp/lang/zh-cn.php
[ info ] [ ROUTE ] array (
  'type' => 'module',
  'module' => 
  array (
    0 => 'wp-login.php',
    1 => NULL,
    2 => NULL,
  ),
)
[ info ] [ HEADER ] array (
  'host' => 'xinchumenye.com',
  'accept' => '*/*',
  'accept-encoding' => 'deflate, gzip',
  'user-agent' => 'Mozilla/5.0 (Windows NT 6.0; rv:34.0) Gecko/20100101 Firefox/34.0',
)
[ info ] [ PARAM ] array (
)
[ info ] [ LOG ] INIT File

---------------------------------------------------------------
[ 2017-12-18T03:40:57+08:00 ] 172.17.195.153 123.59.146.153 GET /
[ log ] 39.106.4.226:80/ [运行时间：0.023785s][吞吐率：42.04req/s] [内存消耗：2,782.23kb] [文件加载：50]
[ info ] [ LANG ] /webdata/thinkphp/lang/zh-cn.php
[ info ] [ ROUTE ] array (
  'type' => 'module',
  'module' => 
  array (
    0 => '',
    1 => NULL,
    2 => NULL,
  ),
)
[ info ] [ HEADER ] array (
  'host' => '39.106.4.226:80',
  'user-agent' => 'Mozilla/5.0 (Windows NT 6.1; WOW64; rv:52.0) Gecko/20100101 Firefox/52.0',
  'accept-encoding' => 'gzip, deflate, br',
  'accept-language' => 'zh-CN,zh;q=0.8,en-US;q=0.5,en;q=0.3',
  'accept-charset' => 'GBK,utf-8;q=0.7,*;q=0.3',
  'accept' => 'application/json, text/plain, */*',
)
[ info ] [ PARAM ] array (
)
[ info ] [ RUN ] app\index\controller\Index->index[ /webdata/application/index/controller/Index.php ]
[ info ] [ DB ] INIT mysql
[ info ] [ VIEW ] /webdata/application/index/view/index/index.html [ array (
  0 => 'lunbo',
  1 => 'tuijian1',
  2 => 'tuijian2',
  3 => 'tuijian3',
  4 => 'tuijian4',
  5 => 'xilie',
  6 => 'pinzhi1',
  7 => 'pinzhi2',
  8 => 'pinzhi3',
  9 => 'news',
  10 => 'link',
  11 => 'simxilie',
) ]
[ info ] [ LOG ] INIT File

---------------------------------------------------------------
[ 2017-12-18T03:41:40+08:00 ] 172.17.195.153 173.255.213.43 GET /
[ log ] 39.106.4.226/ [运行时间：0.024957s][吞吐率：40.07req/s] [内存消耗：2,781.69kb] [文件加载：50]
[ info ] [ LANG ] /webdata/thinkphp/lang/zh-cn.php
[ info ] [ ROUTE ] array (
  'type' => 'module',
  'module' => 
  array (
    0 => '',
    1 => NULL,
    2 => NULL,
  ),
)
[ info ] [ HEADER ] array (
  'host' => '39.106.4.226',
  'user-agent' => 'Mozilla/5.0 zgrab/0.x',
  'accept-encoding' => 'gzip',
)
[ info ] [ PARAM ] array (
)
[ info ] [ RUN ] app\index\controller\Index->index[ /webdata/application/index/controller/Index.php ]
[ info ] [ DB ] INIT mysql
[ info ] [ VIEW ] /webdata/application/index/view/index/index.html [ array (
  0 => 'lunbo',
  1 => 'tuijian1',
  2 => 'tuijian2',
  3 => 'tuijian3',
  4 => 'tuijian4',
  5 => 'xilie',
  6 => 'pinzhi1',
  7 => 'pinzhi2',
  8 => 'pinzhi3',
  9 => 'news',
  10 => 'link',
  11 => 'simxilie',
) ]
[ info ] [ LOG ] INIT File

---------------------------------------------------------------
[ 2017-12-18T03:44:02+08:00 ] 172.17.195.153 5.141.208.52 GET /administrator/
[ log ] xinchumenye.com/administrator/ [运行时间：0.011643s][吞吐率：85.89req/s] [内存消耗：1,508.84kb] [文件加载：37]
[ info ] [ LANG ] /webdata/thinkphp/lang/zh-cn.php
[ info ] [ ROUTE ] array (
  'type' => 'module',
  'module' => 
  array (
    0 => 'administrator',
    1 => NULL,
    2 => NULL,
  ),
)
[ info ] [ HEADER ] array (
  'host' => 'xinchumenye.com',
  'accept' => '*/*',
  'accept-encoding' => 'deflate, gzip',
  'user-agent' => 'Mozilla/5.0 (Windows NT 6.0; rv:34.0) Gecko/20100101 Firefox/34.0',
)
[ info ] [ PARAM ] array (
)
[ info ] [ LOG ] INIT File

---------------------------------------------------------------
[ 2017-12-18T03:54:21+08:00 ] 172.17.195.153 5.141.208.52 GET /wp-login.php
[ log ] xinchumenye.com/wp-login.php [运行时间：0.010986s][吞吐率：91.02req/s] [内存消耗：1,508.77kb] [文件加载：37]
[ info ] [ LANG ] /webdata/thinkphp/lang/zh-cn.php
[ info ] [ ROUTE ] array (
  'type' => 'module',
  'module' => 
  array (
    0 => 'wp-login.php',
    1 => NULL,
    2 => NULL,
  ),
)
[ info ] [ HEADER ] array (
  'host' => 'xinchumenye.com',
  'accept' => '*/*',
  'accept-encoding' => 'deflate, gzip',
  'user-agent' => 'Mozilla/5.0 (Windows NT 6.0; rv:34.0) Gecko/20100101 Firefox/34.0',
)
[ info ] [ PARAM ] array (
)
[ info ] [ LOG ] INIT File

---------------------------------------------------------------
[ 2017-12-18T03:57:10+08:00 ] 172.17.195.153 5.141.208.52 GET /admin.php
[ log ] xinchumenye.com/admin.php [运行时间：0.011379s][吞吐率：87.88req/s] [内存消耗：1,508.77kb] [文件加载：37]
[ info ] [ LANG ] /webdata/thinkphp/lang/zh-cn.php
[ info ] [ ROUTE ] array (
  'type' => 'module',
  'module' => 
  array (
    0 => 'admin.php',
    1 => NULL,
    2 => NULL,
  ),
)
[ info ] [ HEADER ] array (
  'host' => 'xinchumenye.com',
  'accept' => '*/*',
  'accept-encoding' => 'deflate, gzip',
  'user-agent' => 'Mozilla/5.0 (Windows NT 6.0; rv:34.0) Gecko/20100101 Firefox/34.0',
)
[ info ] [ PARAM ] array (
)
[ info ] [ LOG ] INIT File

---------------------------------------------------------------
[ 2017-12-18T03:58:33+08:00 ] 172.17.195.153 5.141.208.52 GET /admin
[ log ] xinchumenye.com/admin [运行时间：0.013276s][吞吐率：75.32req/s] [内存消耗：1,928.95kb] [文件加载：47]
[ info ] [ LANG ] /webdata/thinkphp/lang/zh-cn.php
[ info ] [ ROUTE ] array (
  'type' => 'module',
  'module' => 
  array (
    0 => 'admin',
    1 => NULL,
    2 => NULL,
  ),
)
[ info ] [ HEADER ] array (
  'host' => 'xinchumenye.com',
  'accept' => '*/*',
  'accept-encoding' => 'deflate, gzip',
  'user-agent' => 'Mozilla/5.0 (Windows NT 6.0; rv:34.0) Gecko/20100101 Firefox/34.0',
)
[ info ] [ PARAM ] array (
)
[ info ] [ SESSION ] INIT array (
  'id' => '',
  'var_session_id' => '',
  'prefix' => 'think',
  'type' => '',
  'auto_start' => true,
)
[ info ] [ LOG ] INIT File

---------------------------------------------------------------
[ 2017-12-18T04:02:40+08:00 ] 172.17.195.153 188.242.100.34 GET /administrator/
[ log ] xinchumenye.com/administrator/ [运行时间：0.012523s][吞吐率：79.85req/s] [内存消耗：1,508.83kb] [文件加载：37]
[ info ] [ LANG ] /webdata/thinkphp/lang/zh-cn.php
[ info ] [ ROUTE ] array (
  'type' => 'module',
  'module' => 
  array (
    0 => 'administrator',
    1 => NULL,
    2 => NULL,
  ),
)
[ info ] [ HEADER ] array (
  'host' => 'xinchumenye.com',
  'accept' => '*/*',
  'accept-encoding' => 'deflate, gzip',
  'user-agent' => 'Mozilla/5.0 (Windows NT 6.0; rv:34.0) Gecko/20100101 Firefox/34.0',
)
[ info ] [ PARAM ] array (
)
[ info ] [ LOG ] INIT File

---------------------------------------------------------------
[ 2017-12-18T04:12:34+08:00 ] 172.17.195.153 188.242.100.34 GET /wp-admin/
[ log ] xinchumenye.com/wp-admin/ [运行时间：0.011019s][吞吐率：90.75req/s] [内存消耗：1,508.97kb] [文件加载：37]
[ info ] [ LANG ] /webdata/thinkphp/lang/zh-cn.php
[ info ] [ ROUTE ] array (
  'type' => 'module',
  'module' => 
  array (
    0 => 'wp-admin',
    1 => NULL,
    2 => NULL,
  ),
)
[ info ] [ HEADER ] array (
  'host' => 'xinchumenye.com',
  'accept' => '*/*',
  'accept-encoding' => 'deflate, gzip',
  'user-agent' => 'Mozilla/5.0 (Windows NT 6.0; rv:34.0) Gecko/20100101 Firefox/34.0',
  'referer' => 'http://xinchumenye.com/wp-login.php',
)
[ info ] [ PARAM ] array (
)
[ info ] [ LOG ] INIT File

---------------------------------------------------------------
[ 2017-12-18T04:18:07+08:00 ] 172.17.195.153 188.242.100.34 GET /admin.php
[ log ] xinchumenye.com/admin.php [运行时间：0.010924s][吞吐率：91.54req/s] [内存消耗：1,508.77kb] [文件加载：37]
[ info ] [ LANG ] /webdata/thinkphp/lang/zh-cn.php
[ info ] [ ROUTE ] array (
  'type' => 'module',
  'module' => 
  array (
    0 => 'admin.php',
    1 => NULL,
    2 => NULL,
  ),
)
[ info ] [ HEADER ] array (
  'host' => 'xinchumenye.com',
  'accept' => '*/*',
  'accept-encoding' => 'deflate, gzip',
  'user-agent' => 'Mozilla/5.0 (Windows NT 6.0; rv:34.0) Gecko/20100101 Firefox/34.0',
)
[ info ] [ PARAM ] array (
)
[ info ] [ LOG ] INIT File

---------------------------------------------------------------
[ 2017-12-18T04:23:54+08:00 ] 172.17.195.153 86.137.46.234 GET /administrator/
[ log ] xinchumenye.com/administrator/ [运行时间：0.011635s][吞吐率：85.95req/s] [内存消耗：1,508.84kb] [文件加载：37]
[ info ] [ LANG ] /webdata/thinkphp/lang/zh-cn.php
[ info ] [ ROUTE ] array (
  'type' => 'module',
  'module' => 
  array (
    0 => 'administrator',
    1 => NULL,
    2 => NULL,
  ),
)
[ info ] [ HEADER ] array (
  'host' => 'xinchumenye.com',
  'accept' => '*/*',
  'accept-encoding' => 'deflate, gzip',
  'user-agent' => 'Mozilla/5.0 (Windows NT 6.0; rv:34.0) Gecko/20100101 Firefox/34.0',
)
[ info ] [ PARAM ] array (
)
[ info ] [ LOG ] INIT File

---------------------------------------------------------------
[ 2017-12-18T04:23:55+08:00 ] 172.17.195.153 86.137.46.234 GET /administrator/index.php
[ log ] xinchumenye.com/administrator/index.php [运行时间：0.011107s][吞吐率：90.03req/s] [内存消耗：1,508.91kb] [文件加载：37]
[ info ] [ LANG ] /webdata/thinkphp/lang/zh-cn.php
[ info ] [ ROUTE ] array (
  'type' => 'module',
  'module' => 
  array (
    0 => 'administrator',
    1 => 'index.php',
    2 => NULL,
  ),
)
[ info ] [ HEADER ] array (
  'host' => 'xinchumenye.com',
  'accept' => '*/*',
  'accept-encoding' => 'deflate, gzip',
  'user-agent' => 'Mozilla/5.0 (Windows NT 6.0; rv:34.0) Gecko/20100101 Firefox/34.0',
  'referer' => 'http://xinchumenye.com/administrator/',
)
[ info ] [ PARAM ] array (
)
[ info ] [ LOG ] INIT File

---------------------------------------------------------------
[ 2017-12-18T04:33:51+08:00 ] 172.17.195.153 86.137.46.234 GET /wp-login.php
[ log ] xinchumenye.com/wp-login.php [运行时间：0.012053s][吞吐率：82.97req/s] [内存消耗：1,508.77kb] [文件加载：37]
[ info ] [ LANG ] /webdata/thinkphp/lang/zh-cn.php
[ info ] [ ROUTE ] array (
  'type' => 'module',
  'module' => 
  array (
    0 => 'wp-login.php',
    1 => NULL,
    2 => NULL,
  ),
)
[ info ] [ HEADER ] array (
  'host' => 'xinchumenye.com',
  'accept' => '*/*',
  'accept-encoding' => 'deflate, gzip',
  'user-agent' => 'Mozilla/5.0 (Windows NT 6.0; rv:34.0) Gecko/20100101 Firefox/34.0',
)
[ info ] [ PARAM ] array (
)
[ info ] [ LOG ] INIT File

---------------------------------------------------------------
[ 2017-12-18T04:37:06+08:00 ] 172.17.195.153 86.137.46.234 GET /admin.php
[ log ] xinchumenye.com/admin.php [运行时间：0.015280s][吞吐率：65.44req/s] [内存消耗：1,508.77kb] [文件加载：37]
[ info ] [ LANG ] /webdata/thinkphp/lang/zh-cn.php
[ info ] [ ROUTE ] array (
  'type' => 'module',
  'module' => 
  array (
    0 => 'admin.php',
    1 => NULL,
    2 => NULL,
  ),
)
[ info ] [ HEADER ] array (
  'host' => 'xinchumenye.com',
  'accept' => '*/*',
  'accept-encoding' => 'deflate, gzip',
  'user-agent' => 'Mozilla/5.0 (Windows NT 6.0; rv:34.0) Gecko/20100101 Firefox/34.0',
)
[ info ] [ PARAM ] array (
)
[ info ] [ LOG ] INIT File

---------------------------------------------------------------
[ 2017-12-18T08:03:03+08:00 ] 172.17.195.153 123.59.78.122 GET /
[ log ] 39.106.4.226:80/ [运行时间：0.023671s][吞吐率：42.25req/s] [内存消耗：2,781.14kb] [文件加载：50]
[ info ] [ LANG ] /webdata/thinkphp/lang/zh-cn.php
[ info ] [ ROUTE ] array (
  'type' => 'module',
  'module' => 
  array (
    0 => '',
    1 => NULL,
    2 => NULL,
  ),
)
[ info ] [ HEADER ] array (
  'host' => '39.106.4.226:80',
)
[ info ] [ PARAM ] array (
)
[ info ] [ RUN ] app\index\controller\Index->index[ /webdata/application/index/controller/Index.php ]
[ info ] [ DB ] INIT mysql
[ info ] [ VIEW ] /webdata/application/index/view/index/index.html [ array (
  0 => 'lunbo',
  1 => 'tuijian1',
  2 => 'tuijian2',
  3 => 'tuijian3',
  4 => 'tuijian4',
  5 => 'xilie',
  6 => 'pinzhi1',
  7 => 'pinzhi2',
  8 => 'pinzhi3',
  9 => 'news',
  10 => 'link',
  11 => 'simxilie',
) ]
[ info ] [ LOG ] INIT File

---------------------------------------------------------------
[ 2017-12-18T08:08:32+08:00 ] 172.17.195.153 106.11.226.98 GET /
[ log ] xinchumenye.com/ [运行时间：0.023794s][吞吐率：42.03req/s] [内存消耗：2,782.09kb] [文件加载：50]
[ info ] [ LANG ] /webdata/thinkphp/lang/zh-cn.php
[ info ] [ ROUTE ] array (
  'type' => 'module',
  'module' => 
  array (
    0 => '',
    1 => NULL,
    2 => NULL,
  ),
)
[ info ] [ HEADER ] array (
  'accept-encoding' => 'gzip',
  'user-agent' => 'Mozilla/5.0 (iPad; CPU OS 9_1 like Mac OS X) AppleWebKit/601.1.46 (KHTML, like Gecko) Version/9.0 Mobile/13B143 Safari/601.1',
  'cache-control' => 'no-cache',
  'pragma' => 'no-cache',
  'host' => 'xinchumenye.com',
  'accept' => 'text/html, image/gif, image/jpeg, *; q=.2, */*; q=.2',
  'connection' => 'keep-alive',
)
[ info ] [ PARAM ] array (
)
[ info ] [ RUN ] app\index\controller\Index->index[ /webdata/application/index/controller/Index.php ]
[ info ] [ DB ] INIT mysql
[ info ] [ VIEW ] /webdata/application/index/view/index/index.html [ array (
  0 => 'lunbo',
  1 => 'tuijian1',
  2 => 'tuijian2',
  3 => 'tuijian3',
  4 => 'tuijian4',
  5 => 'xilie',
  6 => 'pinzhi1',
  7 => 'pinzhi2',
  8 => 'pinzhi3',
  9 => 'news',
  10 => 'link',
  11 => 'simxilie',
) ]
[ info ] [ LOG ] INIT File

---------------------------------------------------------------
[ 2017-12-18T08:17:53+08:00 ] 172.17.195.153 116.62.176.205 GET /
[ log ] 39.104.15.48:80/ [运行时间：0.023847s][吞吐率：41.93req/s] [内存消耗：2,781.59kb] [文件加载：50]
[ info ] [ LANG ] /webdata/thinkphp/lang/zh-cn.php
[ info ] [ ROUTE ] array (
  'type' => 'module',
  'module' => 
  array (
    0 => '',
    1 => NULL,
    2 => NULL,
  ),
)
[ info ] [ HEADER ] array (
  'host' => '39.104.15.48:80',
  'connection' => 'Close',
  'accept-encoding' => 'identity',
)
[ info ] [ PARAM ] array (
)
[ info ] [ RUN ] app\index\controller\Index->index[ /webdata/application/index/controller/Index.php ]
[ info ] [ DB ] INIT mysql
[ info ] [ VIEW ] /webdata/application/index/view/index/index.html [ array (
  0 => 'lunbo',
  1 => 'tuijian1',
  2 => 'tuijian2',
  3 => 'tuijian3',
  4 => 'tuijian4',
  5 => 'xilie',
  6 => 'pinzhi1',
  7 => 'pinzhi2',
  8 => 'pinzhi3',
  9 => 'news',
  10 => 'link',
  11 => 'simxilie',
) ]
[ info ] [ LOG ] INIT File

---------------------------------------------------------------
[ 2017-12-18T08:46:22+08:00 ] 172.17.195.153 171.13.14.5 CONNECT 133.130.126.119:43
[ log ] 133.130.126.119:43133.130.126.119:43 [运行时间：0.011880s][吞吐率：84.18req/s] [内存消耗：1,515.84kb] [文件加载：38]
[ info ] [ LANG ] /webdata/thinkphp/lang/zh-cn.php
[ info ] [ LOG ] INIT File

---------------------------------------------------------------
[ 2017-12-18T10:03:55+08:00 ] 172.17.195.153 106.11.225.54 GET /
[ log ] www.xinchumenye.com/ [运行时间：0.024756s][吞吐率：40.39req/s] [内存消耗：2,782.41kb] [文件加载：50]
[ info ] [ LANG ] /webdata/thinkphp/lang/zh-cn.php
[ info ] [ ROUTE ] array (
  'type' => 'module',
  'module' => 
  array (
    0 => '',
    1 => NULL,
    2 => NULL,
  ),
)
[ info ] [ HEADER ] array (
  'accept-encoding' => 'gzip',
  'user-agent' => 'Mozilla/5.0 (iPad; CPU OS 9_1 like Mac OS X) AppleWebKit/601.1.46 (KHTML, like Gecko) Version/9.0 Mobile/13B143 Safari/601.1',
  'cache-control' => 'no-cache',
  'pragma' => 'no-cache',
  'host' => 'www.xinchumenye.com',
  'accept' => 'text/html, image/gif, image/jpeg, *; q=.2, */*; q=.2',
  'connection' => 'keep-alive',
)
[ info ] [ PARAM ] array (
)
[ info ] [ RUN ] app\index\controller\Index->index[ /webdata/application/index/controller/Index.php ]
[ info ] [ DB ] INIT mysql
[ info ] [ VIEW ] /webdata/application/index/view/index/index.html [ array (
  0 => 'lunbo',
  1 => 'tuijian1',
  2 => 'tuijian2',
  3 => 'tuijian3',
  4 => 'tuijian4',
  5 => 'xilie',
  6 => 'pinzhi1',
  7 => 'pinzhi2',
  8 => 'pinzhi3',
  9 => 'news',
  10 => 'link',
  11 => 'simxilie',
) ]
[ info ] [ LOG ] INIT File

---------------------------------------------------------------
[ 2017-12-18T16:25:31+08:00 ] 172.17.195.153 47.93.90.175 GET /
[ log ] 39.104.9.146:80/ [运行时间：0.025181s][吞吐率：39.71req/s] [内存消耗：2,781.59kb] [文件加载：50]
[ info ] [ LANG ] /webdata/thinkphp/lang/zh-cn.php
[ info ] [ ROUTE ] array (
  'type' => 'module',
  'module' => 
  array (
    0 => '',
    1 => NULL,
    2 => NULL,
  ),
)
[ info ] [ HEADER ] array (
  'host' => '39.104.9.146:80',
  'connection' => 'Close',
  'accept-encoding' => 'identity',
)
[ info ] [ PARAM ] array (
)
[ info ] [ RUN ] app\index\controller\Index->index[ /webdata/application/index/controller/Index.php ]
[ info ] [ DB ] INIT mysql
[ info ] [ VIEW ] /webdata/application/index/view/index/index.html [ array (
  0 => 'lunbo',
  1 => 'tuijian1',
  2 => 'tuijian2',
  3 => 'tuijian3',
  4 => 'tuijian4',
  5 => 'xilie',
  6 => 'pinzhi1',
  7 => 'pinzhi2',
  8 => 'pinzhi3',
  9 => 'news',
  10 => 'link',
  11 => 'simxilie',
) ]
[ info ] [ LOG ] INIT File

---------------------------------------------------------------
[ 2017-12-18T16:51:21+08:00 ] 172.17.195.153 94.102.49.174 GET http://www.baidu.com/cache/global/img/gs.gif
[ log ] www.baidu.comhttp://www.baidu.com/cache/global/img/gs.gif [运行时间：0.011763s][吞吐率：85.01req/s] [内存消耗：1,508.71kb] [文件加载：37]
[ info ] [ LANG ] /webdata/thinkphp/lang/zh-cn.php
[ info ] [ ROUTE ] array (
  'type' => 'module',
  'module' => 
  array (
    0 => 'cache',
    1 => 'global',
    2 => 'img',
  ),
)
[ info ] [ HEADER ] array (
  'host' => 'www.baidu.com',
  'user-agent' => 'Mozilla',
  'if-modified-since' => 'Thu, 19 Apr 2012 09:51:20 GMT',
)
[ info ] [ PARAM ] array (
)
[ info ] [ LOG ] INIT File

---------------------------------------------------------------
[ 2017-12-18T18:57:29+08:00 ] 172.17.195.153 139.162.88.63 GET http://clientapi.ipip.net/echo.php?info=1234567890
[ log ] clientapi.ipip.nethttp://clientapi.ipip.net/echo.php?info=1234567890 [运行时间：0.011359s][吞吐率：88.04req/s] [内存消耗：1,509.29kb] [文件加载：37]
[ info ] [ LANG ] /webdata/thinkphp/lang/zh-cn.php
[ info ] [ ROUTE ] array (
  'type' => 'module',
  'module' => 
  array (
    0 => 'echo.php',
    1 => NULL,
    2 => NULL,
  ),
)
[ info ] [ HEADER ] array (
  'host' => 'clientapi.ipip.net',
  'user-agent' => 'Go-http-client/1.1',
  'connection' => 'close',
)
[ info ] [ PARAM ] array (
  'info' => '1234567890',
)
[ info ] [ LOG ] INIT File

---------------------------------------------------------------
[ 2017-12-18T20:46:41+08:00 ] 172.17.195.153 140.205.201.34 GET /
[ log ] 39.106.4.226/ [运行时间：0.023522s][吞吐率：42.51req/s] [内存消耗：2,781.94kb] [文件加载：50]
[ info ] [ LANG ] /webdata/thinkphp/lang/zh-cn.php
[ info ] [ ROUTE ] array (
  'type' => 'module',
  'module' => 
  array (
    0 => '',
    1 => NULL,
    2 => NULL,
  ),
)
[ info ] [ HEADER ] array (
  'user-agent' => 'Mozilla/4.0 (compatible; MSIE 6.0; Windows NT 5.1;Alibaba.Security.Heimdall.8380378.p)',
  'host' => '39.106.4.226',
  'referer' => 'http://39.106.4.226/',
  'accept' => '*/*',
  'connection' => 'keep-alive',
  'accept-encoding' => 'gzip,deflate',
)
[ info ] [ PARAM ] array (
)
[ info ] [ RUN ] app\index\controller\Index->index[ /webdata/application/index/controller/Index.php ]
[ info ] [ DB ] INIT mysql
[ info ] [ VIEW ] /webdata/application/index/view/index/index.html [ array (
  0 => 'lunbo',
  1 => 'tuijian1',
  2 => 'tuijian2',
  3 => 'tuijian3',
  4 => 'tuijian4',
  5 => 'xilie',
  6 => 'pinzhi1',
  7 => 'pinzhi2',
  8 => 'pinzhi3',
  9 => 'news',
  10 => 'link',
  11 => 'simxilie',
) ]
[ info ] [ LOG ] INIT File

---------------------------------------------------------------
[ 2017-12-18T20:48:38+08:00 ] 172.17.195.153 140.205.201.34 GET /rs-status
[ log ] 39.106.4.226:80/rs-status [运行时间：0.011344s][吞吐率：88.15req/s] [内存消耗：1,508.94kb] [文件加载：37]
[ info ] [ LANG ] /webdata/thinkphp/lang/zh-cn.php
[ info ] [ ROUTE ] array (
  'type' => 'module',
  'module' => 
  array (
    0 => 'rs-status',
    1 => NULL,
    2 => NULL,
  ),
)
[ info ] [ HEADER ] array (
  'referer' => 'http://39.106.4.226/',
  'user-agent' => 'Mozilla/4.0 (compatible; MSIE 6.0; Windows NT 5.1;Alibaba.Security.Heimdall.8380378)',
  'host' => '39.106.4.226:80',
  'accept' => '*/*',
  'connection' => 'keep-alive',
)
[ info ] [ PARAM ] array (
)
[ info ] [ LOG ] INIT File

---------------------------------------------------------------
[ 2017-12-18T20:52:57+08:00 ] 172.17.195.153 140.205.201.34 GET /ganglia/index.php
[ log ] 39.106.4.226:80/ganglia/index.php [运行时间：0.011515s][吞吐率：86.84req/s] [内存消耗：1,509.27kb] [文件加载：37]
[ info ] [ LANG ] /webdata/thinkphp/lang/zh-cn.php
[ info ] [ ROUTE ] array (
  'type' => 'module',
  'module' => 
  array (
    0 => 'ganglia',
    1 => 'index.php',
    2 => NULL,
  ),
)
[ info ] [ HEADER ] array (
  'referer' => 'http://39.106.4.226/',
  'user-agent' => 'Mozilla/4.0 (compatible; MSIE 6.0; Windows NT 5.1;Alibaba.Security.Heimdall.8380378)',
  'host' => '39.106.4.226:80',
  'accept' => '*/*',
  'connection' => 'keep-alive',
)
[ info ] [ PARAM ] array (
)
[ info ] [ LOG ] INIT File

---------------------------------------------------------------
[ 2017-12-18T20:57:00+08:00 ] 172.17.195.153 140.205.201.34 GET /index.php
[ log ] 39.106.4.226:80/index.php [运行时间：0.024490s][吞吐率：40.83req/s] [内存消耗：2,782.26kb] [文件加载：50]
[ info ] [ LANG ] /webdata/thinkphp/lang/zh-cn.php
[ info ] [ ROUTE ] array (
  'type' => 'module',
  'module' => 
  array (
    0 => '',
    1 => NULL,
    2 => NULL,
  ),
)
[ info ] [ HEADER ] array (
  'referer' => 'http://39.106.4.226/',
  'user-agent' => 'Mozilla/4.0 (compatible; MSIE 6.0; Windows NT 5.1;Alibaba.Security.Heimdall.8380378)',
  'host' => '39.106.4.226:80',
  'accept' => '*/*',
  'connection' => 'keep-alive',
)
[ info ] [ PARAM ] array (
)
[ info ] [ RUN ] app\index\controller\Index->index[ /webdata/application/index/controller/Index.php ]
[ info ] [ DB ] INIT mysql
[ info ] [ VIEW ] /webdata/application/index/view/index/index.html [ array (
  0 => 'lunbo',
  1 => 'tuijian1',
  2 => 'tuijian2',
  3 => 'tuijian3',
  4 => 'tuijian4',
  5 => 'xilie',
  6 => 'pinzhi1',
  7 => 'pinzhi2',
  8 => 'pinzhi3',
  9 => 'news',
  10 => 'link',
  11 => 'simxilie',
) ]
[ info ] [ LOG ] INIT File

---------------------------------------------------------------
[ 2017-12-18T21:00:29+08:00 ] 172.17.195.153 140.205.201.34 GET /jobs/
[ log ] 39.106.4.226:80/jobs/ [运行时间：0.011381s][吞吐率：87.87req/s] [内存消耗：1,508.91kb] [文件加载：37]
[ info ] [ LANG ] /webdata/thinkphp/lang/zh-cn.php
[ info ] [ ROUTE ] array (
  'type' => 'module',
  'module' => 
  array (
    0 => 'jobs',
    1 => NULL,
    2 => NULL,
  ),
)
[ info ] [ HEADER ] array (
  'referer' => 'http://39.106.4.226/',
  'user-agent' => 'Mozilla/4.0 (compatible; MSIE 6.0; Windows NT 5.1;Alibaba.Security.Heimdall.8380378)',
  'host' => '39.106.4.226:80',
  'accept' => '*/*',
  'connection' => 'keep-alive',
)
[ info ] [ PARAM ] array (
)
[ info ] [ LOG ] INIT File

---------------------------------------------------------------
[ 2017-12-18T21:04:40+08:00 ] 172.17.195.153 140.205.201.34 GET /
[ log ] 39.106.4.226:80/ [运行时间：0.024013s][吞吐率：41.64req/s] [内存消耗：2,782.24kb] [文件加载：50]
[ info ] [ LANG ] /webdata/thinkphp/lang/zh-cn.php
[ info ] [ ROUTE ] array (
  'type' => 'module',
  'module' => 
  array (
    0 => '',
    1 => NULL,
    2 => NULL,
  ),
)
[ info ] [ HEADER ] array (
  'referer' => 'http://39.106.4.226/',
  'user-agent' => 'Mozilla/4.0 (compatible; MSIE 6.0; Windows NT 5.1;Alibaba.Security.Heimdall.8380378)',
  'host' => '39.106.4.226:80',
  'accept' => '*/*',
  'connection' => 'keep-alive',
)
[ info ] [ PARAM ] array (
)
[ info ] [ RUN ] app\index\controller\Index->index[ /webdata/application/index/controller/Index.php ]
[ info ] [ DB ] INIT mysql
[ info ] [ VIEW ] /webdata/application/index/view/index/index.html [ array (
  0 => 'lunbo',
  1 => 'tuijian1',
  2 => 'tuijian2',
  3 => 'tuijian3',
  4 => 'tuijian4',
  5 => 'xilie',
  6 => 'pinzhi1',
  7 => 'pinzhi2',
  8 => 'pinzhi3',
  9 => 'news',
  10 => 'link',
  11 => 'simxilie',
) ]
[ info ] [ LOG ] INIT File

---------------------------------------------------------------
[ 2017-12-18T21:07:38+08:00 ] 172.17.195.153 140.205.201.34 POST /jnycoaitskbd
[ log ] 39.106.4.226:80/jnycoaitskbd [运行时间：0.011398s][吞吐率：87.73req/s] [内存消耗：1,508.46kb] [文件加载：37]
[ info ] [ LANG ] /webdata/thinkphp/lang/zh-cn.php
[ info ] [ ROUTE ] array (
  'type' => 'module',
  'module' => 
  array (
    0 => 'jnycoaitskbd',
    1 => NULL,
    2 => NULL,
  ),
)
[ info ] [ HEADER ] array (
  'accept-encoding' => 'identity',
  'host' => '39.106.4.226:80',
  'connection' => 'close',
  'user-agent' => 'Mozilla/4.0 (compatible; MSIE 6.0; Windows NT 5.1;Alibaba.Security.Heimdall.8380378.elasticsearch_unauthorized)',
  'content-type' => 'application/x-www-form-urlencoded',
  'content-length' => '22',
)
[ info ] [ PARAM ] array (
  '{"aliyun":_"vulntest"}' => '',
)
[ info ] [ LOG ] INIT File

---------------------------------------------------------------
[ 2017-12-18T21:07:38+08:00 ] 172.17.195.153 140.205.201.34 GET /jnycoaitskbd
[ log ] 39.106.4.226:80/jnycoaitskbd [运行时间：0.011572s][吞吐率：86.42req/s] [内存消耗：1,509.03kb] [文件加载：37]
[ info ] [ LANG ] /webdata/thinkphp/lang/zh-cn.php
[ info ] [ ROUTE ] array (
  'type' => 'module',
  'module' => 
  array (
    0 => 'jnycoaitskbd',
    1 => NULL,
    2 => NULL,
  ),
)
[ info ] [ HEADER ] array (
  'accept-encoding' => 'identity',
  'host' => '39.106.4.226:80',
  'connection' => 'close',
  'user-agent' => 'Mozilla/4.0 (compatible; MSIE 6.0; Windows NT 5.1;Alibaba.Security.Heimdall.8380378.elasticsearch_unauthorized)',
)
[ info ] [ PARAM ] array (
)
[ info ] [ LOG ] INIT File

---------------------------------------------------------------
[ 2017-12-18T21:07:38+08:00 ] 172.17.195.153 140.205.201.34 DELETE /jnycoaitskbd
[ log ] 39.106.4.226:80/jnycoaitskbd [运行时间：0.011385s][吞吐率：87.84req/s] [内存消耗：1,508.70kb] [文件加载：37]
[ info ] [ LANG ] /webdata/thinkphp/lang/zh-cn.php
[ info ] [ ROUTE ] array (
  'type' => 'module',
  'module' => 
  array (
    0 => 'jnycoaitskbd',
    1 => NULL,
    2 => NULL,
  ),
)
[ info ] [ HEADER ] array (
  'accept-encoding' => 'identity',
  'host' => '39.106.4.226:80',
  'connection' => 'close',
  'user-agent' => 'Mozilla/4.0 (compatible; MSIE 6.0; Windows NT 5.1;Alibaba.Security.Heimdall.8380378.elasticsearch_unauthorized)',
)
[ info ] [ PARAM ] array (
)
[ info ] [ LOG ] INIT File

---------------------------------------------------------------
[ 2017-12-18T21:09:35+08:00 ] 172.17.195.153 140.205.201.34 GET /
[ log ] 39.106.4.226:80/ [运行时间：0.024580s][吞吐率：40.68req/s] [内存消耗：2,782.24kb] [文件加载：50]
[ info ] [ LANG ] /webdata/thinkphp/lang/zh-cn.php
[ info ] [ ROUTE ] array (
  'type' => 'module',
  'module' => 
  array (
    0 => '',
    1 => NULL,
    2 => NULL,
  ),
)
[ info ] [ HEADER ] array (
  'referer' => 'http://39.106.4.226/',
  'user-agent' => 'Mozilla/4.0 (compatible; MSIE 6.0; Windows NT 5.1;Alibaba.Security.Heimdall.8380378)',
  'host' => '39.106.4.226:80',
  'accept' => '*/*',
  'connection' => 'keep-alive',
)
[ info ] [ PARAM ] array (
)
[ info ] [ RUN ] app\index\controller\Index->index[ /webdata/application/index/controller/Index.php ]
[ info ] [ DB ] INIT mysql
[ info ] [ VIEW ] /webdata/application/index/view/index/index.html [ array (
  0 => 'lunbo',
  1 => 'tuijian1',
  2 => 'tuijian2',
  3 => 'tuijian3',
  4 => 'tuijian4',
  5 => 'xilie',
  6 => 'pinzhi1',
  7 => 'pinzhi2',
  8 => 'pinzhi3',
  9 => 'news',
  10 => 'link',
  11 => 'simxilie',
) ]
[ info ] [ LOG ] INIT File

---------------------------------------------------------------
[ 2017-12-18T21:12:27+08:00 ] 172.17.195.153 140.205.201.34 GET /
[ log ] 39.106.4.226:80/ [运行时间：0.023969s][吞吐率：41.72req/s] [内存消耗：2,782.24kb] [文件加载：50]
[ info ] [ LANG ] /webdata/thinkphp/lang/zh-cn.php
[ info ] [ ROUTE ] array (
  'type' => 'module',
  'module' => 
  array (
    0 => '',
    1 => NULL,
    2 => NULL,
  ),
)
[ info ] [ HEADER ] array (
  'referer' => 'http://39.106.4.226/',
  'user-agent' => 'Mozilla/4.0 (compatible; MSIE 6.0; Windows NT 5.1;Alibaba.Security.Heimdall.8380378)',
  'host' => '39.106.4.226:80',
  'accept' => '*/*',
  'connection' => 'keep-alive',
)
[ info ] [ PARAM ] array (
)
[ info ] [ RUN ] app\index\controller\Index->index[ /webdata/application/index/controller/Index.php ]
[ info ] [ DB ] INIT mysql
[ info ] [ VIEW ] /webdata/application/index/view/index/index.html [ array (
  0 => 'lunbo',
  1 => 'tuijian1',
  2 => 'tuijian2',
  3 => 'tuijian3',
  4 => 'tuijian4',
  5 => 'xilie',
  6 => 'pinzhi1',
  7 => 'pinzhi2',
  8 => 'pinzhi3',
  9 => 'news',
  10 => 'link',
  11 => 'simxilie',
) ]
[ info ] [ LOG ] INIT File

---------------------------------------------------------------
[ 2017-12-18T21:22:12+08:00 ] 172.17.195.153 140.205.201.34 GET /hwi/
[ log ] 39.106.4.226:80/hwi/ [运行时间：0.011384s][吞吐率：87.84req/s] [内存消耗：1,508.93kb] [文件加载：37]
[ info ] [ LANG ] /webdata/thinkphp/lang/zh-cn.php
[ info ] [ ROUTE ] array (
  'type' => 'module',
  'module' => 
  array (
    0 => 'hwi',
    1 => NULL,
    2 => NULL,
  ),
)
[ info ] [ HEADER ] array (
  'referer' => 'http://39.106.4.226/',
  'user-agent' => 'Mozilla/4.0 (compatible; MSIE 6.0; Windows NT 5.1;Alibaba.Security.Heimdall.8380378)',
  'host' => '39.106.4.226:80',
  'accept' => '*/*',
  'connection' => 'keep-alive',
)
[ info ] [ PARAM ] array (
)
[ info ] [ LOG ] INIT File

---------------------------------------------------------------
[ 2017-12-18T21:30:33+08:00 ] 172.17.195.153 140.205.201.34 GET /
[ log ] 39.106.4.226:80/ [运行时间：0.025220s][吞吐率：39.65req/s] [内存消耗：2,782.24kb] [文件加载：50]
[ info ] [ LANG ] /webdata/thinkphp/lang/zh-cn.php
[ info ] [ ROUTE ] array (
  'type' => 'module',
  'module' => 
  array (
    0 => '',
    1 => NULL,
    2 => NULL,
  ),
)
[ info ] [ HEADER ] array (
  'referer' => 'http://39.106.4.226/',
  'user-agent' => 'Mozilla/4.0 (compatible; MSIE 6.0; Windows NT 5.1;Alibaba.Security.Heimdall.8380378)',
  'host' => '39.106.4.226:80',
  'accept' => '*/*',
  'connection' => 'keep-alive',
)
[ info ] [ PARAM ] array (
)
[ info ] [ RUN ] app\index\controller\Index->index[ /webdata/application/index/controller/Index.php ]
[ info ] [ DB ] INIT mysql
[ info ] [ VIEW ] /webdata/application/index/view/index/index.html [ array (
  0 => 'lunbo',
  1 => 'tuijian1',
  2 => 'tuijian2',
  3 => 'tuijian3',
  4 => 'tuijian4',
  5 => 'xilie',
  6 => 'pinzhi1',
  7 => 'pinzhi2',
  8 => 'pinzhi3',
  9 => 'news',
  10 => 'link',
  11 => 'simxilie',
) ]
[ info ] [ LOG ] INIT File

---------------------------------------------------------------
[ 2017-12-18T21:34:37+08:00 ] 172.17.195.153 140.205.201.34 GET /master-status
[ log ] 39.106.4.226:80/master-status [运行时间：0.011688s][吞吐率：85.56req/s] [内存消耗：1,509.02kb] [文件加载：37]
[ info ] [ LANG ] /webdata/thinkphp/lang/zh-cn.php
[ info ] [ ROUTE ] array (
  'type' => 'module',
  'module' => 
  array (
    0 => 'master-status',
    1 => NULL,
    2 => NULL,
  ),
)
[ info ] [ HEADER ] array (
  'referer' => 'http://39.106.4.226/',
  'user-agent' => 'Mozilla/4.0 (compatible; MSIE 6.0; Windows NT 5.1;Alibaba.Security.Heimdall.8380378)',
  'host' => '39.106.4.226:80',
  'accept' => '*/*',
  'connection' => 'keep-alive',
)
[ info ] [ PARAM ] array (
)
[ info ] [ LOG ] INIT File

---------------------------------------------------------------
[ 2017-12-18T21:35:25+08:00 ] 172.17.195.153 140.205.201.34 GET /dfshealth.html
[ log ] 39.106.4.226:80/dfshealth.html [运行时间：0.010969s][吞吐率：91.16req/s] [内存消耗：1,508.91kb] [文件加载：37]
[ info ] [ LANG ] /webdata/thinkphp/lang/zh-cn.php
[ info ] [ ROUTE ] array (
  'type' => 'module',
  'module' => 
  array (
    0 => 'dfshealth',
    1 => NULL,
    2 => NULL,
  ),
)
[ info ] [ HEADER ] array (
  'referer' => 'http://39.106.4.226/',
  'user-agent' => 'Mozilla/4.0 (compatible; MSIE 6.0; Windows NT 5.1;Alibaba.Security.Heimdall.8380378)',
  'host' => '39.106.4.226:80',
  'accept' => '*/*',
  'connection' => 'keep-alive',
)
[ info ] [ PARAM ] array (
)
[ info ] [ LOG ] INIT File

---------------------------------------------------------------
[ 2017-12-18T21:37:11+08:00 ] 172.17.195.153 140.205.201.34 GET /http://39.106.4.226:8080
[ log ] 39.106.4.226:80/http://39.106.4.226:8080 [运行时间：0.011290s][吞吐率：88.57req/s] [内存消耗：1,508.97kb] [文件加载：37]
[ info ] [ LANG ] /webdata/thinkphp/lang/zh-cn.php
[ info ] [ ROUTE ] array (
  'type' => 'module',
  'module' => 
  array (
    0 => 'http:',
    1 => '39.106.4.226:8080',
    2 => NULL,
  ),
)
[ info ] [ HEADER ] array (
  'referer' => 'http://39.106.4.226/',
  'user-agent' => 'Mozilla/4.0 (compatible; MSIE 6.0; Windows NT 5.1;Alibaba.Security.Heimdall.8380378)',
  'host' => '39.106.4.226:80',
  'accept' => '*/*',
  'connection' => 'keep-alive',
)
[ info ] [ PARAM ] array (
)
[ info ] [ LOG ] INIT File

---------------------------------------------------------------
[ 2017-12-18T21:37:26+08:00 ] 172.17.195.153 140.205.201.34 GET /http://39.106.4.226:8081
[ log ] 39.106.4.226:80/http://39.106.4.226:8081 [运行时间：0.011807s][吞吐率：84.70req/s] [内存消耗：1,508.97kb] [文件加载：37]
[ info ] [ LANG ] /webdata/thinkphp/lang/zh-cn.php
[ info ] [ ROUTE ] array (
  'type' => 'module',
  'module' => 
  array (
    0 => 'http:',
    1 => '39.106.4.226:8081',
    2 => NULL,
  ),
)
[ info ] [ HEADER ] array (
  'referer' => 'http://39.106.4.226/',
  'user-agent' => 'Mozilla/4.0 (compatible; MSIE 6.0; Windows NT 5.1;Alibaba.Security.Heimdall.8380378)',
  'host' => '39.106.4.226:80',
  'accept' => '*/*',
  'connection' => 'keep-alive',
)
[ info ] [ PARAM ] array (
)
[ info ] [ LOG ] INIT File

---------------------------------------------------------------
[ 2017-12-18T21:38:53+08:00 ] 172.17.195.153 140.205.201.34 GET /http://39.106.4.226:8090
[ log ] 39.106.4.226:80/http://39.106.4.226:8090 [运行时间：0.010822s][吞吐率：92.41req/s] [内存消耗：1,508.97kb] [文件加载：37]
[ info ] [ LANG ] /webdata/thinkphp/lang/zh-cn.php
[ info ] [ ROUTE ] array (
  'type' => 'module',
  'module' => 
  array (
    0 => 'http:',
    1 => '39.106.4.226:8090',
    2 => NULL,
  ),
)
[ info ] [ HEADER ] array (
  'referer' => 'http://39.106.4.226/',
  'user-agent' => 'Mozilla/4.0 (compatible; MSIE 6.0; Windows NT 5.1;Alibaba.Security.Heimdall.8380378)',
  'host' => '39.106.4.226:80',
  'accept' => '*/*',
  'connection' => 'keep-alive',
)
[ info ] [ PARAM ] array (
)
[ info ] [ LOG ] INIT File

---------------------------------------------------------------
[ 2017-12-18T21:40:52+08:00 ] 172.17.195.153 140.205.201.34 GET /clusters.jsf
[ log ] 39.106.4.226:80/clusters.jsf [运行时间：0.011318s][吞吐率：88.36req/s] [内存消耗：1,509.00kb] [文件加载：37]
[ info ] [ LANG ] /webdata/thinkphp/lang/zh-cn.php
[ info ] [ ROUTE ] array (
  'type' => 'module',
  'module' => 
  array (
    0 => 'clusters.jsf',
    1 => NULL,
    2 => NULL,
  ),
)
[ info ] [ HEADER ] array (
  'referer' => 'http://39.106.4.226/',
  'user-agent' => 'Mozilla/4.0 (compatible; MSIE 6.0; Windows NT 5.1;Alibaba.Security.Heimdall.8380378)',
  'host' => '39.106.4.226:80',
  'accept' => '*/*',
  'connection' => 'keep-alive',
)
[ info ] [ PARAM ] array (
)
[ info ] [ LOG ] INIT File

---------------------------------------------------------------
[ 2017-12-18T21:42:40+08:00 ] 172.17.195.153 140.205.201.34 GET /about/
[ log ] 39.106.4.226:80/about/ [运行时间：0.011210s][吞吐率：89.20req/s] [内存消耗：1,508.89kb] [文件加载：37]
[ info ] [ LANG ] /webdata/thinkphp/lang/zh-cn.php
[ info ] [ ROUTE ] array (
  'type' => 'module',
  'module' => 
  array (
    0 => 'about',
    1 => NULL,
    2 => NULL,
  ),
)
[ info ] [ HEADER ] array (
  'referer' => 'http://39.106.4.226/',
  'user-agent' => 'Mozilla/4.0 (compatible; MSIE 6.0; Windows NT 5.1;Alibaba.Security.Heimdall.8380378)',
  'host' => '39.106.4.226:80',
  'accept' => '*/*',
  'connection' => 'keep-alive',
)
[ info ] [ PARAM ] array (
)
[ info ] [ LOG ] INIT File

---------------------------------------------------------------
[ 2017-12-18T21:43:34+08:00 ] 172.17.195.153 140.205.201.34 GET /
[ log ] 39.106.4.226:80/ [运行时间：0.024625s][吞吐率：40.61req/s] [内存消耗：2,782.24kb] [文件加载：50]
[ info ] [ LANG ] /webdata/thinkphp/lang/zh-cn.php
[ info ] [ ROUTE ] array (
  'type' => 'module',
  'module' => 
  array (
    0 => '',
    1 => NULL,
    2 => NULL,
  ),
)
[ info ] [ HEADER ] array (
  'referer' => 'http://39.106.4.226/',
  'user-agent' => 'Mozilla/4.0 (compatible; MSIE 6.0; Windows NT 5.1;Alibaba.Security.Heimdall.8380378)',
  'host' => '39.106.4.226:80',
  'accept' => '*/*',
  'connection' => 'keep-alive',
)
[ info ] [ PARAM ] array (
)
[ info ] [ RUN ] app\index\controller\Index->index[ /webdata/application/index/controller/Index.php ]
[ info ] [ DB ] INIT mysql
[ info ] [ VIEW ] /webdata/application/index/view/index/index.html [ array (
  0 => 'lunbo',
  1 => 'tuijian1',
  2 => 'tuijian2',
  3 => 'tuijian3',
  4 => 'tuijian4',
  5 => 'xilie',
  6 => 'pinzhi1',
  7 => 'pinzhi2',
  8 => 'pinzhi3',
  9 => 'news',
  10 => 'link',
  11 => 'simxilie',
) ]
[ info ] [ LOG ] INIT File

---------------------------------------------------------------
[ 2017-12-18T21:43:44+08:00 ] 172.17.195.153 140.205.201.34 GET /jenkins/
[ log ] 39.106.4.226:80/jenkins/ [运行时间：0.010901s][吞吐率：91.73req/s] [内存消耗：1,508.97kb] [文件加载：37]
[ info ] [ LANG ] /webdata/thinkphp/lang/zh-cn.php
[ info ] [ ROUTE ] array (
  'type' => 'module',
  'module' => 
  array (
    0 => 'jenkins',
    1 => NULL,
    2 => NULL,
  ),
)
[ info ] [ HEADER ] array (
  'referer' => 'http://39.106.4.226/',
  'user-agent' => 'Mozilla/4.0 (compatible; MSIE 6.0; Windows NT 5.1;Alibaba.Security.Heimdall.8380378)',
  'host' => '39.106.4.226:80',
  'accept' => '*/*',
  'connection' => 'keep-alive',
)
[ info ] [ PARAM ] array (
)
[ info ] [ LOG ] INIT File

---------------------------------------------------------------
[ 2017-12-18T21:43:57+08:00 ] 172.17.195.153 140.205.201.34 GET /
[ log ] 39.106.4.226:80/ [运行时间：0.024540s][吞吐率：40.75req/s] [内存消耗：2,782.24kb] [文件加载：50]
[ info ] [ LANG ] /webdata/thinkphp/lang/zh-cn.php
[ info ] [ ROUTE ] array (
  'type' => 'module',
  'module' => 
  array (
    0 => '',
    1 => NULL,
    2 => NULL,
  ),
)
[ info ] [ HEADER ] array (
  'referer' => 'http://39.106.4.226/',
  'user-agent' => 'Mozilla/4.0 (compatible; MSIE 6.0; Windows NT 5.1;Alibaba.Security.Heimdall.8380378)',
  'host' => '39.106.4.226:80',
  'accept' => '*/*',
  'connection' => 'keep-alive',
)
[ info ] [ PARAM ] array (
)
[ info ] [ RUN ] app\index\controller\Index->index[ /webdata/application/index/controller/Index.php ]
[ info ] [ DB ] INIT mysql
[ info ] [ VIEW ] /webdata/application/index/view/index/index.html [ array (
  0 => 'lunbo',
  1 => 'tuijian1',
  2 => 'tuijian2',
  3 => 'tuijian3',
  4 => 'tuijian4',
  5 => 'xilie',
  6 => 'pinzhi1',
  7 => 'pinzhi2',
  8 => 'pinzhi3',
  9 => 'news',
  10 => 'link',
  11 => 'simxilie',
) ]
[ info ] [ LOG ] INIT File

---------------------------------------------------------------
[ 2017-12-18T21:44:00+08:00 ] 172.17.195.153 140.205.201.34 GET /solr/
[ log ] 39.106.4.226:80/solr/ [运行时间：0.010875s][吞吐率：91.95req/s] [内存消耗：1,508.91kb] [文件加载：37]
[ info ] [ LANG ] /webdata/thinkphp/lang/zh-cn.php
[ info ] [ ROUTE ] array (
  'type' => 'module',
  'module' => 
  array (
    0 => 'solr',
    1 => NULL,
    2 => NULL,
  ),
)
[ info ] [ HEADER ] array (
  'referer' => 'http://39.106.4.226/',
  'user-agent' => 'Mozilla/4.0 (compatible; MSIE 6.0; Windows NT 5.1;Alibaba.Security.Heimdall.8380378)',
  'host' => '39.106.4.226:80',
  'accept' => '*/*',
  'connection' => 'keep-alive',
)
[ info ] [ PARAM ] array (
)
[ info ] [ LOG ] INIT File

---------------------------------------------------------------
[ 2017-12-18T21:44:03+08:00 ] 172.17.195.153 140.205.201.34 GET /
[ log ] 39.106.4.226:80/ [运行时间：0.023460s][吞吐率：42.63req/s] [内存消耗：2,782.24kb] [文件加载：50]
[ info ] [ LANG ] /webdata/thinkphp/lang/zh-cn.php
[ info ] [ ROUTE ] array (
  'type' => 'module',
  'module' => 
  array (
    0 => '',
    1 => NULL,
    2 => NULL,
  ),
)
[ info ] [ HEADER ] array (
  'referer' => 'http://39.106.4.226/',
  'user-agent' => 'Mozilla/4.0 (compatible; MSIE 6.0; Windows NT 5.1;Alibaba.Security.Heimdall.8380378)',
  'host' => '39.106.4.226:80',
  'accept' => '*/*',
  'connection' => 'keep-alive',
)
[ info ] [ PARAM ] array (
)
[ info ] [ RUN ] app\index\controller\Index->index[ /webdata/application/index/controller/Index.php ]
[ info ] [ DB ] INIT mysql
[ info ] [ VIEW ] /webdata/application/index/view/index/index.html [ array (
  0 => 'lunbo',
  1 => 'tuijian1',
  2 => 'tuijian2',
  3 => 'tuijian3',
  4 => 'tuijian4',
  5 => 'xilie',
  6 => 'pinzhi1',
  7 => 'pinzhi2',
  8 => 'pinzhi3',
  9 => 'news',
  10 => 'link',
  11 => 'simxilie',
) ]
[ info ] [ LOG ] INIT File

---------------------------------------------------------------
[ 2017-12-18T21:44:12+08:00 ] 172.17.195.153 140.205.201.34 GET /info
[ log ] 39.106.4.226:80/info [运行时间：0.011290s][吞吐率：88.58req/s] [内存消耗：1,508.93kb] [文件加载：37]
[ info ] [ LANG ] /webdata/thinkphp/lang/zh-cn.php
[ info ] [ ROUTE ] array (
  'type' => 'module',
  'module' => 
  array (
    0 => 'info',
    1 => NULL,
    2 => NULL,
  ),
)
[ info ] [ HEADER ] array (
  'referer' => 'http://39.106.4.226/',
  'user-agent' => 'Mozilla/4.0 (compatible; MSIE 6.0; Windows NT 5.1;Alibaba.Security.Heimdall.8380378)',
  'host' => '39.106.4.226:80',
  'accept' => '*/*',
  'connection' => 'keep-alive',
)
[ info ] [ PARAM ] array (
)
[ info ] [ LOG ] INIT File

---------------------------------------------------------------
[ 2017-12-18T21:44:41+08:00 ] 172.17.195.153 140.205.201.34 GET /warning
[ log ] 39.106.4.226:80/warning [运行时间：0.011447s][吞吐率：87.36req/s] [内存消耗：1,508.93kb] [文件加载：37]
[ info ] [ LANG ] /webdata/thinkphp/lang/zh-cn.php
[ info ] [ ROUTE ] array (
  'type' => 'module',
  'module' => 
  array (
    0 => 'warning',
    1 => NULL,
    2 => NULL,
  ),
)
[ info ] [ HEADER ] array (
  'referer' => 'http://39.106.4.226/',
  'user-agent' => 'Mozilla/4.0 (compatible; MSIE 6.0; Windows NT 5.1;Alibaba.Security.Heimdall.8380378)',
  'host' => '39.106.4.226:80',
  'accept' => '*/*',
  'connection' => 'keep-alive',
)
[ info ] [ PARAM ] array (
)
[ info ] [ LOG ] INIT File

---------------------------------------------------------------
[ 2017-12-18T21:44:51+08:00 ] 172.17.195.153 140.205.201.34 GET /pleasereadthis
[ log ] 39.106.4.226:80/pleasereadthis [运行时间：0.011383s][吞吐率：87.85req/s] [内存消耗：1,509.01kb] [文件加载：37]
[ info ] [ LANG ] /webdata/thinkphp/lang/zh-cn.php
[ info ] [ ROUTE ] array (
  'type' => 'module',
  'module' => 
  array (
    0 => 'pleasereadthis',
    1 => NULL,
    2 => NULL,
  ),
)
[ info ] [ HEADER ] array (
  'referer' => 'http://39.106.4.226/',
  'user-agent' => 'Mozilla/4.0 (compatible; MSIE 6.0; Windows NT 5.1;Alibaba.Security.Heimdall.8380378)',
  'host' => '39.106.4.226:80',
  'accept' => '*/*',
  'connection' => 'keep-alive',
)
[ info ] [ PARAM ] array (
)
[ info ] [ LOG ] INIT File

---------------------------------------------------------------
[ 2017-12-18T21:45:23+08:00 ] 172.17.195.153 140.205.201.34 GET /please_read/_search
[ log ] 39.106.4.226:80/please_read/_search [运行时间：0.011768s][吞吐率：84.98req/s] [内存消耗：1,509.33kb] [文件加载：37]
[ info ] [ LANG ] /webdata/thinkphp/lang/zh-cn.php
[ info ] [ ROUTE ] array (
  'type' => 'module',
  'module' => 
  array (
    0 => 'please_read',
    1 => '_search',
    2 => NULL,
  ),
)
[ info ] [ HEADER ] array (
  'referer' => 'http://39.106.4.226/',
  'user-agent' => 'Mozilla/4.0 (compatible; MSIE 6.0; Windows NT 5.1;Alibaba.Security.Heimdall.8380378)',
  'host' => '39.106.4.226:80',
  'accept' => '*/*',
  'connection' => 'keep-alive',
)
[ info ] [ PARAM ] array (
)
[ info ] [ LOG ] INIT File

---------------------------------------------------------------
[ 2017-12-18T21:49:39+08:00 ] 172.17.195.153 140.205.201.34 GET /dfshealth.jsp
[ log ] 39.106.4.226:80/dfshealth.jsp [运行时间：0.010920s][吞吐率：91.57req/s] [内存消耗：1,509.02kb] [文件加载：37]
[ info ] [ LANG ] /webdata/thinkphp/lang/zh-cn.php
[ info ] [ ROUTE ] array (
  'type' => 'module',
  'module' => 
  array (
    0 => 'dfshealth.jsp',
    1 => NULL,
    2 => NULL,
  ),
)
[ info ] [ HEADER ] array (
  'referer' => 'http://39.106.4.226/',
  'user-agent' => 'Mozilla/4.0 (compatible; MSIE 6.0; Windows NT 5.1;Alibaba.Security.Heimdall.8380378)',
  'host' => '39.106.4.226:80',
  'accept' => '*/*',
  'connection' => 'keep-alive',
)
[ info ] [ PARAM ] array (
)
[ info ] [ LOG ] INIT File

---------------------------------------------------------------
[ 2017-12-18T21:51:01+08:00 ] 172.17.195.153 140.205.201.34 GET /hadoop/dfshealth.jsp
[ log ] 39.106.4.226:80/hadoop/dfshealth.jsp [运行时间：0.010865s][吞吐率：92.04req/s] [内存消耗：1,509.22kb] [文件加载：37]
[ info ] [ LANG ] /webdata/thinkphp/lang/zh-cn.php
[ info ] [ ROUTE ] array (
  'type' => 'module',
  'module' => 
  array (
    0 => 'hadoop',
    1 => 'dfshealth.jsp',
    2 => NULL,
  ),
)
[ info ] [ HEADER ] array (
  'referer' => 'http://39.106.4.226/',
  'user-agent' => 'Mozilla/4.0 (compatible; MSIE 6.0; Windows NT 5.1;Alibaba.Security.Heimdall.8380378)',
  'host' => '39.106.4.226:80',
  'accept' => '*/*',
  'connection' => 'keep-alive',
)
[ info ] [ PARAM ] array (
)
[ info ] [ LOG ] INIT File

---------------------------------------------------------------
[ 2017-12-18T23:27:37+08:00 ] 172.17.195.153 80.82.78.50 GET http://www.baidu.com/cache/global/img/gs.gif
[ log ] www.baidu.comhttp://www.baidu.com/cache/global/img/gs.gif [运行时间：0.011626s][吞吐率：86.01req/s] [内存消耗：1,508.71kb] [文件加载：37]
[ info ] [ LANG ] /webdata/thinkphp/lang/zh-cn.php
[ info ] [ ROUTE ] array (
  'type' => 'module',
  'module' => 
  array (
    0 => 'cache',
    1 => 'global',
    2 => 'img',
  ),
)
[ info ] [ HEADER ] array (
  'host' => 'www.baidu.com',
  'user-agent' => 'Mozilla',
  'if-modified-since' => 'Thu, 19 Apr 2012 09:51:20 GMT',
)
[ info ] [ PARAM ] array (
)
[ info ] [ LOG ] INIT File

---------------------------------------------------------------
